2025-08-27 01:03:19,545 [INFO] Activator:176 - 


2025-08-27 01:03:19,550 [INFO] Activator:177 - !SESSION log4j initialized
2025-08-27 01:03:23,565 [INFO] LogOutputStream:77 - [STDOUT_REDIRECT] 
2025-08-27 01:03:29,122 [INFO] ApplicationProperties:184 - Using Application install path: D:\Program Files\STM32IDE\STM32CubeIDE_1.19.0\STM32CubeIDE\plugins\com.st.stm32cube.common.mx_6.15.0.202507011659
2025-08-27 01:03:29,141 [INFO] DbMcusXml:78 - Set database path to: D:\Program Files\STM32IDE\STM32CubeIDE_1.19.0\STM32CubeIDE\plugins\com.st.stm32cube.common.mx_6.15.0.202507011659\\db\/mcu/
2025-08-27 01:03:29,142 [INFO] ApiDb:274 - Set plugin database path to: D:\Program Files\STM32IDE\STM32CubeIDE_1.19.0\STM32CubeIDE\plugins\com.st.stm32cube.common.mx_6.15.0.202507011659\\db\/plugins/boardmanager/
2025-08-27 01:03:29,142 [WARN] ApiDb:259 - Overriding images path with different value:  => D:\Program Files\STM32IDE\STM32CubeIDE_1.19.0\STM32CubeIDE\plugins\com.st.stm32cube.common.mx_6.15.0.202507011659\\db\/plugins/mcufinder/images/
2025-08-27 01:03:29,150 [INFO] ApiDb:250 - Set database path to: C:\Users\NIKHIL\.stmcufinder\plugins\mcufinder//mcu/
2025-08-27 01:03:29,150 [INFO] DbMcusAds:125 - Set database path to: C:\Users\NIKHIL\.stmcufinder\plugins\mcufinder//mcu/
2025-08-27 01:03:29,153 [INFO] CrossReferenceDbSqlite:203 - Set database path to: C:\Users\NIKHIL\.stmcufinder\plugins\mcufinder//mcu/cs/
2025-08-27 01:03:29,252 [INFO] RulesReader:64 - Compatibility file has been processed (317 Rules)
2025-08-27 01:03:29,335 [INFO] DbMcusXml:78 - Set database path to: D:\Program Files\STM32IDE\STM32CubeIDE_1.19.0\STM32CubeIDE\plugins\com.st.stm32cube.common.mx_6.15.0.202507011659\\db\/mcu/
2025-08-27 01:03:29,335 [INFO] ApiDb:274 - Set plugin database path to: D:\Program Files\STM32IDE\STM32CubeIDE_1.19.0\STM32CubeIDE\plugins\com.st.stm32cube.common.mx_6.15.0.202507011659\\db\/plugins/boardmanager/
2025-08-27 01:03:29,335 [INFO] ApiDb:261 - Set plugin images path to: D:\Program Files\STM32IDE\STM32CubeIDE_1.19.0\STM32CubeIDE\plugins\com.st.stm32cube.common.mx_6.15.0.202507011659\\db\/plugins/mcufinder/images/
2025-08-27 01:03:29,336 [WARN] DbFile:41 - Overriding database path with different value: C:\Users\NIKHIL\.stmcufinder\plugins\mcufinder/ => C:\Users\NIKHIL\.stmcufinder\plugins\mcufinder
2025-08-27 01:03:29,336 [INFO] ApiDb:250 - Set database path to: C:\Users\NIKHIL\.stmcufinder\plugins\mcufinder//mcu/
2025-08-27 01:03:29,336 [WARN] DbFile:41 - Overriding database path with different value: C:\Users\NIKHIL\.stmcufinder\plugins\mcufinder/ => C:\Users\NIKHIL\.stmcufinder\plugins\mcufinder
2025-08-27 01:03:29,336 [INFO] DbMcusAds:125 - Set database path to: C:\Users\NIKHIL\.stmcufinder\plugins\mcufinder//mcu/
2025-08-27 01:03:29,336 [WARN] DbFile:41 - Overriding database path with different value: C:\Users\NIKHIL\.stmcufinder\plugins\mcufinder/ => C:\Users\NIKHIL\.stmcufinder\plugins\mcufinder
2025-08-27 01:03:29,336 [WARN] DbFile:41 - Overriding database path with different value: C:\Users\NIKHIL\.stmcufinder\plugins\mcufinder/ => C:\Users\NIKHIL\.stmcufinder\plugins\mcufinder
2025-08-27 01:03:29,336 [INFO] CrossReferenceDbSqlite:203 - Set database path to: C:\Users\NIKHIL\.stmcufinder\plugins\mcufinder//mcu/cs/
2025-08-27 01:03:29,407 [INFO] MainPanel:274 - HeapMemory: 268435456
2025-08-27 01:03:29,517 [INFO] DbMcusXml:78 - Set database path to: D:\Program Files\STM32IDE\STM32CubeIDE_1.19.0\STM32CubeIDE\plugins\com.st.stm32cube.common.mx_6.15.0.202507011659\\db\/mcu/
2025-08-27 01:03:29,517 [INFO] ApiDb:274 - Set plugin database path to: D:\Program Files\STM32IDE\STM32CubeIDE_1.19.0\STM32CubeIDE\plugins\com.st.stm32cube.common.mx_6.15.0.202507011659\\db\/plugins/boardmanager/
2025-08-27 01:03:29,517 [INFO] ApiDb:261 - Set plugin images path to: D:\Program Files\STM32IDE\STM32CubeIDE_1.19.0\STM32CubeIDE\plugins\com.st.stm32cube.common.mx_6.15.0.202507011659\\db\/plugins/mcufinder/images/
2025-08-27 01:03:29,517 [WARN] DbFile:41 - Overriding database path with different value: C:\Users\NIKHIL\.stmcufinder\plugins\mcufinder/ => C:\Users\NIKHIL\.stmcufinder\plugins\mcufinder
2025-08-27 01:03:29,518 [INFO] ApiDb:250 - Set database path to: C:\Users\NIKHIL\.stmcufinder\plugins\mcufinder//mcu/
2025-08-27 01:03:29,518 [WARN] DbFile:41 - Overriding database path with different value: C:\Users\NIKHIL\.stmcufinder\plugins\mcufinder/ => C:\Users\NIKHIL\.stmcufinder\plugins\mcufinder
2025-08-27 01:03:29,518 [INFO] DbMcusAds:125 - Set database path to: C:\Users\NIKHIL\.stmcufinder\plugins\mcufinder//mcu/
2025-08-27 01:03:29,518 [WARN] DbFile:41 - Overriding database path with different value: C:\Users\NIKHIL\.stmcufinder\plugins\mcufinder/ => C:\Users\NIKHIL\.stmcufinder\plugins\mcufinder
2025-08-27 01:03:29,518 [WARN] DbFile:41 - Overriding database path with different value: C:\Users\NIKHIL\.stmcufinder\plugins\mcufinder/ => C:\Users\NIKHIL\.stmcufinder\plugins\mcufinder
2025-08-27 01:03:29,518 [INFO] CrossReferenceDbSqlite:203 - Set database path to: C:\Users\NIKHIL\.stmcufinder\plugins\mcufinder//mcu/cs/
2025-08-27 01:03:29,535 [INFO] ApplicationProperties:184 - Using Application install path: D:\Program Files\STM32IDE\STM32CubeIDE_1.19.0\STM32CubeIDE\plugins\com.st.stm32cube.common.mx_6.15.0.202507011659
2025-08-27 01:03:29,536 [INFO] PluginManage:196 - Search for loadable plugins [exclusion list=, ]
2025-08-27 01:03:29,537 [INFO] PluginManage:310 - Check plugin analytics
2025-08-27 01:03:29,723 [INFO] AnalyticsPlugin:253 - Accepted Software Licenses: 
2025-08-27 01:03:29,723 [INFO] AnalyticsPlugin:255 - Accepted CMSIS Pack Licenses: 
2025-08-27 01:03:29,723 [INFO] AnalyticsPlugin:257 - Accepted Firmware Licenses: 
2025-08-27 01:03:29,725 [INFO] PluginManage:359 - Loaded plugin analytics (category:tool,tabindex:-1)
2025-08-27 01:03:29,725 [INFO] PluginManage:310 - Check plugin cadmodel
2025-08-27 01:03:29,730 [INFO] CADModel:105 - Init CAD model plugin
2025-08-27 01:03:29,731 [INFO] PluginManage:359 - Loaded plugin cadmodel (category:power,tabindex:5)
2025-08-27 01:03:29,731 [INFO] PluginManage:310 - Check plugin clock
2025-08-27 01:03:29,740 [INFO] PluginManage:359 - Loaded plugin clock (category:base,tabindex:2)
2025-08-27 01:03:29,740 [INFO] PluginManage:310 - Check plugin ddr
2025-08-27 01:03:29,743 [INFO] PluginManage:359 - Loaded plugin ddr (category:tool,tabindex:6)
2025-08-27 01:03:29,744 [INFO] PluginManage:310 - Check plugin filemanager
2025-08-27 01:03:29,876 [INFO] PluginManage:359 - Loaded plugin filemanager (category:base,tabindex:10)
2025-08-27 01:03:29,877 [INFO] PluginManage:310 - Check plugin ipmanager
2025-08-27 01:03:29,883 [INFO] PluginManage:359 - Loaded plugin ipmanager (category:base,tabindex:5)
2025-08-27 01:03:29,883 [INFO] PluginManage:310 - Check plugin lpbam
2025-08-27 01:03:29,891 [INFO] PluginManage:359 - Loaded plugin lpbam (category:base,tabindex:0)
2025-08-27 01:03:29,891 [INFO] PluginManage:310 - Check plugin memorymap
2025-08-27 01:03:29,904 [INFO] PluginManage:359 - Loaded plugin memorymap (category:base,tabindex:4)
2025-08-27 01:03:29,904 [INFO] PluginManage:310 - Check plugin pinoutandconfiguration
2025-08-27 01:03:29,912 [INFO] PluginManage:359 - Loaded plugin pinoutandconfiguration (category:base,tabindex:1)
2025-08-27 01:03:29,912 [INFO] PluginManage:310 - Check plugin pinoutconfig
2025-08-27 01:03:29,994 [WARN] SupportedApi:132 - Cannot load RTOS API schema: s4s-elt-must-match.1: The content of 'definitions' must match (annotation?, (simpleType | complexType)?, (unique | key | keyref)*)). A problem was found starting at: attribute.
2025-08-27 01:03:30,110 [INFO] PluginManage:359 - Loaded plugin pinoutconfig (category:base,tabindex:0)
2025-08-27 01:03:30,110 [INFO] PluginManage:310 - Check plugin power
2025-08-27 01:03:30,117 [INFO] PluginManage:359 - Loaded plugin power (category:power,tabindex:4)
2025-08-27 01:03:30,117 [INFO] PluginManage:310 - Check plugin projectmanager
2025-08-27 01:03:30,130 [INFO] PluginManage:359 - Loaded plugin projectmanager (category:projectmanager,tabindex:4)
2025-08-27 01:03:30,131 [INFO] PluginManage:310 - Check plugin rif
2025-08-27 01:03:30,140 [INFO] PluginManage:359 - Loaded plugin rif (category:base,tabindex:3)
2025-08-27 01:03:30,140 [INFO] PluginManage:310 - Check plugin thirdparty
2025-08-27 01:03:30,260 [WARN] IntegrityCheckThread:84 - waiting for thirdparty lock release [integrity check]
2025-08-27 01:03:30,260 [INFO] IntegrityCheckThread:86 - entering critical section [integrity check]
2025-08-27 01:03:30,260 [INFO] PluginManage:359 - Loaded plugin thirdparty (category:base,tabindex:-1)
2025-08-27 01:03:30,260 [INFO] PluginManage:310 - Check plugin tools
2025-08-27 01:03:30,262 [INFO] ThirdPartyUpdaterWithRetryManager:70 - Updater plugin not ready yet. [1/15]
2025-08-27 01:03:30,264 [INFO] PluginManage:359 - Loaded plugin tools (category:base,tabindex:7)
2025-08-27 01:03:30,264 [INFO] PluginManage:310 - Check plugin tutovideos
2025-08-27 01:03:30,456 [INFO] PluginManage:359 - Loaded plugin tutovideos (category:base,tabindex:-1)
2025-08-27 01:03:30,456 [INFO] PluginManage:310 - Check plugin updater
2025-08-27 01:03:30,476 [INFO] PluginManage:359 - Loaded plugin updater (category:base,tabindex:12)
2025-08-27 01:03:30,476 [INFO] PluginManage:310 - Check plugin userauth
2025-08-27 01:03:30,480 [INFO] UserAuth:118 - Init User Auth plugin
2025-08-27 01:03:30,481 [INFO] PluginManage:359 - Loaded plugin userauth (category:base,tabindex:14)
2025-08-27 01:03:30,481 [INFO] PluginManage:283 - PluginManage : Loaded plugins [18]
2025-08-27 01:03:30,678 [INFO] PinOutPanel:1589 - setPackage(No Configuration,No Configuration)
2025-08-27 01:03:30,751 [INFO] CADModel:165 - CPN selected for project level
2025-08-27 01:03:30,751 [INFO] CADModel:114 - Register for checkConnection events
2025-08-27 01:03:30,769 [INFO] IPUIPlugin:80 - create IPUIPlugin
2025-08-27 01:03:30,770 [INFO] PluginManager:220 - loadIPPluginJar : add adc
2025-08-27 01:03:30,773 [INFO] IPUIPlugin:80 - create IPUIPlugin
2025-08-27 01:03:30,773 [INFO] PluginManager:220 - loadIPPluginJar : add aes
2025-08-27 01:03:30,775 [INFO] IPUIPlugin:80 - create IPUIPlugin
2025-08-27 01:03:30,775 [INFO] PluginManager:220 - loadIPPluginJar : add can
2025-08-27 01:03:30,776 [INFO] IPUIPlugin:80 - create IPUIPlugin
2025-08-27 01:03:30,776 [INFO] PluginManager:220 - loadIPPluginJar : add comp
2025-08-27 01:03:30,779 [INFO] IPUIPlugin:80 - create IPUIPlugin
2025-08-27 01:03:30,779 [INFO] PluginManager:220 - loadIPPluginJar : add cryp
2025-08-27 01:03:30,782 [INFO] IPUIPlugin:80 - create IPUIPlugin
2025-08-27 01:03:30,782 [INFO] PluginManager:220 - loadIPPluginJar : add ddr_ctrl_phy
2025-08-27 01:03:30,784 [INFO] IPUIPlugin:80 - create IPUIPlugin
2025-08-27 01:03:30,784 [INFO] PluginManager:220 - loadIPPluginJar : add dfsdm
2025-08-27 01:03:30,789 [INFO] IPUIPlugin:80 - create IPUIPlugin
2025-08-27 01:03:30,790 [INFO] PluginManager:220 - loadIPPluginJar : add dma
2025-08-27 01:03:30,792 [INFO] IPUIPlugin:80 - create IPUIPlugin
2025-08-27 01:03:30,792 [INFO] PluginManager:220 - loadIPPluginJar : add dma3
2025-08-27 01:03:30,794 [INFO] IPUIPlugin:80 - create IPUIPlugin
2025-08-27 01:03:30,794 [INFO] PluginManager:220 - loadIPPluginJar : add extmemmanager
2025-08-27 01:03:30,796 [INFO] IPUIPlugin:80 - create IPUIPlugin
2025-08-27 01:03:30,796 [INFO] PluginManager:220 - loadIPPluginJar : add fatfs
2025-08-27 01:03:30,801 [INFO] IPUIPlugin:80 - create IPUIPlugin
2025-08-27 01:03:30,801 [INFO] PluginManager:220 - loadIPPluginJar : add fmc
2025-08-27 01:03:30,806 [INFO] IPUIPlugin:80 - create IPUIPlugin
2025-08-27 01:03:30,807 [INFO] PluginManager:220 - loadIPPluginJar : add freertos
2025-08-27 01:03:30,808 [INFO] IPUIPlugin:80 - create IPUIPlugin
2025-08-27 01:03:30,808 [INFO] PluginManager:220 - loadIPPluginJar : add genericplugin
2025-08-27 01:03:30,809 [INFO] IPUIPlugin:80 - create IPUIPlugin
2025-08-27 01:03:30,809 [INFO] PluginManager:220 - loadIPPluginJar : add gfxmmu
2025-08-27 01:03:30,813 [INFO] IPUIPlugin:80 - create IPUIPlugin
2025-08-27 01:03:30,813 [INFO] PluginManager:220 - loadIPPluginJar : add gic
2025-08-27 01:03:30,816 [INFO] IPUIPlugin:80 - create IPUIPlugin
2025-08-27 01:03:30,816 [INFO] PluginManager:220 - loadIPPluginJar : add gpio
2025-08-27 01:03:30,818 [INFO] IPUIPlugin:80 - create IPUIPlugin
2025-08-27 01:03:30,818 [INFO] PluginManager:220 - loadIPPluginJar : add gtzc
2025-08-27 01:03:30,820 [INFO] IPUIPlugin:80 - create IPUIPlugin
2025-08-27 01:03:30,820 [INFO] PluginManager:220 - loadIPPluginJar : add hash
2025-08-27 01:03:30,823 [INFO] IPUIPlugin:80 - create IPUIPlugin
2025-08-27 01:03:30,823 [INFO] PluginManager:220 - loadIPPluginJar : add i2c
2025-08-27 01:03:30,825 [INFO] IPUIPlugin:80 - create IPUIPlugin
2025-08-27 01:03:30,825 [INFO] PluginManager:220 - loadIPPluginJar : add i2s
2025-08-27 01:03:30,827 [INFO] IPUIPlugin:80 - create IPUIPlugin
2025-08-27 01:03:30,827 [INFO] PluginManager:220 - loadIPPluginJar : add i3c
2025-08-27 01:03:30,829 [INFO] IPUIPlugin:80 - create IPUIPlugin
2025-08-27 01:03:30,829 [INFO] PluginManager:220 - loadIPPluginJar : add ipddr
2025-08-27 01:03:30,834 [INFO] IPUIPlugin:80 - create IPUIPlugin
2025-08-27 01:03:30,834 [INFO] PluginManager:220 - loadIPPluginJar : add linkedlist
2025-08-27 01:03:30,838 [INFO] IPUIPlugin:80 - create IPUIPlugin
2025-08-27 01:03:30,838 [INFO] PluginManager:220 - loadIPPluginJar : add lorawan
2025-08-27 01:03:30,838 [INFO] IPUIPlugin:80 - create IPUIPlugin
2025-08-27 01:03:30,838 [INFO] PluginManager:220 - loadIPPluginJar : add ltdc
2025-08-27 01:03:30,843 [INFO] IPUIPlugin:80 - create IPUIPlugin
2025-08-27 01:03:30,843 [INFO] PluginManager:220 - loadIPPluginJar : add mdma
2025-08-27 01:03:30,847 [INFO] IPUIPlugin:80 - create IPUIPlugin
2025-08-27 01:03:30,847 [INFO] PluginManager:220 - loadIPPluginJar : add nvic
2025-08-27 01:03:30,848 [INFO] IPUIPlugin:80 - create IPUIPlugin
2025-08-27 01:03:30,848 [INFO] PluginManager:220 - loadIPPluginJar : add opamp
2025-08-27 01:03:30,850 [INFO] IPUIPlugin:80 - create IPUIPlugin
2025-08-27 01:03:30,850 [INFO] PluginManager:220 - loadIPPluginJar : add openamp
2025-08-27 01:03:30,852 [INFO] IPUIPlugin:80 - create IPUIPlugin
2025-08-27 01:03:30,852 [INFO] PluginManager:220 - loadIPPluginJar : add pdm2pcm
2025-08-27 01:03:30,857 [INFO] IPUIPlugin:80 - create IPUIPlugin
2025-08-27 01:03:30,858 [INFO] PluginManager:220 - loadIPPluginJar : add plateformsettings
2025-08-27 01:03:30,859 [INFO] IPUIPlugin:80 - create IPUIPlugin
2025-08-27 01:03:30,859 [INFO] PluginManager:220 - loadIPPluginJar : add quadspi
2025-08-27 01:03:30,861 [INFO] IPUIPlugin:80 - create IPUIPlugin
2025-08-27 01:03:30,862 [INFO] PluginManager:220 - loadIPPluginJar : add radio
2025-08-27 01:03:30,865 [INFO] IPUIPlugin:80 - create IPUIPlugin
2025-08-27 01:03:30,865 [INFO] PluginManager:220 - loadIPPluginJar : add resmgrutility
2025-08-27 01:03:30,867 [INFO] IPUIPlugin:80 - create IPUIPlugin
2025-08-27 01:03:30,867 [INFO] PluginManager:220 - loadIPPluginJar : add sai
2025-08-27 01:03:30,869 [INFO] IPUIPlugin:80 - create IPUIPlugin
2025-08-27 01:03:30,869 [INFO] PluginManager:220 - loadIPPluginJar : add spi
2025-08-27 01:03:30,874 [INFO] IPUIPlugin:80 - create IPUIPlugin
2025-08-27 01:03:30,874 [INFO] PluginManager:220 - loadIPPluginJar : add stm32_wpan
2025-08-27 01:03:30,875 [INFO] IPUIPlugin:80 - create IPUIPlugin
2025-08-27 01:03:30,875 [INFO] PluginManager:220 - loadIPPluginJar : add tim
2025-08-27 01:03:30,879 [INFO] IPUIPlugin:80 - create IPUIPlugin
2025-08-27 01:03:30,879 [INFO] PluginManager:220 - loadIPPluginJar : add touchsensing
2025-08-27 01:03:30,881 [INFO] IPUIPlugin:80 - create IPUIPlugin
2025-08-27 01:03:30,881 [INFO] PluginManager:220 - loadIPPluginJar : add tracer_emb
2025-08-27 01:03:30,882 [INFO] IPUIPlugin:80 - create IPUIPlugin
2025-08-27 01:03:30,882 [INFO] PluginManager:220 - loadIPPluginJar : add ts
2025-08-27 01:03:30,883 [INFO] IPUIPlugin:80 - create IPUIPlugin
2025-08-27 01:03:30,883 [INFO] PluginManager:220 - loadIPPluginJar : add tsc
2025-08-27 01:03:30,884 [INFO] IPUIPlugin:80 - create IPUIPlugin
2025-08-27 01:03:30,884 [INFO] PluginManager:220 - loadIPPluginJar : add ucpd
2025-08-27 01:03:30,886 [INFO] IPUIPlugin:80 - create IPUIPlugin
2025-08-27 01:03:30,886 [INFO] PluginManager:220 - loadIPPluginJar : add usart
2025-08-27 01:03:30,889 [INFO] IPUIPlugin:80 - create IPUIPlugin
2025-08-27 01:03:30,889 [INFO] PluginManager:220 - loadIPPluginJar : add usbx
2025-08-27 01:03:31,013 [FATAL] Updater:351 - Updater called before beeing initialized
2025-08-27 01:03:31,092 [INFO] RulesReader:64 - Compatibility file has been processed (317 Rules)
2025-08-27 01:03:31,106 [INFO] RulesReader:64 - Compatibility file has been processed (317 Rules)
2025-08-27 01:03:31,123 [INFO] CADModel:165 - CPN selected for project level
2025-08-27 01:03:31,123 [INFO] CADModel:114 - Register for checkConnection events
2025-08-27 01:03:31,123 [FATAL] Updater:351 - Updater called before beeing initialized
2025-08-27 01:03:31,123 [ERROR] CADModel:125 - Updater not yet initialized, retry later 
2025-08-27 01:03:31,260 [FATAL] Updater:351 - Updater called before beeing initialized
2025-08-27 01:03:31,263 [INFO] CADModel:165 - CPN selected for project level
2025-08-27 01:03:31,263 [INFO] CADModel:114 - Register for checkConnection events
2025-08-27 01:03:31,263 [FATAL] Updater:351 - Updater called before beeing initialized
2025-08-27 01:03:31,263 [ERROR] CADModel:125 - Updater not yet initialized, retry later 
2025-08-27 01:03:31,267 [FATAL] Updater:351 - Updater called before beeing initialized
2025-08-27 01:03:31,372 [FATAL] Updater:351 - Updater called before beeing initialized
2025-08-27 01:03:31,375 [INFO] DbMcusAds:53 - JSON generation date=Tue Jul 08 13:44:23 IST 2025 (1751962463582)
2025-08-27 01:03:31,375 [FATAL] Updater:351 - Updater called before beeing initialized
2025-08-27 01:03:31,402 [WARN] DetailPanel:346 - Failed to get advertising image, set to default
2025-08-27 01:03:31,464 [FATAL] Updater:351 - Updater called before beeing initialized
2025-08-27 01:03:31,466 [FATAL] Updater:351 - Updater called before beeing initialized
2025-08-27 01:03:31,466 [FATAL] Updater:351 - Updater called before beeing initialized
2025-08-27 01:03:31,467 [WARN] DetailPanel:346 - Failed to get advertising image, set to default
2025-08-27 01:03:31,467 [FATAL] Updater:351 - Updater called before beeing initialized
2025-08-27 01:03:31,501 [ERROR] Updater:1198 - MainUpdater not yet initialized. External WinMGr cannot be set.
2025-08-27 01:03:31,502 [INFO] Updater:1134 - Updater Version found : 6.15.0
2025-08-27 01:03:31,514 [INFO] ApplicationProperties:184 - Using Application install path: D:\Program Files\STM32IDE\STM32CubeIDE_1.19.0\STM32CubeIDE\plugins\com.st.stm32cube.common.mx_6.15.0.202507011659
2025-08-27 01:03:33,120 [ERROR] LogOutputStream:75 - [STDERR_REDIRECT] Aug 27, 2025 1:03:33 AM java.util.prefs.WindowsPreferences <init>
2025-08-27 01:03:33,121 [ERROR] LogOutputStream:75 - [STDERR_REDIRECT] WARNING: Could not open/create prefs root node Software\JavaSoft\Prefs at root 0xffffffff80000002. Windows RegCreateKeyEx(...) returned error code 5.
2025-08-27 01:03:33,121 [ERROR] LogOutputStream:75 - [STDERR_REDIRECT] 
2025-08-27 01:03:33,266 [INFO] ThirdPartyUpdaterWithRetryManager:70 - Updater plugin not ready yet. [2/15]
2025-08-27 01:03:33,508 [INFO] MainUpdater:2872 - connection check result : 10
2025-08-27 01:03:33,509 [INFO] MainUpdater:289 - Updater Check For Update Now.
2025-08-27 01:03:33,509 [INFO] MicroXplorer:498 - Change Database Version : DB.6.0.150
2025-08-27 01:03:33,518 [INFO] McuFinderGlobals:63 - Set McuFinder mode to 2 (CubeIDE integrated)
2025-08-27 01:03:33,518 [INFO] UserAuth:171 - activating auth plugin
2025-08-27 01:03:33,521 [INFO] UserAuth:487 - Internet connection configuration mode: 1
2025-08-27 01:03:33,564 [INFO] JxBrowserEngine:152 - Initiate JxBrowser Engine with user profile folder
2025-08-27 01:03:33,685 [INFO] CheckServerUpdateThread:120 - End of CheckServer Thread
2025-08-27 01:03:34,278 [INFO] WebApp:169 - Instantiating new browser for Auth
2025-08-27 01:03:35,142 [INFO] WebApp:463 - Apply proxy settings
2025-08-27 01:03:35,142 [INFO] WebApp:548 - Chromium requires no authentication
2025-08-27 01:03:35,156 [INFO] WebApp:491 - Direct internet connection detected
2025-08-27 01:03:35,181 [INFO] WebApp:900 - Register for checkConnection events
2025-08-27 01:03:35,181 [INFO] WebApp:463 - Apply proxy settings
2025-08-27 01:03:35,181 [INFO] WebApp:548 - Chromium requires no authentication
2025-08-27 01:03:35,183 [INFO] WebApp:491 - Direct internet connection detected
2025-08-27 01:03:35,324 [INFO] WebApp:225 - Starting web application
2025-08-27 01:03:35,324 [INFO] WebApp:593 - Web application path used D:\Program Files\STM32IDE\STM32CubeIDE_1.19.0\STM32CubeIDE\plugins\com.st.stm32cube.common.mx_6.15.0.202507011659\db\plugins\mcufinder\reactClient1\index.html
2025-08-27 01:03:36,479 [INFO] WebApp:191 - Connection restablished
2025-08-27 01:03:36,512 [WARN] PackLoader:240 - Cannot read IP mode file for STMicroelectronics.FP-SNS-MOTENVWB1.1.4.0
2025-08-27 01:03:36,520 [WARN] PackLoader:240 - Cannot read IP mode file for STMicroelectronics.FP-ATR-ASTRA1.2.0.2
2025-08-27 01:03:36,530 [WARN] PackLoader:240 - Cannot read IP mode file for STMicroelectronics.X-CUBE-SMBUS.2.1.0
2025-08-27 01:03:36,534 [WARN] PackLoader:240 - Cannot read IP mode file for STMicroelectronics.X-CUBE-ST60.1.0.0
2025-08-27 01:03:36,558 [WARN] PackLoader:240 - Cannot read IP mode file for STMicroelectronics.X-CUBE-AZRTOS-F7.1.1.0
2025-08-27 01:03:36,582 [WARN] PackLoader:240 - Cannot read IP mode file for Infineon.AIROC-Wi-Fi-Bluetooth-STM32.1.7.1
2025-08-27 01:03:36,594 [WARN] PackLoader:240 - Cannot read IP mode file for STMicroelectronics.X-CUBE-DISPLAY.3.0.0
2025-08-27 01:03:36,606 [WARN] PackLoader:240 - Cannot read IP mode file for STMicroelectronics.X-CUBE-NFC10.1.0.0
2025-08-27 01:03:36,617 [WARN] PackLoader:240 - Cannot read IP mode file for STMicroelectronics.X-CUBE-BLEMGR.4.0.0
2025-08-27 01:03:36,625 [WARN] PackLoader:240 - Cannot read IP mode file for emotas.I-CUBE-CANOPEN.1.3.0
2025-08-27 01:03:36,631 [WARN] PackLoader:240 - Cannot read IP mode file for STMicroelectronics.FP-SNS-STBOX1.2.1.0
2025-08-27 01:03:36,639 [WARN] PackLoader:240 - Cannot read IP mode file for STMicroelectronics.FP-SNS-SMARTAG2.1.2.0
2025-08-27 01:03:36,645 [WARN] PackLoader:240 - Cannot read IP mode file for STMicroelectronics.FP-SNS-FLIGHT1.5.1.0
2025-08-27 01:03:36,653 [INFO] LogOutputStream:77 - [STDOUT_REDIRECT] 1 : Invalid condition id : UX_CORESTACK_Condition cause : null
2025-08-27 01:03:36,654 [INFO] LogOutputStream:77 - [STDOUT_REDIRECT] 1 : Invalid condition id : UX_CORESTACK_Condition cause : null
2025-08-27 01:03:36,656 [INFO] LogOutputStream:77 - [STDOUT_REDIRECT] 1 : Invalid condition id : UX_CORESTACK_Condition cause : null
2025-08-27 01:03:36,657 [INFO] LogOutputStream:77 - [STDOUT_REDIRECT] 1 : Invalid condition id : UX_CORESTACK_Condition cause : null
2025-08-27 01:03:36,659 [INFO] LogOutputStream:77 - [STDOUT_REDIRECT] 1 : Invalid condition id : UX_CORESTACK_Condition cause : null
2025-08-27 01:03:36,661 [WARN] PackLoader:240 - Cannot read IP mode file for STMicroelectronics.X-CUBE-AZRTOS-WL.2.0.0
2025-08-27 01:03:36,665 [WARN] PackLoader:240 - Cannot read IP mode file for STMicroelectronics.FP-SNS-MOTENV1.5.0.0
2025-08-27 01:03:36,677 [WARN] PackLoader:240 - Cannot read IP mode file for WES.I-CUBE-Cesium.1.3.0
2025-08-27 01:03:36,684 [WARN] PackLoader:240 - Cannot read IP mode file for STMicroelectronics.X-CUBE-BLE2.3.3.0
2025-08-27 01:03:36,694 [WARN] PackLoader:240 - Cannot read IP mode file for STMicroelectronics.X-CUBE-NFC9.1.0.0
2025-08-27 01:03:36,702 [WARN] PackLoader:240 - Cannot read IP mode file for wolfSSL.I-CUBE-wolfSSL.5.8.0
2025-08-27 01:03:36,708 [WARN] PackLoader:240 - Cannot read IP mode file for STMicroelectronics.X-CUBE-BLE1.7.1.0
2025-08-27 01:03:36,712 [WARN] PackLoader:240 - Cannot read IP mode file for wolfSSL.I-CUBE-wolfMQTT.1.19.2
2025-08-27 01:03:36,716 [WARN] PackLoader:240 - Cannot read IP mode file for STMicroelectronics.X-CUBE-AI.10.1.0
2025-08-27 01:03:36,730 [WARN] PackLoader:240 - Cannot read IP mode file for STMicroelectronics.X-CUBE-AZRTOS-G0.1.1.0
2025-08-27 01:03:36,739 [WARN] PackLoader:240 - Cannot read IP mode file for STMicroelectronics.X-CUBE-SAFEA1.1.2.2
2025-08-27 01:03:36,745 [WARN] PackLoader:240 - Cannot read IP mode file for STMicroelectronics.X-CUBE-NFC4.3.0.0
2025-08-27 01:03:36,756 [WARN] PackLoader:240 - Cannot read IP mode file for EmbeddedOffice.I-CUBE-FS-RTOS.1.0.1
2025-08-27 01:03:36,762 [WARN] PackLoader:240 - Cannot read IP mode file for STMicroelectronics.X-CUBE-WB05N.2.0.0
2025-08-27 01:03:36,766 [WARN] PackLoader:240 - Cannot read IP mode file for wolfSSL.I-CUBE-wolfTPM.3.8.0
2025-08-27 01:03:36,771 [WARN] PackLoader:240 - Cannot read IP mode file for STMicroelectronics.X-CUBE-TCPP.4.2.0
2025-08-27 01:03:36,777 [WARN] PackLoader:240 - Cannot read IP mode file for RealThread.X-CUBE-RT-Thread_Nano.4.1.1
2025-08-27 01:03:36,782 [WARN] PackLoader:240 - Cannot read IP mode file for STMicroelectronics.FP-ATR-SIGFOX1.3.2.0
2025-08-27 01:03:36,789 [WARN] PackLoader:240 - Cannot read IP mode file for ITTIA_DB.I-CUBE-ITTIADB.8.9.0
2025-08-27 01:03:36,797 [WARN] PackLoader:240 - Cannot read IP mode file for STMicroelectronics.X-CUBE-ST67W61.1.0.0
2025-08-27 01:03:36,801 [WARN] PackLoader:240 - Cannot read IP mode file for STMicroelectronics.X-CUBE-AI.10.2.0
2025-08-27 01:03:36,830 [WARN] PackLoader:240 - Cannot read IP mode file for SEGGER.I-CUBE-embOS.1.3.1
2025-08-27 01:03:36,859 [WARN] PackLoader:240 - Cannot read IP mode file for STMicroelectronics.X-CUBE-ALGOBUILD.1.4.0
2025-08-27 01:03:36,892 [WARN] PackLoader:240 - Cannot read IP mode file for STMicroelectronics.X-CUBE-MEMS1.11.3.0
2025-08-27 01:03:36,977 [WARN] PackLoader:240 - Cannot read IP mode file for STMicroelectronics.X-CUBE-PM33A1.1.0.0
2025-08-27 01:03:36,995 [WARN] PackLoader:240 - Cannot read IP mode file for STMicroelectronics.X-CUBE-AZRTOS-F4.1.1.0
2025-08-27 01:03:37,025 [WARN] PackLoader:240 - Cannot read IP mode file for Avnet-IotConnect.X-CUBE-IoTC-DA16k-PMOD.1.0.0
2025-08-27 01:03:37,031 [WARN] PackLoader:240 - Cannot read IP mode file for STMicroelectronics.X-CUBE-ISPU.2.1.0
2025-08-27 01:03:37,051 [WARN] PackLoader:240 - Cannot read IP mode file for STMicroelectronics.X-CUBE-AZRTOS-L5.2.0.0
2025-08-27 01:03:37,061 [WARN] PackLoader:240 - Cannot read IP mode file for STMicroelectronics.X-CUBE-NFC6.3.1.0
2025-08-27 01:03:37,068 [WARN] PackLoader:240 - Cannot read IP mode file for STMicroelectronics.X-CUBE-FREERTOS.1.3.1
2025-08-27 01:03:37,075 [WARN] PackLoader:240 - Cannot read IP mode file for STMicroelectronics.X-CUBE-DPower.1.3.0
2025-08-27 01:03:37,090 [WARN] ConditionMgr:438 - getConditionDescription Invalid condition id : LAN8742 Phy interface Condition cause : null
2025-08-27 01:03:37,090 [WARN] PackLoader:240 - Cannot read IP mode file for STMicroelectronics.X-CUBE-AZRTOS-L4.2.0.0
2025-08-27 01:03:37,091 [WARN] ConditionMgr:1044 - genDependencies : Invalid condition id : LAN8742 Phy interface Condition cause : null
2025-08-27 01:03:37,091 [WARN] ConditionMgr:1044 - genDependencies : Invalid condition id : LAN8742 Phy interface Condition cause : null
2025-08-27 01:03:37,091 [WARN] ConditionMgr:1044 - genDependencies : Invalid condition id : LAN8742 Phy interface Condition cause : null
2025-08-27 01:03:37,098 [WARN] PackLoader:240 - Cannot read IP mode file for STMicroelectronics.X-CUBE-SFXS2LP1.4.0.0
2025-08-27 01:03:37,106 [WARN] PackLoader:240 - Cannot read IP mode file for STMicroelectronics.X-CUBE-BLEMGR.4.1.0
2025-08-27 01:03:37,117 [WARN] ConditionMgr:438 - getConditionDescription Invalid condition id : UX DEVICE CLASS RTOS Condition cause : null
2025-08-27 01:03:37,117 [WARN] ConditionMgr:438 - getConditionDescription Invalid condition id : UX DEVICE CLASS RTOS Condition cause : null
2025-08-27 01:03:37,121 [WARN] PackLoader:240 - Cannot read IP mode file for STMicroelectronics.X-CUBE-AZRTOS-WB.2.0.0
2025-08-27 01:03:37,121 [WARN] ConditionMgr:1044 - genDependencies : Invalid condition id : UX DEVICE CLASS RTOS Condition cause : null
2025-08-27 01:03:37,121 [WARN] ConditionMgr:1044 - genDependencies : Invalid condition id : UX DEVICE CLASS RTOS Condition cause : null
2025-08-27 01:03:37,122 [WARN] ConditionMgr:1044 - genDependencies : Invalid condition id : UX DEVICE CLASS RTOS Condition cause : null
2025-08-27 01:03:37,122 [WARN] ConditionMgr:1044 - genDependencies : Invalid condition id : UX DEVICE CLASS RTOS Condition cause : null
2025-08-27 01:03:37,122 [WARN] ConditionMgr:1044 - genDependencies : Invalid condition id : UX DEVICE CLASS RTOS Condition cause : null
2025-08-27 01:03:37,127 [WARN] PackLoader:240 - Cannot read IP mode file for STMicroelectronics.X-CUBE-GNSS1.7.0.1
2025-08-27 01:03:37,133 [WARN] PackLoader:240 - Cannot read IP mode file for STMicroelectronics.X-CUBE-TOUCHGFX.4.25.0
2025-08-27 01:03:37,138 [WARN] PackLoader:240 - Cannot read IP mode file for STMicroelectronics.FP-SNS-STBOX1.2.0.0
2025-08-27 01:03:37,145 [WARN] ConditionMgr:438 - getConditionDescription Invalid condition id : Cortex-A Device cause : null
2025-08-27 01:03:37,160 [WARN] ConditionMgr:1044 - genDependencies : Invalid condition id : Cortex-A Device cause : null
2025-08-27 01:03:37,161 [WARN] ConditionMgr:1044 - genDependencies : Invalid condition id : Cortex-A Device cause : null
2025-08-27 01:03:37,161 [WARN] ConditionMgr:1044 - genDependencies : Invalid condition id : Cortex-A Device cause : null
2025-08-27 01:03:37,169 [WARN] PackLoader:240 - Cannot read IP mode file for STMicroelectronics.X-CUBE-SUBG2.5.0.0
2025-08-27 01:03:37,188 [WARN] PackLoader:240 - Cannot read IP mode file for STMicroelectronics.X-CUBE-AZRTOS-H7RS.1.1.0
2025-08-27 01:03:37,195 [WARN] PackLoader:240 - Cannot read IP mode file for Cesanta.I-CUBE-Mongoose.7.13.0
2025-08-27 01:03:37,204 [WARN] PackLoader:240 - Cannot read IP mode file for STMicroelectronics.X-CUBE-AZRTOS-G4.2.0.0
2025-08-27 01:03:37,208 [WARN] PackLoader:240 - Cannot read IP mode file for wolfSSL.I-CUBE-wolfSSH.1.4.20
2025-08-27 01:03:37,213 [WARN] PackLoader:240 - Cannot read IP mode file for STMicroelectronics.X-CUBE-NFC7.2.0.0
2025-08-27 01:03:37,222 [WARN] PackLoader:240 - Cannot read IP mode file for STMicroelectronics.X-CUBE-IPS.3.1.0
2025-08-27 01:03:37,230 [WARN] PackLoader:240 - Cannot read IP mode file for STMicroelectronics.X-CUBE-ALS.1.0.2
2025-08-27 01:03:37,236 [WARN] PackLoader:240 - Cannot read IP mode file for portGmbH.I-Cube-SoM-uGOAL.1.1.0
2025-08-27 01:03:37,247 [WARN] PackLoader:240 - Cannot read IP mode file for STMicroelectronics.X-CUBE-TOF1.3.4.3
2025-08-27 01:03:37,254 [INFO] ThirdParty:978 - Integrity check success = true
2025-08-27 01:03:37,255 [INFO] IntegrityCheckThread:100 - exiting critical section [integrity check]
2025-08-27 01:03:37,255 [INFO] IntegrityCheckThread:103 - End integrity checks thread
2025-08-27 01:40:36,601 [ERROR] LogOutputStream:75 - [STDERR_REDIRECT] 
2025-08-27 15:34:17,197 [INFO] Activator:176 - 


2025-08-27 15:34:17,203 [INFO] Activator:177 - !SESSION log4j initialized
2025-08-27 15:34:24,298 [INFO] LogOutputStream:77 - [STDOUT_REDIRECT] 
2025-08-27 15:34:29,955 [INFO] ApplicationProperties:184 - Using Application install path: D:\Program Files\STM32IDE\STM32CubeIDE_1.19.0\STM32CubeIDE\plugins\com.st.stm32cube.common.mx_6.15.0.202507011659
2025-08-27 15:34:29,976 [INFO] DbMcusXml:78 - Set database path to: D:\Program Files\STM32IDE\STM32CubeIDE_1.19.0\STM32CubeIDE\plugins\com.st.stm32cube.common.mx_6.15.0.202507011659\\db\/mcu/
2025-08-27 15:34:29,977 [INFO] ApiDb:274 - Set plugin database path to: D:\Program Files\STM32IDE\STM32CubeIDE_1.19.0\STM32CubeIDE\plugins\com.st.stm32cube.common.mx_6.15.0.202507011659\\db\/plugins/boardmanager/
2025-08-27 15:34:29,977 [WARN] ApiDb:259 - Overriding images path with different value:  => D:\Program Files\STM32IDE\STM32CubeIDE_1.19.0\STM32CubeIDE\plugins\com.st.stm32cube.common.mx_6.15.0.202507011659\\db\/plugins/mcufinder/images/
2025-08-27 15:34:29,993 [INFO] ApiDb:250 - Set database path to: C:\Users\NIKHIL\.stmcufinder\plugins\mcufinder//mcu/
2025-08-27 15:34:29,994 [INFO] DbMcusAds:125 - Set database path to: C:\Users\NIKHIL\.stmcufinder\plugins\mcufinder//mcu/
2025-08-27 15:34:29,997 [INFO] CrossReferenceDbSqlite:203 - Set database path to: C:\Users\NIKHIL\.stmcufinder\plugins\mcufinder//mcu/cs/
2025-08-27 15:34:30,194 [INFO] RulesReader:64 - Compatibility file has been processed (317 Rules)
2025-08-27 15:34:30,389 [INFO] DbMcusXml:78 - Set database path to: D:\Program Files\STM32IDE\STM32CubeIDE_1.19.0\STM32CubeIDE\plugins\com.st.stm32cube.common.mx_6.15.0.202507011659\\db\/mcu/
2025-08-27 15:34:30,389 [INFO] ApiDb:274 - Set plugin database path to: D:\Program Files\STM32IDE\STM32CubeIDE_1.19.0\STM32CubeIDE\plugins\com.st.stm32cube.common.mx_6.15.0.202507011659\\db\/plugins/boardmanager/
2025-08-27 15:34:30,389 [INFO] ApiDb:261 - Set plugin images path to: D:\Program Files\STM32IDE\STM32CubeIDE_1.19.0\STM32CubeIDE\plugins\com.st.stm32cube.common.mx_6.15.0.202507011659\\db\/plugins/mcufinder/images/
2025-08-27 15:34:30,390 [WARN] DbFile:41 - Overriding database path with different value: C:\Users\NIKHIL\.stmcufinder\plugins\mcufinder/ => C:\Users\NIKHIL\.stmcufinder\plugins\mcufinder
2025-08-27 15:34:30,390 [INFO] ApiDb:250 - Set database path to: C:\Users\NIKHIL\.stmcufinder\plugins\mcufinder//mcu/
2025-08-27 15:34:30,390 [WARN] DbFile:41 - Overriding database path with different value: C:\Users\NIKHIL\.stmcufinder\plugins\mcufinder/ => C:\Users\NIKHIL\.stmcufinder\plugins\mcufinder
2025-08-27 15:34:30,392 [INFO] DbMcusAds:125 - Set database path to: C:\Users\NIKHIL\.stmcufinder\plugins\mcufinder//mcu/
2025-08-27 15:34:30,392 [WARN] DbFile:41 - Overriding database path with different value: C:\Users\NIKHIL\.stmcufinder\plugins\mcufinder/ => C:\Users\NIKHIL\.stmcufinder\plugins\mcufinder
2025-08-27 15:34:30,392 [WARN] DbFile:41 - Overriding database path with different value: C:\Users\NIKHIL\.stmcufinder\plugins\mcufinder/ => C:\Users\NIKHIL\.stmcufinder\plugins\mcufinder
2025-08-27 15:34:30,392 [INFO] CrossReferenceDbSqlite:203 - Set database path to: C:\Users\NIKHIL\.stmcufinder\plugins\mcufinder//mcu/cs/
2025-08-27 15:34:30,589 [INFO] MainPanel:274 - HeapMemory: 268435456
2025-08-27 15:34:30,849 [INFO] DbMcusXml:78 - Set database path to: D:\Program Files\STM32IDE\STM32CubeIDE_1.19.0\STM32CubeIDE\plugins\com.st.stm32cube.common.mx_6.15.0.202507011659\\db\/mcu/
2025-08-27 15:34:30,850 [INFO] ApiDb:274 - Set plugin database path to: D:\Program Files\STM32IDE\STM32CubeIDE_1.19.0\STM32CubeIDE\plugins\com.st.stm32cube.common.mx_6.15.0.202507011659\\db\/plugins/boardmanager/
2025-08-27 15:34:30,850 [INFO] ApiDb:261 - Set plugin images path to: D:\Program Files\STM32IDE\STM32CubeIDE_1.19.0\STM32CubeIDE\plugins\com.st.stm32cube.common.mx_6.15.0.202507011659\\db\/plugins/mcufinder/images/
2025-08-27 15:34:30,850 [WARN] DbFile:41 - Overriding database path with different value: C:\Users\NIKHIL\.stmcufinder\plugins\mcufinder/ => C:\Users\NIKHIL\.stmcufinder\plugins\mcufinder
2025-08-27 15:34:30,850 [INFO] ApiDb:250 - Set database path to: C:\Users\NIKHIL\.stmcufinder\plugins\mcufinder//mcu/
2025-08-27 15:34:30,851 [WARN] DbFile:41 - Overriding database path with different value: C:\Users\NIKHIL\.stmcufinder\plugins\mcufinder/ => C:\Users\NIKHIL\.stmcufinder\plugins\mcufinder
2025-08-27 15:34:30,851 [INFO] DbMcusAds:125 - Set database path to: C:\Users\NIKHIL\.stmcufinder\plugins\mcufinder//mcu/
2025-08-27 15:34:30,851 [WARN] DbFile:41 - Overriding database path with different value: C:\Users\NIKHIL\.stmcufinder\plugins\mcufinder/ => C:\Users\NIKHIL\.stmcufinder\plugins\mcufinder
2025-08-27 15:34:30,851 [WARN] DbFile:41 - Overriding database path with different value: C:\Users\NIKHIL\.stmcufinder\plugins\mcufinder/ => C:\Users\NIKHIL\.stmcufinder\plugins\mcufinder
2025-08-27 15:34:30,851 [INFO] CrossReferenceDbSqlite:203 - Set database path to: C:\Users\NIKHIL\.stmcufinder\plugins\mcufinder//mcu/cs/
2025-08-27 15:34:30,878 [INFO] ApplicationProperties:184 - Using Application install path: D:\Program Files\STM32IDE\STM32CubeIDE_1.19.0\STM32CubeIDE\plugins\com.st.stm32cube.common.mx_6.15.0.202507011659
2025-08-27 15:34:30,880 [INFO] PluginManage:196 - Search for loadable plugins [exclusion list=, ]
2025-08-27 15:34:30,883 [INFO] PluginManage:310 - Check plugin analytics
2025-08-27 15:34:31,353 [INFO] AnalyticsPlugin:253 - Accepted Software Licenses: 
2025-08-27 15:34:31,353 [INFO] AnalyticsPlugin:255 - Accepted CMSIS Pack Licenses: 
2025-08-27 15:34:31,354 [INFO] AnalyticsPlugin:257 - Accepted Firmware Licenses: 
2025-08-27 15:34:31,358 [INFO] PluginManage:359 - Loaded plugin analytics (category:tool,tabindex:-1)
2025-08-27 15:34:31,359 [INFO] PluginManage:310 - Check plugin cadmodel
2025-08-27 15:34:31,366 [INFO] CADModel:105 - Init CAD model plugin
2025-08-27 15:34:31,366 [INFO] PluginManage:359 - Loaded plugin cadmodel (category:power,tabindex:5)
2025-08-27 15:34:31,366 [INFO] PluginManage:310 - Check plugin clock
2025-08-27 15:34:31,401 [INFO] PluginManage:359 - Loaded plugin clock (category:base,tabindex:2)
2025-08-27 15:34:31,402 [INFO] PluginManage:310 - Check plugin ddr
2025-08-27 15:34:31,408 [INFO] PluginManage:359 - Loaded plugin ddr (category:tool,tabindex:6)
2025-08-27 15:34:31,431 [INFO] PluginManage:310 - Check plugin filemanager
2025-08-27 15:34:31,740 [INFO] PluginManage:359 - Loaded plugin filemanager (category:base,tabindex:10)
2025-08-27 15:34:31,741 [INFO] PluginManage:310 - Check plugin ipmanager
2025-08-27 15:34:31,753 [INFO] PluginManage:359 - Loaded plugin ipmanager (category:base,tabindex:5)
2025-08-27 15:34:31,754 [INFO] PluginManage:310 - Check plugin lpbam
2025-08-27 15:34:31,772 [INFO] PluginManage:359 - Loaded plugin lpbam (category:base,tabindex:0)
2025-08-27 15:34:31,773 [INFO] PluginManage:310 - Check plugin memorymap
2025-08-27 15:34:31,796 [INFO] PluginManage:359 - Loaded plugin memorymap (category:base,tabindex:4)
2025-08-27 15:34:31,796 [INFO] PluginManage:310 - Check plugin pinoutandconfiguration
2025-08-27 15:34:31,812 [INFO] PluginManage:359 - Loaded plugin pinoutandconfiguration (category:base,tabindex:1)
2025-08-27 15:34:31,812 [INFO] PluginManage:310 - Check plugin pinoutconfig
2025-08-27 15:34:32,084 [WARN] SupportedApi:132 - Cannot load RTOS API schema: s4s-elt-must-match.1: The content of 'definitions' must match (annotation?, (simpleType | complexType)?, (unique | key | keyref)*)). A problem was found starting at: attribute.
2025-08-27 15:34:32,435 [INFO] PluginManage:359 - Loaded plugin pinoutconfig (category:base,tabindex:0)
2025-08-27 15:34:32,435 [INFO] PluginManage:310 - Check plugin power
2025-08-27 15:34:32,457 [INFO] PluginManage:359 - Loaded plugin power (category:power,tabindex:4)
2025-08-27 15:34:32,458 [INFO] PluginManage:310 - Check plugin projectmanager
2025-08-27 15:34:32,499 [INFO] PluginManage:359 - Loaded plugin projectmanager (category:projectmanager,tabindex:4)
2025-08-27 15:34:32,501 [INFO] PluginManage:310 - Check plugin rif
2025-08-27 15:34:32,527 [INFO] PluginManage:359 - Loaded plugin rif (category:base,tabindex:3)
2025-08-27 15:34:32,527 [INFO] PluginManage:310 - Check plugin thirdparty
2025-08-27 15:34:32,818 [INFO] PluginManage:359 - Loaded plugin thirdparty (category:base,tabindex:-1)
2025-08-27 15:34:32,818 [INFO] PluginManage:310 - Check plugin tools
2025-08-27 15:34:32,818 [WARN] IntegrityCheckThread:84 - waiting for thirdparty lock release [integrity check]
2025-08-27 15:34:32,819 [INFO] IntegrityCheckThread:86 - entering critical section [integrity check]
2025-08-27 15:34:32,819 [INFO] ThirdPartyUpdaterWithRetryManager:70 - Updater plugin not ready yet. [1/15]
2025-08-27 15:34:32,821 [INFO] PluginManage:359 - Loaded plugin tools (category:base,tabindex:7)
2025-08-27 15:34:32,821 [INFO] PluginManage:310 - Check plugin tutovideos
2025-08-27 15:34:33,281 [INFO] PluginManage:359 - Loaded plugin tutovideos (category:base,tabindex:-1)
2025-08-27 15:34:33,282 [INFO] PluginManage:310 - Check plugin updater
2025-08-27 15:34:33,326 [INFO] PluginManage:359 - Loaded plugin updater (category:base,tabindex:12)
2025-08-27 15:34:33,326 [INFO] PluginManage:310 - Check plugin userauth
2025-08-27 15:34:33,331 [INFO] UserAuth:118 - Init User Auth plugin
2025-08-27 15:34:33,332 [INFO] PluginManage:359 - Loaded plugin userauth (category:base,tabindex:14)
2025-08-27 15:34:33,332 [INFO] PluginManage:283 - PluginManage : Loaded plugins [18]
2025-08-27 15:34:33,883 [INFO] PinOutPanel:1589 - setPackage(No Configuration,No Configuration)
2025-08-27 15:34:34,173 [INFO] CADModel:165 - CPN selected for project level
2025-08-27 15:34:34,173 [INFO] CADModel:114 - Register for checkConnection events
2025-08-27 15:34:34,206 [INFO] IPUIPlugin:80 - create IPUIPlugin
2025-08-27 15:34:34,206 [INFO] PluginManager:220 - loadIPPluginJar : add adc
2025-08-27 15:34:34,210 [INFO] IPUIPlugin:80 - create IPUIPlugin
2025-08-27 15:34:34,210 [INFO] PluginManager:220 - loadIPPluginJar : add aes
2025-08-27 15:34:34,222 [INFO] IPUIPlugin:80 - create IPUIPlugin
2025-08-27 15:34:34,227 [INFO] PluginManager:220 - loadIPPluginJar : add can
2025-08-27 15:34:34,231 [INFO] IPUIPlugin:80 - create IPUIPlugin
2025-08-27 15:34:34,231 [INFO] PluginManager:220 - loadIPPluginJar : add comp
2025-08-27 15:34:34,238 [INFO] IPUIPlugin:80 - create IPUIPlugin
2025-08-27 15:34:34,238 [INFO] PluginManager:220 - loadIPPluginJar : add cryp
2025-08-27 15:34:34,250 [INFO] IPUIPlugin:80 - create IPUIPlugin
2025-08-27 15:34:34,251 [INFO] PluginManager:220 - loadIPPluginJar : add ddr_ctrl_phy
2025-08-27 15:34:34,254 [INFO] IPUIPlugin:80 - create IPUIPlugin
2025-08-27 15:34:34,254 [INFO] PluginManager:220 - loadIPPluginJar : add dfsdm
2025-08-27 15:34:34,261 [INFO] IPUIPlugin:80 - create IPUIPlugin
2025-08-27 15:34:34,262 [INFO] PluginManager:220 - loadIPPluginJar : add dma
2025-08-27 15:34:34,265 [INFO] IPUIPlugin:80 - create IPUIPlugin
2025-08-27 15:34:34,265 [INFO] PluginManager:220 - loadIPPluginJar : add dma3
2025-08-27 15:34:34,281 [INFO] IPUIPlugin:80 - create IPUIPlugin
2025-08-27 15:34:34,281 [INFO] PluginManager:220 - loadIPPluginJar : add extmemmanager
2025-08-27 15:34:34,284 [INFO] IPUIPlugin:80 - create IPUIPlugin
2025-08-27 15:34:34,284 [INFO] PluginManager:220 - loadIPPluginJar : add fatfs
2025-08-27 15:34:34,309 [INFO] IPUIPlugin:80 - create IPUIPlugin
2025-08-27 15:34:34,310 [INFO] PluginManager:220 - loadIPPluginJar : add fmc
2025-08-27 15:34:34,319 [INFO] IPUIPlugin:80 - create IPUIPlugin
2025-08-27 15:34:34,320 [INFO] PluginManager:220 - loadIPPluginJar : add freertos
2025-08-27 15:34:34,325 [INFO] IPUIPlugin:80 - create IPUIPlugin
2025-08-27 15:34:34,326 [INFO] PluginManager:220 - loadIPPluginJar : add genericplugin
2025-08-27 15:34:34,332 [INFO] IPUIPlugin:80 - create IPUIPlugin
2025-08-27 15:34:34,332 [INFO] PluginManager:220 - loadIPPluginJar : add gfxmmu
2025-08-27 15:34:34,344 [INFO] IPUIPlugin:80 - create IPUIPlugin
2025-08-27 15:34:34,344 [INFO] PluginManager:220 - loadIPPluginJar : add gic
2025-08-27 15:34:34,352 [INFO] IPUIPlugin:80 - create IPUIPlugin
2025-08-27 15:34:34,352 [INFO] PluginManager:220 - loadIPPluginJar : add gpio
2025-08-27 15:34:34,356 [INFO] IPUIPlugin:80 - create IPUIPlugin
2025-08-27 15:34:34,356 [INFO] PluginManager:220 - loadIPPluginJar : add gtzc
2025-08-27 15:34:34,360 [INFO] IPUIPlugin:80 - create IPUIPlugin
2025-08-27 15:34:34,360 [INFO] PluginManager:220 - loadIPPluginJar : add hash
2025-08-27 15:34:34,363 [INFO] IPUIPlugin:80 - create IPUIPlugin
2025-08-27 15:34:34,364 [INFO] PluginManager:220 - loadIPPluginJar : add i2c
2025-08-27 15:34:34,367 [INFO] IPUIPlugin:80 - create IPUIPlugin
2025-08-27 15:34:34,367 [INFO] PluginManager:220 - loadIPPluginJar : add i2s
2025-08-27 15:34:34,371 [INFO] IPUIPlugin:80 - create IPUIPlugin
2025-08-27 15:34:34,371 [INFO] PluginManager:220 - loadIPPluginJar : add i3c
2025-08-27 15:34:34,383 [INFO] IPUIPlugin:80 - create IPUIPlugin
2025-08-27 15:34:34,383 [INFO] PluginManager:220 - loadIPPluginJar : add ipddr
2025-08-27 15:34:34,394 [INFO] IPUIPlugin:80 - create IPUIPlugin
2025-08-27 15:34:34,395 [INFO] PluginManager:220 - loadIPPluginJar : add linkedlist
2025-08-27 15:34:34,399 [INFO] IPUIPlugin:80 - create IPUIPlugin
2025-08-27 15:34:34,399 [INFO] PluginManager:220 - loadIPPluginJar : add lorawan
2025-08-27 15:34:34,401 [INFO] IPUIPlugin:80 - create IPUIPlugin
2025-08-27 15:34:34,401 [INFO] PluginManager:220 - loadIPPluginJar : add ltdc
2025-08-27 15:34:34,407 [INFO] IPUIPlugin:80 - create IPUIPlugin
2025-08-27 15:34:34,408 [INFO] PluginManager:220 - loadIPPluginJar : add mdma
2025-08-27 15:34:34,412 [INFO] IPUIPlugin:80 - create IPUIPlugin
2025-08-27 15:34:34,412 [INFO] PluginManager:220 - loadIPPluginJar : add nvic
2025-08-27 15:34:34,416 [INFO] IPUIPlugin:80 - create IPUIPlugin
2025-08-27 15:34:34,416 [INFO] PluginManager:220 - loadIPPluginJar : add opamp
2025-08-27 15:34:34,419 [INFO] IPUIPlugin:80 - create IPUIPlugin
2025-08-27 15:34:34,419 [INFO] PluginManager:220 - loadIPPluginJar : add openamp
2025-08-27 15:34:34,423 [INFO] IPUIPlugin:80 - create IPUIPlugin
2025-08-27 15:34:34,423 [INFO] PluginManager:220 - loadIPPluginJar : add pdm2pcm
2025-08-27 15:34:34,429 [INFO] IPUIPlugin:80 - create IPUIPlugin
2025-08-27 15:34:34,436 [INFO] PluginManager:220 - loadIPPluginJar : add plateformsettings
2025-08-27 15:34:34,438 [INFO] IPUIPlugin:80 - create IPUIPlugin
2025-08-27 15:34:34,438 [INFO] PluginManager:220 - loadIPPluginJar : add quadspi
2025-08-27 15:34:34,441 [INFO] IPUIPlugin:80 - create IPUIPlugin
2025-08-27 15:34:34,441 [INFO] PluginManager:220 - loadIPPluginJar : add radio
2025-08-27 15:34:34,445 [INFO] IPUIPlugin:80 - create IPUIPlugin
2025-08-27 15:34:34,445 [INFO] PluginManager:220 - loadIPPluginJar : add resmgrutility
2025-08-27 15:34:34,452 [INFO] IPUIPlugin:80 - create IPUIPlugin
2025-08-27 15:34:34,452 [INFO] PluginManager:220 - loadIPPluginJar : add sai
2025-08-27 15:34:34,455 [INFO] IPUIPlugin:80 - create IPUIPlugin
2025-08-27 15:34:34,456 [INFO] PluginManager:220 - loadIPPluginJar : add spi
2025-08-27 15:34:34,463 [INFO] IPUIPlugin:80 - create IPUIPlugin
2025-08-27 15:34:34,463 [INFO] PluginManager:220 - loadIPPluginJar : add stm32_wpan
2025-08-27 15:34:34,467 [INFO] IPUIPlugin:80 - create IPUIPlugin
2025-08-27 15:34:34,467 [INFO] PluginManager:220 - loadIPPluginJar : add tim
2025-08-27 15:34:34,474 [INFO] IPUIPlugin:80 - create IPUIPlugin
2025-08-27 15:34:34,474 [INFO] PluginManager:220 - loadIPPluginJar : add touchsensing
2025-08-27 15:34:34,478 [INFO] IPUIPlugin:80 - create IPUIPlugin
2025-08-27 15:34:34,478 [INFO] PluginManager:220 - loadIPPluginJar : add tracer_emb
2025-08-27 15:34:34,481 [INFO] IPUIPlugin:80 - create IPUIPlugin
2025-08-27 15:34:34,482 [INFO] PluginManager:220 - loadIPPluginJar : add ts
2025-08-27 15:34:34,485 [INFO] IPUIPlugin:80 - create IPUIPlugin
2025-08-27 15:34:34,485 [INFO] PluginManager:220 - loadIPPluginJar : add tsc
2025-08-27 15:34:34,489 [INFO] IPUIPlugin:80 - create IPUIPlugin
2025-08-27 15:34:34,489 [INFO] PluginManager:220 - loadIPPluginJar : add ucpd
2025-08-27 15:34:34,494 [INFO] IPUIPlugin:80 - create IPUIPlugin
2025-08-27 15:34:34,494 [INFO] PluginManager:220 - loadIPPluginJar : add usart
2025-08-27 15:34:34,501 [INFO] IPUIPlugin:80 - create IPUIPlugin
2025-08-27 15:34:34,501 [INFO] PluginManager:220 - loadIPPluginJar : add usbx
2025-08-27 15:34:34,766 [FATAL] Updater:351 - Updater called before beeing initialized
2025-08-27 15:34:34,879 [INFO] RulesReader:64 - Compatibility file has been processed (317 Rules)
2025-08-27 15:34:34,992 [INFO] RulesReader:64 - Compatibility file has been processed (317 Rules)
2025-08-27 15:34:35,021 [INFO] CADModel:165 - CPN selected for project level
2025-08-27 15:34:35,021 [INFO] CADModel:114 - Register for checkConnection events
2025-08-27 15:34:35,021 [FATAL] Updater:351 - Updater called before beeing initialized
2025-08-27 15:34:35,021 [ERROR] CADModel:125 - Updater not yet initialized, retry later 
2025-08-27 15:34:35,391 [FATAL] Updater:351 - Updater called before beeing initialized
2025-08-27 15:34:35,393 [INFO] CADModel:165 - CPN selected for project level
2025-08-27 15:34:35,393 [INFO] CADModel:114 - Register for checkConnection events
2025-08-27 15:34:35,393 [FATAL] Updater:351 - Updater called before beeing initialized
2025-08-27 15:34:35,393 [ERROR] CADModel:125 - Updater not yet initialized, retry later 
2025-08-27 15:34:35,397 [FATAL] Updater:351 - Updater called before beeing initialized
2025-08-27 15:34:35,631 [FATAL] Updater:351 - Updater called before beeing initialized
2025-08-27 15:34:35,637 [INFO] DbMcusAds:53 - JSON generation date=Tue Jul 08 13:44:23 IST 2025 (1751962463582)
2025-08-27 15:34:35,638 [FATAL] Updater:351 - Updater called before beeing initialized
2025-08-27 15:34:35,695 [WARN] DetailPanel:346 - Failed to get advertising image, set to default
2025-08-27 15:34:35,822 [INFO] ThirdPartyUpdaterWithRetryManager:70 - Updater plugin not ready yet. [2/15]
2025-08-27 15:34:35,906 [FATAL] Updater:351 - Updater called before beeing initialized
2025-08-27 15:34:35,911 [FATAL] Updater:351 - Updater called before beeing initialized
2025-08-27 15:34:35,911 [FATAL] Updater:351 - Updater called before beeing initialized
2025-08-27 15:34:35,912 [WARN] DetailPanel:346 - Failed to get advertising image, set to default
2025-08-27 15:34:35,916 [FATAL] Updater:351 - Updater called before beeing initialized
2025-08-27 15:34:36,028 [ERROR] Updater:1198 - MainUpdater not yet initialized. External WinMGr cannot be set.
2025-08-27 15:34:36,034 [INFO] Updater:1134 - Updater Version found : 6.15.0
2025-08-27 15:34:36,077 [INFO] ApplicationProperties:184 - Using Application install path: D:\Program Files\STM32IDE\STM32CubeIDE_1.19.0\STM32CubeIDE\plugins\com.st.stm32cube.common.mx_6.15.0.202507011659
2025-08-27 15:34:37,745 [ERROR] LogOutputStream:75 - [STDERR_REDIRECT] Aug 27, 2025 3:34:37 PM java.util.prefs.WindowsPreferences <init>
2025-08-27 15:34:37,750 [ERROR] LogOutputStream:75 - [STDERR_REDIRECT] WARNING: Could not open/create prefs root node Software\JavaSoft\Prefs at root 0xffffffff80000002. Windows RegCreateKeyEx(...) returned error code 5.
2025-08-27 15:34:37,751 [ERROR] LogOutputStream:75 - [STDERR_REDIRECT] 
2025-08-27 15:34:38,470 [INFO] MainUpdater:2872 - connection check result : 10
2025-08-27 15:34:38,472 [INFO] MainUpdater:289 - Updater Check For Update Now.
2025-08-27 15:34:38,472 [INFO] MicroXplorer:498 - Change Database Version : DB.6.0.150
2025-08-27 15:34:38,515 [INFO] McuFinderGlobals:63 - Set McuFinder mode to 2 (CubeIDE integrated)
2025-08-27 15:34:38,516 [INFO] UserAuth:171 - activating auth plugin
2025-08-27 15:34:38,530 [INFO] UserAuth:487 - Internet connection configuration mode: 1
2025-08-27 15:34:38,582 [INFO] JxBrowserEngine:152 - Initiate JxBrowser Engine with user profile folder
2025-08-27 15:34:38,771 [INFO] CheckServerUpdateThread:120 - End of CheckServer Thread
2025-08-27 15:34:39,348 [WARN] PackLoader:240 - Cannot read IP mode file for STMicroelectronics.FP-SNS-MOTENVWB1.1.4.0
2025-08-27 15:34:39,361 [WARN] PackLoader:240 - Cannot read IP mode file for STMicroelectronics.FP-ATR-ASTRA1.2.0.2
2025-08-27 15:34:39,371 [WARN] PackLoader:240 - Cannot read IP mode file for STMicroelectronics.X-CUBE-SMBUS.2.1.0
2025-08-27 15:34:39,377 [WARN] PackLoader:240 - Cannot read IP mode file for STMicroelectronics.X-CUBE-ST60.1.0.0
2025-08-27 15:34:39,425 [WARN] PackLoader:240 - Cannot read IP mode file for STMicroelectronics.X-CUBE-AZRTOS-F7.1.1.0
2025-08-27 15:34:39,515 [WARN] PackLoader:240 - Cannot read IP mode file for Infineon.AIROC-Wi-Fi-Bluetooth-STM32.1.7.1
2025-08-27 15:34:39,564 [WARN] PackLoader:240 - Cannot read IP mode file for STMicroelectronics.X-CUBE-DISPLAY.3.0.0
2025-08-27 15:34:39,644 [WARN] PackLoader:240 - Cannot read IP mode file for STMicroelectronics.X-CUBE-NFC10.1.0.0
2025-08-27 15:34:39,666 [WARN] PackLoader:240 - Cannot read IP mode file for STMicroelectronics.X-CUBE-BLEMGR.4.0.0
2025-08-27 15:34:39,683 [WARN] PackLoader:240 - Cannot read IP mode file for emotas.I-CUBE-CANOPEN.1.3.0
2025-08-27 15:34:39,737 [WARN] PackLoader:240 - Cannot read IP mode file for STMicroelectronics.FP-SNS-STBOX1.2.1.0
2025-08-27 15:34:39,757 [WARN] PackLoader:240 - Cannot read IP mode file for STMicroelectronics.FP-SNS-SMARTAG2.1.2.0
2025-08-27 15:34:39,767 [WARN] PackLoader:240 - Cannot read IP mode file for STMicroelectronics.FP-SNS-FLIGHT1.5.1.0
2025-08-27 15:34:39,790 [INFO] LogOutputStream:77 - [STDOUT_REDIRECT] 1 : Invalid condition id : UX_CORESTACK_Condition cause : null
2025-08-27 15:34:39,792 [INFO] LogOutputStream:77 - [STDOUT_REDIRECT] 1 : Invalid condition id : UX_CORESTACK_Condition cause : null
2025-08-27 15:34:39,794 [INFO] LogOutputStream:77 - [STDOUT_REDIRECT] 1 : Invalid condition id : UX_CORESTACK_Condition cause : null
2025-08-27 15:34:39,797 [INFO] LogOutputStream:77 - [STDOUT_REDIRECT] 1 : Invalid condition id : UX_CORESTACK_Condition cause : null
2025-08-27 15:34:39,800 [INFO] LogOutputStream:77 - [STDOUT_REDIRECT] 1 : Invalid condition id : UX_CORESTACK_Condition cause : null
2025-08-27 15:34:39,804 [WARN] PackLoader:240 - Cannot read IP mode file for STMicroelectronics.X-CUBE-AZRTOS-WL.2.0.0
2025-08-27 15:34:39,811 [WARN] PackLoader:240 - Cannot read IP mode file for STMicroelectronics.FP-SNS-MOTENV1.5.0.0
2025-08-27 15:34:39,837 [WARN] PackLoader:240 - Cannot read IP mode file for WES.I-CUBE-Cesium.1.3.0
2025-08-27 15:34:39,845 [WARN] PackLoader:240 - Cannot read IP mode file for STMicroelectronics.X-CUBE-BLE2.3.3.0
2025-08-27 15:34:39,856 [WARN] PackLoader:240 - Cannot read IP mode file for STMicroelectronics.X-CUBE-NFC9.1.0.0
2025-08-27 15:34:39,871 [WARN] PackLoader:240 - Cannot read IP mode file for wolfSSL.I-CUBE-wolfSSL.5.8.0
2025-08-27 15:34:39,881 [WARN] PackLoader:240 - Cannot read IP mode file for STMicroelectronics.X-CUBE-BLE1.7.1.0
2025-08-27 15:34:39,888 [WARN] PackLoader:240 - Cannot read IP mode file for wolfSSL.I-CUBE-wolfMQTT.1.19.2
2025-08-27 15:34:39,897 [WARN] PackLoader:240 - Cannot read IP mode file for STMicroelectronics.X-CUBE-AI.10.1.0
2025-08-27 15:34:39,948 [WARN] PackLoader:240 - Cannot read IP mode file for STMicroelectronics.X-CUBE-AZRTOS-G0.1.1.0
2025-08-27 15:34:39,987 [WARN] PackLoader:240 - Cannot read IP mode file for STMicroelectronics.X-CUBE-SAFEA1.1.2.2
2025-08-27 15:34:40,002 [WARN] PackLoader:240 - Cannot read IP mode file for STMicroelectronics.X-CUBE-NFC4.3.0.0
2025-08-27 15:34:40,026 [WARN] PackLoader:240 - Cannot read IP mode file for EmbeddedOffice.I-CUBE-FS-RTOS.1.0.1
2025-08-27 15:34:40,040 [WARN] PackLoader:240 - Cannot read IP mode file for STMicroelectronics.X-CUBE-WB05N.2.0.0
2025-08-27 15:34:40,074 [WARN] PackLoader:240 - Cannot read IP mode file for wolfSSL.I-CUBE-wolfTPM.3.8.0
2025-08-27 15:34:40,106 [WARN] PackLoader:240 - Cannot read IP mode file for STMicroelectronics.X-CUBE-TCPP.4.2.0
2025-08-27 15:34:40,126 [WARN] PackLoader:240 - Cannot read IP mode file for RealThread.X-CUBE-RT-Thread_Nano.4.1.1
2025-08-27 15:34:40,138 [WARN] PackLoader:240 - Cannot read IP mode file for STMicroelectronics.FP-ATR-SIGFOX1.3.2.0
2025-08-27 15:34:40,168 [WARN] PackLoader:240 - Cannot read IP mode file for ITTIA_DB.I-CUBE-ITTIADB.8.9.0
2025-08-27 15:34:40,186 [WARN] PackLoader:240 - Cannot read IP mode file for STMicroelectronics.X-CUBE-ST67W61.1.0.0
2025-08-27 15:34:40,196 [WARN] PackLoader:240 - Cannot read IP mode file for STMicroelectronics.X-CUBE-AI.10.2.0
2025-08-27 15:34:40,244 [WARN] PackLoader:240 - Cannot read IP mode file for SEGGER.I-CUBE-embOS.1.3.1
2025-08-27 15:34:40,436 [WARN] PackLoader:240 - Cannot read IP mode file for STMicroelectronics.X-CUBE-ALGOBUILD.1.4.0
2025-08-27 15:34:40,568 [INFO] WebApp:169 - Instantiating new browser for Auth
2025-08-27 15:34:40,781 [WARN] PackLoader:240 - Cannot read IP mode file for STMicroelectronics.X-CUBE-MEMS1.11.3.0
2025-08-27 15:34:41,048 [WARN] PackLoader:240 - Cannot read IP mode file for STMicroelectronics.X-CUBE-PM33A1.1.0.0
2025-08-27 15:34:41,075 [WARN] PackLoader:240 - Cannot read IP mode file for STMicroelectronics.X-CUBE-AZRTOS-F4.1.1.0
2025-08-27 15:34:41,109 [WARN] PackLoader:240 - Cannot read IP mode file for Avnet-IotConnect.X-CUBE-IoTC-DA16k-PMOD.1.0.0
2025-08-27 15:34:41,133 [WARN] PackLoader:240 - Cannot read IP mode file for STMicroelectronics.X-CUBE-ISPU.2.1.0
2025-08-27 15:34:41,422 [WARN] PackLoader:240 - Cannot read IP mode file for STMicroelectronics.X-CUBE-AZRTOS-L5.2.0.0
2025-08-27 15:34:41,436 [WARN] PackLoader:240 - Cannot read IP mode file for STMicroelectronics.X-CUBE-NFC6.3.1.0
2025-08-27 15:34:41,464 [WARN] PackLoader:240 - Cannot read IP mode file for STMicroelectronics.X-CUBE-FREERTOS.1.3.1
2025-08-27 15:34:41,482 [WARN] PackLoader:240 - Cannot read IP mode file for STMicroelectronics.X-CUBE-DPower.1.3.0
2025-08-27 15:34:41,518 [WARN] ConditionMgr:438 - getConditionDescription Invalid condition id : LAN8742 Phy interface Condition cause : null
2025-08-27 15:34:41,519 [WARN] PackLoader:240 - Cannot read IP mode file for STMicroelectronics.X-CUBE-AZRTOS-L4.2.0.0
2025-08-27 15:34:41,523 [WARN] ConditionMgr:1044 - genDependencies : Invalid condition id : LAN8742 Phy interface Condition cause : null
2025-08-27 15:34:41,528 [WARN] ConditionMgr:1044 - genDependencies : Invalid condition id : LAN8742 Phy interface Condition cause : null
2025-08-27 15:34:41,528 [WARN] ConditionMgr:1044 - genDependencies : Invalid condition id : LAN8742 Phy interface Condition cause : null
2025-08-27 15:34:41,539 [WARN] PackLoader:240 - Cannot read IP mode file for STMicroelectronics.X-CUBE-SFXS2LP1.4.0.0
2025-08-27 15:34:41,547 [WARN] PackLoader:240 - Cannot read IP mode file for STMicroelectronics.X-CUBE-BLEMGR.4.1.0
2025-08-27 15:34:41,562 [WARN] ConditionMgr:438 - getConditionDescription Invalid condition id : UX DEVICE CLASS RTOS Condition cause : null
2025-08-27 15:34:41,563 [WARN] ConditionMgr:438 - getConditionDescription Invalid condition id : UX DEVICE CLASS RTOS Condition cause : null
2025-08-27 15:34:41,565 [WARN] PackLoader:240 - Cannot read IP mode file for STMicroelectronics.X-CUBE-AZRTOS-WB.2.0.0
2025-08-27 15:34:41,566 [WARN] ConditionMgr:1044 - genDependencies : Invalid condition id : UX DEVICE CLASS RTOS Condition cause : null
2025-08-27 15:34:41,566 [WARN] ConditionMgr:1044 - genDependencies : Invalid condition id : UX DEVICE CLASS RTOS Condition cause : null
2025-08-27 15:34:41,566 [WARN] ConditionMgr:1044 - genDependencies : Invalid condition id : UX DEVICE CLASS RTOS Condition cause : null
2025-08-27 15:34:41,567 [WARN] ConditionMgr:1044 - genDependencies : Invalid condition id : UX DEVICE CLASS RTOS Condition cause : null
2025-08-27 15:34:41,567 [WARN] ConditionMgr:1044 - genDependencies : Invalid condition id : UX DEVICE CLASS RTOS Condition cause : null
2025-08-27 15:34:41,582 [WARN] PackLoader:240 - Cannot read IP mode file for STMicroelectronics.X-CUBE-GNSS1.7.0.1
2025-08-27 15:34:41,593 [WARN] PackLoader:240 - Cannot read IP mode file for STMicroelectronics.X-CUBE-TOUCHGFX.4.25.0
2025-08-27 15:34:41,601 [WARN] PackLoader:240 - Cannot read IP mode file for STMicroelectronics.FP-SNS-STBOX1.2.0.0
2025-08-27 15:34:41,614 [WARN] ConditionMgr:438 - getConditionDescription Invalid condition id : Cortex-A Device cause : null
2025-08-27 15:34:41,645 [WARN] ConditionMgr:1044 - genDependencies : Invalid condition id : Cortex-A Device cause : null
2025-08-27 15:34:41,645 [WARN] ConditionMgr:1044 - genDependencies : Invalid condition id : Cortex-A Device cause : null
2025-08-27 15:34:41,645 [WARN] ConditionMgr:1044 - genDependencies : Invalid condition id : Cortex-A Device cause : null
2025-08-27 15:34:41,657 [WARN] PackLoader:240 - Cannot read IP mode file for STMicroelectronics.X-CUBE-SUBG2.5.0.0
2025-08-27 15:34:41,748 [WARN] PackLoader:240 - Cannot read IP mode file for STMicroelectronics.X-CUBE-AZRTOS-H7RS.1.1.0
2025-08-27 15:34:41,759 [WARN] PackLoader:240 - Cannot read IP mode file for Cesanta.I-CUBE-Mongoose.7.13.0
2025-08-27 15:34:41,797 [WARN] PackLoader:240 - Cannot read IP mode file for STMicroelectronics.X-CUBE-AZRTOS-G4.2.0.0
2025-08-27 15:34:41,805 [WARN] PackLoader:240 - Cannot read IP mode file for wolfSSL.I-CUBE-wolfSSH.1.4.20
2025-08-27 15:34:41,812 [WARN] PackLoader:240 - Cannot read IP mode file for STMicroelectronics.X-CUBE-NFC7.2.0.0
2025-08-27 15:34:41,841 [WARN] PackLoader:240 - Cannot read IP mode file for STMicroelectronics.X-CUBE-IPS.3.1.0
2025-08-27 15:34:41,856 [WARN] PackLoader:240 - Cannot read IP mode file for STMicroelectronics.X-CUBE-ALS.1.0.2
2025-08-27 15:34:41,867 [WARN] PackLoader:240 - Cannot read IP mode file for portGmbH.I-Cube-SoM-uGOAL.1.1.0
2025-08-27 15:34:41,877 [WARN] PackLoader:240 - Cannot read IP mode file for STMicroelectronics.X-CUBE-TOF1.3.4.3
2025-08-27 15:34:41,885 [INFO] ThirdParty:978 - Integrity check success = true
2025-08-27 15:34:41,885 [INFO] IntegrityCheckThread:100 - exiting critical section [integrity check]
2025-08-27 15:34:41,885 [INFO] IntegrityCheckThread:103 - End integrity checks thread
2025-08-27 15:34:42,441 [INFO] WebApp:463 - Apply proxy settings
2025-08-27 15:34:42,441 [INFO] WebApp:548 - Chromium requires no authentication
2025-08-27 15:34:42,456 [INFO] WebApp:491 - Direct internet connection detected
2025-08-27 15:34:42,486 [INFO] WebApp:900 - Register for checkConnection events
2025-08-27 15:34:42,486 [INFO] WebApp:463 - Apply proxy settings
2025-08-27 15:34:42,486 [INFO] WebApp:548 - Chromium requires no authentication
2025-08-27 15:34:42,487 [INFO] WebApp:491 - Direct internet connection detected
2025-08-27 15:34:42,872 [INFO] WebApp:225 - Starting web application
2025-08-27 15:34:42,872 [INFO] WebApp:593 - Web application path used D:\Program Files\STM32IDE\STM32CubeIDE_1.19.0\STM32CubeIDE\plugins\com.st.stm32cube.common.mx_6.15.0.202507011659\db\plugins\mcufinder\reactClient1\index.html
2025-08-27 15:34:43,867 [INFO] WebApp:191 - Connection restablished
2025-08-27 16:56:48,498 [ERROR] LogOutputStream:75 - [STDERR_REDIRECT] 
