2025-08-24 00:00:02,468 [INFO] LogOutputStream:77 - [STDOUT_REDIRECT] 
2025-08-24 00:00:07,671 [INFO] ApplicationProperties:184 - Using Application install path: D:\Program Files\STM32IDE\STM32CubeIDE_1.19.0\STM32CubeIDE\plugins\com.st.stm32cube.common.mx_6.15.0.202507011659
2025-08-24 00:00:07,691 [INFO] DbMcusXml:78 - Set database path to: D:\Program Files\STM32IDE\STM32CubeIDE_1.19.0\STM32CubeIDE\plugins\com.st.stm32cube.common.mx_6.15.0.202507011659\\db\/mcu/
2025-08-24 00:00:07,691 [INFO] ApiDb:274 - Set plugin database path to: D:\Program Files\STM32IDE\STM32CubeIDE_1.19.0\STM32CubeIDE\plugins\com.st.stm32cube.common.mx_6.15.0.202507011659\\db\/plugins/boardmanager/
2025-08-24 00:00:07,691 [WARN] ApiDb:259 - Overriding images path with different value:  => D:\Program Files\STM32IDE\STM32CubeIDE_1.19.0\STM32CubeIDE\plugins\com.st.stm32cube.common.mx_6.15.0.202507011659\\db\/plugins/mcufinder/images/
2025-08-24 00:00:07,700 [INFO] ApiDb:250 - Set database path to: C:\Users\NIKHIL\.stmcufinder\plugins\mcufinder//mcu/
2025-08-24 00:00:07,702 [INFO] DbMcusAds:125 - Set database path to: C:\Users\NIKHIL\.stmcufinder\plugins\mcufinder//mcu/
2025-08-24 00:00:07,704 [INFO] CrossReferenceDbSqlite:203 - Set database path to: C:\Users\NIKHIL\.stmcufinder\plugins\mcufinder//mcu/cs/
2025-08-24 00:00:07,893 [INFO] RulesReader:64 - Compatibility file has been processed (317 Rules)
2025-08-24 00:00:08,039 [INFO] DbMcusXml:78 - Set database path to: D:\Program Files\STM32IDE\STM32CubeIDE_1.19.0\STM32CubeIDE\plugins\com.st.stm32cube.common.mx_6.15.0.202507011659\\db\/mcu/
2025-08-24 00:00:08,039 [INFO] ApiDb:274 - Set plugin database path to: D:\Program Files\STM32IDE\STM32CubeIDE_1.19.0\STM32CubeIDE\plugins\com.st.stm32cube.common.mx_6.15.0.202507011659\\db\/plugins/boardmanager/
2025-08-24 00:00:08,040 [INFO] ApiDb:261 - Set plugin images path to: D:\Program Files\STM32IDE\STM32CubeIDE_1.19.0\STM32CubeIDE\plugins\com.st.stm32cube.common.mx_6.15.0.202507011659\\db\/plugins/mcufinder/images/
2025-08-24 00:00:08,040 [WARN] DbFile:41 - Overriding database path with different value: C:\Users\NIKHIL\.stmcufinder\plugins\mcufinder/ => C:\Users\NIKHIL\.stmcufinder\plugins\mcufinder
2025-08-24 00:00:08,040 [INFO] ApiDb:250 - Set database path to: C:\Users\NIKHIL\.stmcufinder\plugins\mcufinder//mcu/
2025-08-24 00:00:08,041 [WARN] DbFile:41 - Overriding database path with different value: C:\Users\NIKHIL\.stmcufinder\plugins\mcufinder/ => C:\Users\NIKHIL\.stmcufinder\plugins\mcufinder
2025-08-24 00:00:08,041 [INFO] DbMcusAds:125 - Set database path to: C:\Users\NIKHIL\.stmcufinder\plugins\mcufinder//mcu/
2025-08-24 00:00:08,041 [WARN] DbFile:41 - Overriding database path with different value: C:\Users\NIKHIL\.stmcufinder\plugins\mcufinder/ => C:\Users\NIKHIL\.stmcufinder\plugins\mcufinder
2025-08-24 00:00:08,041 [WARN] DbFile:41 - Overriding database path with different value: C:\Users\NIKHIL\.stmcufinder\plugins\mcufinder/ => C:\Users\NIKHIL\.stmcufinder\plugins\mcufinder
2025-08-24 00:00:08,041 [INFO] CrossReferenceDbSqlite:203 - Set database path to: C:\Users\NIKHIL\.stmcufinder\plugins\mcufinder//mcu/cs/
2025-08-24 00:00:08,144 [INFO] MainPanel:274 - HeapMemory: 268435456
2025-08-24 00:00:08,251 [INFO] DbMcusXml:78 - Set database path to: D:\Program Files\STM32IDE\STM32CubeIDE_1.19.0\STM32CubeIDE\plugins\com.st.stm32cube.common.mx_6.15.0.202507011659\\db\/mcu/
2025-08-24 00:00:08,251 [INFO] ApiDb:274 - Set plugin database path to: D:\Program Files\STM32IDE\STM32CubeIDE_1.19.0\STM32CubeIDE\plugins\com.st.stm32cube.common.mx_6.15.0.202507011659\\db\/plugins/boardmanager/
2025-08-24 00:00:08,251 [INFO] ApiDb:261 - Set plugin images path to: D:\Program Files\STM32IDE\STM32CubeIDE_1.19.0\STM32CubeIDE\plugins\com.st.stm32cube.common.mx_6.15.0.202507011659\\db\/plugins/mcufinder/images/
2025-08-24 00:00:08,251 [WARN] DbFile:41 - Overriding database path with different value: C:\Users\NIKHIL\.stmcufinder\plugins\mcufinder/ => C:\Users\NIKHIL\.stmcufinder\plugins\mcufinder
2025-08-24 00:00:08,252 [INFO] ApiDb:250 - Set database path to: C:\Users\NIKHIL\.stmcufinder\plugins\mcufinder//mcu/
2025-08-24 00:00:08,252 [WARN] DbFile:41 - Overriding database path with different value: C:\Users\NIKHIL\.stmcufinder\plugins\mcufinder/ => C:\Users\NIKHIL\.stmcufinder\plugins\mcufinder
2025-08-24 00:00:08,252 [INFO] DbMcusAds:125 - Set database path to: C:\Users\NIKHIL\.stmcufinder\plugins\mcufinder//mcu/
2025-08-24 00:00:08,252 [WARN] DbFile:41 - Overriding database path with different value: C:\Users\NIKHIL\.stmcufinder\plugins\mcufinder/ => C:\Users\NIKHIL\.stmcufinder\plugins\mcufinder
2025-08-24 00:00:08,252 [WARN] DbFile:41 - Overriding database path with different value: C:\Users\NIKHIL\.stmcufinder\plugins\mcufinder/ => C:\Users\NIKHIL\.stmcufinder\plugins\mcufinder
2025-08-24 00:00:08,252 [INFO] CrossReferenceDbSqlite:203 - Set database path to: C:\Users\NIKHIL\.stmcufinder\plugins\mcufinder//mcu/cs/
2025-08-24 00:00:08,276 [INFO] ApplicationProperties:184 - Using Application install path: D:\Program Files\STM32IDE\STM32CubeIDE_1.19.0\STM32CubeIDE\plugins\com.st.stm32cube.common.mx_6.15.0.202507011659
2025-08-24 00:00:08,278 [INFO] PluginManage:196 - Search for loadable plugins [exclusion list=, ]
2025-08-24 00:00:08,279 [INFO] PluginManage:310 - Check plugin analytics
2025-08-24 00:00:08,566 [INFO] AnalyticsPlugin:253 - Accepted Software Licenses: 
2025-08-24 00:00:08,566 [INFO] AnalyticsPlugin:255 - Accepted CMSIS Pack Licenses: 
2025-08-24 00:00:08,566 [INFO] AnalyticsPlugin:257 - Accepted Firmware Licenses: 
2025-08-24 00:00:08,574 [INFO] PluginManage:359 - Loaded plugin analytics (category:tool,tabindex:-1)
2025-08-24 00:00:08,575 [INFO] PluginManage:310 - Check plugin cadmodel
2025-08-24 00:00:08,578 [INFO] CADModel:105 - Init CAD model plugin
2025-08-24 00:00:08,579 [INFO] PluginManage:359 - Loaded plugin cadmodel (category:power,tabindex:5)
2025-08-24 00:00:08,579 [INFO] PluginManage:310 - Check plugin clock
2025-08-24 00:00:08,590 [INFO] PluginManage:359 - Loaded plugin clock (category:base,tabindex:2)
2025-08-24 00:00:08,590 [INFO] PluginManage:310 - Check plugin ddr
2025-08-24 00:00:08,592 [INFO] PluginManage:359 - Loaded plugin ddr (category:tool,tabindex:6)
2025-08-24 00:00:08,592 [INFO] PluginManage:310 - Check plugin filemanager
2025-08-24 00:00:08,776 [INFO] PluginManage:359 - Loaded plugin filemanager (category:base,tabindex:10)
2025-08-24 00:00:08,776 [INFO] PluginManage:310 - Check plugin ipmanager
2025-08-24 00:00:08,785 [INFO] PluginManage:359 - Loaded plugin ipmanager (category:base,tabindex:5)
2025-08-24 00:00:08,785 [INFO] PluginManage:310 - Check plugin lpbam
2025-08-24 00:00:08,794 [INFO] PluginManage:359 - Loaded plugin lpbam (category:base,tabindex:0)
2025-08-24 00:00:08,794 [INFO] PluginManage:310 - Check plugin memorymap
2025-08-24 00:00:08,808 [INFO] PluginManage:359 - Loaded plugin memorymap (category:base,tabindex:4)
2025-08-24 00:00:08,808 [INFO] PluginManage:310 - Check plugin pinoutandconfiguration
2025-08-24 00:00:08,817 [INFO] PluginManage:359 - Loaded plugin pinoutandconfiguration (category:base,tabindex:1)
2025-08-24 00:00:08,817 [INFO] PluginManage:310 - Check plugin pinoutconfig
2025-08-24 00:00:08,924 [WARN] SupportedApi:132 - Cannot load RTOS API schema: s4s-elt-must-match.1: The content of 'definitions' must match (annotation?, (simpleType | complexType)?, (unique | key | keyref)*)). A problem was found starting at: attribute.
2025-08-24 00:00:09,126 [INFO] PluginManage:359 - Loaded plugin pinoutconfig (category:base,tabindex:0)
2025-08-24 00:00:09,126 [INFO] PluginManage:310 - Check plugin power
2025-08-24 00:00:09,134 [INFO] PluginManage:359 - Loaded plugin power (category:power,tabindex:4)
2025-08-24 00:00:09,135 [INFO] PluginManage:310 - Check plugin projectmanager
2025-08-24 00:00:09,154 [INFO] PluginManage:359 - Loaded plugin projectmanager (category:projectmanager,tabindex:4)
2025-08-24 00:00:09,154 [INFO] PluginManage:310 - Check plugin rif
2025-08-24 00:00:09,162 [INFO] PluginManage:359 - Loaded plugin rif (category:base,tabindex:3)
2025-08-24 00:00:09,162 [INFO] PluginManage:310 - Check plugin thirdparty
2025-08-24 00:00:09,362 [INFO] PluginManage:359 - Loaded plugin thirdparty (category:base,tabindex:-1)
2025-08-24 00:00:09,362 [WARN] IntegrityCheckThread:84 - waiting for thirdparty lock release [integrity check]
2025-08-24 00:00:09,363 [INFO] IntegrityCheckThread:86 - entering critical section [integrity check]
2025-08-24 00:00:09,363 [INFO] PluginManage:310 - Check plugin tools
2025-08-24 00:00:09,363 [INFO] ThirdPartyUpdaterWithRetryManager:70 - Updater plugin not ready yet. [1/15]
2025-08-24 00:00:09,365 [INFO] PluginManage:359 - Loaded plugin tools (category:base,tabindex:7)
2025-08-24 00:00:09,365 [INFO] PluginManage:310 - Check plugin tutovideos
2025-08-24 00:00:09,607 [INFO] PluginManage:359 - Loaded plugin tutovideos (category:base,tabindex:-1)
2025-08-24 00:00:09,607 [INFO] PluginManage:310 - Check plugin updater
2025-08-24 00:00:09,648 [INFO] PluginManage:359 - Loaded plugin updater (category:base,tabindex:12)
2025-08-24 00:00:09,648 [INFO] PluginManage:310 - Check plugin userauth
2025-08-24 00:00:09,652 [INFO] UserAuth:118 - Init User Auth plugin
2025-08-24 00:00:09,652 [INFO] PluginManage:359 - Loaded plugin userauth (category:base,tabindex:14)
2025-08-24 00:00:09,653 [INFO] PluginManage:283 - PluginManage : Loaded plugins [18]
2025-08-24 00:00:09,929 [INFO] PinOutPanel:1589 - setPackage(No Configuration,No Configuration)
2025-08-24 00:00:10,085 [INFO] CADModel:165 - CPN selected for project level
2025-08-24 00:00:10,086 [INFO] CADModel:114 - Register for checkConnection events
2025-08-24 00:00:10,107 [INFO] IPUIPlugin:80 - create IPUIPlugin
2025-08-24 00:00:10,107 [INFO] PluginManager:220 - loadIPPluginJar : add adc
2025-08-24 00:00:10,110 [INFO] IPUIPlugin:80 - create IPUIPlugin
2025-08-24 00:00:10,110 [INFO] PluginManager:220 - loadIPPluginJar : add aes
2025-08-24 00:00:10,112 [INFO] IPUIPlugin:80 - create IPUIPlugin
2025-08-24 00:00:10,113 [INFO] PluginManager:220 - loadIPPluginJar : add can
2025-08-24 00:00:10,114 [INFO] IPUIPlugin:80 - create IPUIPlugin
2025-08-24 00:00:10,115 [INFO] PluginManager:220 - loadIPPluginJar : add comp
2025-08-24 00:00:10,118 [INFO] IPUIPlugin:80 - create IPUIPlugin
2025-08-24 00:00:10,118 [INFO] PluginManager:220 - loadIPPluginJar : add cryp
2025-08-24 00:00:10,125 [INFO] IPUIPlugin:80 - create IPUIPlugin
2025-08-24 00:00:10,125 [INFO] PluginManager:220 - loadIPPluginJar : add ddr_ctrl_phy
2025-08-24 00:00:10,129 [INFO] IPUIPlugin:80 - create IPUIPlugin
2025-08-24 00:00:10,129 [INFO] PluginManager:220 - loadIPPluginJar : add dfsdm
2025-08-24 00:00:10,144 [INFO] IPUIPlugin:80 - create IPUIPlugin
2025-08-24 00:00:10,145 [INFO] PluginManager:220 - loadIPPluginJar : add dma
2025-08-24 00:00:10,147 [INFO] IPUIPlugin:80 - create IPUIPlugin
2025-08-24 00:00:10,147 [INFO] PluginManager:220 - loadIPPluginJar : add dma3
2025-08-24 00:00:10,150 [INFO] IPUIPlugin:80 - create IPUIPlugin
2025-08-24 00:00:10,150 [INFO] PluginManager:220 - loadIPPluginJar : add extmemmanager
2025-08-24 00:00:10,152 [INFO] IPUIPlugin:80 - create IPUIPlugin
2025-08-24 00:00:10,152 [INFO] PluginManager:220 - loadIPPluginJar : add fatfs
2025-08-24 00:00:10,157 [INFO] IPUIPlugin:80 - create IPUIPlugin
2025-08-24 00:00:10,157 [INFO] PluginManager:220 - loadIPPluginJar : add fmc
2025-08-24 00:00:10,173 [INFO] IPUIPlugin:80 - create IPUIPlugin
2025-08-24 00:00:10,173 [INFO] PluginManager:220 - loadIPPluginJar : add freertos
2025-08-24 00:00:10,175 [INFO] IPUIPlugin:80 - create IPUIPlugin
2025-08-24 00:00:10,175 [INFO] PluginManager:220 - loadIPPluginJar : add genericplugin
2025-08-24 00:00:10,178 [INFO] IPUIPlugin:80 - create IPUIPlugin
2025-08-24 00:00:10,179 [INFO] PluginManager:220 - loadIPPluginJar : add gfxmmu
2025-08-24 00:00:10,188 [INFO] IPUIPlugin:80 - create IPUIPlugin
2025-08-24 00:00:10,189 [INFO] PluginManager:220 - loadIPPluginJar : add gic
2025-08-24 00:00:10,201 [INFO] IPUIPlugin:80 - create IPUIPlugin
2025-08-24 00:00:10,201 [INFO] PluginManager:220 - loadIPPluginJar : add gpio
2025-08-24 00:00:10,212 [INFO] IPUIPlugin:80 - create IPUIPlugin
2025-08-24 00:00:10,212 [INFO] PluginManager:220 - loadIPPluginJar : add gtzc
2025-08-24 00:00:10,216 [INFO] IPUIPlugin:80 - create IPUIPlugin
2025-08-24 00:00:10,216 [INFO] PluginManager:220 - loadIPPluginJar : add hash
2025-08-24 00:00:10,220 [INFO] IPUIPlugin:80 - create IPUIPlugin
2025-08-24 00:00:10,220 [INFO] PluginManager:220 - loadIPPluginJar : add i2c
2025-08-24 00:00:10,224 [INFO] IPUIPlugin:80 - create IPUIPlugin
2025-08-24 00:00:10,224 [INFO] PluginManager:220 - loadIPPluginJar : add i2s
2025-08-24 00:00:10,227 [INFO] IPUIPlugin:80 - create IPUIPlugin
2025-08-24 00:00:10,227 [INFO] PluginManager:220 - loadIPPluginJar : add i3c
2025-08-24 00:00:10,232 [INFO] IPUIPlugin:80 - create IPUIPlugin
2025-08-24 00:00:10,232 [INFO] PluginManager:220 - loadIPPluginJar : add ipddr
2025-08-24 00:00:10,242 [INFO] IPUIPlugin:80 - create IPUIPlugin
2025-08-24 00:00:10,242 [INFO] PluginManager:220 - loadIPPluginJar : add linkedlist
2025-08-24 00:00:10,247 [INFO] IPUIPlugin:80 - create IPUIPlugin
2025-08-24 00:00:10,247 [INFO] PluginManager:220 - loadIPPluginJar : add lorawan
2025-08-24 00:00:10,249 [INFO] IPUIPlugin:80 - create IPUIPlugin
2025-08-24 00:00:10,249 [INFO] PluginManager:220 - loadIPPluginJar : add ltdc
2025-08-24 00:00:10,257 [INFO] IPUIPlugin:80 - create IPUIPlugin
2025-08-24 00:00:10,259 [INFO] PluginManager:220 - loadIPPluginJar : add mdma
2025-08-24 00:00:10,265 [INFO] IPUIPlugin:80 - create IPUIPlugin
2025-08-24 00:00:10,265 [INFO] PluginManager:220 - loadIPPluginJar : add nvic
2025-08-24 00:00:10,269 [INFO] IPUIPlugin:80 - create IPUIPlugin
2025-08-24 00:00:10,269 [INFO] PluginManager:220 - loadIPPluginJar : add opamp
2025-08-24 00:00:10,272 [INFO] IPUIPlugin:80 - create IPUIPlugin
2025-08-24 00:00:10,272 [INFO] PluginManager:220 - loadIPPluginJar : add openamp
2025-08-24 00:00:10,275 [INFO] IPUIPlugin:80 - create IPUIPlugin
2025-08-24 00:00:10,275 [INFO] PluginManager:220 - loadIPPluginJar : add pdm2pcm
2025-08-24 00:00:10,281 [INFO] IPUIPlugin:80 - create IPUIPlugin
2025-08-24 00:00:10,285 [INFO] PluginManager:220 - loadIPPluginJar : add plateformsettings
2025-08-24 00:00:10,286 [INFO] IPUIPlugin:80 - create IPUIPlugin
2025-08-24 00:00:10,287 [INFO] PluginManager:220 - loadIPPluginJar : add quadspi
2025-08-24 00:00:10,289 [INFO] IPUIPlugin:80 - create IPUIPlugin
2025-08-24 00:00:10,290 [INFO] PluginManager:220 - loadIPPluginJar : add radio
2025-08-24 00:00:10,294 [INFO] IPUIPlugin:80 - create IPUIPlugin
2025-08-24 00:00:10,296 [INFO] PluginManager:220 - loadIPPluginJar : add resmgrutility
2025-08-24 00:00:10,300 [INFO] IPUIPlugin:80 - create IPUIPlugin
2025-08-24 00:00:10,300 [INFO] PluginManager:220 - loadIPPluginJar : add sai
2025-08-24 00:00:10,302 [INFO] IPUIPlugin:80 - create IPUIPlugin
2025-08-24 00:00:10,302 [INFO] PluginManager:220 - loadIPPluginJar : add spi
2025-08-24 00:00:10,309 [INFO] IPUIPlugin:80 - create IPUIPlugin
2025-08-24 00:00:10,309 [INFO] PluginManager:220 - loadIPPluginJar : add stm32_wpan
2025-08-24 00:00:10,310 [INFO] IPUIPlugin:80 - create IPUIPlugin
2025-08-24 00:00:10,311 [INFO] PluginManager:220 - loadIPPluginJar : add tim
2025-08-24 00:00:10,315 [INFO] IPUIPlugin:80 - create IPUIPlugin
2025-08-24 00:00:10,315 [INFO] PluginManager:220 - loadIPPluginJar : add touchsensing
2025-08-24 00:00:10,317 [INFO] IPUIPlugin:80 - create IPUIPlugin
2025-08-24 00:00:10,317 [INFO] PluginManager:220 - loadIPPluginJar : add tracer_emb
2025-08-24 00:00:10,319 [INFO] IPUIPlugin:80 - create IPUIPlugin
2025-08-24 00:00:10,319 [INFO] PluginManager:220 - loadIPPluginJar : add ts
2025-08-24 00:00:10,320 [INFO] IPUIPlugin:80 - create IPUIPlugin
2025-08-24 00:00:10,321 [INFO] PluginManager:220 - loadIPPluginJar : add tsc
2025-08-24 00:00:10,323 [INFO] IPUIPlugin:80 - create IPUIPlugin
2025-08-24 00:00:10,323 [INFO] PluginManager:220 - loadIPPluginJar : add ucpd
2025-08-24 00:00:10,326 [INFO] IPUIPlugin:80 - create IPUIPlugin
2025-08-24 00:00:10,326 [INFO] PluginManager:220 - loadIPPluginJar : add usart
2025-08-24 00:00:10,329 [INFO] IPUIPlugin:80 - create IPUIPlugin
2025-08-24 00:00:10,330 [INFO] PluginManager:220 - loadIPPluginJar : add usbx
2025-08-24 00:00:10,486 [FATAL] Updater:351 - Updater called before beeing initialized
2025-08-24 00:00:10,566 [INFO] RulesReader:64 - Compatibility file has been processed (317 Rules)
2025-08-24 00:00:10,622 [INFO] RulesReader:64 - Compatibility file has been processed (317 Rules)
2025-08-24 00:00:10,671 [INFO] CADModel:165 - CPN selected for project level
2025-08-24 00:00:10,671 [INFO] CADModel:114 - Register for checkConnection events
2025-08-24 00:00:10,671 [FATAL] Updater:351 - Updater called before beeing initialized
2025-08-24 00:00:10,672 [ERROR] CADModel:125 - Updater not yet initialized, retry later 
2025-08-24 00:00:10,978 [FATAL] Updater:351 - Updater called before beeing initialized
2025-08-24 00:00:10,979 [INFO] CADModel:165 - CPN selected for project level
2025-08-24 00:00:10,979 [INFO] CADModel:114 - Register for checkConnection events
2025-08-24 00:00:10,980 [FATAL] Updater:351 - Updater called before beeing initialized
2025-08-24 00:00:10,980 [ERROR] CADModel:125 - Updater not yet initialized, retry later 
2025-08-24 00:00:10,983 [FATAL] Updater:351 - Updater called before beeing initialized
2025-08-24 00:00:11,133 [FATAL] Updater:351 - Updater called before beeing initialized
2025-08-24 00:00:11,139 [INFO] DbMcusAds:53 - JSON generation date=Tue Jul 08 13:44:23 IST 2025 (1751962463582)
2025-08-24 00:00:11,140 [FATAL] Updater:351 - Updater called before beeing initialized
2025-08-24 00:00:11,178 [WARN] DetailPanel:346 - Failed to get advertising image, set to default
2025-08-24 00:00:11,308 [FATAL] Updater:351 - Updater called before beeing initialized
2025-08-24 00:00:11,310 [FATAL] Updater:351 - Updater called before beeing initialized
2025-08-24 00:00:11,310 [FATAL] Updater:351 - Updater called before beeing initialized
2025-08-24 00:00:11,310 [WARN] DetailPanel:346 - Failed to get advertising image, set to default
2025-08-24 00:00:11,311 [FATAL] Updater:351 - Updater called before beeing initialized
2025-08-24 00:00:11,370 [ERROR] Updater:1198 - MainUpdater not yet initialized. External WinMGr cannot be set.
2025-08-24 00:00:11,372 [INFO] Updater:1134 - Updater Version found : 6.15.0
2025-08-24 00:00:11,391 [INFO] ApplicationProperties:184 - Using Application install path: D:\Program Files\STM32IDE\STM32CubeIDE_1.19.0\STM32CubeIDE\plugins\com.st.stm32cube.common.mx_6.15.0.202507011659
2025-08-24 00:00:12,381 [INFO] ThirdPartyUpdaterWithRetryManager:70 - Updater plugin not ready yet. [2/15]
2025-08-24 00:00:13,022 [ERROR] LogOutputStream:75 - [STDERR_REDIRECT] Aug 24, 2025 12:00:13 AM java.util.prefs.WindowsPreferences <init>
2025-08-24 00:00:13,029 [ERROR] LogOutputStream:75 - [STDERR_REDIRECT] WARNING: Could not open/create prefs root node Software\JavaSoft\Prefs at root 0xffffffff80000002. Windows RegCreateKeyEx(...) returned error code 5.
2025-08-24 00:00:13,030 [ERROR] LogOutputStream:75 - [STDERR_REDIRECT] 
2025-08-24 00:00:13,839 [INFO] MainUpdater:2872 - connection check result : 10
2025-08-24 00:00:13,840 [INFO] MainUpdater:289 - Updater Check For Update Now.
2025-08-24 00:00:13,841 [INFO] MicroXplorer:498 - Change Database Version : DB.6.0.150
2025-08-24 00:00:13,873 [INFO] McuFinderGlobals:63 - Set McuFinder mode to 2 (CubeIDE integrated)
2025-08-24 00:00:13,877 [INFO] UserAuth:171 - activating auth plugin
2025-08-24 00:00:13,889 [INFO] UserAuth:487 - Internet connection configuration mode: 1
2025-08-24 00:00:13,985 [INFO] JxBrowserEngine:152 - Initiate JxBrowser Engine with user profile folder
2025-08-24 00:00:14,143 [INFO] CheckServerUpdateThread:120 - End of CheckServer Thread
2025-08-24 00:00:15,006 [INFO] WebApp:169 - Instantiating new browser for Auth
2025-08-24 00:00:15,826 [WARN] PackLoader:240 - Cannot read IP mode file for STMicroelectronics.FP-SNS-MOTENVWB1.1.4.0
2025-08-24 00:00:15,837 [WARN] PackLoader:240 - Cannot read IP mode file for STMicroelectronics.FP-ATR-ASTRA1.2.0.2
2025-08-24 00:00:15,846 [WARN] PackLoader:240 - Cannot read IP mode file for STMicroelectronics.X-CUBE-SMBUS.2.1.0
2025-08-24 00:00:15,853 [WARN] PackLoader:240 - Cannot read IP mode file for STMicroelectronics.X-CUBE-ST60.1.0.0
2025-08-24 00:00:15,911 [INFO] WebApp:463 - Apply proxy settings
2025-08-24 00:00:15,911 [INFO] WebApp:548 - Chromium requires no authentication
2025-08-24 00:00:15,962 [WARN] PackLoader:240 - Cannot read IP mode file for STMicroelectronics.X-CUBE-AZRTOS-F7.1.1.0
2025-08-24 00:00:15,964 [INFO] WebApp:491 - Direct internet connection detected
2025-08-24 00:00:16,046 [INFO] WebApp:900 - Register for checkConnection events
2025-08-24 00:00:16,047 [INFO] WebApp:463 - Apply proxy settings
2025-08-24 00:00:16,047 [INFO] WebApp:548 - Chromium requires no authentication
2025-08-24 00:00:16,051 [INFO] WebApp:491 - Direct internet connection detected
2025-08-24 00:00:16,086 [WARN] PackLoader:240 - Cannot read IP mode file for Infineon.AIROC-Wi-Fi-Bluetooth-STM32.1.7.1
2025-08-24 00:00:16,131 [WARN] PackLoader:240 - Cannot read IP mode file for STMicroelectronics.X-CUBE-DISPLAY.3.0.0
2025-08-24 00:00:16,150 [WARN] PackLoader:240 - Cannot read IP mode file for STMicroelectronics.X-CUBE-NFC10.1.0.0
2025-08-24 00:00:16,166 [WARN] PackLoader:240 - Cannot read IP mode file for STMicroelectronics.X-CUBE-BLEMGR.4.0.0
2025-08-24 00:00:16,183 [WARN] PackLoader:240 - Cannot read IP mode file for emotas.I-CUBE-CANOPEN.1.3.0
2025-08-24 00:00:16,196 [WARN] PackLoader:240 - Cannot read IP mode file for STMicroelectronics.FP-SNS-STBOX1.2.1.0
2025-08-24 00:00:16,207 [WARN] PackLoader:240 - Cannot read IP mode file for STMicroelectronics.FP-SNS-SMARTAG2.1.2.0
2025-08-24 00:00:16,214 [WARN] PackLoader:240 - Cannot read IP mode file for STMicroelectronics.FP-SNS-FLIGHT1.5.1.0
2025-08-24 00:00:16,225 [INFO] LogOutputStream:77 - [STDOUT_REDIRECT] 1 : Invalid condition id : UX_CORESTACK_Condition cause : null
2025-08-24 00:00:16,226 [INFO] LogOutputStream:77 - [STDOUT_REDIRECT] 1 : Invalid condition id : UX_CORESTACK_Condition cause : null
2025-08-24 00:00:16,227 [INFO] LogOutputStream:77 - [STDOUT_REDIRECT] 1 : Invalid condition id : UX_CORESTACK_Condition cause : null
2025-08-24 00:00:16,228 [INFO] LogOutputStream:77 - [STDOUT_REDIRECT] 1 : Invalid condition id : UX_CORESTACK_Condition cause : null
2025-08-24 00:00:16,230 [INFO] LogOutputStream:77 - [STDOUT_REDIRECT] 1 : Invalid condition id : UX_CORESTACK_Condition cause : null
2025-08-24 00:00:16,233 [WARN] PackLoader:240 - Cannot read IP mode file for STMicroelectronics.X-CUBE-AZRTOS-WL.2.0.0
2025-08-24 00:00:16,240 [WARN] PackLoader:240 - Cannot read IP mode file for STMicroelectronics.FP-SNS-MOTENV1.5.0.0
2025-08-24 00:00:16,252 [WARN] PackLoader:240 - Cannot read IP mode file for WES.I-CUBE-Cesium.1.3.0
2025-08-24 00:00:16,261 [WARN] PackLoader:240 - Cannot read IP mode file for STMicroelectronics.X-CUBE-BLE2.3.3.0
2025-08-24 00:00:16,268 [WARN] PackLoader:240 - Cannot read IP mode file for STMicroelectronics.X-CUBE-NFC9.1.0.0
2025-08-24 00:00:16,278 [WARN] PackLoader:240 - Cannot read IP mode file for wolfSSL.I-CUBE-wolfSSL.5.8.0
2025-08-24 00:00:16,285 [WARN] PackLoader:240 - Cannot read IP mode file for STMicroelectronics.X-CUBE-BLE1.7.1.0
2025-08-24 00:00:16,295 [WARN] PackLoader:240 - Cannot read IP mode file for wolfSSL.I-CUBE-wolfMQTT.1.19.2
2025-08-24 00:00:16,300 [WARN] PackLoader:240 - Cannot read IP mode file for STMicroelectronics.X-CUBE-AI.10.1.0
2025-08-24 00:00:16,355 [WARN] PackLoader:240 - Cannot read IP mode file for STMicroelectronics.X-CUBE-AZRTOS-G0.1.1.0
2025-08-24 00:00:16,366 [WARN] PackLoader:240 - Cannot read IP mode file for STMicroelectronics.X-CUBE-SAFEA1.1.2.2
2025-08-24 00:00:16,374 [WARN] PackLoader:240 - Cannot read IP mode file for STMicroelectronics.X-CUBE-NFC4.3.0.0
2025-08-24 00:00:16,408 [WARN] PackLoader:240 - Cannot read IP mode file for EmbeddedOffice.I-CUBE-FS-RTOS.1.0.1
2025-08-24 00:00:16,419 [WARN] PackLoader:240 - Cannot read IP mode file for STMicroelectronics.X-CUBE-WB05N.2.0.0
2025-08-24 00:00:16,425 [WARN] PackLoader:240 - Cannot read IP mode file for wolfSSL.I-CUBE-wolfTPM.3.8.0
2025-08-24 00:00:16,433 [WARN] PackLoader:240 - Cannot read IP mode file for STMicroelectronics.X-CUBE-TCPP.4.2.0
2025-08-24 00:00:16,441 [WARN] PackLoader:240 - Cannot read IP mode file for RealThread.X-CUBE-RT-Thread_Nano.4.1.1
2025-08-24 00:00:16,455 [WARN] PackLoader:240 - Cannot read IP mode file for STMicroelectronics.FP-ATR-SIGFOX1.3.2.0
2025-08-24 00:00:16,466 [WARN] PackLoader:240 - Cannot read IP mode file for ITTIA_DB.I-CUBE-ITTIADB.8.9.0
2025-08-24 00:00:16,475 [WARN] PackLoader:240 - Cannot read IP mode file for STMicroelectronics.X-CUBE-ST67W61.1.0.0
2025-08-24 00:00:16,480 [WARN] PackLoader:240 - Cannot read IP mode file for STMicroelectronics.X-CUBE-AI.10.2.0
2025-08-24 00:00:16,549 [WARN] PackLoader:240 - Cannot read IP mode file for SEGGER.I-CUBE-embOS.1.3.1
2025-08-24 00:00:16,677 [WARN] PackLoader:240 - Cannot read IP mode file for STMicroelectronics.X-CUBE-ALGOBUILD.1.4.0
2025-08-24 00:00:17,251 [WARN] PackLoader:240 - Cannot read IP mode file for STMicroelectronics.X-CUBE-MEMS1.11.3.0
2025-08-24 00:00:17,333 [INFO] WebApp:191 - Connection restablished
2025-08-24 00:00:17,346 [INFO] WebApp:225 - Starting web application
2025-08-24 00:00:17,346 [INFO] WebApp:593 - Web application path used D:\Program Files\STM32IDE\STM32CubeIDE_1.19.0\STM32CubeIDE\plugins\com.st.stm32cube.common.mx_6.15.0.202507011659\db\plugins\mcufinder\reactClient1\index.html
2025-08-24 00:00:17,505 [WARN] PackLoader:240 - Cannot read IP mode file for STMicroelectronics.X-CUBE-PM33A1.1.0.0
2025-08-24 00:00:17,563 [WARN] PackLoader:240 - Cannot read IP mode file for STMicroelectronics.X-CUBE-AZRTOS-F4.1.1.0
2025-08-24 00:00:17,593 [WARN] PackLoader:240 - Cannot read IP mode file for Avnet-IotConnect.X-CUBE-IoTC-DA16k-PMOD.1.0.0
2025-08-24 00:00:17,643 [WARN] PackLoader:240 - Cannot read IP mode file for STMicroelectronics.X-CUBE-ISPU.2.1.0
2025-08-24 00:00:17,697 [WARN] PackLoader:240 - Cannot read IP mode file for STMicroelectronics.X-CUBE-AZRTOS-L5.2.0.0
2025-08-24 00:00:17,745 [WARN] PackLoader:240 - Cannot read IP mode file for STMicroelectronics.X-CUBE-NFC6.3.1.0
2025-08-24 00:00:17,753 [WARN] PackLoader:240 - Cannot read IP mode file for STMicroelectronics.X-CUBE-FREERTOS.1.3.1
2025-08-24 00:00:17,762 [WARN] PackLoader:240 - Cannot read IP mode file for STMicroelectronics.X-CUBE-DPower.1.3.0
2025-08-24 00:00:17,783 [WARN] ConditionMgr:438 - getConditionDescription Invalid condition id : LAN8742 Phy interface Condition cause : null
2025-08-24 00:00:17,783 [WARN] PackLoader:240 - Cannot read IP mode file for STMicroelectronics.X-CUBE-AZRTOS-L4.2.0.0
2025-08-24 00:00:17,784 [WARN] ConditionMgr:1044 - genDependencies : Invalid condition id : LAN8742 Phy interface Condition cause : null
2025-08-24 00:00:17,785 [WARN] ConditionMgr:1044 - genDependencies : Invalid condition id : LAN8742 Phy interface Condition cause : null
2025-08-24 00:00:17,785 [WARN] ConditionMgr:1044 - genDependencies : Invalid condition id : LAN8742 Phy interface Condition cause : null
2025-08-24 00:00:17,797 [WARN] PackLoader:240 - Cannot read IP mode file for STMicroelectronics.X-CUBE-SFXS2LP1.4.0.0
2025-08-24 00:00:17,806 [WARN] PackLoader:240 - Cannot read IP mode file for STMicroelectronics.X-CUBE-BLEMGR.4.1.0
2025-08-24 00:00:17,829 [WARN] ConditionMgr:438 - getConditionDescription Invalid condition id : UX DEVICE CLASS RTOS Condition cause : null
2025-08-24 00:00:17,829 [WARN] ConditionMgr:438 - getConditionDescription Invalid condition id : UX DEVICE CLASS RTOS Condition cause : null
2025-08-24 00:00:17,832 [WARN] PackLoader:240 - Cannot read IP mode file for STMicroelectronics.X-CUBE-AZRTOS-WB.2.0.0
2025-08-24 00:00:17,833 [WARN] ConditionMgr:1044 - genDependencies : Invalid condition id : UX DEVICE CLASS RTOS Condition cause : null
2025-08-24 00:00:17,833 [WARN] ConditionMgr:1044 - genDependencies : Invalid condition id : UX DEVICE CLASS RTOS Condition cause : null
2025-08-24 00:00:17,834 [WARN] ConditionMgr:1044 - genDependencies : Invalid condition id : UX DEVICE CLASS RTOS Condition cause : null
2025-08-24 00:00:17,834 [WARN] ConditionMgr:1044 - genDependencies : Invalid condition id : UX DEVICE CLASS RTOS Condition cause : null
2025-08-24 00:00:17,834 [WARN] ConditionMgr:1044 - genDependencies : Invalid condition id : UX DEVICE CLASS RTOS Condition cause : null
2025-08-24 00:00:17,845 [WARN] PackLoader:240 - Cannot read IP mode file for STMicroelectronics.X-CUBE-GNSS1.7.0.1
2025-08-24 00:00:17,861 [WARN] PackLoader:240 - Cannot read IP mode file for STMicroelectronics.X-CUBE-TOUCHGFX.4.25.0
2025-08-24 00:00:17,870 [WARN] PackLoader:240 - Cannot read IP mode file for STMicroelectronics.FP-SNS-STBOX1.2.0.0
2025-08-24 00:00:17,887 [WARN] ConditionMgr:438 - getConditionDescription Invalid condition id : Cortex-A Device cause : null
2025-08-24 00:00:17,935 [WARN] ConditionMgr:1044 - genDependencies : Invalid condition id : Cortex-A Device cause : null
2025-08-24 00:00:17,935 [WARN] ConditionMgr:1044 - genDependencies : Invalid condition id : Cortex-A Device cause : null
2025-08-24 00:00:17,935 [WARN] ConditionMgr:1044 - genDependencies : Invalid condition id : Cortex-A Device cause : null
2025-08-24 00:00:17,957 [WARN] PackLoader:240 - Cannot read IP mode file for STMicroelectronics.X-CUBE-SUBG2.5.0.0
2025-08-24 00:00:17,983 [WARN] PackLoader:240 - Cannot read IP mode file for STMicroelectronics.X-CUBE-AZRTOS-H7RS.1.1.0
2025-08-24 00:00:17,993 [WARN] PackLoader:240 - Cannot read IP mode file for Cesanta.I-CUBE-Mongoose.7.13.0
2025-08-24 00:00:18,012 [WARN] PackLoader:240 - Cannot read IP mode file for STMicroelectronics.X-CUBE-AZRTOS-G4.2.0.0
2025-08-24 00:00:18,022 [WARN] PackLoader:240 - Cannot read IP mode file for wolfSSL.I-CUBE-wolfSSH.1.4.20
2025-08-24 00:00:18,058 [WARN] PackLoader:240 - Cannot read IP mode file for STMicroelectronics.X-CUBE-NFC7.2.0.0
2025-08-24 00:00:18,089 [WARN] PackLoader:240 - Cannot read IP mode file for STMicroelectronics.X-CUBE-IPS.3.1.0
2025-08-24 00:00:18,104 [WARN] PackLoader:240 - Cannot read IP mode file for STMicroelectronics.X-CUBE-ALS.1.0.2
2025-08-24 00:00:18,113 [WARN] PackLoader:240 - Cannot read IP mode file for portGmbH.I-Cube-SoM-uGOAL.1.1.0
2025-08-24 00:00:18,137 [WARN] PackLoader:240 - Cannot read IP mode file for STMicroelectronics.X-CUBE-TOF1.3.4.3
2025-08-24 00:00:18,145 [INFO] ThirdParty:978 - Integrity check success = true
2025-08-24 00:00:18,145 [INFO] IntegrityCheckThread:100 - exiting critical section [integrity check]
2025-08-24 00:00:18,145 [INFO] IntegrityCheckThread:103 - End integrity checks thread
2025-08-24 00:22:52,473 [ERROR] LogOutputStream:75 - [STDERR_REDIRECT] 
