2025-09-01 22:45:09,199 [INFO] Activator:176 - 


2025-09-01 22:45:09,212 [INFO] Activator:177 - !SESSION log4j initialized
2025-09-01 22:45:15,425 [INFO] LogOutputStream:77 - [STDOUT_REDIRECT] 
2025-09-01 22:45:18,230 [INFO] ApplicationProperties:184 - Using Application install path: D:\Program Files\STM32IDE\STM32CubeIDE_1.19.0\STM32CubeIDE\plugins\com.st.stm32cube.common.mx_6.15.0.202507011659
2025-09-01 22:45:18,247 [INFO] DbMcusXml:78 - Set database path to: D:\Program Files\STM32IDE\STM32CubeIDE_1.19.0\STM32CubeIDE\plugins\com.st.stm32cube.common.mx_6.15.0.202507011659\\db\/mcu/
2025-09-01 22:45:18,247 [INFO] ApiDb:274 - Set plugin database path to: D:\Program Files\STM32IDE\STM32CubeIDE_1.19.0\STM32CubeIDE\plugins\com.st.stm32cube.common.mx_6.15.0.202507011659\\db\/plugins/boardmanager/
2025-09-01 22:45:18,247 [WARN] ApiDb:259 - Overriding images path with different value:  => D:\Program Files\STM32IDE\STM32CubeIDE_1.19.0\STM32CubeIDE\plugins\com.st.stm32cube.common.mx_6.15.0.202507011659\\db\/plugins/mcufinder/images/
2025-09-01 22:45:18,254 [INFO] ApiDb:250 - Set database path to: C:\Users\NIKHIL\.stmcufinder\plugins\mcufinder//mcu/
2025-09-01 22:45:18,256 [INFO] DbMcusAds:125 - Set database path to: C:\Users\NIKHIL\.stmcufinder\plugins\mcufinder//mcu/
2025-09-01 22:45:18,258 [INFO] CrossReferenceDbSqlite:203 - Set database path to: C:\Users\NIKHIL\.stmcufinder\plugins\mcufinder//mcu/cs/
2025-09-01 22:45:18,371 [INFO] RulesReader:64 - Compatibility file has been processed (317 Rules)
2025-09-01 22:45:18,453 [INFO] DbMcusXml:78 - Set database path to: D:\Program Files\STM32IDE\STM32CubeIDE_1.19.0\STM32CubeIDE\plugins\com.st.stm32cube.common.mx_6.15.0.202507011659\\db\/mcu/
2025-09-01 22:45:18,453 [INFO] ApiDb:274 - Set plugin database path to: D:\Program Files\STM32IDE\STM32CubeIDE_1.19.0\STM32CubeIDE\plugins\com.st.stm32cube.common.mx_6.15.0.202507011659\\db\/plugins/boardmanager/
2025-09-01 22:45:18,453 [INFO] ApiDb:261 - Set plugin images path to: D:\Program Files\STM32IDE\STM32CubeIDE_1.19.0\STM32CubeIDE\plugins\com.st.stm32cube.common.mx_6.15.0.202507011659\\db\/plugins/mcufinder/images/
2025-09-01 22:45:18,453 [WARN] DbFile:41 - Overriding database path with different value: C:\Users\NIKHIL\.stmcufinder\plugins\mcufinder/ => C:\Users\NIKHIL\.stmcufinder\plugins\mcufinder
2025-09-01 22:45:18,454 [INFO] ApiDb:250 - Set database path to: C:\Users\NIKHIL\.stmcufinder\plugins\mcufinder//mcu/
2025-09-01 22:45:18,454 [WARN] DbFile:41 - Overriding database path with different value: C:\Users\NIKHIL\.stmcufinder\plugins\mcufinder/ => C:\Users\NIKHIL\.stmcufinder\plugins\mcufinder
2025-09-01 22:45:18,454 [INFO] DbMcusAds:125 - Set database path to: C:\Users\NIKHIL\.stmcufinder\plugins\mcufinder//mcu/
2025-09-01 22:45:18,454 [WARN] DbFile:41 - Overriding database path with different value: C:\Users\NIKHIL\.stmcufinder\plugins\mcufinder/ => C:\Users\NIKHIL\.stmcufinder\plugins\mcufinder
2025-09-01 22:45:18,454 [WARN] DbFile:41 - Overriding database path with different value: C:\Users\NIKHIL\.stmcufinder\plugins\mcufinder/ => C:\Users\NIKHIL\.stmcufinder\plugins\mcufinder
2025-09-01 22:45:18,456 [INFO] CrossReferenceDbSqlite:203 - Set database path to: C:\Users\NIKHIL\.stmcufinder\plugins\mcufinder//mcu/cs/
2025-09-01 22:45:18,518 [INFO] MainPanel:274 - HeapMemory: 268435456
2025-09-01 22:45:18,645 [INFO] DbMcusXml:78 - Set database path to: D:\Program Files\STM32IDE\STM32CubeIDE_1.19.0\STM32CubeIDE\plugins\com.st.stm32cube.common.mx_6.15.0.202507011659\\db\/mcu/
2025-09-01 22:45:18,645 [INFO] ApiDb:274 - Set plugin database path to: D:\Program Files\STM32IDE\STM32CubeIDE_1.19.0\STM32CubeIDE\plugins\com.st.stm32cube.common.mx_6.15.0.202507011659\\db\/plugins/boardmanager/
2025-09-01 22:45:18,645 [INFO] ApiDb:261 - Set plugin images path to: D:\Program Files\STM32IDE\STM32CubeIDE_1.19.0\STM32CubeIDE\plugins\com.st.stm32cube.common.mx_6.15.0.202507011659\\db\/plugins/mcufinder/images/
2025-09-01 22:45:18,645 [WARN] DbFile:41 - Overriding database path with different value: C:\Users\NIKHIL\.stmcufinder\plugins\mcufinder/ => C:\Users\NIKHIL\.stmcufinder\plugins\mcufinder
2025-09-01 22:45:18,646 [INFO] ApiDb:250 - Set database path to: C:\Users\NIKHIL\.stmcufinder\plugins\mcufinder//mcu/
2025-09-01 22:45:18,646 [WARN] DbFile:41 - Overriding database path with different value: C:\Users\NIKHIL\.stmcufinder\plugins\mcufinder/ => C:\Users\NIKHIL\.stmcufinder\plugins\mcufinder
2025-09-01 22:45:18,646 [INFO] DbMcusAds:125 - Set database path to: C:\Users\NIKHIL\.stmcufinder\plugins\mcufinder//mcu/
2025-09-01 22:45:18,646 [WARN] DbFile:41 - Overriding database path with different value: C:\Users\NIKHIL\.stmcufinder\plugins\mcufinder/ => C:\Users\NIKHIL\.stmcufinder\plugins\mcufinder
2025-09-01 22:45:18,646 [WARN] DbFile:41 - Overriding database path with different value: C:\Users\NIKHIL\.stmcufinder\plugins\mcufinder/ => C:\Users\NIKHIL\.stmcufinder\plugins\mcufinder
2025-09-01 22:45:18,646 [INFO] CrossReferenceDbSqlite:203 - Set database path to: C:\Users\NIKHIL\.stmcufinder\plugins\mcufinder//mcu/cs/
2025-09-01 22:45:18,665 [INFO] ApplicationProperties:184 - Using Application install path: D:\Program Files\STM32IDE\STM32CubeIDE_1.19.0\STM32CubeIDE\plugins\com.st.stm32cube.common.mx_6.15.0.202507011659
2025-09-01 22:45:18,666 [INFO] PluginManage:196 - Search for loadable plugins [exclusion list=, ]
2025-09-01 22:45:18,667 [INFO] PluginManage:310 - Check plugin analytics
2025-09-01 22:45:18,841 [INFO] AnalyticsPlugin:253 - Accepted Software Licenses: 
2025-09-01 22:45:18,841 [INFO] AnalyticsPlugin:255 - Accepted CMSIS Pack Licenses: 
2025-09-01 22:45:18,841 [INFO] AnalyticsPlugin:257 - Accepted Firmware Licenses: 
2025-09-01 22:45:18,845 [INFO] PluginManage:359 - Loaded plugin analytics (category:tool,tabindex:-1)
2025-09-01 22:45:18,845 [INFO] PluginManage:310 - Check plugin cadmodel
2025-09-01 22:45:18,850 [INFO] CADModel:105 - Init CAD model plugin
2025-09-01 22:45:18,850 [INFO] PluginManage:359 - Loaded plugin cadmodel (category:power,tabindex:5)
2025-09-01 22:45:18,850 [INFO] PluginManage:310 - Check plugin clock
2025-09-01 22:45:18,861 [INFO] PluginManage:359 - Loaded plugin clock (category:base,tabindex:2)
2025-09-01 22:45:18,861 [INFO] PluginManage:310 - Check plugin ddr
2025-09-01 22:45:18,862 [INFO] PluginManage:359 - Loaded plugin ddr (category:tool,tabindex:6)
2025-09-01 22:45:18,863 [INFO] PluginManage:310 - Check plugin filemanager
2025-09-01 22:45:18,975 [INFO] PluginManage:359 - Loaded plugin filemanager (category:base,tabindex:10)
2025-09-01 22:45:18,975 [INFO] PluginManage:310 - Check plugin ipmanager
2025-09-01 22:45:18,981 [INFO] PluginManage:359 - Loaded plugin ipmanager (category:base,tabindex:5)
2025-09-01 22:45:18,982 [INFO] PluginManage:310 - Check plugin lpbam
2025-09-01 22:45:18,988 [INFO] PluginManage:359 - Loaded plugin lpbam (category:base,tabindex:0)
2025-09-01 22:45:18,988 [INFO] PluginManage:310 - Check plugin memorymap
2025-09-01 22:45:19,004 [INFO] PluginManage:359 - Loaded plugin memorymap (category:base,tabindex:4)
2025-09-01 22:45:19,004 [INFO] PluginManage:310 - Check plugin pinoutandconfiguration
2025-09-01 22:45:19,020 [INFO] PluginManage:359 - Loaded plugin pinoutandconfiguration (category:base,tabindex:1)
2025-09-01 22:45:19,020 [INFO] PluginManage:310 - Check plugin pinoutconfig
2025-09-01 22:45:19,119 [WARN] SupportedApi:132 - Cannot load RTOS API schema: s4s-elt-must-match.1: The content of 'definitions' must match (annotation?, (simpleType | complexType)?, (unique | key | keyref)*)). A problem was found starting at: attribute.
2025-09-01 22:45:19,249 [INFO] PluginManage:359 - Loaded plugin pinoutconfig (category:base,tabindex:0)
2025-09-01 22:45:19,249 [INFO] PluginManage:310 - Check plugin power
2025-09-01 22:45:19,260 [INFO] PluginManage:359 - Loaded plugin power (category:power,tabindex:4)
2025-09-01 22:45:19,260 [INFO] PluginManage:310 - Check plugin projectmanager
2025-09-01 22:45:19,280 [INFO] PluginManage:359 - Loaded plugin projectmanager (category:projectmanager,tabindex:4)
2025-09-01 22:45:19,280 [INFO] PluginManage:310 - Check plugin rif
2025-09-01 22:45:19,288 [INFO] PluginManage:359 - Loaded plugin rif (category:base,tabindex:3)
2025-09-01 22:45:19,288 [INFO] PluginManage:310 - Check plugin thirdparty
2025-09-01 22:45:19,454 [INFO] PluginManage:359 - Loaded plugin thirdparty (category:base,tabindex:-1)
2025-09-01 22:45:19,454 [WARN] IntegrityCheckThread:84 - waiting for thirdparty lock release [integrity check]
2025-09-01 22:45:19,454 [INFO] PluginManage:310 - Check plugin tools
2025-09-01 22:45:19,454 [INFO] IntegrityCheckThread:86 - entering critical section [integrity check]
2025-09-01 22:45:19,455 [INFO] ThirdPartyUpdaterWithRetryManager:70 - Updater plugin not ready yet. [1/15]
2025-09-01 22:45:19,457 [INFO] PluginManage:359 - Loaded plugin tools (category:base,tabindex:7)
2025-09-01 22:45:19,457 [INFO] PluginManage:310 - Check plugin tutovideos
2025-09-01 22:45:19,807 [INFO] PluginManage:359 - Loaded plugin tutovideos (category:base,tabindex:-1)
2025-09-01 22:45:19,807 [INFO] PluginManage:310 - Check plugin updater
2025-09-01 22:45:19,840 [INFO] PluginManage:359 - Loaded plugin updater (category:base,tabindex:12)
2025-09-01 22:45:19,840 [INFO] PluginManage:310 - Check plugin userauth
2025-09-01 22:45:19,846 [INFO] UserAuth:118 - Init User Auth plugin
2025-09-01 22:45:19,847 [INFO] PluginManage:359 - Loaded plugin userauth (category:base,tabindex:14)
2025-09-01 22:45:19,848 [INFO] PluginManage:283 - PluginManage : Loaded plugins [18]
2025-09-01 22:45:20,113 [INFO] PinOutPanel:1589 - setPackage(No Configuration,No Configuration)
2025-09-01 22:45:20,220 [INFO] CADModel:165 - CPN selected for project level
2025-09-01 22:45:20,220 [INFO] CADModel:114 - Register for checkConnection events
2025-09-01 22:45:20,237 [INFO] IPUIPlugin:80 - create IPUIPlugin
2025-09-01 22:45:20,237 [INFO] PluginManager:220 - loadIPPluginJar : add adc
2025-09-01 22:45:20,240 [INFO] IPUIPlugin:80 - create IPUIPlugin
2025-09-01 22:45:20,240 [INFO] PluginManager:220 - loadIPPluginJar : add aes
2025-09-01 22:45:20,243 [INFO] IPUIPlugin:80 - create IPUIPlugin
2025-09-01 22:45:20,243 [INFO] PluginManager:220 - loadIPPluginJar : add can
2025-09-01 22:45:20,245 [INFO] IPUIPlugin:80 - create IPUIPlugin
2025-09-01 22:45:20,245 [INFO] PluginManager:220 - loadIPPluginJar : add comp
2025-09-01 22:45:20,247 [INFO] IPUIPlugin:80 - create IPUIPlugin
2025-09-01 22:45:20,247 [INFO] PluginManager:220 - loadIPPluginJar : add cryp
2025-09-01 22:45:20,250 [INFO] IPUIPlugin:80 - create IPUIPlugin
2025-09-01 22:45:20,250 [INFO] PluginManager:220 - loadIPPluginJar : add ddr_ctrl_phy
2025-09-01 22:45:20,253 [INFO] IPUIPlugin:80 - create IPUIPlugin
2025-09-01 22:45:20,254 [INFO] PluginManager:220 - loadIPPluginJar : add dfsdm
2025-09-01 22:45:20,259 [INFO] IPUIPlugin:80 - create IPUIPlugin
2025-09-01 22:45:20,259 [INFO] PluginManager:220 - loadIPPluginJar : add dma
2025-09-01 22:45:20,262 [INFO] IPUIPlugin:80 - create IPUIPlugin
2025-09-01 22:45:20,262 [INFO] PluginManager:220 - loadIPPluginJar : add dma3
2025-09-01 22:45:20,264 [INFO] IPUIPlugin:80 - create IPUIPlugin
2025-09-01 22:45:20,264 [INFO] PluginManager:220 - loadIPPluginJar : add extmemmanager
2025-09-01 22:45:20,266 [INFO] IPUIPlugin:80 - create IPUIPlugin
2025-09-01 22:45:20,266 [INFO] PluginManager:220 - loadIPPluginJar : add fatfs
2025-09-01 22:45:20,270 [INFO] IPUIPlugin:80 - create IPUIPlugin
2025-09-01 22:45:20,270 [INFO] PluginManager:220 - loadIPPluginJar : add fmc
2025-09-01 22:45:20,276 [INFO] IPUIPlugin:80 - create IPUIPlugin
2025-09-01 22:45:20,276 [INFO] PluginManager:220 - loadIPPluginJar : add freertos
2025-09-01 22:45:20,278 [INFO] IPUIPlugin:80 - create IPUIPlugin
2025-09-01 22:45:20,278 [INFO] PluginManager:220 - loadIPPluginJar : add genericplugin
2025-09-01 22:45:20,281 [INFO] IPUIPlugin:80 - create IPUIPlugin
2025-09-01 22:45:20,281 [INFO] PluginManager:220 - loadIPPluginJar : add gfxmmu
2025-09-01 22:45:20,284 [INFO] IPUIPlugin:80 - create IPUIPlugin
2025-09-01 22:45:20,285 [INFO] PluginManager:220 - loadIPPluginJar : add gic
2025-09-01 22:45:20,288 [INFO] IPUIPlugin:80 - create IPUIPlugin
2025-09-01 22:45:20,288 [INFO] PluginManager:220 - loadIPPluginJar : add gpio
2025-09-01 22:45:20,290 [INFO] IPUIPlugin:80 - create IPUIPlugin
2025-09-01 22:45:20,290 [INFO] PluginManager:220 - loadIPPluginJar : add gtzc
2025-09-01 22:45:20,292 [INFO] IPUIPlugin:80 - create IPUIPlugin
2025-09-01 22:45:20,292 [INFO] PluginManager:220 - loadIPPluginJar : add hash
2025-09-01 22:45:20,294 [INFO] IPUIPlugin:80 - create IPUIPlugin
2025-09-01 22:45:20,295 [INFO] PluginManager:220 - loadIPPluginJar : add i2c
2025-09-01 22:45:20,297 [INFO] IPUIPlugin:80 - create IPUIPlugin
2025-09-01 22:45:20,297 [INFO] PluginManager:220 - loadIPPluginJar : add i2s
2025-09-01 22:45:20,300 [INFO] IPUIPlugin:80 - create IPUIPlugin
2025-09-01 22:45:20,300 [INFO] PluginManager:220 - loadIPPluginJar : add i3c
2025-09-01 22:45:20,304 [INFO] IPUIPlugin:80 - create IPUIPlugin
2025-09-01 22:45:20,304 [INFO] PluginManager:220 - loadIPPluginJar : add ipddr
2025-09-01 22:45:20,310 [INFO] IPUIPlugin:80 - create IPUIPlugin
2025-09-01 22:45:20,310 [INFO] PluginManager:220 - loadIPPluginJar : add linkedlist
2025-09-01 22:45:20,313 [INFO] IPUIPlugin:80 - create IPUIPlugin
2025-09-01 22:45:20,313 [INFO] PluginManager:220 - loadIPPluginJar : add lorawan
2025-09-01 22:45:20,315 [INFO] IPUIPlugin:80 - create IPUIPlugin
2025-09-01 22:45:20,315 [INFO] PluginManager:220 - loadIPPluginJar : add ltdc
2025-09-01 22:45:20,320 [INFO] IPUIPlugin:80 - create IPUIPlugin
2025-09-01 22:45:20,320 [INFO] PluginManager:220 - loadIPPluginJar : add mdma
2025-09-01 22:45:20,323 [INFO] IPUIPlugin:80 - create IPUIPlugin
2025-09-01 22:45:20,324 [INFO] PluginManager:220 - loadIPPluginJar : add nvic
2025-09-01 22:45:20,326 [INFO] IPUIPlugin:80 - create IPUIPlugin
2025-09-01 22:45:20,326 [INFO] PluginManager:220 - loadIPPluginJar : add opamp
2025-09-01 22:45:20,330 [INFO] IPUIPlugin:80 - create IPUIPlugin
2025-09-01 22:45:20,330 [INFO] PluginManager:220 - loadIPPluginJar : add openamp
2025-09-01 22:45:20,333 [INFO] IPUIPlugin:80 - create IPUIPlugin
2025-09-01 22:45:20,333 [INFO] PluginManager:220 - loadIPPluginJar : add pdm2pcm
2025-09-01 22:45:20,337 [INFO] IPUIPlugin:80 - create IPUIPlugin
2025-09-01 22:45:20,339 [INFO] PluginManager:220 - loadIPPluginJar : add plateformsettings
2025-09-01 22:45:20,340 [INFO] IPUIPlugin:80 - create IPUIPlugin
2025-09-01 22:45:20,341 [INFO] PluginManager:220 - loadIPPluginJar : add quadspi
2025-09-01 22:45:20,342 [INFO] IPUIPlugin:80 - create IPUIPlugin
2025-09-01 22:45:20,342 [INFO] PluginManager:220 - loadIPPluginJar : add radio
2025-09-01 22:45:20,346 [INFO] IPUIPlugin:80 - create IPUIPlugin
2025-09-01 22:45:20,346 [INFO] PluginManager:220 - loadIPPluginJar : add resmgrutility
2025-09-01 22:45:20,350 [INFO] IPUIPlugin:80 - create IPUIPlugin
2025-09-01 22:45:20,350 [INFO] PluginManager:220 - loadIPPluginJar : add sai
2025-09-01 22:45:20,352 [INFO] IPUIPlugin:80 - create IPUIPlugin
2025-09-01 22:45:20,352 [INFO] PluginManager:220 - loadIPPluginJar : add spi
2025-09-01 22:45:20,359 [INFO] IPUIPlugin:80 - create IPUIPlugin
2025-09-01 22:45:20,359 [INFO] PluginManager:220 - loadIPPluginJar : add stm32_wpan
2025-09-01 22:45:20,361 [INFO] IPUIPlugin:80 - create IPUIPlugin
2025-09-01 22:45:20,361 [INFO] PluginManager:220 - loadIPPluginJar : add tim
2025-09-01 22:45:20,364 [INFO] IPUIPlugin:80 - create IPUIPlugin
2025-09-01 22:45:20,364 [INFO] PluginManager:220 - loadIPPluginJar : add touchsensing
2025-09-01 22:45:20,366 [INFO] IPUIPlugin:80 - create IPUIPlugin
2025-09-01 22:45:20,366 [INFO] PluginManager:220 - loadIPPluginJar : add tracer_emb
2025-09-01 22:45:20,367 [INFO] IPUIPlugin:80 - create IPUIPlugin
2025-09-01 22:45:20,367 [INFO] PluginManager:220 - loadIPPluginJar : add ts
2025-09-01 22:45:20,368 [INFO] IPUIPlugin:80 - create IPUIPlugin
2025-09-01 22:45:20,368 [INFO] PluginManager:220 - loadIPPluginJar : add tsc
2025-09-01 22:45:20,370 [INFO] IPUIPlugin:80 - create IPUIPlugin
2025-09-01 22:45:20,370 [INFO] PluginManager:220 - loadIPPluginJar : add ucpd
2025-09-01 22:45:20,371 [INFO] IPUIPlugin:80 - create IPUIPlugin
2025-09-01 22:45:20,372 [INFO] PluginManager:220 - loadIPPluginJar : add usart
2025-09-01 22:45:20,374 [INFO] IPUIPlugin:80 - create IPUIPlugin
2025-09-01 22:45:20,374 [INFO] PluginManager:220 - loadIPPluginJar : add usbx
2025-09-01 22:45:20,498 [FATAL] Updater:351 - Updater called before beeing initialized
2025-09-01 22:45:20,552 [INFO] RulesReader:64 - Compatibility file has been processed (317 Rules)
2025-09-01 22:45:20,571 [INFO] RulesReader:64 - Compatibility file has been processed (317 Rules)
2025-09-01 22:45:20,599 [INFO] CADModel:165 - CPN selected for project level
2025-09-01 22:45:20,599 [INFO] CADModel:114 - Register for checkConnection events
2025-09-01 22:45:20,599 [FATAL] Updater:351 - Updater called before beeing initialized
2025-09-01 22:45:20,599 [ERROR] CADModel:125 - Updater not yet initialized, retry later 
2025-09-01 22:45:20,875 [FATAL] Updater:351 - Updater called before beeing initialized
2025-09-01 22:45:20,877 [INFO] CADModel:165 - CPN selected for project level
2025-09-01 22:45:20,877 [INFO] CADModel:114 - Register for checkConnection events
2025-09-01 22:45:20,877 [FATAL] Updater:351 - Updater called before beeing initialized
2025-09-01 22:45:20,877 [ERROR] CADModel:125 - Updater not yet initialized, retry later 
2025-09-01 22:45:20,889 [FATAL] Updater:351 - Updater called before beeing initialized
2025-09-01 22:45:20,967 [FATAL] Updater:351 - Updater called before beeing initialized
2025-09-01 22:45:20,970 [INFO] DbMcusAds:53 - JSON generation date=Tue Jul 08 13:44:23 IST 2025 (1751962463582)
2025-09-01 22:45:20,970 [FATAL] Updater:351 - Updater called before beeing initialized
2025-09-01 22:45:20,998 [WARN] DetailPanel:346 - Failed to get advertising image, set to default
2025-09-01 22:45:21,064 [FATAL] Updater:351 - Updater called before beeing initialized
2025-09-01 22:45:21,065 [FATAL] Updater:351 - Updater called before beeing initialized
2025-09-01 22:45:21,065 [FATAL] Updater:351 - Updater called before beeing initialized
2025-09-01 22:45:21,066 [WARN] DetailPanel:346 - Failed to get advertising image, set to default
2025-09-01 22:45:21,066 [FATAL] Updater:351 - Updater called before beeing initialized
2025-09-01 22:45:21,108 [ERROR] Updater:1198 - MainUpdater not yet initialized. External WinMGr cannot be set.
2025-09-01 22:45:21,112 [INFO] Updater:1134 - Updater Version found : 6.15.0
2025-09-01 22:45:21,132 [INFO] ApplicationProperties:184 - Using Application install path: D:\Program Files\STM32IDE\STM32CubeIDE_1.19.0\STM32CubeIDE\plugins\com.st.stm32cube.common.mx_6.15.0.202507011659
2025-09-01 22:45:22,455 [INFO] ThirdPartyUpdaterWithRetryManager:70 - Updater plugin not ready yet. [2/15]
2025-09-01 22:45:22,715 [ERROR] LogOutputStream:75 - [STDERR_REDIRECT] Sep 01, 2025 10:45:22 PM java.util.prefs.WindowsPreferences <init>
2025-09-01 22:45:22,717 [ERROR] LogOutputStream:75 - [STDERR_REDIRECT] WARNING: Could not open/create prefs root node Software\JavaSoft\Prefs at root 0xffffffff80000002. Windows RegCreateKeyEx(...) returned error code 5.
2025-09-01 22:45:22,717 [ERROR] LogOutputStream:75 - [STDERR_REDIRECT] 
2025-09-01 22:45:23,252 [INFO] MainUpdater:2872 - connection check result : 10
2025-09-01 22:45:23,255 [INFO] MainUpdater:289 - Updater Check For Update Now.
2025-09-01 22:45:23,255 [INFO] MicroXplorer:498 - Change Database Version : DB.6.0.150
2025-09-01 22:45:23,281 [INFO] McuFinderGlobals:63 - Set McuFinder mode to 2 (CubeIDE integrated)
2025-09-01 22:45:23,283 [INFO] UserAuth:171 - activating auth plugin
2025-09-01 22:45:23,288 [INFO] UserAuth:487 - Internet connection configuration mode: 1
2025-09-01 22:45:23,323 [INFO] JxBrowserEngine:152 - Initiate JxBrowser Engine with user profile folder
2025-09-01 22:45:23,435 [INFO] CheckServerUpdateThread:120 - End of CheckServer Thread
2025-09-01 22:45:24,050 [INFO] WebApp:169 - Instantiating new browser for Auth
2025-09-01 22:45:24,955 [INFO] WebApp:463 - Apply proxy settings
2025-09-01 22:45:24,956 [INFO] WebApp:548 - Chromium requires no authentication
2025-09-01 22:45:24,964 [INFO] WebApp:491 - Direct internet connection detected
2025-09-01 22:45:24,987 [INFO] WebApp:900 - Register for checkConnection events
2025-09-01 22:45:24,987 [INFO] WebApp:463 - Apply proxy settings
2025-09-01 22:45:24,987 [INFO] WebApp:548 - Chromium requires no authentication
2025-09-01 22:45:24,988 [INFO] WebApp:491 - Direct internet connection detected
2025-09-01 22:45:25,169 [INFO] WebApp:225 - Starting web application
2025-09-01 22:45:25,169 [INFO] WebApp:593 - Web application path used D:\Program Files\STM32IDE\STM32CubeIDE_1.19.0\STM32CubeIDE\plugins\com.st.stm32cube.common.mx_6.15.0.202507011659\db\plugins\mcufinder\reactClient1\index.html
2025-09-01 22:45:25,337 [INFO] WebApp:191 - Connection restablished
2025-09-01 22:45:25,683 [WARN] PackLoader:240 - Cannot read IP mode file for STMicroelectronics.FP-SNS-MOTENVWB1.1.4.0
2025-09-01 22:45:25,688 [WARN] PackLoader:240 - Cannot read IP mode file for STMicroelectronics.FP-ATR-ASTRA1.2.0.2
2025-09-01 22:45:25,695 [WARN] PackLoader:240 - Cannot read IP mode file for STMicroelectronics.X-CUBE-SMBUS.2.1.0
2025-09-01 22:45:25,698 [WARN] PackLoader:240 - Cannot read IP mode file for STMicroelectronics.X-CUBE-ST60.1.0.0
2025-09-01 22:45:25,719 [WARN] PackLoader:240 - Cannot read IP mode file for STMicroelectronics.X-CUBE-AZRTOS-F7.1.1.0
2025-09-01 22:45:25,739 [WARN] PackLoader:240 - Cannot read IP mode file for Infineon.AIROC-Wi-Fi-Bluetooth-STM32.1.7.1
2025-09-01 22:45:25,749 [WARN] PackLoader:240 - Cannot read IP mode file for STMicroelectronics.X-CUBE-DISPLAY.3.0.0
2025-09-01 22:45:25,759 [WARN] PackLoader:240 - Cannot read IP mode file for STMicroelectronics.X-CUBE-NFC10.1.0.0
2025-09-01 22:45:25,767 [WARN] PackLoader:240 - Cannot read IP mode file for STMicroelectronics.X-CUBE-BLEMGR.4.0.0
2025-09-01 22:45:25,775 [WARN] PackLoader:240 - Cannot read IP mode file for emotas.I-CUBE-CANOPEN.1.3.0
2025-09-01 22:45:25,781 [WARN] PackLoader:240 - Cannot read IP mode file for STMicroelectronics.FP-SNS-STBOX1.2.1.0
2025-09-01 22:45:25,788 [WARN] PackLoader:240 - Cannot read IP mode file for STMicroelectronics.FP-SNS-SMARTAG2.1.2.0
2025-09-01 22:45:25,791 [WARN] PackLoader:240 - Cannot read IP mode file for STMicroelectronics.FP-SNS-FLIGHT1.5.1.0
2025-09-01 22:45:25,797 [INFO] LogOutputStream:77 - [STDOUT_REDIRECT] 1 : Invalid condition id : UX_CORESTACK_Condition cause : null
2025-09-01 22:45:25,798 [INFO] LogOutputStream:77 - [STDOUT_REDIRECT] 1 : Invalid condition id : UX_CORESTACK_Condition cause : null
2025-09-01 22:45:25,800 [INFO] LogOutputStream:77 - [STDOUT_REDIRECT] 1 : Invalid condition id : UX_CORESTACK_Condition cause : null
2025-09-01 22:45:25,801 [INFO] LogOutputStream:77 - [STDOUT_REDIRECT] 1 : Invalid condition id : UX_CORESTACK_Condition cause : null
2025-09-01 22:45:25,802 [INFO] LogOutputStream:77 - [STDOUT_REDIRECT] 1 : Invalid condition id : UX_CORESTACK_Condition cause : null
2025-09-01 22:45:25,804 [WARN] PackLoader:240 - Cannot read IP mode file for STMicroelectronics.X-CUBE-AZRTOS-WL.2.0.0
2025-09-01 22:45:25,808 [WARN] PackLoader:240 - Cannot read IP mode file for STMicroelectronics.FP-SNS-MOTENV1.5.0.0
2025-09-01 22:45:25,816 [WARN] PackLoader:240 - Cannot read IP mode file for WES.I-CUBE-Cesium.1.3.0
2025-09-01 22:45:25,822 [WARN] PackLoader:240 - Cannot read IP mode file for STMicroelectronics.X-CUBE-BLE2.3.3.0
2025-09-01 22:45:25,828 [WARN] PackLoader:240 - Cannot read IP mode file for STMicroelectronics.X-CUBE-NFC9.1.0.0
2025-09-01 22:45:25,832 [WARN] PackLoader:240 - Cannot read IP mode file for wolfSSL.I-CUBE-wolfSSL.5.8.0
2025-09-01 22:45:25,837 [WARN] PackLoader:240 - Cannot read IP mode file for STMicroelectronics.X-CUBE-BLE1.7.1.0
2025-09-01 22:45:25,840 [WARN] PackLoader:240 - Cannot read IP mode file for wolfSSL.I-CUBE-wolfMQTT.1.19.2
2025-09-01 22:45:25,843 [WARN] PackLoader:240 - Cannot read IP mode file for STMicroelectronics.X-CUBE-AI.10.1.0
2025-09-01 22:45:25,851 [WARN] PackLoader:240 - Cannot read IP mode file for STMicroelectronics.X-CUBE-AZRTOS-G0.1.1.0
2025-09-01 22:45:25,857 [WARN] PackLoader:240 - Cannot read IP mode file for STMicroelectronics.X-CUBE-SAFEA1.1.2.2
2025-09-01 22:45:25,861 [WARN] PackLoader:240 - Cannot read IP mode file for STMicroelectronics.X-CUBE-NFC4.3.0.0
2025-09-01 22:45:25,867 [WARN] PackLoader:240 - Cannot read IP mode file for EmbeddedOffice.I-CUBE-FS-RTOS.1.0.1
2025-09-01 22:45:25,872 [WARN] PackLoader:240 - Cannot read IP mode file for STMicroelectronics.X-CUBE-WB05N.2.0.0
2025-09-01 22:45:25,875 [WARN] PackLoader:240 - Cannot read IP mode file for wolfSSL.I-CUBE-wolfTPM.3.8.0
2025-09-01 22:45:25,879 [WARN] PackLoader:240 - Cannot read IP mode file for STMicroelectronics.X-CUBE-TCPP.4.2.0
2025-09-01 22:45:25,883 [WARN] PackLoader:240 - Cannot read IP mode file for RealThread.X-CUBE-RT-Thread_Nano.4.1.1
2025-09-01 22:45:25,887 [WARN] PackLoader:240 - Cannot read IP mode file for STMicroelectronics.FP-ATR-SIGFOX1.3.2.0
2025-09-01 22:45:25,891 [WARN] PackLoader:240 - Cannot read IP mode file for ITTIA_DB.I-CUBE-ITTIADB.8.9.0
2025-09-01 22:45:25,902 [WARN] PackLoader:240 - Cannot read IP mode file for STMicroelectronics.X-CUBE-ST67W61.1.0.0
2025-09-01 22:45:25,905 [WARN] PackLoader:240 - Cannot read IP mode file for STMicroelectronics.X-CUBE-AI.10.2.0
2025-09-01 22:45:25,924 [WARN] PackLoader:240 - Cannot read IP mode file for SEGGER.I-CUBE-embOS.1.3.1
2025-09-01 22:45:25,946 [WARN] PackLoader:240 - Cannot read IP mode file for STMicroelectronics.X-CUBE-ALGOBUILD.1.4.0
2025-09-01 22:45:25,970 [WARN] PackLoader:240 - Cannot read IP mode file for STMicroelectronics.X-CUBE-MEMS1.11.3.0
2025-09-01 22:45:26,060 [WARN] PackLoader:240 - Cannot read IP mode file for STMicroelectronics.X-CUBE-PM33A1.1.0.0
2025-09-01 22:45:26,097 [WARN] PackLoader:240 - Cannot read IP mode file for STMicroelectronics.X-CUBE-AZRTOS-F4.1.1.0
2025-09-01 22:45:26,104 [WARN] PackLoader:240 - Cannot read IP mode file for Avnet-IotConnect.X-CUBE-IoTC-DA16k-PMOD.1.0.0
2025-09-01 22:45:26,109 [WARN] PackLoader:240 - Cannot read IP mode file for STMicroelectronics.X-CUBE-ISPU.2.1.0
2025-09-01 22:45:26,121 [WARN] PackLoader:240 - Cannot read IP mode file for STMicroelectronics.X-CUBE-AZRTOS-L5.2.0.0
2025-09-01 22:45:26,128 [WARN] PackLoader:240 - Cannot read IP mode file for STMicroelectronics.X-CUBE-NFC6.3.1.0
2025-09-01 22:45:26,135 [WARN] PackLoader:240 - Cannot read IP mode file for STMicroelectronics.X-CUBE-FREERTOS.1.3.1
2025-09-01 22:45:26,142 [WARN] PackLoader:240 - Cannot read IP mode file for STMicroelectronics.X-CUBE-DPower.1.3.0
2025-09-01 22:45:26,156 [WARN] ConditionMgr:438 - getConditionDescription Invalid condition id : LAN8742 Phy interface Condition cause : null
2025-09-01 22:45:26,156 [WARN] PackLoader:240 - Cannot read IP mode file for STMicroelectronics.X-CUBE-AZRTOS-L4.2.0.0
2025-09-01 22:45:26,157 [WARN] ConditionMgr:1044 - genDependencies : Invalid condition id : LAN8742 Phy interface Condition cause : null
2025-09-01 22:45:26,157 [WARN] ConditionMgr:1044 - genDependencies : Invalid condition id : LAN8742 Phy interface Condition cause : null
2025-09-01 22:45:26,158 [WARN] ConditionMgr:1044 - genDependencies : Invalid condition id : LAN8742 Phy interface Condition cause : null
2025-09-01 22:45:26,164 [WARN] PackLoader:240 - Cannot read IP mode file for STMicroelectronics.X-CUBE-SFXS2LP1.4.0.0
2025-09-01 22:45:26,170 [WARN] PackLoader:240 - Cannot read IP mode file for STMicroelectronics.X-CUBE-BLEMGR.4.1.0
2025-09-01 22:45:26,178 [WARN] ConditionMgr:438 - getConditionDescription Invalid condition id : UX DEVICE CLASS RTOS Condition cause : null
2025-09-01 22:45:26,178 [WARN] ConditionMgr:438 - getConditionDescription Invalid condition id : UX DEVICE CLASS RTOS Condition cause : null
2025-09-01 22:45:26,180 [WARN] PackLoader:240 - Cannot read IP mode file for STMicroelectronics.X-CUBE-AZRTOS-WB.2.0.0
2025-09-01 22:45:26,180 [WARN] ConditionMgr:1044 - genDependencies : Invalid condition id : UX DEVICE CLASS RTOS Condition cause : null
2025-09-01 22:45:26,181 [WARN] ConditionMgr:1044 - genDependencies : Invalid condition id : UX DEVICE CLASS RTOS Condition cause : null
2025-09-01 22:45:26,181 [WARN] ConditionMgr:1044 - genDependencies : Invalid condition id : UX DEVICE CLASS RTOS Condition cause : null
2025-09-01 22:45:26,181 [WARN] ConditionMgr:1044 - genDependencies : Invalid condition id : UX DEVICE CLASS RTOS Condition cause : null
2025-09-01 22:45:26,181 [WARN] ConditionMgr:1044 - genDependencies : Invalid condition id : UX DEVICE CLASS RTOS Condition cause : null
2025-09-01 22:45:26,185 [WARN] PackLoader:240 - Cannot read IP mode file for STMicroelectronics.X-CUBE-GNSS1.7.0.1
2025-09-01 22:45:26,191 [WARN] PackLoader:240 - Cannot read IP mode file for STMicroelectronics.X-CUBE-TOUCHGFX.4.25.0
2025-09-01 22:45:26,195 [WARN] PackLoader:240 - Cannot read IP mode file for STMicroelectronics.FP-SNS-STBOX1.2.0.0
2025-09-01 22:45:26,199 [WARN] ConditionMgr:438 - getConditionDescription Invalid condition id : Cortex-A Device cause : null
2025-09-01 22:45:26,217 [WARN] ConditionMgr:1044 - genDependencies : Invalid condition id : Cortex-A Device cause : null
2025-09-01 22:45:26,217 [WARN] ConditionMgr:1044 - genDependencies : Invalid condition id : Cortex-A Device cause : null
2025-09-01 22:45:26,217 [WARN] ConditionMgr:1044 - genDependencies : Invalid condition id : Cortex-A Device cause : null
2025-09-01 22:45:26,224 [WARN] PackLoader:240 - Cannot read IP mode file for STMicroelectronics.X-CUBE-SUBG2.5.0.0
2025-09-01 22:45:26,235 [WARN] PackLoader:240 - Cannot read IP mode file for STMicroelectronics.X-CUBE-AZRTOS-H7RS.1.1.0
2025-09-01 22:45:26,240 [WARN] PackLoader:240 - Cannot read IP mode file for Cesanta.I-CUBE-Mongoose.7.13.0
2025-09-01 22:45:26,248 [WARN] PackLoader:240 - Cannot read IP mode file for STMicroelectronics.X-CUBE-AZRTOS-G4.2.0.0
2025-09-01 22:45:26,253 [WARN] PackLoader:240 - Cannot read IP mode file for wolfSSL.I-CUBE-wolfSSH.1.4.20
2025-09-01 22:45:26,258 [WARN] PackLoader:240 - Cannot read IP mode file for STMicroelectronics.X-CUBE-NFC7.2.0.0
2025-09-01 22:45:26,266 [WARN] PackLoader:240 - Cannot read IP mode file for STMicroelectronics.X-CUBE-IPS.3.1.0
2025-09-01 22:45:26,276 [WARN] PackLoader:240 - Cannot read IP mode file for STMicroelectronics.X-CUBE-ALS.1.0.2
2025-09-01 22:45:26,282 [WARN] PackLoader:240 - Cannot read IP mode file for portGmbH.I-Cube-SoM-uGOAL.1.1.0
2025-09-01 22:45:26,288 [WARN] PackLoader:240 - Cannot read IP mode file for STMicroelectronics.X-CUBE-TOF1.3.4.3
2025-09-01 22:45:26,294 [INFO] ThirdParty:978 - Integrity check success = true
2025-09-01 22:45:26,295 [INFO] IntegrityCheckThread:100 - exiting critical section [integrity check]
2025-09-01 22:45:26,295 [INFO] IntegrityCheckThread:103 - End integrity checks thread
2025-09-01 23:12:09,985 [INFO] WebApp:194 - Connection lost
2025-09-01 23:12:10,256 [INFO] WebApp:191 - Connection restablished
2025-09-01 23:15:10,986 [INFO] WebApp:194 - Connection lost
2025-09-01 23:15:11,276 [INFO] WebApp:191 - Connection restablished
2025-09-01 23:51:27,072 [INFO] WebApp:194 - Connection lost
2025-09-01 23:51:46,822 [INFO] WebApp:191 - Connection restablished
2025-09-01 23:51:47,868 [INFO] WebApp:194 - Connection lost
2025-09-01 23:51:48,003 [INFO] WebApp:191 - Connection restablished
2025-09-01 23:53:20,976 [INFO] WebApp:194 - Connection lost
2025-09-01 23:53:21,284 [INFO] WebApp:191 - Connection restablished
