2025-08-23 12:04:16,208 [INFO] Activator:176 - 


2025-08-23 12:04:16,226 [INFO] Activator:177 - !SESSION log4j initialized
2025-08-23 12:04:22,042 [INFO] LogOutputStream:77 - [STDOUT_REDIRECT] 
2025-08-23 12:04:28,062 [INFO] ApplicationProperties:184 - Using Application install path: D:\Program Files\STM32IDE\STM32CubeIDE_1.19.0\STM32CubeIDE\plugins\com.st.stm32cube.common.mx_6.15.0.202507011659
2025-08-23 12:04:28,092 [INFO] DbMcusXml:78 - Set database path to: D:\Program Files\STM32IDE\STM32CubeIDE_1.19.0\STM32CubeIDE\plugins\com.st.stm32cube.common.mx_6.15.0.202507011659\\db\/mcu/
2025-08-23 12:04:28,093 [INFO] ApiDb:274 - Set plugin database path to: D:\Program Files\STM32IDE\STM32CubeIDE_1.19.0\STM32CubeIDE\plugins\com.st.stm32cube.common.mx_6.15.0.202507011659\\db\/plugins/boardmanager/
2025-08-23 12:04:28,095 [WARN] ApiDb:259 - Overriding images path with different value:  => D:\Program Files\STM32IDE\STM32CubeIDE_1.19.0\STM32CubeIDE\plugins\com.st.stm32cube.common.mx_6.15.0.202507011659\\db\/plugins/mcufinder/images/
2025-08-23 12:04:28,104 [INFO] ApiDb:250 - Set database path to: C:\Users\NIKHIL\.stmcufinder\plugins\mcufinder//mcu/
2025-08-23 12:04:28,106 [INFO] DbMcusAds:125 - Set database path to: C:\Users\NIKHIL\.stmcufinder\plugins\mcufinder//mcu/
2025-08-23 12:04:28,109 [INFO] CrossReferenceDbSqlite:203 - Set database path to: C:\Users\NIKHIL\.stmcufinder\plugins\mcufinder//mcu/cs/
2025-08-23 12:04:28,345 [INFO] RulesReader:64 - Compatibility file has been processed (317 Rules)
2025-08-23 12:04:28,509 [INFO] DbMcusXml:78 - Set database path to: D:\Program Files\STM32IDE\STM32CubeIDE_1.19.0\STM32CubeIDE\plugins\com.st.stm32cube.common.mx_6.15.0.202507011659\\db\/mcu/
2025-08-23 12:04:28,509 [INFO] ApiDb:274 - Set plugin database path to: D:\Program Files\STM32IDE\STM32CubeIDE_1.19.0\STM32CubeIDE\plugins\com.st.stm32cube.common.mx_6.15.0.202507011659\\db\/plugins/boardmanager/
2025-08-23 12:04:28,510 [INFO] ApiDb:261 - Set plugin images path to: D:\Program Files\STM32IDE\STM32CubeIDE_1.19.0\STM32CubeIDE\plugins\com.st.stm32cube.common.mx_6.15.0.202507011659\\db\/plugins/mcufinder/images/
2025-08-23 12:04:28,510 [WARN] DbFile:41 - Overriding database path with different value: C:\Users\NIKHIL\.stmcufinder\plugins\mcufinder/ => C:\Users\NIKHIL\.stmcufinder\plugins\mcufinder
2025-08-23 12:04:28,510 [INFO] ApiDb:250 - Set database path to: C:\Users\NIKHIL\.stmcufinder\plugins\mcufinder//mcu/
2025-08-23 12:04:28,511 [WARN] DbFile:41 - Overriding database path with different value: C:\Users\NIKHIL\.stmcufinder\plugins\mcufinder/ => C:\Users\NIKHIL\.stmcufinder\plugins\mcufinder
2025-08-23 12:04:28,511 [INFO] DbMcusAds:125 - Set database path to: C:\Users\NIKHIL\.stmcufinder\plugins\mcufinder//mcu/
2025-08-23 12:04:28,511 [WARN] DbFile:41 - Overriding database path with different value: C:\Users\NIKHIL\.stmcufinder\plugins\mcufinder/ => C:\Users\NIKHIL\.stmcufinder\plugins\mcufinder
2025-08-23 12:04:28,511 [WARN] DbFile:41 - Overriding database path with different value: C:\Users\NIKHIL\.stmcufinder\plugins\mcufinder/ => C:\Users\NIKHIL\.stmcufinder\plugins\mcufinder
2025-08-23 12:04:28,512 [INFO] CrossReferenceDbSqlite:203 - Set database path to: C:\Users\NIKHIL\.stmcufinder\plugins\mcufinder//mcu/cs/
2025-08-23 12:04:28,643 [INFO] MainPanel:274 - HeapMemory: 268435456
2025-08-23 12:04:28,848 [INFO] DbMcusXml:78 - Set database path to: D:\Program Files\STM32IDE\STM32CubeIDE_1.19.0\STM32CubeIDE\plugins\com.st.stm32cube.common.mx_6.15.0.202507011659\\db\/mcu/
2025-08-23 12:04:28,848 [INFO] ApiDb:274 - Set plugin database path to: D:\Program Files\STM32IDE\STM32CubeIDE_1.19.0\STM32CubeIDE\plugins\com.st.stm32cube.common.mx_6.15.0.202507011659\\db\/plugins/boardmanager/
2025-08-23 12:04:28,848 [INFO] ApiDb:261 - Set plugin images path to: D:\Program Files\STM32IDE\STM32CubeIDE_1.19.0\STM32CubeIDE\plugins\com.st.stm32cube.common.mx_6.15.0.202507011659\\db\/plugins/mcufinder/images/
2025-08-23 12:04:28,848 [WARN] DbFile:41 - Overriding database path with different value: C:\Users\NIKHIL\.stmcufinder\plugins\mcufinder/ => C:\Users\NIKHIL\.stmcufinder\plugins\mcufinder
2025-08-23 12:04:28,848 [INFO] ApiDb:250 - Set database path to: C:\Users\NIKHIL\.stmcufinder\plugins\mcufinder//mcu/
2025-08-23 12:04:28,849 [WARN] DbFile:41 - Overriding database path with different value: C:\Users\NIKHIL\.stmcufinder\plugins\mcufinder/ => C:\Users\NIKHIL\.stmcufinder\plugins\mcufinder
2025-08-23 12:04:28,849 [INFO] DbMcusAds:125 - Set database path to: C:\Users\NIKHIL\.stmcufinder\plugins\mcufinder//mcu/
2025-08-23 12:04:28,849 [WARN] DbFile:41 - Overriding database path with different value: C:\Users\NIKHIL\.stmcufinder\plugins\mcufinder/ => C:\Users\NIKHIL\.stmcufinder\plugins\mcufinder
2025-08-23 12:04:28,849 [WARN] DbFile:41 - Overriding database path with different value: C:\Users\NIKHIL\.stmcufinder\plugins\mcufinder/ => C:\Users\NIKHIL\.stmcufinder\plugins\mcufinder
2025-08-23 12:04:28,849 [INFO] CrossReferenceDbSqlite:203 - Set database path to: C:\Users\NIKHIL\.stmcufinder\plugins\mcufinder//mcu/cs/
2025-08-23 12:04:28,875 [INFO] ApplicationProperties:184 - Using Application install path: D:\Program Files\STM32IDE\STM32CubeIDE_1.19.0\STM32CubeIDE\plugins\com.st.stm32cube.common.mx_6.15.0.202507011659
2025-08-23 12:04:28,877 [INFO] PluginManage:196 - Search for loadable plugins [exclusion list=, ]
2025-08-23 12:04:28,878 [INFO] PluginManage:310 - Check plugin analytics
2025-08-23 12:04:29,384 [INFO] AnalyticsPlugin:253 - Accepted Software Licenses: 
2025-08-23 12:04:29,384 [INFO] AnalyticsPlugin:255 - Accepted CMSIS Pack Licenses: 
2025-08-23 12:04:29,385 [INFO] AnalyticsPlugin:257 - Accepted Firmware Licenses: 
2025-08-23 12:04:29,388 [INFO] PluginManage:359 - Loaded plugin analytics (category:tool,tabindex:-1)
2025-08-23 12:04:29,388 [INFO] PluginManage:310 - Check plugin cadmodel
2025-08-23 12:04:29,397 [INFO] CADModel:105 - Init CAD model plugin
2025-08-23 12:04:29,397 [INFO] PluginManage:359 - Loaded plugin cadmodel (category:power,tabindex:5)
2025-08-23 12:04:29,397 [INFO] PluginManage:310 - Check plugin clock
2025-08-23 12:04:29,408 [INFO] PluginManage:359 - Loaded plugin clock (category:base,tabindex:2)
2025-08-23 12:04:29,408 [INFO] PluginManage:310 - Check plugin ddr
2025-08-23 12:04:29,411 [INFO] PluginManage:359 - Loaded plugin ddr (category:tool,tabindex:6)
2025-08-23 12:04:29,411 [INFO] PluginManage:310 - Check plugin filemanager
2025-08-23 12:04:29,789 [INFO] PluginManage:359 - Loaded plugin filemanager (category:base,tabindex:10)
2025-08-23 12:04:29,789 [INFO] PluginManage:310 - Check plugin ipmanager
2025-08-23 12:04:29,832 [INFO] PluginManage:359 - Loaded plugin ipmanager (category:base,tabindex:5)
2025-08-23 12:04:29,832 [INFO] PluginManage:310 - Check plugin lpbam
2025-08-23 12:04:29,853 [INFO] PluginManage:359 - Loaded plugin lpbam (category:base,tabindex:0)
2025-08-23 12:04:29,854 [INFO] PluginManage:310 - Check plugin memorymap
2025-08-23 12:04:29,892 [INFO] PluginManage:359 - Loaded plugin memorymap (category:base,tabindex:4)
2025-08-23 12:04:29,892 [INFO] PluginManage:310 - Check plugin pinoutandconfiguration
2025-08-23 12:04:29,910 [INFO] PluginManage:359 - Loaded plugin pinoutandconfiguration (category:base,tabindex:1)
2025-08-23 12:04:29,911 [INFO] PluginManage:310 - Check plugin pinoutconfig
2025-08-23 12:04:30,115 [WARN] SupportedApi:132 - Cannot load RTOS API schema: s4s-elt-must-match.1: The content of 'definitions' must match (annotation?, (simpleType | complexType)?, (unique | key | keyref)*)). A problem was found starting at: attribute.
2025-08-23 12:04:30,417 [INFO] PluginManage:359 - Loaded plugin pinoutconfig (category:base,tabindex:0)
2025-08-23 12:04:30,417 [INFO] PluginManage:310 - Check plugin power
2025-08-23 12:04:30,434 [INFO] PluginManage:359 - Loaded plugin power (category:power,tabindex:4)
2025-08-23 12:04:30,435 [INFO] PluginManage:310 - Check plugin projectmanager
2025-08-23 12:04:30,504 [INFO] PluginManage:359 - Loaded plugin projectmanager (category:projectmanager,tabindex:4)
2025-08-23 12:04:30,504 [INFO] PluginManage:310 - Check plugin rif
2025-08-23 12:04:30,517 [INFO] PluginManage:359 - Loaded plugin rif (category:base,tabindex:3)
2025-08-23 12:04:30,518 [INFO] PluginManage:310 - Check plugin thirdparty
2025-08-23 12:04:30,823 [INFO] PluginManage:359 - Loaded plugin thirdparty (category:base,tabindex:-1)
2025-08-23 12:04:30,823 [WARN] IntegrityCheckThread:84 - waiting for thirdparty lock release [integrity check]
2025-08-23 12:04:30,823 [INFO] IntegrityCheckThread:86 - entering critical section [integrity check]
2025-08-23 12:04:30,823 [INFO] PluginManage:310 - Check plugin tools
2025-08-23 12:04:30,824 [INFO] ThirdPartyUpdaterWithRetryManager:70 - Updater plugin not ready yet. [1/15]
2025-08-23 12:04:30,825 [INFO] PluginManage:359 - Loaded plugin tools (category:base,tabindex:7)
2025-08-23 12:04:30,826 [INFO] PluginManage:310 - Check plugin tutovideos
2025-08-23 12:04:31,226 [INFO] PluginManage:359 - Loaded plugin tutovideos (category:base,tabindex:-1)
2025-08-23 12:04:31,227 [INFO] PluginManage:310 - Check plugin updater
2025-08-23 12:04:31,253 [INFO] PluginManage:359 - Loaded plugin updater (category:base,tabindex:12)
2025-08-23 12:04:31,253 [INFO] PluginManage:310 - Check plugin userauth
2025-08-23 12:04:31,258 [INFO] UserAuth:118 - Init User Auth plugin
2025-08-23 12:04:31,259 [INFO] PluginManage:359 - Loaded plugin userauth (category:base,tabindex:14)
2025-08-23 12:04:31,259 [INFO] PluginManage:283 - PluginManage : Loaded plugins [18]
2025-08-23 12:04:31,697 [INFO] PinOutPanel:1589 - setPackage(No Configuration,No Configuration)
2025-08-23 12:04:31,964 [INFO] CADModel:165 - CPN selected for project level
2025-08-23 12:04:31,964 [INFO] CADModel:114 - Register for checkConnection events
2025-08-23 12:04:31,991 [INFO] IPUIPlugin:80 - create IPUIPlugin
2025-08-23 12:04:31,991 [INFO] PluginManager:220 - loadIPPluginJar : add adc
2025-08-23 12:04:31,995 [INFO] IPUIPlugin:80 - create IPUIPlugin
2025-08-23 12:04:31,995 [INFO] PluginManager:220 - loadIPPluginJar : add aes
2025-08-23 12:04:31,998 [INFO] IPUIPlugin:80 - create IPUIPlugin
2025-08-23 12:04:31,999 [INFO] PluginManager:220 - loadIPPluginJar : add can
2025-08-23 12:04:32,002 [INFO] IPUIPlugin:80 - create IPUIPlugin
2025-08-23 12:04:32,002 [INFO] PluginManager:220 - loadIPPluginJar : add comp
2025-08-23 12:04:32,005 [INFO] IPUIPlugin:80 - create IPUIPlugin
2025-08-23 12:04:32,005 [INFO] PluginManager:220 - loadIPPluginJar : add cryp
2025-08-23 12:04:32,008 [INFO] IPUIPlugin:80 - create IPUIPlugin
2025-08-23 12:04:32,009 [INFO] PluginManager:220 - loadIPPluginJar : add ddr_ctrl_phy
2025-08-23 12:04:32,011 [INFO] IPUIPlugin:80 - create IPUIPlugin
2025-08-23 12:04:32,011 [INFO] PluginManager:220 - loadIPPluginJar : add dfsdm
2025-08-23 12:04:32,017 [INFO] IPUIPlugin:80 - create IPUIPlugin
2025-08-23 12:04:32,018 [INFO] PluginManager:220 - loadIPPluginJar : add dma
2025-08-23 12:04:32,031 [INFO] IPUIPlugin:80 - create IPUIPlugin
2025-08-23 12:04:32,031 [INFO] PluginManager:220 - loadIPPluginJar : add dma3
2025-08-23 12:04:32,034 [INFO] IPUIPlugin:80 - create IPUIPlugin
2025-08-23 12:04:32,038 [INFO] PluginManager:220 - loadIPPluginJar : add extmemmanager
2025-08-23 12:04:32,039 [INFO] IPUIPlugin:80 - create IPUIPlugin
2025-08-23 12:04:32,040 [INFO] PluginManager:220 - loadIPPluginJar : add fatfs
2025-08-23 12:04:32,045 [INFO] IPUIPlugin:80 - create IPUIPlugin
2025-08-23 12:04:32,046 [INFO] PluginManager:220 - loadIPPluginJar : add fmc
2025-08-23 12:04:32,053 [INFO] IPUIPlugin:80 - create IPUIPlugin
2025-08-23 12:04:32,053 [INFO] PluginManager:220 - loadIPPluginJar : add freertos
2025-08-23 12:04:32,056 [INFO] IPUIPlugin:80 - create IPUIPlugin
2025-08-23 12:04:32,056 [INFO] PluginManager:220 - loadIPPluginJar : add genericplugin
2025-08-23 12:04:32,058 [INFO] IPUIPlugin:80 - create IPUIPlugin
2025-08-23 12:04:32,058 [INFO] PluginManager:220 - loadIPPluginJar : add gfxmmu
2025-08-23 12:04:32,063 [INFO] IPUIPlugin:80 - create IPUIPlugin
2025-08-23 12:04:32,063 [INFO] PluginManager:220 - loadIPPluginJar : add gic
2025-08-23 12:04:32,068 [INFO] IPUIPlugin:80 - create IPUIPlugin
2025-08-23 12:04:32,068 [INFO] PluginManager:220 - loadIPPluginJar : add gpio
2025-08-23 12:04:32,071 [INFO] IPUIPlugin:80 - create IPUIPlugin
2025-08-23 12:04:32,071 [INFO] PluginManager:220 - loadIPPluginJar : add gtzc
2025-08-23 12:04:32,073 [INFO] IPUIPlugin:80 - create IPUIPlugin
2025-08-23 12:04:32,073 [INFO] PluginManager:220 - loadIPPluginJar : add hash
2025-08-23 12:04:32,076 [INFO] IPUIPlugin:80 - create IPUIPlugin
2025-08-23 12:04:32,076 [INFO] PluginManager:220 - loadIPPluginJar : add i2c
2025-08-23 12:04:32,078 [INFO] IPUIPlugin:80 - create IPUIPlugin
2025-08-23 12:04:32,078 [INFO] PluginManager:220 - loadIPPluginJar : add i2s
2025-08-23 12:04:32,081 [INFO] IPUIPlugin:80 - create IPUIPlugin
2025-08-23 12:04:32,081 [INFO] PluginManager:220 - loadIPPluginJar : add i3c
2025-08-23 12:04:32,085 [INFO] IPUIPlugin:80 - create IPUIPlugin
2025-08-23 12:04:32,086 [INFO] PluginManager:220 - loadIPPluginJar : add ipddr
2025-08-23 12:04:32,093 [INFO] IPUIPlugin:80 - create IPUIPlugin
2025-08-23 12:04:32,094 [INFO] PluginManager:220 - loadIPPluginJar : add linkedlist
2025-08-23 12:04:32,100 [INFO] IPUIPlugin:80 - create IPUIPlugin
2025-08-23 12:04:32,100 [INFO] PluginManager:220 - loadIPPluginJar : add lorawan
2025-08-23 12:04:32,102 [INFO] IPUIPlugin:80 - create IPUIPlugin
2025-08-23 12:04:32,102 [INFO] PluginManager:220 - loadIPPluginJar : add ltdc
2025-08-23 12:04:32,110 [INFO] IPUIPlugin:80 - create IPUIPlugin
2025-08-23 12:04:32,110 [INFO] PluginManager:220 - loadIPPluginJar : add mdma
2025-08-23 12:04:32,115 [INFO] IPUIPlugin:80 - create IPUIPlugin
2025-08-23 12:04:32,115 [INFO] PluginManager:220 - loadIPPluginJar : add nvic
2025-08-23 12:04:32,119 [INFO] IPUIPlugin:80 - create IPUIPlugin
2025-08-23 12:04:32,120 [INFO] PluginManager:220 - loadIPPluginJar : add opamp
2025-08-23 12:04:32,125 [INFO] IPUIPlugin:80 - create IPUIPlugin
2025-08-23 12:04:32,125 [INFO] PluginManager:220 - loadIPPluginJar : add openamp
2025-08-23 12:04:32,128 [INFO] IPUIPlugin:80 - create IPUIPlugin
2025-08-23 12:04:32,130 [INFO] PluginManager:220 - loadIPPluginJar : add pdm2pcm
2025-08-23 12:04:32,136 [INFO] IPUIPlugin:80 - create IPUIPlugin
2025-08-23 12:04:32,140 [INFO] PluginManager:220 - loadIPPluginJar : add plateformsettings
2025-08-23 12:04:32,142 [INFO] IPUIPlugin:80 - create IPUIPlugin
2025-08-23 12:04:32,143 [INFO] PluginManager:220 - loadIPPluginJar : add quadspi
2025-08-23 12:04:32,145 [INFO] IPUIPlugin:80 - create IPUIPlugin
2025-08-23 12:04:32,145 [INFO] PluginManager:220 - loadIPPluginJar : add radio
2025-08-23 12:04:32,149 [INFO] IPUIPlugin:80 - create IPUIPlugin
2025-08-23 12:04:32,150 [INFO] PluginManager:220 - loadIPPluginJar : add resmgrutility
2025-08-23 12:04:32,168 [INFO] IPUIPlugin:80 - create IPUIPlugin
2025-08-23 12:04:32,169 [INFO] PluginManager:220 - loadIPPluginJar : add sai
2025-08-23 12:04:32,171 [INFO] IPUIPlugin:80 - create IPUIPlugin
2025-08-23 12:04:32,172 [INFO] PluginManager:220 - loadIPPluginJar : add spi
2025-08-23 12:04:32,180 [INFO] IPUIPlugin:80 - create IPUIPlugin
2025-08-23 12:04:32,180 [INFO] PluginManager:220 - loadIPPluginJar : add stm32_wpan
2025-08-23 12:04:32,183 [INFO] IPUIPlugin:80 - create IPUIPlugin
2025-08-23 12:04:32,183 [INFO] PluginManager:220 - loadIPPluginJar : add tim
2025-08-23 12:04:32,188 [INFO] IPUIPlugin:80 - create IPUIPlugin
2025-08-23 12:04:32,188 [INFO] PluginManager:220 - loadIPPluginJar : add touchsensing
2025-08-23 12:04:32,193 [INFO] IPUIPlugin:80 - create IPUIPlugin
2025-08-23 12:04:32,193 [INFO] PluginManager:220 - loadIPPluginJar : add tracer_emb
2025-08-23 12:04:32,197 [INFO] IPUIPlugin:80 - create IPUIPlugin
2025-08-23 12:04:32,197 [INFO] PluginManager:220 - loadIPPluginJar : add ts
2025-08-23 12:04:32,224 [INFO] IPUIPlugin:80 - create IPUIPlugin
2025-08-23 12:04:32,224 [INFO] PluginManager:220 - loadIPPluginJar : add tsc
2025-08-23 12:04:32,229 [INFO] IPUIPlugin:80 - create IPUIPlugin
2025-08-23 12:04:32,229 [INFO] PluginManager:220 - loadIPPluginJar : add ucpd
2025-08-23 12:04:32,234 [INFO] IPUIPlugin:80 - create IPUIPlugin
2025-08-23 12:04:32,234 [INFO] PluginManager:220 - loadIPPluginJar : add usart
2025-08-23 12:04:32,239 [INFO] IPUIPlugin:80 - create IPUIPlugin
2025-08-23 12:04:32,240 [INFO] PluginManager:220 - loadIPPluginJar : add usbx
2025-08-23 12:04:32,463 [FATAL] Updater:351 - Updater called before beeing initialized
2025-08-23 12:04:32,582 [INFO] RulesReader:64 - Compatibility file has been processed (317 Rules)
2025-08-23 12:04:32,673 [INFO] RulesReader:64 - Compatibility file has been processed (317 Rules)
2025-08-23 12:04:32,719 [INFO] CADModel:165 - CPN selected for project level
2025-08-23 12:04:32,720 [INFO] CADModel:114 - Register for checkConnection events
2025-08-23 12:04:32,720 [FATAL] Updater:351 - Updater called before beeing initialized
2025-08-23 12:04:32,720 [ERROR] CADModel:125 - Updater not yet initialized, retry later 
2025-08-23 12:04:32,998 [FATAL] Updater:351 - Updater called before beeing initialized
2025-08-23 12:04:32,999 [INFO] CADModel:165 - CPN selected for project level
2025-08-23 12:04:33,000 [INFO] CADModel:114 - Register for checkConnection events
2025-08-23 12:04:33,000 [FATAL] Updater:351 - Updater called before beeing initialized
2025-08-23 12:04:33,000 [ERROR] CADModel:125 - Updater not yet initialized, retry later 
2025-08-23 12:04:33,006 [FATAL] Updater:351 - Updater called before beeing initialized
2025-08-23 12:04:33,295 [FATAL] Updater:351 - Updater called before beeing initialized
2025-08-23 12:04:33,300 [INFO] DbMcusAds:53 - JSON generation date=Tue Jul 08 13:44:23 IST 2025 (1751962463582)
2025-08-23 12:04:33,300 [FATAL] Updater:351 - Updater called before beeing initialized
2025-08-23 12:04:33,399 [WARN] DetailPanel:346 - Failed to get advertising image, set to default
2025-08-23 12:04:33,614 [FATAL] Updater:351 - Updater called before beeing initialized
2025-08-23 12:04:33,615 [FATAL] Updater:351 - Updater called before beeing initialized
2025-08-23 12:04:33,616 [FATAL] Updater:351 - Updater called before beeing initialized
2025-08-23 12:04:33,616 [WARN] DetailPanel:346 - Failed to get advertising image, set to default
2025-08-23 12:04:33,617 [FATAL] Updater:351 - Updater called before beeing initialized
2025-08-23 12:04:33,757 [ERROR] Updater:1198 - MainUpdater not yet initialized. External WinMGr cannot be set.
2025-08-23 12:04:33,763 [INFO] Updater:1134 - Updater Version found : 6.15.0
2025-08-23 12:04:33,812 [INFO] ApplicationProperties:184 - Using Application install path: D:\Program Files\STM32IDE\STM32CubeIDE_1.19.0\STM32CubeIDE\plugins\com.st.stm32cube.common.mx_6.15.0.202507011659
2025-08-23 12:04:33,829 [INFO] ThirdPartyUpdaterWithRetryManager:70 - Updater plugin not ready yet. [2/15]
2025-08-23 12:04:35,443 [ERROR] LogOutputStream:75 - [STDERR_REDIRECT] Aug 23, 2025 12:04:35 PM java.util.prefs.WindowsPreferences <init>
2025-08-23 12:04:35,446 [ERROR] LogOutputStream:75 - [STDERR_REDIRECT] WARNING: Could not open/create prefs root node Software\JavaSoft\Prefs at root 0xffffffff80000002. Windows RegCreateKeyEx(...) returned error code 5.
2025-08-23 12:04:35,447 [ERROR] LogOutputStream:75 - [STDERR_REDIRECT] 
2025-08-23 12:04:36,401 [INFO] MainUpdater:2872 - connection check result : 10
2025-08-23 12:04:36,402 [INFO] MainUpdater:289 - Updater Check For Update Now.
2025-08-23 12:04:36,405 [INFO] MicroXplorer:498 - Change Database Version : DB.6.0.150
2025-08-23 12:04:36,437 [INFO] McuFinderGlobals:63 - Set McuFinder mode to 2 (CubeIDE integrated)
2025-08-23 12:04:36,439 [INFO] UserAuth:171 - activating auth plugin
2025-08-23 12:04:36,514 [INFO] UserAuth:487 - Internet connection configuration mode: 1
2025-08-23 12:04:36,548 [INFO] JxBrowserEngine:152 - Initiate JxBrowser Engine with user profile folder
2025-08-23 12:04:36,695 [INFO] CheckServerUpdateThread:120 - End of CheckServer Thread
2025-08-23 12:04:37,326 [WARN] PackLoader:240 - Cannot read IP mode file for STMicroelectronics.FP-SNS-MOTENVWB1.1.4.0
2025-08-23 12:04:37,339 [WARN] PackLoader:240 - Cannot read IP mode file for STMicroelectronics.FP-ATR-ASTRA1.2.0.2
2025-08-23 12:04:37,352 [WARN] PackLoader:240 - Cannot read IP mode file for STMicroelectronics.X-CUBE-SMBUS.2.1.0
2025-08-23 12:04:37,362 [WARN] PackLoader:240 - Cannot read IP mode file for STMicroelectronics.X-CUBE-ST60.1.0.0
2025-08-23 12:04:37,430 [WARN] PackLoader:240 - Cannot read IP mode file for STMicroelectronics.X-CUBE-AZRTOS-F7.1.1.0
2025-08-23 12:04:37,494 [WARN] PackLoader:240 - Cannot read IP mode file for Infineon.AIROC-Wi-Fi-Bluetooth-STM32.1.7.1
2025-08-23 12:04:37,576 [WARN] PackLoader:240 - Cannot read IP mode file for STMicroelectronics.X-CUBE-DISPLAY.3.0.0
2025-08-23 12:04:37,603 [WARN] PackLoader:240 - Cannot read IP mode file for STMicroelectronics.X-CUBE-NFC10.1.0.0
2025-08-23 12:04:37,619 [WARN] PackLoader:240 - Cannot read IP mode file for STMicroelectronics.X-CUBE-BLEMGR.4.0.0
2025-08-23 12:04:37,630 [WARN] PackLoader:240 - Cannot read IP mode file for emotas.I-CUBE-CANOPEN.1.3.0
2025-08-23 12:04:37,649 [WARN] PackLoader:240 - Cannot read IP mode file for STMicroelectronics.FP-SNS-STBOX1.2.1.0
2025-08-23 12:04:37,671 [WARN] PackLoader:240 - Cannot read IP mode file for STMicroelectronics.FP-SNS-SMARTAG2.1.2.0
2025-08-23 12:04:37,681 [WARN] PackLoader:240 - Cannot read IP mode file for STMicroelectronics.FP-SNS-FLIGHT1.5.1.0
2025-08-23 12:04:37,694 [INFO] LogOutputStream:77 - [STDOUT_REDIRECT] 1 : Invalid condition id : UX_CORESTACK_Condition cause : null
2025-08-23 12:04:37,695 [INFO] LogOutputStream:77 - [STDOUT_REDIRECT] 1 : Invalid condition id : UX_CORESTACK_Condition cause : null
2025-08-23 12:04:37,696 [INFO] LogOutputStream:77 - [STDOUT_REDIRECT] 1 : Invalid condition id : UX_CORESTACK_Condition cause : null
2025-08-23 12:04:37,697 [INFO] LogOutputStream:77 - [STDOUT_REDIRECT] 1 : Invalid condition id : UX_CORESTACK_Condition cause : null
2025-08-23 12:04:37,699 [INFO] LogOutputStream:77 - [STDOUT_REDIRECT] 1 : Invalid condition id : UX_CORESTACK_Condition cause : null
2025-08-23 12:04:37,704 [WARN] PackLoader:240 - Cannot read IP mode file for STMicroelectronics.X-CUBE-AZRTOS-WL.2.0.0
2025-08-23 12:04:37,712 [WARN] PackLoader:240 - Cannot read IP mode file for STMicroelectronics.FP-SNS-MOTENV1.5.0.0
2025-08-23 12:04:37,738 [WARN] PackLoader:240 - Cannot read IP mode file for WES.I-CUBE-Cesium.1.3.0
2025-08-23 12:04:37,747 [WARN] PackLoader:240 - Cannot read IP mode file for STMicroelectronics.X-CUBE-BLE2.3.3.0
2025-08-23 12:04:37,757 [WARN] PackLoader:240 - Cannot read IP mode file for STMicroelectronics.X-CUBE-NFC9.1.0.0
2025-08-23 12:04:37,768 [WARN] PackLoader:240 - Cannot read IP mode file for wolfSSL.I-CUBE-wolfSSL.5.8.0
2025-08-23 12:04:37,774 [WARN] PackLoader:240 - Cannot read IP mode file for STMicroelectronics.X-CUBE-BLE1.7.1.0
2025-08-23 12:04:37,781 [WARN] PackLoader:240 - Cannot read IP mode file for wolfSSL.I-CUBE-wolfMQTT.1.19.2
2025-08-23 12:04:37,787 [WARN] PackLoader:240 - Cannot read IP mode file for STMicroelectronics.X-CUBE-AI.10.1.0
2025-08-23 12:04:37,806 [WARN] PackLoader:240 - Cannot read IP mode file for STMicroelectronics.X-CUBE-AZRTOS-G0.1.1.0
2025-08-23 12:04:37,822 [WARN] PackLoader:240 - Cannot read IP mode file for STMicroelectronics.X-CUBE-SAFEA1.1.2.2
2025-08-23 12:04:37,832 [WARN] PackLoader:240 - Cannot read IP mode file for STMicroelectronics.X-CUBE-NFC4.3.0.0
2025-08-23 12:04:37,849 [WARN] PackLoader:240 - Cannot read IP mode file for EmbeddedOffice.I-CUBE-FS-RTOS.1.0.1
2025-08-23 12:04:37,861 [WARN] PackLoader:240 - Cannot read IP mode file for STMicroelectronics.X-CUBE-WB05N.2.0.0
2025-08-23 12:04:37,867 [WARN] PackLoader:240 - Cannot read IP mode file for wolfSSL.I-CUBE-wolfTPM.3.8.0
2025-08-23 12:04:37,875 [WARN] PackLoader:240 - Cannot read IP mode file for STMicroelectronics.X-CUBE-TCPP.4.2.0
2025-08-23 12:04:37,894 [WARN] PackLoader:240 - Cannot read IP mode file for RealThread.X-CUBE-RT-Thread_Nano.4.1.1
2025-08-23 12:04:37,903 [WARN] PackLoader:240 - Cannot read IP mode file for STMicroelectronics.FP-ATR-SIGFOX1.3.2.0
2025-08-23 12:04:37,915 [WARN] PackLoader:240 - Cannot read IP mode file for ITTIA_DB.I-CUBE-ITTIADB.8.9.0
2025-08-23 12:04:37,939 [WARN] PackLoader:240 - Cannot read IP mode file for STMicroelectronics.X-CUBE-ST67W61.1.0.0
2025-08-23 12:04:37,949 [WARN] PackLoader:240 - Cannot read IP mode file for STMicroelectronics.X-CUBE-AI.10.2.0
2025-08-23 12:04:38,118 [WARN] PackLoader:240 - Cannot read IP mode file for SEGGER.I-CUBE-embOS.1.3.1
2025-08-23 12:04:38,275 [WARN] PackLoader:240 - Cannot read IP mode file for STMicroelectronics.X-CUBE-ALGOBUILD.1.4.0
2025-08-23 12:04:38,547 [WARN] PackLoader:240 - Cannot read IP mode file for STMicroelectronics.X-CUBE-MEMS1.11.3.0
2025-08-23 12:04:38,681 [INFO] WebApp:169 - Instantiating new browser for Auth
2025-08-23 12:04:39,014 [WARN] PackLoader:240 - Cannot read IP mode file for STMicroelectronics.X-CUBE-PM33A1.1.0.0
2025-08-23 12:04:39,032 [WARN] PackLoader:240 - Cannot read IP mode file for STMicroelectronics.X-CUBE-AZRTOS-F4.1.1.0
2025-08-23 12:04:39,053 [WARN] PackLoader:240 - Cannot read IP mode file for Avnet-IotConnect.X-CUBE-IoTC-DA16k-PMOD.1.0.0
2025-08-23 12:04:39,062 [WARN] PackLoader:240 - Cannot read IP mode file for STMicroelectronics.X-CUBE-ISPU.2.1.0
2025-08-23 12:04:39,081 [WARN] PackLoader:240 - Cannot read IP mode file for STMicroelectronics.X-CUBE-AZRTOS-L5.2.0.0
2025-08-23 12:04:39,104 [WARN] PackLoader:240 - Cannot read IP mode file for STMicroelectronics.X-CUBE-NFC6.3.1.0
2025-08-23 12:04:39,117 [WARN] PackLoader:240 - Cannot read IP mode file for STMicroelectronics.X-CUBE-FREERTOS.1.3.1
2025-08-23 12:04:39,140 [WARN] PackLoader:240 - Cannot read IP mode file for STMicroelectronics.X-CUBE-DPower.1.3.0
2025-08-23 12:04:39,177 [WARN] ConditionMgr:438 - getConditionDescription Invalid condition id : LAN8742 Phy interface Condition cause : null
2025-08-23 12:04:39,180 [WARN] PackLoader:240 - Cannot read IP mode file for STMicroelectronics.X-CUBE-AZRTOS-L4.2.0.0
2025-08-23 12:04:39,183 [WARN] ConditionMgr:1044 - genDependencies : Invalid condition id : LAN8742 Phy interface Condition cause : null
2025-08-23 12:04:39,183 [WARN] ConditionMgr:1044 - genDependencies : Invalid condition id : LAN8742 Phy interface Condition cause : null
2025-08-23 12:04:39,184 [WARN] ConditionMgr:1044 - genDependencies : Invalid condition id : LAN8742 Phy interface Condition cause : null
2025-08-23 12:04:39,198 [WARN] PackLoader:240 - Cannot read IP mode file for STMicroelectronics.X-CUBE-SFXS2LP1.4.0.0
2025-08-23 12:04:39,207 [WARN] PackLoader:240 - Cannot read IP mode file for STMicroelectronics.X-CUBE-BLEMGR.4.1.0
2025-08-23 12:04:39,221 [WARN] ConditionMgr:438 - getConditionDescription Invalid condition id : UX DEVICE CLASS RTOS Condition cause : null
2025-08-23 12:04:39,221 [WARN] ConditionMgr:438 - getConditionDescription Invalid condition id : UX DEVICE CLASS RTOS Condition cause : null
2025-08-23 12:04:39,223 [WARN] PackLoader:240 - Cannot read IP mode file for STMicroelectronics.X-CUBE-AZRTOS-WB.2.0.0
2025-08-23 12:04:39,223 [WARN] ConditionMgr:1044 - genDependencies : Invalid condition id : UX DEVICE CLASS RTOS Condition cause : null
2025-08-23 12:04:39,224 [WARN] ConditionMgr:1044 - genDependencies : Invalid condition id : UX DEVICE CLASS RTOS Condition cause : null
2025-08-23 12:04:39,224 [WARN] ConditionMgr:1044 - genDependencies : Invalid condition id : UX DEVICE CLASS RTOS Condition cause : null
2025-08-23 12:04:39,224 [WARN] ConditionMgr:1044 - genDependencies : Invalid condition id : UX DEVICE CLASS RTOS Condition cause : null
2025-08-23 12:04:39,224 [WARN] ConditionMgr:1044 - genDependencies : Invalid condition id : UX DEVICE CLASS RTOS Condition cause : null
2025-08-23 12:04:39,233 [WARN] PackLoader:240 - Cannot read IP mode file for STMicroelectronics.X-CUBE-GNSS1.7.0.1
2025-08-23 12:04:39,241 [WARN] PackLoader:240 - Cannot read IP mode file for STMicroelectronics.X-CUBE-TOUCHGFX.4.25.0
2025-08-23 12:04:39,247 [WARN] PackLoader:240 - Cannot read IP mode file for STMicroelectronics.FP-SNS-STBOX1.2.0.0
2025-08-23 12:04:39,255 [WARN] ConditionMgr:438 - getConditionDescription Invalid condition id : Cortex-A Device cause : null
2025-08-23 12:04:39,278 [WARN] ConditionMgr:1044 - genDependencies : Invalid condition id : Cortex-A Device cause : null
2025-08-23 12:04:39,278 [WARN] ConditionMgr:1044 - genDependencies : Invalid condition id : Cortex-A Device cause : null
2025-08-23 12:04:39,278 [WARN] ConditionMgr:1044 - genDependencies : Invalid condition id : Cortex-A Device cause : null
2025-08-23 12:04:39,293 [WARN] PackLoader:240 - Cannot read IP mode file for STMicroelectronics.X-CUBE-SUBG2.5.0.0
2025-08-23 12:04:39,327 [WARN] PackLoader:240 - Cannot read IP mode file for STMicroelectronics.X-CUBE-AZRTOS-H7RS.1.1.0
2025-08-23 12:04:39,339 [WARN] PackLoader:240 - Cannot read IP mode file for Cesanta.I-CUBE-Mongoose.7.13.0
2025-08-23 12:04:39,352 [WARN] PackLoader:240 - Cannot read IP mode file for STMicroelectronics.X-CUBE-AZRTOS-G4.2.0.0
2025-08-23 12:04:39,360 [WARN] PackLoader:240 - Cannot read IP mode file for wolfSSL.I-CUBE-wolfSSH.1.4.20
2025-08-23 12:04:39,370 [WARN] PackLoader:240 - Cannot read IP mode file for STMicroelectronics.X-CUBE-NFC7.2.0.0
2025-08-23 12:04:39,390 [WARN] PackLoader:240 - Cannot read IP mode file for STMicroelectronics.X-CUBE-IPS.3.1.0
2025-08-23 12:04:39,408 [WARN] PackLoader:240 - Cannot read IP mode file for STMicroelectronics.X-CUBE-ALS.1.0.2
2025-08-23 12:04:39,416 [WARN] PackLoader:240 - Cannot read IP mode file for portGmbH.I-Cube-SoM-uGOAL.1.1.0
2025-08-23 12:04:39,432 [WARN] PackLoader:240 - Cannot read IP mode file for STMicroelectronics.X-CUBE-TOF1.3.4.3
2025-08-23 12:04:39,441 [INFO] ThirdParty:978 - Integrity check success = true
2025-08-23 12:04:39,441 [INFO] IntegrityCheckThread:100 - exiting critical section [integrity check]
2025-08-23 12:04:39,441 [INFO] IntegrityCheckThread:103 - End integrity checks thread
2025-08-23 12:04:40,044 [INFO] WebApp:463 - Apply proxy settings
2025-08-23 12:04:40,044 [INFO] WebApp:548 - Chromium requires no authentication
2025-08-23 12:04:40,056 [INFO] WebApp:491 - Direct internet connection detected
2025-08-23 12:04:40,079 [INFO] WebApp:900 - Register for checkConnection events
2025-08-23 12:04:40,079 [INFO] WebApp:463 - Apply proxy settings
2025-08-23 12:04:40,080 [INFO] WebApp:548 - Chromium requires no authentication
2025-08-23 12:04:40,080 [INFO] WebApp:491 - Direct internet connection detected
2025-08-23 12:04:40,367 [INFO] WebApp:225 - Starting web application
2025-08-23 12:04:40,368 [INFO] WebApp:593 - Web application path used D:\Program Files\STM32IDE\STM32CubeIDE_1.19.0\STM32CubeIDE\plugins\com.st.stm32cube.common.mx_6.15.0.202507011659\db\plugins\mcufinder\reactClient1\index.html
2025-08-23 12:04:41,566 [INFO] WebApp:191 - Connection restablished
2025-08-23 14:08:13,088 [INFO] WebApp:194 - Connection lost
2025-08-23 14:08:13,404 [INFO] WebApp:191 - Connection restablished
2025-08-23 14:08:15,287 [INFO] WebApp:194 - Connection lost
2025-08-23 14:08:16,229 [INFO] WebApp:191 - Connection restablished
2025-08-23 14:08:18,187 [INFO] WebApp:194 - Connection lost
2025-08-23 14:08:18,404 [INFO] WebApp:191 - Connection restablished
2025-08-23 14:10:02,967 [INFO] WebApp:194 - Connection lost
2025-08-23 14:10:03,359 [INFO] WebApp:191 - Connection restablished
2025-08-23 15:58:50,415 [ERROR] LogOutputStream:75 - [STDERR_REDIRECT] 
2025-08-23 15:58:50,416 [ERROR] LogOutputStream:75 - [STDERR_REDIRECT] 
2025-08-23 16:03:30,159 [INFO] Activator:176 - 


2025-08-23 16:03:30,160 [INFO] Activator:177 - !SESSION log4j initialized
2025-08-23 16:03:35,444 [INFO] LogOutputStream:77 - [STDOUT_REDIRECT] 
2025-08-23 16:03:38,251 [INFO] ApplicationProperties:184 - Using Application install path: D:\Program Files\STM32IDE\STM32CubeIDE_1.19.0\STM32CubeIDE\plugins\com.st.stm32cube.common.mx_6.15.0.202507011659
2025-08-23 16:03:38,266 [INFO] DbMcusXml:78 - Set database path to: D:\Program Files\STM32IDE\STM32CubeIDE_1.19.0\STM32CubeIDE\plugins\com.st.stm32cube.common.mx_6.15.0.202507011659\\db\/mcu/
2025-08-23 16:03:38,266 [INFO] ApiDb:274 - Set plugin database path to: D:\Program Files\STM32IDE\STM32CubeIDE_1.19.0\STM32CubeIDE\plugins\com.st.stm32cube.common.mx_6.15.0.202507011659\\db\/plugins/boardmanager/
2025-08-23 16:03:38,267 [WARN] ApiDb:259 - Overriding images path with different value:  => D:\Program Files\STM32IDE\STM32CubeIDE_1.19.0\STM32CubeIDE\plugins\com.st.stm32cube.common.mx_6.15.0.202507011659\\db\/plugins/mcufinder/images/
2025-08-23 16:03:38,273 [INFO] ApiDb:250 - Set database path to: C:\Users\NIKHIL\.stmcufinder\plugins\mcufinder//mcu/
2025-08-23 16:03:38,274 [INFO] DbMcusAds:125 - Set database path to: C:\Users\NIKHIL\.stmcufinder\plugins\mcufinder//mcu/
2025-08-23 16:03:38,275 [INFO] CrossReferenceDbSqlite:203 - Set database path to: C:\Users\NIKHIL\.stmcufinder\plugins\mcufinder//mcu/cs/
2025-08-23 16:03:38,357 [INFO] RulesReader:64 - Compatibility file has been processed (317 Rules)
2025-08-23 16:03:38,429 [INFO] DbMcusXml:78 - Set database path to: D:\Program Files\STM32IDE\STM32CubeIDE_1.19.0\STM32CubeIDE\plugins\com.st.stm32cube.common.mx_6.15.0.202507011659\\db\/mcu/
2025-08-23 16:03:38,429 [INFO] ApiDb:274 - Set plugin database path to: D:\Program Files\STM32IDE\STM32CubeIDE_1.19.0\STM32CubeIDE\plugins\com.st.stm32cube.common.mx_6.15.0.202507011659\\db\/plugins/boardmanager/
2025-08-23 16:03:38,429 [INFO] ApiDb:261 - Set plugin images path to: D:\Program Files\STM32IDE\STM32CubeIDE_1.19.0\STM32CubeIDE\plugins\com.st.stm32cube.common.mx_6.15.0.202507011659\\db\/plugins/mcufinder/images/
2025-08-23 16:03:38,429 [WARN] DbFile:41 - Overriding database path with different value: C:\Users\NIKHIL\.stmcufinder\plugins\mcufinder/ => C:\Users\NIKHIL\.stmcufinder\plugins\mcufinder
2025-08-23 16:03:38,429 [INFO] ApiDb:250 - Set database path to: C:\Users\NIKHIL\.stmcufinder\plugins\mcufinder//mcu/
2025-08-23 16:03:38,429 [WARN] DbFile:41 - Overriding database path with different value: C:\Users\NIKHIL\.stmcufinder\plugins\mcufinder/ => C:\Users\NIKHIL\.stmcufinder\plugins\mcufinder
2025-08-23 16:03:38,429 [INFO] DbMcusAds:125 - Set database path to: C:\Users\NIKHIL\.stmcufinder\plugins\mcufinder//mcu/
2025-08-23 16:03:38,429 [WARN] DbFile:41 - Overriding database path with different value: C:\Users\NIKHIL\.stmcufinder\plugins\mcufinder/ => C:\Users\NIKHIL\.stmcufinder\plugins\mcufinder
2025-08-23 16:03:38,430 [WARN] DbFile:41 - Overriding database path with different value: C:\Users\NIKHIL\.stmcufinder\plugins\mcufinder/ => C:\Users\NIKHIL\.stmcufinder\plugins\mcufinder
2025-08-23 16:03:38,430 [INFO] CrossReferenceDbSqlite:203 - Set database path to: C:\Users\NIKHIL\.stmcufinder\plugins\mcufinder//mcu/cs/
2025-08-23 16:03:38,487 [INFO] MainPanel:274 - HeapMemory: 268435456
2025-08-23 16:03:38,571 [INFO] DbMcusXml:78 - Set database path to: D:\Program Files\STM32IDE\STM32CubeIDE_1.19.0\STM32CubeIDE\plugins\com.st.stm32cube.common.mx_6.15.0.202507011659\\db\/mcu/
2025-08-23 16:03:38,571 [INFO] ApiDb:274 - Set plugin database path to: D:\Program Files\STM32IDE\STM32CubeIDE_1.19.0\STM32CubeIDE\plugins\com.st.stm32cube.common.mx_6.15.0.202507011659\\db\/plugins/boardmanager/
2025-08-23 16:03:38,571 [INFO] ApiDb:261 - Set plugin images path to: D:\Program Files\STM32IDE\STM32CubeIDE_1.19.0\STM32CubeIDE\plugins\com.st.stm32cube.common.mx_6.15.0.202507011659\\db\/plugins/mcufinder/images/
2025-08-23 16:03:38,571 [WARN] DbFile:41 - Overriding database path with different value: C:\Users\NIKHIL\.stmcufinder\plugins\mcufinder/ => C:\Users\NIKHIL\.stmcufinder\plugins\mcufinder
2025-08-23 16:03:38,572 [INFO] ApiDb:250 - Set database path to: C:\Users\NIKHIL\.stmcufinder\plugins\mcufinder//mcu/
2025-08-23 16:03:38,572 [WARN] DbFile:41 - Overriding database path with different value: C:\Users\NIKHIL\.stmcufinder\plugins\mcufinder/ => C:\Users\NIKHIL\.stmcufinder\plugins\mcufinder
2025-08-23 16:03:38,572 [INFO] DbMcusAds:125 - Set database path to: C:\Users\NIKHIL\.stmcufinder\plugins\mcufinder//mcu/
2025-08-23 16:03:38,572 [WARN] DbFile:41 - Overriding database path with different value: C:\Users\NIKHIL\.stmcufinder\plugins\mcufinder/ => C:\Users\NIKHIL\.stmcufinder\plugins\mcufinder
2025-08-23 16:03:38,572 [WARN] DbFile:41 - Overriding database path with different value: C:\Users\NIKHIL\.stmcufinder\plugins\mcufinder/ => C:\Users\NIKHIL\.stmcufinder\plugins\mcufinder
2025-08-23 16:03:38,572 [INFO] CrossReferenceDbSqlite:203 - Set database path to: C:\Users\NIKHIL\.stmcufinder\plugins\mcufinder//mcu/cs/
2025-08-23 16:03:38,587 [INFO] ApplicationProperties:184 - Using Application install path: D:\Program Files\STM32IDE\STM32CubeIDE_1.19.0\STM32CubeIDE\plugins\com.st.stm32cube.common.mx_6.15.0.202507011659
2025-08-23 16:03:38,588 [INFO] PluginManage:196 - Search for loadable plugins [exclusion list=, ]
2025-08-23 16:03:38,589 [INFO] PluginManage:310 - Check plugin analytics
2025-08-23 16:03:38,817 [INFO] AnalyticsPlugin:253 - Accepted Software Licenses: 
2025-08-23 16:03:38,817 [INFO] AnalyticsPlugin:255 - Accepted CMSIS Pack Licenses: 
2025-08-23 16:03:38,817 [INFO] AnalyticsPlugin:257 - Accepted Firmware Licenses: 
2025-08-23 16:03:38,823 [INFO] PluginManage:359 - Loaded plugin analytics (category:tool,tabindex:-1)
2025-08-23 16:03:38,823 [INFO] PluginManage:310 - Check plugin cadmodel
2025-08-23 16:03:38,828 [INFO] CADModel:105 - Init CAD model plugin
2025-08-23 16:03:38,828 [INFO] PluginManage:359 - Loaded plugin cadmodel (category:power,tabindex:5)
2025-08-23 16:03:38,829 [INFO] PluginManage:310 - Check plugin clock
2025-08-23 16:03:38,839 [INFO] PluginManage:359 - Loaded plugin clock (category:base,tabindex:2)
2025-08-23 16:03:38,840 [INFO] PluginManage:310 - Check plugin ddr
2025-08-23 16:03:38,845 [INFO] PluginManage:359 - Loaded plugin ddr (category:tool,tabindex:6)
2025-08-23 16:03:38,846 [INFO] PluginManage:310 - Check plugin filemanager
2025-08-23 16:03:38,987 [INFO] PluginManage:359 - Loaded plugin filemanager (category:base,tabindex:10)
2025-08-23 16:03:38,987 [INFO] PluginManage:310 - Check plugin ipmanager
2025-08-23 16:03:38,995 [INFO] PluginManage:359 - Loaded plugin ipmanager (category:base,tabindex:5)
2025-08-23 16:03:38,996 [INFO] PluginManage:310 - Check plugin lpbam
2025-08-23 16:03:39,005 [INFO] PluginManage:359 - Loaded plugin lpbam (category:base,tabindex:0)
2025-08-23 16:03:39,006 [INFO] PluginManage:310 - Check plugin memorymap
2025-08-23 16:03:39,031 [INFO] PluginManage:359 - Loaded plugin memorymap (category:base,tabindex:4)
2025-08-23 16:03:39,031 [INFO] PluginManage:310 - Check plugin pinoutandconfiguration
2025-08-23 16:03:39,042 [INFO] PluginManage:359 - Loaded plugin pinoutandconfiguration (category:base,tabindex:1)
2025-08-23 16:03:39,042 [INFO] PluginManage:310 - Check plugin pinoutconfig
2025-08-23 16:03:39,132 [WARN] SupportedApi:132 - Cannot load RTOS API schema: s4s-elt-must-match.1: The content of 'definitions' must match (annotation?, (simpleType | complexType)?, (unique | key | keyref)*)). A problem was found starting at: attribute.
2025-08-23 16:03:39,250 [INFO] PluginManage:359 - Loaded plugin pinoutconfig (category:base,tabindex:0)
2025-08-23 16:03:39,250 [INFO] PluginManage:310 - Check plugin power
2025-08-23 16:03:39,257 [INFO] PluginManage:359 - Loaded plugin power (category:power,tabindex:4)
2025-08-23 16:03:39,257 [INFO] PluginManage:310 - Check plugin projectmanager
2025-08-23 16:03:39,271 [INFO] PluginManage:359 - Loaded plugin projectmanager (category:projectmanager,tabindex:4)
2025-08-23 16:03:39,271 [INFO] PluginManage:310 - Check plugin rif
2025-08-23 16:03:39,284 [INFO] PluginManage:359 - Loaded plugin rif (category:base,tabindex:3)
2025-08-23 16:03:39,284 [INFO] PluginManage:310 - Check plugin thirdparty
2025-08-23 16:03:39,427 [INFO] PluginManage:359 - Loaded plugin thirdparty (category:base,tabindex:-1)
2025-08-23 16:03:39,428 [INFO] PluginManage:310 - Check plugin tools
2025-08-23 16:03:39,427 [WARN] IntegrityCheckThread:84 - waiting for thirdparty lock release [integrity check]
2025-08-23 16:03:39,428 [INFO] IntegrityCheckThread:86 - entering critical section [integrity check]
2025-08-23 16:03:39,428 [INFO] ThirdPartyUpdaterWithRetryManager:70 - Updater plugin not ready yet. [1/15]
2025-08-23 16:03:39,429 [INFO] PluginManage:359 - Loaded plugin tools (category:base,tabindex:7)
2025-08-23 16:03:39,430 [INFO] PluginManage:310 - Check plugin tutovideos
2025-08-23 16:03:39,601 [INFO] PluginManage:359 - Loaded plugin tutovideos (category:base,tabindex:-1)
2025-08-23 16:03:39,601 [INFO] PluginManage:310 - Check plugin updater
2025-08-23 16:03:39,614 [INFO] PluginManage:359 - Loaded plugin updater (category:base,tabindex:12)
2025-08-23 16:03:39,614 [INFO] PluginManage:310 - Check plugin userauth
2025-08-23 16:03:39,618 [INFO] UserAuth:118 - Init User Auth plugin
2025-08-23 16:03:39,619 [INFO] PluginManage:359 - Loaded plugin userauth (category:base,tabindex:14)
2025-08-23 16:03:39,619 [INFO] PluginManage:283 - PluginManage : Loaded plugins [18]
2025-08-23 16:03:39,788 [INFO] PinOutPanel:1589 - setPackage(No Configuration,No Configuration)
2025-08-23 16:03:39,857 [INFO] CADModel:165 - CPN selected for project level
2025-08-23 16:03:39,857 [INFO] CADModel:114 - Register for checkConnection events
2025-08-23 16:03:39,873 [INFO] IPUIPlugin:80 - create IPUIPlugin
2025-08-23 16:03:39,874 [INFO] PluginManager:220 - loadIPPluginJar : add adc
2025-08-23 16:03:39,876 [INFO] IPUIPlugin:80 - create IPUIPlugin
2025-08-23 16:03:39,876 [INFO] PluginManager:220 - loadIPPluginJar : add aes
2025-08-23 16:03:39,878 [INFO] IPUIPlugin:80 - create IPUIPlugin
2025-08-23 16:03:39,878 [INFO] PluginManager:220 - loadIPPluginJar : add can
2025-08-23 16:03:39,880 [INFO] IPUIPlugin:80 - create IPUIPlugin
2025-08-23 16:03:39,880 [INFO] PluginManager:220 - loadIPPluginJar : add comp
2025-08-23 16:03:39,884 [INFO] IPUIPlugin:80 - create IPUIPlugin
2025-08-23 16:03:39,884 [INFO] PluginManager:220 - loadIPPluginJar : add cryp
2025-08-23 16:03:39,888 [INFO] IPUIPlugin:80 - create IPUIPlugin
2025-08-23 16:03:39,888 [INFO] PluginManager:220 - loadIPPluginJar : add ddr_ctrl_phy
2025-08-23 16:03:39,890 [INFO] IPUIPlugin:80 - create IPUIPlugin
2025-08-23 16:03:39,891 [INFO] PluginManager:220 - loadIPPluginJar : add dfsdm
2025-08-23 16:03:39,897 [INFO] IPUIPlugin:80 - create IPUIPlugin
2025-08-23 16:03:39,897 [INFO] PluginManager:220 - loadIPPluginJar : add dma
2025-08-23 16:03:39,899 [INFO] IPUIPlugin:80 - create IPUIPlugin
2025-08-23 16:03:39,899 [INFO] PluginManager:220 - loadIPPluginJar : add dma3
2025-08-23 16:03:39,902 [INFO] IPUIPlugin:80 - create IPUIPlugin
2025-08-23 16:03:39,902 [INFO] PluginManager:220 - loadIPPluginJar : add extmemmanager
2025-08-23 16:03:39,903 [INFO] IPUIPlugin:80 - create IPUIPlugin
2025-08-23 16:03:39,904 [INFO] PluginManager:220 - loadIPPluginJar : add fatfs
2025-08-23 16:03:39,908 [INFO] IPUIPlugin:80 - create IPUIPlugin
2025-08-23 16:03:39,908 [INFO] PluginManager:220 - loadIPPluginJar : add fmc
2025-08-23 16:03:39,915 [INFO] IPUIPlugin:80 - create IPUIPlugin
2025-08-23 16:03:39,915 [INFO] PluginManager:220 - loadIPPluginJar : add freertos
2025-08-23 16:03:39,916 [INFO] IPUIPlugin:80 - create IPUIPlugin
2025-08-23 16:03:39,916 [INFO] PluginManager:220 - loadIPPluginJar : add genericplugin
2025-08-23 16:03:39,918 [INFO] IPUIPlugin:80 - create IPUIPlugin
2025-08-23 16:03:39,918 [INFO] PluginManager:220 - loadIPPluginJar : add gfxmmu
2025-08-23 16:03:39,921 [INFO] IPUIPlugin:80 - create IPUIPlugin
2025-08-23 16:03:39,922 [INFO] PluginManager:220 - loadIPPluginJar : add gic
2025-08-23 16:03:39,926 [INFO] IPUIPlugin:80 - create IPUIPlugin
2025-08-23 16:03:39,926 [INFO] PluginManager:220 - loadIPPluginJar : add gpio
2025-08-23 16:03:39,928 [INFO] IPUIPlugin:80 - create IPUIPlugin
2025-08-23 16:03:39,929 [INFO] PluginManager:220 - loadIPPluginJar : add gtzc
2025-08-23 16:03:39,930 [INFO] IPUIPlugin:80 - create IPUIPlugin
2025-08-23 16:03:39,930 [INFO] PluginManager:220 - loadIPPluginJar : add hash
2025-08-23 16:03:39,932 [INFO] IPUIPlugin:80 - create IPUIPlugin
2025-08-23 16:03:39,933 [INFO] PluginManager:220 - loadIPPluginJar : add i2c
2025-08-23 16:03:39,935 [INFO] IPUIPlugin:80 - create IPUIPlugin
2025-08-23 16:03:39,935 [INFO] PluginManager:220 - loadIPPluginJar : add i2s
2025-08-23 16:03:39,938 [INFO] IPUIPlugin:80 - create IPUIPlugin
2025-08-23 16:03:39,938 [INFO] PluginManager:220 - loadIPPluginJar : add i3c
2025-08-23 16:03:39,942 [INFO] IPUIPlugin:80 - create IPUIPlugin
2025-08-23 16:03:39,943 [INFO] PluginManager:220 - loadIPPluginJar : add ipddr
2025-08-23 16:03:39,949 [INFO] IPUIPlugin:80 - create IPUIPlugin
2025-08-23 16:03:39,949 [INFO] PluginManager:220 - loadIPPluginJar : add linkedlist
2025-08-23 16:03:39,952 [INFO] IPUIPlugin:80 - create IPUIPlugin
2025-08-23 16:03:39,952 [INFO] PluginManager:220 - loadIPPluginJar : add lorawan
2025-08-23 16:03:39,953 [INFO] IPUIPlugin:80 - create IPUIPlugin
2025-08-23 16:03:39,953 [INFO] PluginManager:220 - loadIPPluginJar : add ltdc
2025-08-23 16:03:39,958 [INFO] IPUIPlugin:80 - create IPUIPlugin
2025-08-23 16:03:39,958 [INFO] PluginManager:220 - loadIPPluginJar : add mdma
2025-08-23 16:03:39,961 [INFO] IPUIPlugin:80 - create IPUIPlugin
2025-08-23 16:03:39,961 [INFO] PluginManager:220 - loadIPPluginJar : add nvic
2025-08-23 16:03:39,963 [INFO] IPUIPlugin:80 - create IPUIPlugin
2025-08-23 16:03:39,963 [INFO] PluginManager:220 - loadIPPluginJar : add opamp
2025-08-23 16:03:39,965 [INFO] IPUIPlugin:80 - create IPUIPlugin
2025-08-23 16:03:39,965 [INFO] PluginManager:220 - loadIPPluginJar : add openamp
2025-08-23 16:03:39,969 [INFO] IPUIPlugin:80 - create IPUIPlugin
2025-08-23 16:03:39,969 [INFO] PluginManager:220 - loadIPPluginJar : add pdm2pcm
2025-08-23 16:03:39,973 [INFO] IPUIPlugin:80 - create IPUIPlugin
2025-08-23 16:03:39,976 [INFO] PluginManager:220 - loadIPPluginJar : add plateformsettings
2025-08-23 16:03:39,977 [INFO] IPUIPlugin:80 - create IPUIPlugin
2025-08-23 16:03:39,977 [INFO] PluginManager:220 - loadIPPluginJar : add quadspi
2025-08-23 16:03:39,978 [INFO] IPUIPlugin:80 - create IPUIPlugin
2025-08-23 16:03:39,979 [INFO] PluginManager:220 - loadIPPluginJar : add radio
2025-08-23 16:03:39,981 [INFO] IPUIPlugin:80 - create IPUIPlugin
2025-08-23 16:03:39,981 [INFO] PluginManager:220 - loadIPPluginJar : add resmgrutility
2025-08-23 16:03:39,983 [INFO] IPUIPlugin:80 - create IPUIPlugin
2025-08-23 16:03:39,983 [INFO] PluginManager:220 - loadIPPluginJar : add sai
2025-08-23 16:03:39,986 [INFO] IPUIPlugin:80 - create IPUIPlugin
2025-08-23 16:03:39,986 [INFO] PluginManager:220 - loadIPPluginJar : add spi
2025-08-23 16:03:39,992 [INFO] IPUIPlugin:80 - create IPUIPlugin
2025-08-23 16:03:39,992 [INFO] PluginManager:220 - loadIPPluginJar : add stm32_wpan
2025-08-23 16:03:39,993 [INFO] IPUIPlugin:80 - create IPUIPlugin
2025-08-23 16:03:39,993 [INFO] PluginManager:220 - loadIPPluginJar : add tim
2025-08-23 16:03:39,995 [INFO] IPUIPlugin:80 - create IPUIPlugin
2025-08-23 16:03:39,996 [INFO] PluginManager:220 - loadIPPluginJar : add touchsensing
2025-08-23 16:03:39,997 [INFO] IPUIPlugin:80 - create IPUIPlugin
2025-08-23 16:03:39,997 [INFO] PluginManager:220 - loadIPPluginJar : add tracer_emb
2025-08-23 16:03:39,999 [INFO] IPUIPlugin:80 - create IPUIPlugin
2025-08-23 16:03:39,999 [INFO] PluginManager:220 - loadIPPluginJar : add ts
2025-08-23 16:03:40,000 [INFO] IPUIPlugin:80 - create IPUIPlugin
2025-08-23 16:03:40,000 [INFO] PluginManager:220 - loadIPPluginJar : add tsc
2025-08-23 16:03:40,001 [INFO] IPUIPlugin:80 - create IPUIPlugin
2025-08-23 16:03:40,001 [INFO] PluginManager:220 - loadIPPluginJar : add ucpd
2025-08-23 16:03:40,002 [INFO] IPUIPlugin:80 - create IPUIPlugin
2025-08-23 16:03:40,003 [INFO] PluginManager:220 - loadIPPluginJar : add usart
2025-08-23 16:03:40,005 [INFO] IPUIPlugin:80 - create IPUIPlugin
2025-08-23 16:03:40,005 [INFO] PluginManager:220 - loadIPPluginJar : add usbx
2025-08-23 16:03:40,119 [FATAL] Updater:351 - Updater called before beeing initialized
2025-08-23 16:03:40,159 [INFO] RulesReader:64 - Compatibility file has been processed (317 Rules)
2025-08-23 16:03:40,168 [INFO] RulesReader:64 - Compatibility file has been processed (317 Rules)
2025-08-23 16:03:40,178 [INFO] CADModel:165 - CPN selected for project level
2025-08-23 16:03:40,178 [INFO] CADModel:114 - Register for checkConnection events
2025-08-23 16:03:40,179 [FATAL] Updater:351 - Updater called before beeing initialized
2025-08-23 16:03:40,179 [ERROR] CADModel:125 - Updater not yet initialized, retry later 
2025-08-23 16:03:40,313 [FATAL] Updater:351 - Updater called before beeing initialized
2025-08-23 16:03:40,314 [INFO] CADModel:165 - CPN selected for project level
2025-08-23 16:03:40,314 [INFO] CADModel:114 - Register for checkConnection events
2025-08-23 16:03:40,314 [FATAL] Updater:351 - Updater called before beeing initialized
2025-08-23 16:03:40,314 [ERROR] CADModel:125 - Updater not yet initialized, retry later 
2025-08-23 16:03:40,317 [FATAL] Updater:351 - Updater called before beeing initialized
2025-08-23 16:03:40,415 [FATAL] Updater:351 - Updater called before beeing initialized
2025-08-23 16:03:40,418 [INFO] DbMcusAds:53 - JSON generation date=Tue Jul 08 13:44:23 IST 2025 (1751962463582)
2025-08-23 16:03:40,418 [FATAL] Updater:351 - Updater called before beeing initialized
2025-08-23 16:03:40,442 [WARN] DetailPanel:346 - Failed to get advertising image, set to default
2025-08-23 16:03:40,505 [FATAL] Updater:351 - Updater called before beeing initialized
2025-08-23 16:03:40,508 [FATAL] Updater:351 - Updater called before beeing initialized
2025-08-23 16:03:40,508 [FATAL] Updater:351 - Updater called before beeing initialized
2025-08-23 16:03:40,508 [WARN] DetailPanel:346 - Failed to get advertising image, set to default
2025-08-23 16:03:40,509 [FATAL] Updater:351 - Updater called before beeing initialized
2025-08-23 16:03:40,539 [ERROR] Updater:1198 - MainUpdater not yet initialized. External WinMGr cannot be set.
2025-08-23 16:03:40,541 [INFO] Updater:1134 - Updater Version found : 6.15.0
2025-08-23 16:03:40,555 [INFO] ApplicationProperties:184 - Using Application install path: D:\Program Files\STM32IDE\STM32CubeIDE_1.19.0\STM32CubeIDE\plugins\com.st.stm32cube.common.mx_6.15.0.202507011659
2025-08-23 16:03:42,134 [ERROR] LogOutputStream:75 - [STDERR_REDIRECT] Aug 23, 2025 4:03:42 PM java.util.prefs.WindowsPreferences <init>
2025-08-23 16:03:42,137 [ERROR] LogOutputStream:75 - [STDERR_REDIRECT] WARNING: Could not open/create prefs root node Software\JavaSoft\Prefs at root 0xffffffff80000002. Windows RegCreateKeyEx(...) returned error code 5.
2025-08-23 16:03:42,137 [ERROR] LogOutputStream:75 - [STDERR_REDIRECT] 
2025-08-23 16:03:42,429 [INFO] ThirdPartyUpdaterWithRetryManager:70 - Updater plugin not ready yet. [2/15]
2025-08-23 16:03:42,538 [INFO] MainUpdater:2872 - connection check result : 10
2025-08-23 16:03:42,539 [INFO] MainUpdater:289 - Updater Check For Update Now.
2025-08-23 16:03:42,539 [INFO] MicroXplorer:498 - Change Database Version : DB.6.0.150
2025-08-23 16:03:42,557 [INFO] McuFinderGlobals:63 - Set McuFinder mode to 2 (CubeIDE integrated)
2025-08-23 16:03:42,558 [INFO] UserAuth:171 - activating auth plugin
2025-08-23 16:03:42,562 [INFO] UserAuth:487 - Internet connection configuration mode: 1
2025-08-23 16:03:42,592 [INFO] JxBrowserEngine:152 - Initiate JxBrowser Engine with user profile folder
2025-08-23 16:03:42,714 [INFO] CheckServerUpdateThread:120 - End of CheckServer Thread
2025-08-23 16:03:43,227 [INFO] WebApp:169 - Instantiating new browser for Auth
2025-08-23 16:03:43,894 [INFO] WebApp:463 - Apply proxy settings
2025-08-23 16:03:43,894 [INFO] WebApp:548 - Chromium requires no authentication
2025-08-23 16:03:43,902 [INFO] WebApp:491 - Direct internet connection detected
2025-08-23 16:03:43,918 [INFO] WebApp:900 - Register for checkConnection events
2025-08-23 16:03:43,918 [INFO] WebApp:463 - Apply proxy settings
2025-08-23 16:03:43,919 [INFO] WebApp:548 - Chromium requires no authentication
2025-08-23 16:03:43,919 [INFO] WebApp:491 - Direct internet connection detected
2025-08-23 16:03:44,054 [INFO] WebApp:225 - Starting web application
2025-08-23 16:03:44,055 [INFO] WebApp:593 - Web application path used D:\Program Files\STM32IDE\STM32CubeIDE_1.19.0\STM32CubeIDE\plugins\com.st.stm32cube.common.mx_6.15.0.202507011659\db\plugins\mcufinder\reactClient1\index.html
2025-08-23 16:03:45,365 [INFO] WebApp:191 - Connection restablished
2025-08-23 16:03:45,620 [WARN] PackLoader:240 - Cannot read IP mode file for STMicroelectronics.FP-SNS-MOTENVWB1.1.4.0
2025-08-23 16:03:45,626 [WARN] PackLoader:240 - Cannot read IP mode file for STMicroelectronics.FP-ATR-ASTRA1.2.0.2
2025-08-23 16:03:45,630 [WARN] PackLoader:240 - Cannot read IP mode file for STMicroelectronics.X-CUBE-SMBUS.2.1.0
2025-08-23 16:03:45,635 [WARN] PackLoader:240 - Cannot read IP mode file for STMicroelectronics.X-CUBE-ST60.1.0.0
2025-08-23 16:03:45,653 [WARN] PackLoader:240 - Cannot read IP mode file for STMicroelectronics.X-CUBE-AZRTOS-F7.1.1.0
2025-08-23 16:03:45,672 [WARN] PackLoader:240 - Cannot read IP mode file for Infineon.AIROC-Wi-Fi-Bluetooth-STM32.1.7.1
2025-08-23 16:03:45,687 [WARN] PackLoader:240 - Cannot read IP mode file for STMicroelectronics.X-CUBE-DISPLAY.3.0.0
2025-08-23 16:03:45,701 [WARN] PackLoader:240 - Cannot read IP mode file for STMicroelectronics.X-CUBE-NFC10.1.0.0
2025-08-23 16:03:45,710 [WARN] PackLoader:240 - Cannot read IP mode file for STMicroelectronics.X-CUBE-BLEMGR.4.0.0
2025-08-23 16:03:45,716 [WARN] PackLoader:240 - Cannot read IP mode file for emotas.I-CUBE-CANOPEN.1.3.0
2025-08-23 16:03:45,721 [WARN] PackLoader:240 - Cannot read IP mode file for STMicroelectronics.FP-SNS-STBOX1.2.1.0
2025-08-23 16:03:45,726 [WARN] PackLoader:240 - Cannot read IP mode file for STMicroelectronics.FP-SNS-SMARTAG2.1.2.0
2025-08-23 16:03:45,730 [WARN] PackLoader:240 - Cannot read IP mode file for STMicroelectronics.FP-SNS-FLIGHT1.5.1.0
2025-08-23 16:03:45,743 [INFO] LogOutputStream:77 - [STDOUT_REDIRECT] 1 : Invalid condition id : UX_CORESTACK_Condition cause : null
2025-08-23 16:03:45,744 [INFO] LogOutputStream:77 - [STDOUT_REDIRECT] 1 : Invalid condition id : UX_CORESTACK_Condition cause : null
2025-08-23 16:03:45,745 [INFO] LogOutputStream:77 - [STDOUT_REDIRECT] 1 : Invalid condition id : UX_CORESTACK_Condition cause : null
2025-08-23 16:03:45,746 [INFO] LogOutputStream:77 - [STDOUT_REDIRECT] 1 : Invalid condition id : UX_CORESTACK_Condition cause : null
2025-08-23 16:03:45,747 [INFO] LogOutputStream:77 - [STDOUT_REDIRECT] 1 : Invalid condition id : UX_CORESTACK_Condition cause : null
2025-08-23 16:03:45,749 [WARN] PackLoader:240 - Cannot read IP mode file for STMicroelectronics.X-CUBE-AZRTOS-WL.2.0.0
2025-08-23 16:03:45,754 [WARN] PackLoader:240 - Cannot read IP mode file for STMicroelectronics.FP-SNS-MOTENV1.5.0.0
2025-08-23 16:03:45,762 [WARN] PackLoader:240 - Cannot read IP mode file for WES.I-CUBE-Cesium.1.3.0
2025-08-23 16:03:45,767 [WARN] PackLoader:240 - Cannot read IP mode file for STMicroelectronics.X-CUBE-BLE2.3.3.0
2025-08-23 16:03:45,772 [WARN] PackLoader:240 - Cannot read IP mode file for STMicroelectronics.X-CUBE-NFC9.1.0.0
2025-08-23 16:03:45,777 [WARN] PackLoader:240 - Cannot read IP mode file for wolfSSL.I-CUBE-wolfSSL.5.8.0
2025-08-23 16:03:45,782 [WARN] PackLoader:240 - Cannot read IP mode file for STMicroelectronics.X-CUBE-BLE1.7.1.0
2025-08-23 16:03:45,785 [WARN] PackLoader:240 - Cannot read IP mode file for wolfSSL.I-CUBE-wolfMQTT.1.19.2
2025-08-23 16:03:45,789 [WARN] PackLoader:240 - Cannot read IP mode file for STMicroelectronics.X-CUBE-AI.10.1.0
2025-08-23 16:03:45,798 [WARN] PackLoader:240 - Cannot read IP mode file for STMicroelectronics.X-CUBE-AZRTOS-G0.1.1.0
2025-08-23 16:03:45,805 [WARN] PackLoader:240 - Cannot read IP mode file for STMicroelectronics.X-CUBE-SAFEA1.1.2.2
2025-08-23 16:03:45,810 [WARN] PackLoader:240 - Cannot read IP mode file for STMicroelectronics.X-CUBE-NFC4.3.0.0
2025-08-23 16:03:45,817 [WARN] PackLoader:240 - Cannot read IP mode file for EmbeddedOffice.I-CUBE-FS-RTOS.1.0.1
2025-08-23 16:03:45,822 [WARN] PackLoader:240 - Cannot read IP mode file for STMicroelectronics.X-CUBE-WB05N.2.0.0
2025-08-23 16:03:45,827 [WARN] PackLoader:240 - Cannot read IP mode file for wolfSSL.I-CUBE-wolfTPM.3.8.0
2025-08-23 16:03:45,832 [WARN] PackLoader:240 - Cannot read IP mode file for STMicroelectronics.X-CUBE-TCPP.4.2.0
2025-08-23 16:03:45,839 [WARN] PackLoader:240 - Cannot read IP mode file for RealThread.X-CUBE-RT-Thread_Nano.4.1.1
2025-08-23 16:03:45,843 [WARN] PackLoader:240 - Cannot read IP mode file for STMicroelectronics.FP-ATR-SIGFOX1.3.2.0
2025-08-23 16:03:45,848 [WARN] PackLoader:240 - Cannot read IP mode file for ITTIA_DB.I-CUBE-ITTIADB.8.9.0
2025-08-23 16:03:45,855 [WARN] PackLoader:240 - Cannot read IP mode file for STMicroelectronics.X-CUBE-ST67W61.1.0.0
2025-08-23 16:03:45,860 [WARN] PackLoader:240 - Cannot read IP mode file for STMicroelectronics.X-CUBE-AI.10.2.0
2025-08-23 16:03:45,884 [WARN] PackLoader:240 - Cannot read IP mode file for SEGGER.I-CUBE-embOS.1.3.1
2025-08-23 16:03:45,922 [WARN] PackLoader:240 - Cannot read IP mode file for STMicroelectronics.X-CUBE-ALGOBUILD.1.4.0
2025-08-23 16:03:46,012 [WARN] PackLoader:240 - Cannot read IP mode file for STMicroelectronics.X-CUBE-MEMS1.11.3.0
2025-08-23 16:03:46,119 [WARN] PackLoader:240 - Cannot read IP mode file for STMicroelectronics.X-CUBE-PM33A1.1.0.0
2025-08-23 16:03:46,131 [WARN] PackLoader:240 - Cannot read IP mode file for STMicroelectronics.X-CUBE-AZRTOS-F4.1.1.0
2025-08-23 16:03:46,136 [WARN] PackLoader:240 - Cannot read IP mode file for Avnet-IotConnect.X-CUBE-IoTC-DA16k-PMOD.1.0.0
2025-08-23 16:03:46,140 [WARN] PackLoader:240 - Cannot read IP mode file for STMicroelectronics.X-CUBE-ISPU.2.1.0
2025-08-23 16:03:46,148 [WARN] PackLoader:240 - Cannot read IP mode file for STMicroelectronics.X-CUBE-AZRTOS-L5.2.0.0
2025-08-23 16:03:46,156 [WARN] PackLoader:240 - Cannot read IP mode file for STMicroelectronics.X-CUBE-NFC6.3.1.0
2025-08-23 16:03:46,162 [WARN] PackLoader:240 - Cannot read IP mode file for STMicroelectronics.X-CUBE-FREERTOS.1.3.1
2025-08-23 16:03:46,167 [WARN] PackLoader:240 - Cannot read IP mode file for STMicroelectronics.X-CUBE-DPower.1.3.0
2025-08-23 16:03:46,176 [WARN] ConditionMgr:438 - getConditionDescription Invalid condition id : LAN8742 Phy interface Condition cause : null
2025-08-23 16:03:46,176 [WARN] PackLoader:240 - Cannot read IP mode file for STMicroelectronics.X-CUBE-AZRTOS-L4.2.0.0
2025-08-23 16:03:46,176 [WARN] ConditionMgr:1044 - genDependencies : Invalid condition id : LAN8742 Phy interface Condition cause : null
2025-08-23 16:03:46,177 [WARN] ConditionMgr:1044 - genDependencies : Invalid condition id : LAN8742 Phy interface Condition cause : null
2025-08-23 16:03:46,177 [WARN] ConditionMgr:1044 - genDependencies : Invalid condition id : LAN8742 Phy interface Condition cause : null
2025-08-23 16:03:46,181 [WARN] PackLoader:240 - Cannot read IP mode file for STMicroelectronics.X-CUBE-SFXS2LP1.4.0.0
2025-08-23 16:03:46,186 [WARN] PackLoader:240 - Cannot read IP mode file for STMicroelectronics.X-CUBE-BLEMGR.4.1.0
2025-08-23 16:03:46,195 [WARN] ConditionMgr:438 - getConditionDescription Invalid condition id : UX DEVICE CLASS RTOS Condition cause : null
2025-08-23 16:03:46,195 [WARN] ConditionMgr:438 - getConditionDescription Invalid condition id : UX DEVICE CLASS RTOS Condition cause : null
2025-08-23 16:03:46,196 [WARN] PackLoader:240 - Cannot read IP mode file for STMicroelectronics.X-CUBE-AZRTOS-WB.2.0.0
2025-08-23 16:03:46,196 [WARN] ConditionMgr:1044 - genDependencies : Invalid condition id : UX DEVICE CLASS RTOS Condition cause : null
2025-08-23 16:03:46,196 [WARN] ConditionMgr:1044 - genDependencies : Invalid condition id : UX DEVICE CLASS RTOS Condition cause : null
2025-08-23 16:03:46,196 [WARN] ConditionMgr:1044 - genDependencies : Invalid condition id : UX DEVICE CLASS RTOS Condition cause : null
2025-08-23 16:03:46,196 [WARN] ConditionMgr:1044 - genDependencies : Invalid condition id : UX DEVICE CLASS RTOS Condition cause : null
2025-08-23 16:03:46,196 [WARN] ConditionMgr:1044 - genDependencies : Invalid condition id : UX DEVICE CLASS RTOS Condition cause : null
2025-08-23 16:03:46,201 [WARN] PackLoader:240 - Cannot read IP mode file for STMicroelectronics.X-CUBE-GNSS1.7.0.1
2025-08-23 16:03:46,207 [WARN] PackLoader:240 - Cannot read IP mode file for STMicroelectronics.X-CUBE-TOUCHGFX.4.25.0
2025-08-23 16:03:46,212 [WARN] PackLoader:240 - Cannot read IP mode file for STMicroelectronics.FP-SNS-STBOX1.2.0.0
2025-08-23 16:03:46,217 [WARN] ConditionMgr:438 - getConditionDescription Invalid condition id : Cortex-A Device cause : null
2025-08-23 16:03:46,229 [WARN] ConditionMgr:1044 - genDependencies : Invalid condition id : Cortex-A Device cause : null
2025-08-23 16:03:46,229 [WARN] ConditionMgr:1044 - genDependencies : Invalid condition id : Cortex-A Device cause : null
2025-08-23 16:03:46,229 [WARN] ConditionMgr:1044 - genDependencies : Invalid condition id : Cortex-A Device cause : null
2025-08-23 16:03:46,236 [WARN] PackLoader:240 - Cannot read IP mode file for STMicroelectronics.X-CUBE-SUBG2.5.0.0
2025-08-23 16:03:46,256 [WARN] PackLoader:240 - Cannot read IP mode file for STMicroelectronics.X-CUBE-AZRTOS-H7RS.1.1.0
2025-08-23 16:03:46,262 [WARN] PackLoader:240 - Cannot read IP mode file for Cesanta.I-CUBE-Mongoose.7.13.0
2025-08-23 16:03:46,275 [WARN] PackLoader:240 - Cannot read IP mode file for STMicroelectronics.X-CUBE-AZRTOS-G4.2.0.0
2025-08-23 16:03:46,280 [WARN] PackLoader:240 - Cannot read IP mode file for wolfSSL.I-CUBE-wolfSSH.1.4.20
2025-08-23 16:03:46,285 [WARN] PackLoader:240 - Cannot read IP mode file for STMicroelectronics.X-CUBE-NFC7.2.0.0
2025-08-23 16:03:46,296 [WARN] PackLoader:240 - Cannot read IP mode file for STMicroelectronics.X-CUBE-IPS.3.1.0
2025-08-23 16:03:46,303 [WARN] PackLoader:240 - Cannot read IP mode file for STMicroelectronics.X-CUBE-ALS.1.0.2
2025-08-23 16:03:46,307 [WARN] PackLoader:240 - Cannot read IP mode file for portGmbH.I-Cube-SoM-uGOAL.1.1.0
2025-08-23 16:03:46,314 [WARN] PackLoader:240 - Cannot read IP mode file for STMicroelectronics.X-CUBE-TOF1.3.4.3
2025-08-23 16:03:46,320 [INFO] ThirdParty:978 - Integrity check success = true
2025-08-23 16:03:46,320 [INFO] IntegrityCheckThread:100 - exiting critical section [integrity check]
2025-08-23 16:03:46,320 [INFO] IntegrityCheckThread:103 - End integrity checks thread
2025-08-23 16:22:53,164 [ERROR] LogOutputStream:75 - [STDERR_REDIRECT] 
2025-08-23 16:22:53,165 [ERROR] LogOutputStream:75 - [STDERR_REDIRECT] 
2025-08-23 22:36:22,923 [INFO] Activator:176 - 


2025-08-23 22:36:22,930 [INFO] Activator:177 - !SESSION log4j initialized
2025-08-23 22:36:39,599 [INFO] LogOutputStream:77 - [STDOUT_REDIRECT] 
2025-08-23 22:36:53,905 [INFO] ApplicationProperties:184 - Using Application install path: D:\Program Files\STM32IDE\STM32CubeIDE_1.19.0\STM32CubeIDE\plugins\com.st.stm32cube.common.mx_6.15.0.202507011659
2025-08-23 22:36:53,965 [INFO] DbMcusXml:78 - Set database path to: D:\Program Files\STM32IDE\STM32CubeIDE_1.19.0\STM32CubeIDE\plugins\com.st.stm32cube.common.mx_6.15.0.202507011659\\db\/mcu/
2025-08-23 22:36:53,966 [INFO] ApiDb:274 - Set plugin database path to: D:\Program Files\STM32IDE\STM32CubeIDE_1.19.0\STM32CubeIDE\plugins\com.st.stm32cube.common.mx_6.15.0.202507011659\\db\/plugins/boardmanager/
2025-08-23 22:36:53,966 [WARN] ApiDb:259 - Overriding images path with different value:  => D:\Program Files\STM32IDE\STM32CubeIDE_1.19.0\STM32CubeIDE\plugins\com.st.stm32cube.common.mx_6.15.0.202507011659\\db\/plugins/mcufinder/images/
2025-08-23 22:36:53,999 [INFO] ApiDb:250 - Set database path to: C:\Users\NIKHIL\.stmcufinder\plugins\mcufinder//mcu/
2025-08-23 22:36:54,008 [INFO] DbMcusAds:125 - Set database path to: C:\Users\NIKHIL\.stmcufinder\plugins\mcufinder//mcu/
2025-08-23 22:36:54,324 [INFO] CrossReferenceDbSqlite:203 - Set database path to: C:\Users\NIKHIL\.stmcufinder\plugins\mcufinder//mcu/cs/
2025-08-23 22:36:54,825 [INFO] RulesReader:64 - Compatibility file has been processed (317 Rules)
2025-08-23 22:36:55,161 [INFO] DbMcusXml:78 - Set database path to: D:\Program Files\STM32IDE\STM32CubeIDE_1.19.0\STM32CubeIDE\plugins\com.st.stm32cube.common.mx_6.15.0.202507011659\\db\/mcu/
2025-08-23 22:36:55,161 [INFO] ApiDb:274 - Set plugin database path to: D:\Program Files\STM32IDE\STM32CubeIDE_1.19.0\STM32CubeIDE\plugins\com.st.stm32cube.common.mx_6.15.0.202507011659\\db\/plugins/boardmanager/
2025-08-23 22:36:55,162 [INFO] ApiDb:261 - Set plugin images path to: D:\Program Files\STM32IDE\STM32CubeIDE_1.19.0\STM32CubeIDE\plugins\com.st.stm32cube.common.mx_6.15.0.202507011659\\db\/plugins/mcufinder/images/
2025-08-23 22:36:55,162 [WARN] DbFile:41 - Overriding database path with different value: C:\Users\NIKHIL\.stmcufinder\plugins\mcufinder/ => C:\Users\NIKHIL\.stmcufinder\plugins\mcufinder
2025-08-23 22:36:55,163 [INFO] ApiDb:250 - Set database path to: C:\Users\NIKHIL\.stmcufinder\plugins\mcufinder//mcu/
2025-08-23 22:36:55,163 [WARN] DbFile:41 - Overriding database path with different value: C:\Users\NIKHIL\.stmcufinder\plugins\mcufinder/ => C:\Users\NIKHIL\.stmcufinder\plugins\mcufinder
2025-08-23 22:36:55,163 [INFO] DbMcusAds:125 - Set database path to: C:\Users\NIKHIL\.stmcufinder\plugins\mcufinder//mcu/
2025-08-23 22:36:55,164 [WARN] DbFile:41 - Overriding database path with different value: C:\Users\NIKHIL\.stmcufinder\plugins\mcufinder/ => C:\Users\NIKHIL\.stmcufinder\plugins\mcufinder
2025-08-23 22:36:55,164 [WARN] DbFile:41 - Overriding database path with different value: C:\Users\NIKHIL\.stmcufinder\plugins\mcufinder/ => C:\Users\NIKHIL\.stmcufinder\plugins\mcufinder
2025-08-23 22:36:55,164 [INFO] CrossReferenceDbSqlite:203 - Set database path to: C:\Users\NIKHIL\.stmcufinder\plugins\mcufinder//mcu/cs/
2025-08-23 22:36:55,494 [INFO] MainPanel:274 - HeapMemory: 268435456
2025-08-23 22:36:55,885 [INFO] DbMcusXml:78 - Set database path to: D:\Program Files\STM32IDE\STM32CubeIDE_1.19.0\STM32CubeIDE\plugins\com.st.stm32cube.common.mx_6.15.0.202507011659\\db\/mcu/
2025-08-23 22:36:55,885 [INFO] ApiDb:274 - Set plugin database path to: D:\Program Files\STM32IDE\STM32CubeIDE_1.19.0\STM32CubeIDE\plugins\com.st.stm32cube.common.mx_6.15.0.202507011659\\db\/plugins/boardmanager/
2025-08-23 22:36:55,886 [INFO] ApiDb:261 - Set plugin images path to: D:\Program Files\STM32IDE\STM32CubeIDE_1.19.0\STM32CubeIDE\plugins\com.st.stm32cube.common.mx_6.15.0.202507011659\\db\/plugins/mcufinder/images/
2025-08-23 22:36:55,887 [WARN] DbFile:41 - Overriding database path with different value: C:\Users\NIKHIL\.stmcufinder\plugins\mcufinder/ => C:\Users\NIKHIL\.stmcufinder\plugins\mcufinder
2025-08-23 22:36:55,888 [INFO] ApiDb:250 - Set database path to: C:\Users\NIKHIL\.stmcufinder\plugins\mcufinder//mcu/
2025-08-23 22:36:55,888 [WARN] DbFile:41 - Overriding database path with different value: C:\Users\NIKHIL\.stmcufinder\plugins\mcufinder/ => C:\Users\NIKHIL\.stmcufinder\plugins\mcufinder
2025-08-23 22:36:55,888 [INFO] DbMcusAds:125 - Set database path to: C:\Users\NIKHIL\.stmcufinder\plugins\mcufinder//mcu/
2025-08-23 22:36:55,889 [WARN] DbFile:41 - Overriding database path with different value: C:\Users\NIKHIL\.stmcufinder\plugins\mcufinder/ => C:\Users\NIKHIL\.stmcufinder\plugins\mcufinder
2025-08-23 22:36:55,889 [WARN] DbFile:41 - Overriding database path with different value: C:\Users\NIKHIL\.stmcufinder\plugins\mcufinder/ => C:\Users\NIKHIL\.stmcufinder\plugins\mcufinder
2025-08-23 22:36:55,890 [INFO] CrossReferenceDbSqlite:203 - Set database path to: C:\Users\NIKHIL\.stmcufinder\plugins\mcufinder//mcu/cs/
2025-08-23 22:36:55,963 [INFO] ApplicationProperties:184 - Using Application install path: D:\Program Files\STM32IDE\STM32CubeIDE_1.19.0\STM32CubeIDE\plugins\com.st.stm32cube.common.mx_6.15.0.202507011659
2025-08-23 22:36:55,968 [INFO] PluginManage:196 - Search for loadable plugins [exclusion list=, ]
2025-08-23 22:36:55,974 [INFO] PluginManage:310 - Check plugin analytics
2025-08-23 22:36:56,978 [INFO] AnalyticsPlugin:253 - Accepted Software Licenses: 
2025-08-23 22:36:56,979 [INFO] AnalyticsPlugin:255 - Accepted CMSIS Pack Licenses: 
2025-08-23 22:36:56,982 [INFO] AnalyticsPlugin:257 - Accepted Firmware Licenses: 
2025-08-23 22:36:57,006 [INFO] PluginManage:359 - Loaded plugin analytics (category:tool,tabindex:-1)
2025-08-23 22:36:57,015 [INFO] PluginManage:310 - Check plugin cadmodel
2025-08-23 22:36:57,041 [INFO] CADModel:105 - Init CAD model plugin
2025-08-23 22:36:57,042 [INFO] PluginManage:359 - Loaded plugin cadmodel (category:power,tabindex:5)
2025-08-23 22:36:57,044 [INFO] PluginManage:310 - Check plugin clock
2025-08-23 22:36:57,096 [INFO] PluginManage:359 - Loaded plugin clock (category:base,tabindex:2)
2025-08-23 22:36:57,098 [INFO] PluginManage:310 - Check plugin ddr
2025-08-23 22:36:57,108 [INFO] PluginManage:359 - Loaded plugin ddr (category:tool,tabindex:6)
2025-08-23 22:36:57,111 [INFO] PluginManage:310 - Check plugin filemanager
2025-08-23 22:36:57,685 [INFO] PluginManage:359 - Loaded plugin filemanager (category:base,tabindex:10)
2025-08-23 22:36:57,686 [INFO] PluginManage:310 - Check plugin ipmanager
2025-08-23 22:36:57,712 [INFO] PluginManage:359 - Loaded plugin ipmanager (category:base,tabindex:5)
2025-08-23 22:36:57,713 [INFO] PluginManage:310 - Check plugin lpbam
2025-08-23 22:36:57,742 [INFO] PluginManage:359 - Loaded plugin lpbam (category:base,tabindex:0)
2025-08-23 22:36:57,743 [INFO] PluginManage:310 - Check plugin memorymap
2025-08-23 22:36:57,796 [INFO] PluginManage:359 - Loaded plugin memorymap (category:base,tabindex:4)
2025-08-23 22:36:57,796 [INFO] PluginManage:310 - Check plugin pinoutandconfiguration
2025-08-23 22:36:57,891 [INFO] PluginManage:359 - Loaded plugin pinoutandconfiguration (category:base,tabindex:1)
2025-08-23 22:36:57,892 [INFO] PluginManage:310 - Check plugin pinoutconfig
2025-08-23 22:36:58,218 [WARN] SupportedApi:132 - Cannot load RTOS API schema: s4s-elt-must-match.1: The content of 'definitions' must match (annotation?, (simpleType | complexType)?, (unique | key | keyref)*)). A problem was found starting at: attribute.
2025-08-23 22:36:58,741 [INFO] PluginManage:359 - Loaded plugin pinoutconfig (category:base,tabindex:0)
2025-08-23 22:36:58,741 [INFO] PluginManage:310 - Check plugin power
2025-08-23 22:36:58,770 [INFO] PluginManage:359 - Loaded plugin power (category:power,tabindex:4)
2025-08-23 22:36:58,771 [INFO] PluginManage:310 - Check plugin projectmanager
2025-08-23 22:36:58,838 [INFO] PluginManage:359 - Loaded plugin projectmanager (category:projectmanager,tabindex:4)
2025-08-23 22:36:58,838 [INFO] PluginManage:310 - Check plugin rif
2025-08-23 22:36:58,871 [INFO] PluginManage:359 - Loaded plugin rif (category:base,tabindex:3)
2025-08-23 22:36:58,872 [INFO] PluginManage:310 - Check plugin thirdparty
2025-08-23 22:36:59,465 [WARN] IntegrityCheckThread:84 - waiting for thirdparty lock release [integrity check]
2025-08-23 22:36:59,467 [INFO] PluginManage:359 - Loaded plugin thirdparty (category:base,tabindex:-1)
2025-08-23 22:36:59,467 [INFO] IntegrityCheckThread:86 - entering critical section [integrity check]
2025-08-23 22:36:59,468 [INFO] PluginManage:310 - Check plugin tools
2025-08-23 22:36:59,469 [INFO] ThirdPartyUpdaterWithRetryManager:70 - Updater plugin not ready yet. [1/15]
2025-08-23 22:36:59,477 [INFO] PluginManage:359 - Loaded plugin tools (category:base,tabindex:7)
2025-08-23 22:36:59,477 [INFO] PluginManage:310 - Check plugin tutovideos
2025-08-23 22:37:00,274 [INFO] PluginManage:359 - Loaded plugin tutovideos (category:base,tabindex:-1)
2025-08-23 22:37:00,275 [INFO] PluginManage:310 - Check plugin updater
2025-08-23 22:37:00,374 [INFO] PluginManage:359 - Loaded plugin updater (category:base,tabindex:12)
2025-08-23 22:37:00,375 [INFO] PluginManage:310 - Check plugin userauth
2025-08-23 22:37:00,388 [INFO] UserAuth:118 - Init User Auth plugin
2025-08-23 22:37:00,391 [INFO] PluginManage:359 - Loaded plugin userauth (category:base,tabindex:14)
2025-08-23 22:37:00,393 [INFO] PluginManage:283 - PluginManage : Loaded plugins [18]
2025-08-23 22:37:01,384 [INFO] PinOutPanel:1589 - setPackage(No Configuration,No Configuration)
2025-08-23 22:37:01,727 [INFO] CADModel:165 - CPN selected for project level
2025-08-23 22:37:01,728 [INFO] CADModel:114 - Register for checkConnection events
2025-08-23 22:37:01,795 [INFO] IPUIPlugin:80 - create IPUIPlugin
2025-08-23 22:37:01,796 [INFO] PluginManager:220 - loadIPPluginJar : add adc
2025-08-23 22:37:01,805 [INFO] IPUIPlugin:80 - create IPUIPlugin
2025-08-23 22:37:01,807 [INFO] PluginManager:220 - loadIPPluginJar : add aes
2025-08-23 22:37:01,821 [INFO] IPUIPlugin:80 - create IPUIPlugin
2025-08-23 22:37:01,824 [INFO] PluginManager:220 - loadIPPluginJar : add can
2025-08-23 22:37:01,831 [INFO] IPUIPlugin:80 - create IPUIPlugin
2025-08-23 22:37:01,831 [INFO] PluginManager:220 - loadIPPluginJar : add comp
2025-08-23 22:37:01,850 [INFO] IPUIPlugin:80 - create IPUIPlugin
2025-08-23 22:37:01,851 [INFO] PluginManager:220 - loadIPPluginJar : add cryp
2025-08-23 22:37:01,865 [INFO] IPUIPlugin:80 - create IPUIPlugin
2025-08-23 22:37:01,867 [INFO] PluginManager:220 - loadIPPluginJar : add ddr_ctrl_phy
2025-08-23 22:37:01,876 [INFO] IPUIPlugin:80 - create IPUIPlugin
2025-08-23 22:37:01,876 [INFO] PluginManager:220 - loadIPPluginJar : add dfsdm
2025-08-23 22:37:01,894 [INFO] IPUIPlugin:80 - create IPUIPlugin
2025-08-23 22:37:01,895 [INFO] PluginManager:220 - loadIPPluginJar : add dma
2025-08-23 22:37:01,904 [INFO] IPUIPlugin:80 - create IPUIPlugin
2025-08-23 22:37:01,904 [INFO] PluginManager:220 - loadIPPluginJar : add dma3
2025-08-23 22:37:01,914 [INFO] IPUIPlugin:80 - create IPUIPlugin
2025-08-23 22:37:01,915 [INFO] PluginManager:220 - loadIPPluginJar : add extmemmanager
2025-08-23 22:37:01,920 [INFO] IPUIPlugin:80 - create IPUIPlugin
2025-08-23 22:37:01,921 [INFO] PluginManager:220 - loadIPPluginJar : add fatfs
2025-08-23 22:37:01,935 [INFO] IPUIPlugin:80 - create IPUIPlugin
2025-08-23 22:37:01,935 [INFO] PluginManager:220 - loadIPPluginJar : add fmc
2025-08-23 22:37:01,958 [INFO] IPUIPlugin:80 - create IPUIPlugin
2025-08-23 22:37:01,959 [INFO] PluginManager:220 - loadIPPluginJar : add freertos
2025-08-23 22:37:01,965 [INFO] IPUIPlugin:80 - create IPUIPlugin
2025-08-23 22:37:01,966 [INFO] PluginManager:220 - loadIPPluginJar : add genericplugin
2025-08-23 22:37:01,976 [INFO] IPUIPlugin:80 - create IPUIPlugin
2025-08-23 22:37:01,976 [INFO] PluginManager:220 - loadIPPluginJar : add gfxmmu
2025-08-23 22:37:01,992 [INFO] IPUIPlugin:80 - create IPUIPlugin
2025-08-23 22:37:01,993 [INFO] PluginManager:220 - loadIPPluginJar : add gic
2025-08-23 22:37:02,006 [INFO] IPUIPlugin:80 - create IPUIPlugin
2025-08-23 22:37:02,007 [INFO] PluginManager:220 - loadIPPluginJar : add gpio
2025-08-23 22:37:02,018 [INFO] IPUIPlugin:80 - create IPUIPlugin
2025-08-23 22:37:02,018 [INFO] PluginManager:220 - loadIPPluginJar : add gtzc
2025-08-23 22:37:02,027 [INFO] IPUIPlugin:80 - create IPUIPlugin
2025-08-23 22:37:02,027 [INFO] PluginManager:220 - loadIPPluginJar : add hash
2025-08-23 22:37:02,036 [INFO] IPUIPlugin:80 - create IPUIPlugin
2025-08-23 22:37:02,036 [INFO] PluginManager:220 - loadIPPluginJar : add i2c
2025-08-23 22:37:02,047 [INFO] IPUIPlugin:80 - create IPUIPlugin
2025-08-23 22:37:02,048 [INFO] PluginManager:220 - loadIPPluginJar : add i2s
2025-08-23 22:37:02,059 [INFO] IPUIPlugin:80 - create IPUIPlugin
2025-08-23 22:37:02,060 [INFO] PluginManager:220 - loadIPPluginJar : add i3c
2025-08-23 22:37:02,073 [INFO] IPUIPlugin:80 - create IPUIPlugin
2025-08-23 22:37:02,073 [INFO] PluginManager:220 - loadIPPluginJar : add ipddr
2025-08-23 22:37:02,095 [INFO] IPUIPlugin:80 - create IPUIPlugin
2025-08-23 22:37:02,098 [INFO] PluginManager:220 - loadIPPluginJar : add linkedlist
2025-08-23 22:37:02,110 [INFO] IPUIPlugin:80 - create IPUIPlugin
2025-08-23 22:37:02,110 [INFO] PluginManager:220 - loadIPPluginJar : add lorawan
2025-08-23 22:37:02,115 [INFO] IPUIPlugin:80 - create IPUIPlugin
2025-08-23 22:37:02,116 [INFO] PluginManager:220 - loadIPPluginJar : add ltdc
2025-08-23 22:37:02,135 [INFO] IPUIPlugin:80 - create IPUIPlugin
2025-08-23 22:37:02,135 [INFO] PluginManager:220 - loadIPPluginJar : add mdma
2025-08-23 22:37:02,148 [INFO] IPUIPlugin:80 - create IPUIPlugin
2025-08-23 22:37:02,149 [INFO] PluginManager:220 - loadIPPluginJar : add nvic
2025-08-23 22:37:02,163 [INFO] IPUIPlugin:80 - create IPUIPlugin
2025-08-23 22:37:02,163 [INFO] PluginManager:220 - loadIPPluginJar : add opamp
2025-08-23 22:37:02,177 [INFO] IPUIPlugin:80 - create IPUIPlugin
2025-08-23 22:37:02,179 [INFO] PluginManager:220 - loadIPPluginJar : add openamp
2025-08-23 22:37:02,190 [INFO] IPUIPlugin:80 - create IPUIPlugin
2025-08-23 22:37:02,190 [INFO] PluginManager:220 - loadIPPluginJar : add pdm2pcm
2025-08-23 22:37:02,210 [INFO] IPUIPlugin:80 - create IPUIPlugin
2025-08-23 22:37:02,218 [INFO] PluginManager:220 - loadIPPluginJar : add plateformsettings
2025-08-23 22:37:02,225 [INFO] IPUIPlugin:80 - create IPUIPlugin
2025-08-23 22:37:02,226 [INFO] PluginManager:220 - loadIPPluginJar : add quadspi
2025-08-23 22:37:02,231 [INFO] IPUIPlugin:80 - create IPUIPlugin
2025-08-23 22:37:02,234 [INFO] PluginManager:220 - loadIPPluginJar : add radio
2025-08-23 22:37:02,246 [INFO] IPUIPlugin:80 - create IPUIPlugin
2025-08-23 22:37:02,246 [INFO] PluginManager:220 - loadIPPluginJar : add resmgrutility
2025-08-23 22:37:02,261 [INFO] IPUIPlugin:80 - create IPUIPlugin
2025-08-23 22:37:02,261 [INFO] PluginManager:220 - loadIPPluginJar : add sai
2025-08-23 22:37:02,272 [INFO] IPUIPlugin:80 - create IPUIPlugin
2025-08-23 22:37:02,273 [INFO] PluginManager:220 - loadIPPluginJar : add spi
2025-08-23 22:37:02,296 [INFO] IPUIPlugin:80 - create IPUIPlugin
2025-08-23 22:37:02,297 [INFO] PluginManager:220 - loadIPPluginJar : add stm32_wpan
2025-08-23 22:37:02,311 [INFO] IPUIPlugin:80 - create IPUIPlugin
2025-08-23 22:37:02,312 [INFO] PluginManager:220 - loadIPPluginJar : add tim
2025-08-23 22:37:02,325 [INFO] IPUIPlugin:80 - create IPUIPlugin
2025-08-23 22:37:02,326 [INFO] PluginManager:220 - loadIPPluginJar : add touchsensing
2025-08-23 22:37:02,338 [INFO] IPUIPlugin:80 - create IPUIPlugin
2025-08-23 22:37:02,339 [INFO] PluginManager:220 - loadIPPluginJar : add tracer_emb
2025-08-23 22:37:02,348 [INFO] IPUIPlugin:80 - create IPUIPlugin
2025-08-23 22:37:02,348 [INFO] PluginManager:220 - loadIPPluginJar : add ts
2025-08-23 22:37:02,355 [INFO] IPUIPlugin:80 - create IPUIPlugin
2025-08-23 22:37:02,355 [INFO] PluginManager:220 - loadIPPluginJar : add tsc
2025-08-23 22:37:02,361 [INFO] IPUIPlugin:80 - create IPUIPlugin
2025-08-23 22:37:02,362 [INFO] PluginManager:220 - loadIPPluginJar : add ucpd
2025-08-23 22:37:02,372 [INFO] IPUIPlugin:80 - create IPUIPlugin
2025-08-23 22:37:02,372 [INFO] PluginManager:220 - loadIPPluginJar : add usart
2025-08-23 22:37:02,386 [INFO] IPUIPlugin:80 - create IPUIPlugin
2025-08-23 22:37:02,387 [INFO] PluginManager:220 - loadIPPluginJar : add usbx
2025-08-23 22:37:02,472 [INFO] ThirdPartyUpdaterWithRetryManager:70 - Updater plugin not ready yet. [2/15]
2025-08-23 22:37:02,755 [FATAL] Updater:351 - Updater called before beeing initialized
2025-08-23 22:37:02,858 [INFO] RulesReader:64 - Compatibility file has been processed (317 Rules)
2025-08-23 22:37:03,026 [INFO] RulesReader:64 - Compatibility file has been processed (317 Rules)
2025-08-23 22:37:03,134 [INFO] CADModel:165 - CPN selected for project level
2025-08-23 22:37:03,134 [INFO] CADModel:114 - Register for checkConnection events
2025-08-23 22:37:03,135 [FATAL] Updater:351 - Updater called before beeing initialized
2025-08-23 22:37:03,135 [ERROR] CADModel:125 - Updater not yet initialized, retry later 
2025-08-23 22:37:04,054 [FATAL] Updater:351 - Updater called before beeing initialized
2025-08-23 22:37:04,059 [INFO] CADModel:165 - CPN selected for project level
2025-08-23 22:37:04,060 [INFO] CADModel:114 - Register for checkConnection events
2025-08-23 22:37:04,060 [FATAL] Updater:351 - Updater called before beeing initialized
2025-08-23 22:37:04,060 [ERROR] CADModel:125 - Updater not yet initialized, retry later 
2025-08-23 22:37:04,070 [FATAL] Updater:351 - Updater called before beeing initialized
2025-08-23 22:37:04,461 [FATAL] Updater:351 - Updater called before beeing initialized
2025-08-23 22:37:04,475 [INFO] DbMcusAds:53 - JSON generation date=Tue Jul 08 13:44:23 IST 2025 (1751962463582)
2025-08-23 22:37:04,476 [FATAL] Updater:351 - Updater called before beeing initialized
2025-08-23 22:37:04,610 [WARN] DetailPanel:346 - Failed to get advertising image, set to default
2025-08-23 22:37:04,966 [FATAL] Updater:351 - Updater called before beeing initialized
2025-08-23 22:37:04,972 [FATAL] Updater:351 - Updater called before beeing initialized
2025-08-23 22:37:04,972 [FATAL] Updater:351 - Updater called before beeing initialized
2025-08-23 22:37:04,973 [WARN] DetailPanel:346 - Failed to get advertising image, set to default
2025-08-23 22:37:04,978 [FATAL] Updater:351 - Updater called before beeing initialized
2025-08-23 22:37:05,173 [ERROR] Updater:1198 - MainUpdater not yet initialized. External WinMGr cannot be set.
2025-08-23 22:37:05,178 [INFO] Updater:1134 - Updater Version found : 6.15.0
2025-08-23 22:37:05,229 [INFO] ApplicationProperties:184 - Using Application install path: D:\Program Files\STM32IDE\STM32CubeIDE_1.19.0\STM32CubeIDE\plugins\com.st.stm32cube.common.mx_6.15.0.202507011659
2025-08-23 22:37:05,482 [INFO] ThirdPartyUpdaterWithRetryManager:70 - Updater plugin not ready yet. [3/15]
2025-08-23 22:37:06,870 [ERROR] LogOutputStream:75 - [STDERR_REDIRECT] Aug 23, 2025 10:37:06 PM java.util.prefs.WindowsPreferences <init>
2025-08-23 22:37:06,875 [ERROR] LogOutputStream:75 - [STDERR_REDIRECT] WARNING: Could not open/create prefs root node Software\JavaSoft\Prefs at root 0xffffffff80000002. Windows RegCreateKeyEx(...) returned error code 5.
2025-08-23 22:37:06,876 [ERROR] LogOutputStream:75 - [STDERR_REDIRECT] 
2025-08-23 22:37:08,484 [FATAL] Updater:351 - Updater called before beeing initialized
2025-08-23 22:37:08,485 [ERROR] IntegrityCheckThread:130 - Cannot retrieve database content from updater: error 21
2025-08-23 22:37:08,486 [INFO] ThirdParty:978 - Integrity check success = false
2025-08-23 22:37:08,487 [INFO] IntegrityCheckThread:100 - exiting critical section [integrity check]
2025-08-23 22:37:08,487 [INFO] IntegrityCheckThread:103 - End integrity checks thread
2025-08-23 22:37:08,492 [INFO] MainUpdater:2872 - connection check result : 10
2025-08-23 22:37:08,494 [INFO] MainUpdater:289 - Updater Check For Update Now.
2025-08-23 22:37:08,494 [INFO] MicroXplorer:498 - Change Database Version : DB.6.0.150
2025-08-23 22:37:08,522 [INFO] McuFinderGlobals:63 - Set McuFinder mode to 2 (CubeIDE integrated)
2025-08-23 22:37:08,524 [INFO] UserAuth:171 - activating auth plugin
2025-08-23 22:37:08,538 [INFO] UserAuth:487 - Internet connection configuration mode: 1
2025-08-23 22:37:08,670 [INFO] JxBrowserEngine:152 - Initiate JxBrowser Engine with user profile folder
2025-08-23 22:37:08,972 [INFO] CheckServerUpdateThread:120 - End of CheckServer Thread
2025-08-23 22:37:10,935 [INFO] WebApp:169 - Instantiating new browser for Auth
2025-08-23 22:37:12,910 [INFO] WebApp:463 - Apply proxy settings
2025-08-23 22:37:12,911 [INFO] WebApp:548 - Chromium requires no authentication
2025-08-23 22:37:12,946 [INFO] WebApp:491 - Direct internet connection detected
2025-08-23 22:37:13,012 [INFO] WebApp:900 - Register for checkConnection events
2025-08-23 22:37:13,012 [INFO] WebApp:463 - Apply proxy settings
2025-08-23 22:37:13,013 [INFO] WebApp:548 - Chromium requires no authentication
2025-08-23 22:37:13,015 [INFO] WebApp:491 - Direct internet connection detected
2025-08-23 22:37:13,649 [INFO] WebApp:225 - Starting web application
2025-08-23 22:37:13,650 [INFO] WebApp:593 - Web application path used D:\Program Files\STM32IDE\STM32CubeIDE_1.19.0\STM32CubeIDE\plugins\com.st.stm32cube.common.mx_6.15.0.202507011659\db\plugins\mcufinder\reactClient1\index.html
2025-08-23 22:37:14,405 [INFO] WebApp:191 - Connection restablished
2025-08-23 22:38:20,725 [ERROR] LogOutputStream:75 - [STDERR_REDIRECT] 
2025-08-23 23:59:55,446 [INFO] Activator:176 - 


2025-08-23 23:59:55,452 [INFO] Activator:177 - !SESSION log4j initialized
