2025-08-19 00:41:04,514 [ERROR] LogOutputStream:75 - [STDERR_REDIRECT] 
2025-08-19 15:59:19,439 [INFO] Activator:176 - 


2025-08-19 15:59:19,441 [INFO] Activator:177 - !SESSION log4j initialized
2025-08-19 15:59:23,022 [INFO] LogOutputStream:77 - [STDOUT_REDIRECT] 
2025-08-19 15:59:25,020 [INFO] ApplicationProperties:184 - Using Application install path: D:\Program Files\STM32IDE\STM32CubeIDE_1.19.0\STM32CubeIDE\plugins\com.st.stm32cube.common.mx_6.15.0.202507011659
2025-08-19 15:59:25,034 [INFO] DbMcusXml:78 - Set database path to: D:\Program Files\STM32IDE\STM32CubeIDE_1.19.0\STM32CubeIDE\plugins\com.st.stm32cube.common.mx_6.15.0.202507011659\\db\/mcu/
2025-08-19 15:59:25,035 [INFO] ApiDb:274 - Set plugin database path to: D:\Program Files\STM32IDE\STM32CubeIDE_1.19.0\STM32CubeIDE\plugins\com.st.stm32cube.common.mx_6.15.0.202507011659\\db\/plugins/boardmanager/
2025-08-19 15:59:25,035 [WARN] ApiDb:259 - Overriding images path with different value:  => D:\Program Files\STM32IDE\STM32CubeIDE_1.19.0\STM32CubeIDE\plugins\com.st.stm32cube.common.mx_6.15.0.202507011659\\db\/plugins/mcufinder/images/
2025-08-19 15:59:25,041 [INFO] ApiDb:250 - Set database path to: C:\Users\NIKHIL\.stmcufinder\plugins\mcufinder//mcu/
2025-08-19 15:59:25,042 [INFO] DbMcusAds:125 - Set database path to: C:\Users\NIKHIL\.stmcufinder\plugins\mcufinder//mcu/
2025-08-19 15:59:25,044 [INFO] CrossReferenceDbSqlite:203 - Set database path to: C:\Users\NIKHIL\.stmcufinder\plugins\mcufinder//mcu/cs/
2025-08-19 15:59:25,126 [INFO] RulesReader:64 - Compatibility file has been processed (317 Rules)
2025-08-19 15:59:25,191 [INFO] DbMcusXml:78 - Set database path to: D:\Program Files\STM32IDE\STM32CubeIDE_1.19.0\STM32CubeIDE\plugins\com.st.stm32cube.common.mx_6.15.0.202507011659\\db\/mcu/
2025-08-19 15:59:25,191 [INFO] ApiDb:274 - Set plugin database path to: D:\Program Files\STM32IDE\STM32CubeIDE_1.19.0\STM32CubeIDE\plugins\com.st.stm32cube.common.mx_6.15.0.202507011659\\db\/plugins/boardmanager/
2025-08-19 15:59:25,191 [INFO] ApiDb:261 - Set plugin images path to: D:\Program Files\STM32IDE\STM32CubeIDE_1.19.0\STM32CubeIDE\plugins\com.st.stm32cube.common.mx_6.15.0.202507011659\\db\/plugins/mcufinder/images/
2025-08-19 15:59:25,191 [WARN] DbFile:41 - Overriding database path with different value: C:\Users\NIKHIL\.stmcufinder\plugins\mcufinder/ => C:\Users\NIKHIL\.stmcufinder\plugins\mcufinder
2025-08-19 15:59:25,191 [INFO] ApiDb:250 - Set database path to: C:\Users\NIKHIL\.stmcufinder\plugins\mcufinder//mcu/
2025-08-19 15:59:25,192 [WARN] DbFile:41 - Overriding database path with different value: C:\Users\NIKHIL\.stmcufinder\plugins\mcufinder/ => C:\Users\NIKHIL\.stmcufinder\plugins\mcufinder
2025-08-19 15:59:25,192 [INFO] DbMcusAds:125 - Set database path to: C:\Users\NIKHIL\.stmcufinder\plugins\mcufinder//mcu/
2025-08-19 15:59:25,192 [WARN] DbFile:41 - Overriding database path with different value: C:\Users\NIKHIL\.stmcufinder\plugins\mcufinder/ => C:\Users\NIKHIL\.stmcufinder\plugins\mcufinder
2025-08-19 15:59:25,192 [WARN] DbFile:41 - Overriding database path with different value: C:\Users\NIKHIL\.stmcufinder\plugins\mcufinder/ => C:\Users\NIKHIL\.stmcufinder\plugins\mcufinder
2025-08-19 15:59:25,192 [INFO] CrossReferenceDbSqlite:203 - Set database path to: C:\Users\NIKHIL\.stmcufinder\plugins\mcufinder//mcu/cs/
2025-08-19 15:59:25,264 [INFO] MainPanel:274 - HeapMemory: 268435456
2025-08-19 15:59:25,368 [INFO] DbMcusXml:78 - Set database path to: D:\Program Files\STM32IDE\STM32CubeIDE_1.19.0\STM32CubeIDE\plugins\com.st.stm32cube.common.mx_6.15.0.202507011659\\db\/mcu/
2025-08-19 15:59:25,368 [INFO] ApiDb:274 - Set plugin database path to: D:\Program Files\STM32IDE\STM32CubeIDE_1.19.0\STM32CubeIDE\plugins\com.st.stm32cube.common.mx_6.15.0.202507011659\\db\/plugins/boardmanager/
2025-08-19 15:59:25,369 [INFO] ApiDb:261 - Set plugin images path to: D:\Program Files\STM32IDE\STM32CubeIDE_1.19.0\STM32CubeIDE\plugins\com.st.stm32cube.common.mx_6.15.0.202507011659\\db\/plugins/mcufinder/images/
2025-08-19 15:59:25,369 [WARN] DbFile:41 - Overriding database path with different value: C:\Users\NIKHIL\.stmcufinder\plugins\mcufinder/ => C:\Users\NIKHIL\.stmcufinder\plugins\mcufinder
2025-08-19 15:59:25,369 [INFO] ApiDb:250 - Set database path to: C:\Users\NIKHIL\.stmcufinder\plugins\mcufinder//mcu/
2025-08-19 15:59:25,369 [WARN] DbFile:41 - Overriding database path with different value: C:\Users\NIKHIL\.stmcufinder\plugins\mcufinder/ => C:\Users\NIKHIL\.stmcufinder\plugins\mcufinder
2025-08-19 15:59:25,369 [INFO] DbMcusAds:125 - Set database path to: C:\Users\NIKHIL\.stmcufinder\plugins\mcufinder//mcu/
2025-08-19 15:59:25,369 [WARN] DbFile:41 - Overriding database path with different value: C:\Users\NIKHIL\.stmcufinder\plugins\mcufinder/ => C:\Users\NIKHIL\.stmcufinder\plugins\mcufinder
2025-08-19 15:59:25,369 [WARN] DbFile:41 - Overriding database path with different value: C:\Users\NIKHIL\.stmcufinder\plugins\mcufinder/ => C:\Users\NIKHIL\.stmcufinder\plugins\mcufinder
2025-08-19 15:59:25,369 [INFO] CrossReferenceDbSqlite:203 - Set database path to: C:\Users\NIKHIL\.stmcufinder\plugins\mcufinder//mcu/cs/
2025-08-19 15:59:25,382 [INFO] ApplicationProperties:184 - Using Application install path: D:\Program Files\STM32IDE\STM32CubeIDE_1.19.0\STM32CubeIDE\plugins\com.st.stm32cube.common.mx_6.15.0.202507011659
2025-08-19 15:59:25,383 [INFO] PluginManage:196 - Search for loadable plugins [exclusion list=, ]
2025-08-19 15:59:25,384 [INFO] PluginManage:310 - Check plugin analytics
2025-08-19 15:59:25,629 [INFO] AnalyticsPlugin:253 - Accepted Software Licenses: 
2025-08-19 15:59:25,629 [INFO] AnalyticsPlugin:255 - Accepted CMSIS Pack Licenses: 
2025-08-19 15:59:25,630 [INFO] AnalyticsPlugin:257 - Accepted Firmware Licenses: 
2025-08-19 15:59:25,636 [INFO] PluginManage:359 - Loaded plugin analytics (category:tool,tabindex:-1)
2025-08-19 15:59:25,636 [INFO] PluginManage:310 - Check plugin cadmodel
2025-08-19 15:59:25,644 [INFO] CADModel:105 - Init CAD model plugin
2025-08-19 15:59:25,644 [INFO] PluginManage:359 - Loaded plugin cadmodel (category:power,tabindex:5)
2025-08-19 15:59:25,644 [INFO] PluginManage:310 - Check plugin clock
2025-08-19 15:59:25,652 [INFO] PluginManage:359 - Loaded plugin clock (category:base,tabindex:2)
2025-08-19 15:59:25,652 [INFO] PluginManage:310 - Check plugin ddr
2025-08-19 15:59:25,654 [INFO] PluginManage:359 - Loaded plugin ddr (category:tool,tabindex:6)
2025-08-19 15:59:25,654 [INFO] PluginManage:310 - Check plugin filemanager
2025-08-19 15:59:25,765 [INFO] PluginManage:359 - Loaded plugin filemanager (category:base,tabindex:10)
2025-08-19 15:59:25,765 [INFO] PluginManage:310 - Check plugin ipmanager
2025-08-19 15:59:25,771 [INFO] PluginManage:359 - Loaded plugin ipmanager (category:base,tabindex:5)
2025-08-19 15:59:25,772 [INFO] PluginManage:310 - Check plugin lpbam
2025-08-19 15:59:25,779 [INFO] PluginManage:359 - Loaded plugin lpbam (category:base,tabindex:0)
2025-08-19 15:59:25,779 [INFO] PluginManage:310 - Check plugin memorymap
2025-08-19 15:59:25,792 [INFO] PluginManage:359 - Loaded plugin memorymap (category:base,tabindex:4)
2025-08-19 15:59:25,792 [INFO] PluginManage:310 - Check plugin pinoutandconfiguration
2025-08-19 15:59:25,799 [INFO] PluginManage:359 - Loaded plugin pinoutandconfiguration (category:base,tabindex:1)
2025-08-19 15:59:25,799 [INFO] PluginManage:310 - Check plugin pinoutconfig
2025-08-19 15:59:25,868 [WARN] SupportedApi:132 - Cannot load RTOS API schema: s4s-elt-must-match.1: The content of 'definitions' must match (annotation?, (simpleType | complexType)?, (unique | key | keyref)*)). A problem was found starting at: attribute.
2025-08-19 15:59:25,970 [INFO] PluginManage:359 - Loaded plugin pinoutconfig (category:base,tabindex:0)
2025-08-19 15:59:25,970 [INFO] PluginManage:310 - Check plugin power
2025-08-19 15:59:25,977 [INFO] PluginManage:359 - Loaded plugin power (category:power,tabindex:4)
2025-08-19 15:59:25,977 [INFO] PluginManage:310 - Check plugin projectmanager
2025-08-19 15:59:25,991 [INFO] PluginManage:359 - Loaded plugin projectmanager (category:projectmanager,tabindex:4)
2025-08-19 15:59:25,991 [INFO] PluginManage:310 - Check plugin rif
2025-08-19 15:59:26,000 [INFO] PluginManage:359 - Loaded plugin rif (category:base,tabindex:3)
2025-08-19 15:59:26,000 [INFO] PluginManage:310 - Check plugin thirdparty
2025-08-19 15:59:26,102 [INFO] PluginManage:359 - Loaded plugin thirdparty (category:base,tabindex:-1)
2025-08-19 15:59:26,102 [INFO] PluginManage:310 - Check plugin tools
2025-08-19 15:59:26,102 [WARN] IntegrityCheckThread:84 - waiting for thirdparty lock release [integrity check]
2025-08-19 15:59:26,103 [INFO] IntegrityCheckThread:86 - entering critical section [integrity check]
2025-08-19 15:59:26,103 [INFO] ThirdPartyUpdaterWithRetryManager:70 - Updater plugin not ready yet. [1/15]
2025-08-19 15:59:26,105 [INFO] PluginManage:359 - Loaded plugin tools (category:base,tabindex:7)
2025-08-19 15:59:26,105 [INFO] PluginManage:310 - Check plugin tutovideos
2025-08-19 15:59:26,268 [INFO] PluginManage:359 - Loaded plugin tutovideos (category:base,tabindex:-1)
2025-08-19 15:59:26,269 [INFO] PluginManage:310 - Check plugin updater
2025-08-19 15:59:26,288 [INFO] PluginManage:359 - Loaded plugin updater (category:base,tabindex:12)
2025-08-19 15:59:26,288 [INFO] PluginManage:310 - Check plugin userauth
2025-08-19 15:59:26,292 [INFO] UserAuth:118 - Init User Auth plugin
2025-08-19 15:59:26,293 [INFO] PluginManage:359 - Loaded plugin userauth (category:base,tabindex:14)
2025-08-19 15:59:26,293 [INFO] PluginManage:283 - PluginManage : Loaded plugins [18]
2025-08-19 15:59:26,458 [INFO] PinOutPanel:1589 - setPackage(No Configuration,No Configuration)
2025-08-19 15:59:26,528 [INFO] CADModel:165 - CPN selected for project level
2025-08-19 15:59:26,528 [INFO] CADModel:114 - Register for checkConnection events
2025-08-19 15:59:26,545 [INFO] IPUIPlugin:80 - create IPUIPlugin
2025-08-19 15:59:26,545 [INFO] PluginManager:220 - loadIPPluginJar : add adc
2025-08-19 15:59:26,548 [INFO] IPUIPlugin:80 - create IPUIPlugin
2025-08-19 15:59:26,548 [INFO] PluginManager:220 - loadIPPluginJar : add aes
2025-08-19 15:59:26,550 [INFO] IPUIPlugin:80 - create IPUIPlugin
2025-08-19 15:59:26,550 [INFO] PluginManager:220 - loadIPPluginJar : add can
2025-08-19 15:59:26,552 [INFO] IPUIPlugin:80 - create IPUIPlugin
2025-08-19 15:59:26,552 [INFO] PluginManager:220 - loadIPPluginJar : add comp
2025-08-19 15:59:26,554 [INFO] IPUIPlugin:80 - create IPUIPlugin
2025-08-19 15:59:26,554 [INFO] PluginManager:220 - loadIPPluginJar : add cryp
2025-08-19 15:59:26,557 [INFO] IPUIPlugin:80 - create IPUIPlugin
2025-08-19 15:59:26,557 [INFO] PluginManager:220 - loadIPPluginJar : add ddr_ctrl_phy
2025-08-19 15:59:26,560 [INFO] IPUIPlugin:80 - create IPUIPlugin
2025-08-19 15:59:26,560 [INFO] PluginManager:220 - loadIPPluginJar : add dfsdm
2025-08-19 15:59:26,565 [INFO] IPUIPlugin:80 - create IPUIPlugin
2025-08-19 15:59:26,565 [INFO] PluginManager:220 - loadIPPluginJar : add dma
2025-08-19 15:59:26,568 [INFO] IPUIPlugin:80 - create IPUIPlugin
2025-08-19 15:59:26,568 [INFO] PluginManager:220 - loadIPPluginJar : add dma3
2025-08-19 15:59:26,570 [INFO] IPUIPlugin:80 - create IPUIPlugin
2025-08-19 15:59:26,570 [INFO] PluginManager:220 - loadIPPluginJar : add extmemmanager
2025-08-19 15:59:26,572 [INFO] IPUIPlugin:80 - create IPUIPlugin
2025-08-19 15:59:26,572 [INFO] PluginManager:220 - loadIPPluginJar : add fatfs
2025-08-19 15:59:26,575 [INFO] IPUIPlugin:80 - create IPUIPlugin
2025-08-19 15:59:26,575 [INFO] PluginManager:220 - loadIPPluginJar : add fmc
2025-08-19 15:59:26,581 [INFO] IPUIPlugin:80 - create IPUIPlugin
2025-08-19 15:59:26,581 [INFO] PluginManager:220 - loadIPPluginJar : add freertos
2025-08-19 15:59:26,582 [INFO] IPUIPlugin:80 - create IPUIPlugin
2025-08-19 15:59:26,582 [INFO] PluginManager:220 - loadIPPluginJar : add genericplugin
2025-08-19 15:59:26,585 [INFO] IPUIPlugin:80 - create IPUIPlugin
2025-08-19 15:59:26,585 [INFO] PluginManager:220 - loadIPPluginJar : add gfxmmu
2025-08-19 15:59:26,588 [INFO] IPUIPlugin:80 - create IPUIPlugin
2025-08-19 15:59:26,588 [INFO] PluginManager:220 - loadIPPluginJar : add gic
2025-08-19 15:59:26,592 [INFO] IPUIPlugin:80 - create IPUIPlugin
2025-08-19 15:59:26,592 [INFO] PluginManager:220 - loadIPPluginJar : add gpio
2025-08-19 15:59:26,594 [INFO] IPUIPlugin:80 - create IPUIPlugin
2025-08-19 15:59:26,595 [INFO] PluginManager:220 - loadIPPluginJar : add gtzc
2025-08-19 15:59:26,597 [INFO] IPUIPlugin:80 - create IPUIPlugin
2025-08-19 15:59:26,597 [INFO] PluginManager:220 - loadIPPluginJar : add hash
2025-08-19 15:59:26,599 [INFO] IPUIPlugin:80 - create IPUIPlugin
2025-08-19 15:59:26,599 [INFO] PluginManager:220 - loadIPPluginJar : add i2c
2025-08-19 15:59:26,601 [INFO] IPUIPlugin:80 - create IPUIPlugin
2025-08-19 15:59:26,601 [INFO] PluginManager:220 - loadIPPluginJar : add i2s
2025-08-19 15:59:26,604 [INFO] IPUIPlugin:80 - create IPUIPlugin
2025-08-19 15:59:26,604 [INFO] PluginManager:220 - loadIPPluginJar : add i3c
2025-08-19 15:59:26,606 [INFO] IPUIPlugin:80 - create IPUIPlugin
2025-08-19 15:59:26,607 [INFO] PluginManager:220 - loadIPPluginJar : add ipddr
2025-08-19 15:59:26,612 [INFO] IPUIPlugin:80 - create IPUIPlugin
2025-08-19 15:59:26,613 [INFO] PluginManager:220 - loadIPPluginJar : add linkedlist
2025-08-19 15:59:26,615 [INFO] IPUIPlugin:80 - create IPUIPlugin
2025-08-19 15:59:26,616 [INFO] PluginManager:220 - loadIPPluginJar : add lorawan
2025-08-19 15:59:26,617 [INFO] IPUIPlugin:80 - create IPUIPlugin
2025-08-19 15:59:26,617 [INFO] PluginManager:220 - loadIPPluginJar : add ltdc
2025-08-19 15:59:26,621 [INFO] IPUIPlugin:80 - create IPUIPlugin
2025-08-19 15:59:26,621 [INFO] PluginManager:220 - loadIPPluginJar : add mdma
2025-08-19 15:59:26,624 [INFO] IPUIPlugin:80 - create IPUIPlugin
2025-08-19 15:59:26,624 [INFO] PluginManager:220 - loadIPPluginJar : add nvic
2025-08-19 15:59:26,627 [INFO] IPUIPlugin:80 - create IPUIPlugin
2025-08-19 15:59:26,627 [INFO] PluginManager:220 - loadIPPluginJar : add opamp
2025-08-19 15:59:26,629 [INFO] IPUIPlugin:80 - create IPUIPlugin
2025-08-19 15:59:26,629 [INFO] PluginManager:220 - loadIPPluginJar : add openamp
2025-08-19 15:59:26,632 [INFO] IPUIPlugin:80 - create IPUIPlugin
2025-08-19 15:59:26,632 [INFO] PluginManager:220 - loadIPPluginJar : add pdm2pcm
2025-08-19 15:59:26,637 [INFO] IPUIPlugin:80 - create IPUIPlugin
2025-08-19 15:59:26,638 [INFO] PluginManager:220 - loadIPPluginJar : add plateformsettings
2025-08-19 15:59:26,640 [INFO] IPUIPlugin:80 - create IPUIPlugin
2025-08-19 15:59:26,640 [INFO] PluginManager:220 - loadIPPluginJar : add quadspi
2025-08-19 15:59:26,642 [INFO] IPUIPlugin:80 - create IPUIPlugin
2025-08-19 15:59:26,643 [INFO] PluginManager:220 - loadIPPluginJar : add radio
2025-08-19 15:59:26,647 [INFO] IPUIPlugin:80 - create IPUIPlugin
2025-08-19 15:59:26,647 [INFO] PluginManager:220 - loadIPPluginJar : add resmgrutility
2025-08-19 15:59:26,649 [INFO] IPUIPlugin:80 - create IPUIPlugin
2025-08-19 15:59:26,649 [INFO] PluginManager:220 - loadIPPluginJar : add sai
2025-08-19 15:59:26,651 [INFO] IPUIPlugin:80 - create IPUIPlugin
2025-08-19 15:59:26,651 [INFO] PluginManager:220 - loadIPPluginJar : add spi
2025-08-19 15:59:26,655 [INFO] IPUIPlugin:80 - create IPUIPlugin
2025-08-19 15:59:26,655 [INFO] PluginManager:220 - loadIPPluginJar : add stm32_wpan
2025-08-19 15:59:26,657 [INFO] IPUIPlugin:80 - create IPUIPlugin
2025-08-19 15:59:26,657 [INFO] PluginManager:220 - loadIPPluginJar : add tim
2025-08-19 15:59:26,659 [INFO] IPUIPlugin:80 - create IPUIPlugin
2025-08-19 15:59:26,659 [INFO] PluginManager:220 - loadIPPluginJar : add touchsensing
2025-08-19 15:59:26,661 [INFO] IPUIPlugin:80 - create IPUIPlugin
2025-08-19 15:59:26,661 [INFO] PluginManager:220 - loadIPPluginJar : add tracer_emb
2025-08-19 15:59:26,663 [INFO] IPUIPlugin:80 - create IPUIPlugin
2025-08-19 15:59:26,663 [INFO] PluginManager:220 - loadIPPluginJar : add ts
2025-08-19 15:59:26,664 [INFO] IPUIPlugin:80 - create IPUIPlugin
2025-08-19 15:59:26,664 [INFO] PluginManager:220 - loadIPPluginJar : add tsc
2025-08-19 15:59:26,666 [INFO] IPUIPlugin:80 - create IPUIPlugin
2025-08-19 15:59:26,666 [INFO] PluginManager:220 - loadIPPluginJar : add ucpd
2025-08-19 15:59:26,668 [INFO] IPUIPlugin:80 - create IPUIPlugin
2025-08-19 15:59:26,668 [INFO] PluginManager:220 - loadIPPluginJar : add usart
2025-08-19 15:59:26,670 [INFO] IPUIPlugin:80 - create IPUIPlugin
2025-08-19 15:59:26,670 [INFO] PluginManager:220 - loadIPPluginJar : add usbx
2025-08-19 15:59:26,792 [FATAL] Updater:351 - Updater called before beeing initialized
2025-08-19 15:59:26,824 [INFO] RulesReader:64 - Compatibility file has been processed (317 Rules)
2025-08-19 15:59:26,851 [INFO] RulesReader:64 - Compatibility file has been processed (317 Rules)
2025-08-19 15:59:26,872 [INFO] CADModel:165 - CPN selected for project level
2025-08-19 15:59:26,872 [INFO] CADModel:114 - Register for checkConnection events
2025-08-19 15:59:26,872 [FATAL] Updater:351 - Updater called before beeing initialized
2025-08-19 15:59:26,872 [ERROR] CADModel:125 - Updater not yet initialized, retry later 
2025-08-19 15:59:27,032 [FATAL] Updater:351 - Updater called before beeing initialized
2025-08-19 15:59:27,033 [INFO] CADModel:165 - CPN selected for project level
2025-08-19 15:59:27,033 [INFO] CADModel:114 - Register for checkConnection events
2025-08-19 15:59:27,033 [FATAL] Updater:351 - Updater called before beeing initialized
2025-08-19 15:59:27,033 [ERROR] CADModel:125 - Updater not yet initialized, retry later 
2025-08-19 15:59:27,036 [FATAL] Updater:351 - Updater called before beeing initialized
2025-08-19 15:59:27,116 [FATAL] Updater:351 - Updater called before beeing initialized
2025-08-19 15:59:27,119 [INFO] DbMcusAds:53 - JSON generation date=Tue Jul 08 13:44:23 IST 2025 (1751962463582)
2025-08-19 15:59:27,119 [FATAL] Updater:351 - Updater called before beeing initialized
2025-08-19 15:59:27,145 [WARN] DetailPanel:346 - Failed to get advertising image, set to default
2025-08-19 15:59:27,226 [FATAL] Updater:351 - Updater called before beeing initialized
2025-08-19 15:59:27,228 [FATAL] Updater:351 - Updater called before beeing initialized
2025-08-19 15:59:27,229 [FATAL] Updater:351 - Updater called before beeing initialized
2025-08-19 15:59:27,229 [WARN] DetailPanel:346 - Failed to get advertising image, set to default
2025-08-19 15:59:27,230 [FATAL] Updater:351 - Updater called before beeing initialized
2025-08-19 15:59:27,293 [ERROR] Updater:1198 - MainUpdater not yet initialized. External WinMGr cannot be set.
2025-08-19 15:59:27,296 [INFO] Updater:1134 - Updater Version found : 6.15.0
2025-08-19 15:59:27,312 [INFO] ApplicationProperties:184 - Using Application install path: D:\Program Files\STM32IDE\STM32CubeIDE_1.19.0\STM32CubeIDE\plugins\com.st.stm32cube.common.mx_6.15.0.202507011659
2025-08-19 15:59:28,895 [ERROR] LogOutputStream:75 - [STDERR_REDIRECT] Aug 19, 2025 3:59:28 PM java.util.prefs.WindowsPreferences <init>
2025-08-19 15:59:28,898 [ERROR] LogOutputStream:75 - [STDERR_REDIRECT] WARNING: Could not open/create prefs root node Software\JavaSoft\Prefs at root 0xffffffff80000002. Windows RegCreateKeyEx(...) returned error code 5.
2025-08-19 15:59:28,900 [ERROR] LogOutputStream:75 - [STDERR_REDIRECT] 
2025-08-19 15:59:29,105 [INFO] ThirdPartyUpdaterWithRetryManager:70 - Updater plugin not ready yet. [2/15]
2025-08-19 15:59:29,289 [INFO] MainUpdater:2872 - connection check result : 10
2025-08-19 15:59:29,289 [INFO] MainUpdater:289 - Updater Check For Update Now.
2025-08-19 15:59:29,290 [INFO] MicroXplorer:498 - Change Database Version : DB.6.0.150
2025-08-19 15:59:29,300 [INFO] McuFinderGlobals:63 - Set McuFinder mode to 2 (CubeIDE integrated)
2025-08-19 15:59:29,300 [INFO] UserAuth:171 - activating auth plugin
2025-08-19 15:59:29,304 [INFO] UserAuth:487 - Internet connection configuration mode: 1
2025-08-19 15:59:29,355 [INFO] JxBrowserEngine:152 - Initiate JxBrowser Engine with user profile folder
2025-08-19 15:59:29,467 [INFO] CheckServerUpdateThread:120 - End of CheckServer Thread
2025-08-19 15:59:30,035 [INFO] WebApp:169 - Instantiating new browser for Auth
2025-08-19 15:59:30,669 [INFO] WebApp:463 - Apply proxy settings
2025-08-19 15:59:30,669 [INFO] WebApp:548 - Chromium requires no authentication
2025-08-19 15:59:30,676 [INFO] WebApp:491 - Direct internet connection detected
2025-08-19 15:59:30,693 [INFO] WebApp:900 - Register for checkConnection events
2025-08-19 15:59:30,693 [INFO] WebApp:463 - Apply proxy settings
2025-08-19 15:59:30,694 [INFO] WebApp:548 - Chromium requires no authentication
2025-08-19 15:59:30,694 [INFO] WebApp:491 - Direct internet connection detected
2025-08-19 15:59:30,822 [INFO] WebApp:225 - Starting web application
2025-08-19 15:59:30,822 [INFO] WebApp:593 - Web application path used D:\Program Files\STM32IDE\STM32CubeIDE_1.19.0\STM32CubeIDE\plugins\com.st.stm32cube.common.mx_6.15.0.202507011659\db\plugins\mcufinder\reactClient1\index.html
2025-08-19 15:59:32,076 [INFO] WebApp:191 - Connection restablished
2025-08-19 15:59:32,372 [WARN] PackLoader:240 - Cannot read IP mode file for STMicroelectronics.FP-SNS-MOTENVWB1.1.4.0
2025-08-19 15:59:32,378 [WARN] PackLoader:240 - Cannot read IP mode file for STMicroelectronics.FP-ATR-ASTRA1.2.0.2
2025-08-19 15:59:32,383 [WARN] PackLoader:240 - Cannot read IP mode file for STMicroelectronics.X-CUBE-SMBUS.2.1.0
2025-08-19 15:59:32,388 [WARN] PackLoader:240 - Cannot read IP mode file for STMicroelectronics.X-CUBE-ST60.1.0.0
2025-08-19 15:59:32,414 [WARN] PackLoader:240 - Cannot read IP mode file for STMicroelectronics.X-CUBE-AZRTOS-F7.1.1.0
2025-08-19 15:59:32,464 [WARN] PackLoader:240 - Cannot read IP mode file for Infineon.AIROC-Wi-Fi-Bluetooth-STM32.1.7.1
2025-08-19 15:59:32,480 [WARN] PackLoader:240 - Cannot read IP mode file for STMicroelectronics.X-CUBE-DISPLAY.3.0.0
2025-08-19 15:59:32,494 [WARN] PackLoader:240 - Cannot read IP mode file for STMicroelectronics.X-CUBE-NFC10.1.0.0
2025-08-19 15:59:32,503 [WARN] PackLoader:240 - Cannot read IP mode file for STMicroelectronics.X-CUBE-BLEMGR.4.0.0
2025-08-19 15:59:32,511 [WARN] PackLoader:240 - Cannot read IP mode file for emotas.I-CUBE-CANOPEN.1.3.0
2025-08-19 15:59:32,517 [WARN] PackLoader:240 - Cannot read IP mode file for STMicroelectronics.FP-SNS-STBOX1.2.1.0
2025-08-19 15:59:32,525 [WARN] PackLoader:240 - Cannot read IP mode file for STMicroelectronics.FP-SNS-SMARTAG2.1.2.0
2025-08-19 15:59:32,532 [WARN] PackLoader:240 - Cannot read IP mode file for STMicroelectronics.FP-SNS-FLIGHT1.5.1.0
2025-08-19 15:59:32,541 [INFO] LogOutputStream:77 - [STDOUT_REDIRECT] 1 : Invalid condition id : UX_CORESTACK_Condition cause : null
2025-08-19 15:59:32,542 [INFO] LogOutputStream:77 - [STDOUT_REDIRECT] 1 : Invalid condition id : UX_CORESTACK_Condition cause : null
2025-08-19 15:59:32,543 [INFO] LogOutputStream:77 - [STDOUT_REDIRECT] 1 : Invalid condition id : UX_CORESTACK_Condition cause : null
2025-08-19 15:59:32,545 [INFO] LogOutputStream:77 - [STDOUT_REDIRECT] 1 : Invalid condition id : UX_CORESTACK_Condition cause : null
2025-08-19 15:59:32,545 [INFO] LogOutputStream:77 - [STDOUT_REDIRECT] 1 : Invalid condition id : UX_CORESTACK_Condition cause : null
2025-08-19 15:59:32,547 [WARN] PackLoader:240 - Cannot read IP mode file for STMicroelectronics.X-CUBE-AZRTOS-WL.2.0.0
2025-08-19 15:59:32,552 [WARN] PackLoader:240 - Cannot read IP mode file for STMicroelectronics.FP-SNS-MOTENV1.5.0.0
2025-08-19 15:59:32,565 [WARN] PackLoader:240 - Cannot read IP mode file for WES.I-CUBE-Cesium.1.3.0
2025-08-19 15:59:32,570 [WARN] PackLoader:240 - Cannot read IP mode file for STMicroelectronics.X-CUBE-BLE2.3.3.0
2025-08-19 15:59:32,576 [WARN] PackLoader:240 - Cannot read IP mode file for STMicroelectronics.X-CUBE-NFC9.1.0.0
2025-08-19 15:59:32,583 [WARN] PackLoader:240 - Cannot read IP mode file for wolfSSL.I-CUBE-wolfSSL.5.8.0
2025-08-19 15:59:32,587 [WARN] PackLoader:240 - Cannot read IP mode file for STMicroelectronics.X-CUBE-BLE1.7.1.0
2025-08-19 15:59:32,592 [WARN] PackLoader:240 - Cannot read IP mode file for wolfSSL.I-CUBE-wolfMQTT.1.19.2
2025-08-19 15:59:32,596 [WARN] PackLoader:240 - Cannot read IP mode file for STMicroelectronics.X-CUBE-AI.10.1.0
2025-08-19 15:59:32,610 [WARN] PackLoader:240 - Cannot read IP mode file for STMicroelectronics.X-CUBE-AZRTOS-G0.1.1.0
2025-08-19 15:59:32,618 [WARN] PackLoader:240 - Cannot read IP mode file for STMicroelectronics.X-CUBE-SAFEA1.1.2.2
2025-08-19 15:59:32,623 [WARN] PackLoader:240 - Cannot read IP mode file for STMicroelectronics.X-CUBE-NFC4.3.0.0
2025-08-19 15:59:32,632 [WARN] PackLoader:240 - Cannot read IP mode file for EmbeddedOffice.I-CUBE-FS-RTOS.1.0.1
2025-08-19 15:59:32,637 [WARN] PackLoader:240 - Cannot read IP mode file for STMicroelectronics.X-CUBE-WB05N.2.0.0
2025-08-19 15:59:32,642 [WARN] PackLoader:240 - Cannot read IP mode file for wolfSSL.I-CUBE-wolfTPM.3.8.0
2025-08-19 15:59:32,648 [WARN] PackLoader:240 - Cannot read IP mode file for STMicroelectronics.X-CUBE-TCPP.4.2.0
2025-08-19 15:59:32,653 [WARN] PackLoader:240 - Cannot read IP mode file for RealThread.X-CUBE-RT-Thread_Nano.4.1.1
2025-08-19 15:59:32,656 [WARN] PackLoader:240 - Cannot read IP mode file for STMicroelectronics.FP-ATR-SIGFOX1.3.2.0
2025-08-19 15:59:32,660 [WARN] PackLoader:240 - Cannot read IP mode file for ITTIA_DB.I-CUBE-ITTIADB.8.9.0
2025-08-19 15:59:32,668 [WARN] PackLoader:240 - Cannot read IP mode file for STMicroelectronics.X-CUBE-ST67W61.1.0.0
2025-08-19 15:59:32,672 [WARN] PackLoader:240 - Cannot read IP mode file for STMicroelectronics.X-CUBE-AI.10.2.0
2025-08-19 15:59:32,688 [WARN] PackLoader:240 - Cannot read IP mode file for SEGGER.I-CUBE-embOS.1.3.1
2025-08-19 15:59:32,721 [WARN] PackLoader:240 - Cannot read IP mode file for STMicroelectronics.X-CUBE-ALGOBUILD.1.4.0
2025-08-19 15:59:32,753 [WARN] PackLoader:240 - Cannot read IP mode file for STMicroelectronics.X-CUBE-MEMS1.11.3.0
2025-08-19 15:59:32,831 [WARN] PackLoader:240 - Cannot read IP mode file for STMicroelectronics.X-CUBE-PM33A1.1.0.0
2025-08-19 15:59:32,840 [WARN] PackLoader:240 - Cannot read IP mode file for STMicroelectronics.X-CUBE-AZRTOS-F4.1.1.0
2025-08-19 15:59:32,845 [WARN] PackLoader:240 - Cannot read IP mode file for Avnet-IotConnect.X-CUBE-IoTC-DA16k-PMOD.1.0.0
2025-08-19 15:59:32,849 [WARN] PackLoader:240 - Cannot read IP mode file for STMicroelectronics.X-CUBE-ISPU.2.1.0
2025-08-19 15:59:32,861 [WARN] PackLoader:240 - Cannot read IP mode file for STMicroelectronics.X-CUBE-AZRTOS-L5.2.0.0
2025-08-19 15:59:32,869 [WARN] PackLoader:240 - Cannot read IP mode file for STMicroelectronics.X-CUBE-NFC6.3.1.0
2025-08-19 15:59:32,875 [WARN] PackLoader:240 - Cannot read IP mode file for STMicroelectronics.X-CUBE-FREERTOS.1.3.1
2025-08-19 15:59:32,880 [WARN] PackLoader:240 - Cannot read IP mode file for STMicroelectronics.X-CUBE-DPower.1.3.0
2025-08-19 15:59:32,889 [WARN] ConditionMgr:438 - getConditionDescription Invalid condition id : LAN8742 Phy interface Condition cause : null
2025-08-19 15:59:32,890 [WARN] PackLoader:240 - Cannot read IP mode file for STMicroelectronics.X-CUBE-AZRTOS-L4.2.0.0
2025-08-19 15:59:32,890 [WARN] ConditionMgr:1044 - genDependencies : Invalid condition id : LAN8742 Phy interface Condition cause : null
2025-08-19 15:59:32,890 [WARN] ConditionMgr:1044 - genDependencies : Invalid condition id : LAN8742 Phy interface Condition cause : null
2025-08-19 15:59:32,891 [WARN] ConditionMgr:1044 - genDependencies : Invalid condition id : LAN8742 Phy interface Condition cause : null
2025-08-19 15:59:32,897 [WARN] PackLoader:240 - Cannot read IP mode file for STMicroelectronics.X-CUBE-SFXS2LP1.4.0.0
2025-08-19 15:59:32,902 [WARN] PackLoader:240 - Cannot read IP mode file for STMicroelectronics.X-CUBE-BLEMGR.4.1.0
2025-08-19 15:59:32,911 [WARN] ConditionMgr:438 - getConditionDescription Invalid condition id : UX DEVICE CLASS RTOS Condition cause : null
2025-08-19 15:59:32,911 [WARN] ConditionMgr:438 - getConditionDescription Invalid condition id : UX DEVICE CLASS RTOS Condition cause : null
2025-08-19 15:59:32,912 [WARN] PackLoader:240 - Cannot read IP mode file for STMicroelectronics.X-CUBE-AZRTOS-WB.2.0.0
2025-08-19 15:59:32,913 [WARN] ConditionMgr:1044 - genDependencies : Invalid condition id : UX DEVICE CLASS RTOS Condition cause : null
2025-08-19 15:59:32,913 [WARN] ConditionMgr:1044 - genDependencies : Invalid condition id : UX DEVICE CLASS RTOS Condition cause : null
2025-08-19 15:59:32,913 [WARN] ConditionMgr:1044 - genDependencies : Invalid condition id : UX DEVICE CLASS RTOS Condition cause : null
2025-08-19 15:59:32,913 [WARN] ConditionMgr:1044 - genDependencies : Invalid condition id : UX DEVICE CLASS RTOS Condition cause : null
2025-08-19 15:59:32,913 [WARN] ConditionMgr:1044 - genDependencies : Invalid condition id : UX DEVICE CLASS RTOS Condition cause : null
2025-08-19 15:59:32,918 [WARN] PackLoader:240 - Cannot read IP mode file for STMicroelectronics.X-CUBE-GNSS1.7.0.1
2025-08-19 15:59:32,925 [WARN] PackLoader:240 - Cannot read IP mode file for STMicroelectronics.X-CUBE-TOUCHGFX.4.25.0
2025-08-19 15:59:32,930 [WARN] PackLoader:240 - Cannot read IP mode file for STMicroelectronics.FP-SNS-STBOX1.2.0.0
2025-08-19 15:59:32,937 [WARN] ConditionMgr:438 - getConditionDescription Invalid condition id : Cortex-A Device cause : null
2025-08-19 15:59:32,951 [WARN] ConditionMgr:1044 - genDependencies : Invalid condition id : Cortex-A Device cause : null
2025-08-19 15:59:32,951 [WARN] ConditionMgr:1044 - genDependencies : Invalid condition id : Cortex-A Device cause : null
2025-08-19 15:59:32,951 [WARN] ConditionMgr:1044 - genDependencies : Invalid condition id : Cortex-A Device cause : null
2025-08-19 15:59:32,960 [WARN] PackLoader:240 - Cannot read IP mode file for STMicroelectronics.X-CUBE-SUBG2.5.0.0
2025-08-19 15:59:32,979 [WARN] PackLoader:240 - Cannot read IP mode file for STMicroelectronics.X-CUBE-AZRTOS-H7RS.1.1.0
2025-08-19 15:59:32,985 [WARN] PackLoader:240 - Cannot read IP mode file for Cesanta.I-CUBE-Mongoose.7.13.0
2025-08-19 15:59:32,993 [WARN] PackLoader:240 - Cannot read IP mode file for STMicroelectronics.X-CUBE-AZRTOS-G4.2.0.0
2025-08-19 15:59:32,997 [WARN] PackLoader:240 - Cannot read IP mode file for wolfSSL.I-CUBE-wolfSSH.1.4.20
2025-08-19 15:59:33,002 [WARN] PackLoader:240 - Cannot read IP mode file for STMicroelectronics.X-CUBE-NFC7.2.0.0
2025-08-19 15:59:33,011 [WARN] PackLoader:240 - Cannot read IP mode file for STMicroelectronics.X-CUBE-IPS.3.1.0
2025-08-19 15:59:33,016 [WARN] PackLoader:240 - Cannot read IP mode file for STMicroelectronics.X-CUBE-ALS.1.0.2
2025-08-19 15:59:33,021 [WARN] PackLoader:240 - Cannot read IP mode file for portGmbH.I-Cube-SoM-uGOAL.1.1.0
2025-08-19 15:59:33,027 [WARN] PackLoader:240 - Cannot read IP mode file for STMicroelectronics.X-CUBE-TOF1.3.4.3
2025-08-19 15:59:33,032 [INFO] ThirdParty:978 - Integrity check success = true
2025-08-19 15:59:33,032 [INFO] IntegrityCheckThread:100 - exiting critical section [integrity check]
2025-08-19 15:59:33,032 [INFO] IntegrityCheckThread:103 - End integrity checks thread
2025-08-19 17:35:50,199 [INFO] WebApp:194 - Connection lost
2025-08-19 17:35:50,583 [INFO] WebApp:191 - Connection restablished
2025-08-19 17:35:52,078 [INFO] WebApp:194 - Connection lost
2025-08-19 17:35:52,302 [INFO] WebApp:191 - Connection restablished
2025-08-19 17:36:08,025 [INFO] WebApp:194 - Connection lost
2025-08-19 17:36:08,268 [INFO] WebApp:191 - Connection restablished
2025-08-19 20:51:45,952 [INFO] WebApp:194 - Connection lost
2025-08-19 20:51:53,991 [INFO] WebApp:191 - Connection restablished
2025-08-19 20:51:57,150 [INFO] WebApp:194 - Connection lost
2025-08-19 20:51:57,466 [INFO] WebApp:191 - Connection restablished
2025-08-19 20:52:34,502 [INFO] WebApp:194 - Connection lost
2025-08-19 20:52:36,248 [INFO] WebApp:191 - Connection restablished
