2025-08-26 09:16:25,306 [INFO] Activator:176 - 


2025-08-26 09:16:25,314 [INFO] Activator:177 - !SESSION log4j initialized
2025-08-26 09:16:35,559 [INFO] LogOutputStream:77 - [STDOUT_REDIRECT] 
2025-08-26 09:16:40,083 [INFO] ApplicationProperties:184 - Using Application install path: D:\Program Files\STM32IDE\STM32CubeIDE_1.19.0\STM32CubeIDE\plugins\com.st.stm32cube.common.mx_6.15.0.202507011659
2025-08-26 09:16:40,139 [INFO] DbMcusXml:78 - Set database path to: D:\Program Files\STM32IDE\STM32CubeIDE_1.19.0\STM32CubeIDE\plugins\com.st.stm32cube.common.mx_6.15.0.202507011659\\db\/mcu/
2025-08-26 09:16:40,140 [INFO] ApiDb:274 - Set plugin database path to: D:\Program Files\STM32IDE\STM32CubeIDE_1.19.0\STM32CubeIDE\plugins\com.st.stm32cube.common.mx_6.15.0.202507011659\\db\/plugins/boardmanager/
2025-08-26 09:16:40,142 [WARN] ApiDb:259 - Overriding images path with different value:  => D:\Program Files\STM32IDE\STM32CubeIDE_1.19.0\STM32CubeIDE\plugins\com.st.stm32cube.common.mx_6.15.0.202507011659\\db\/plugins/mcufinder/images/
2025-08-26 09:16:40,164 [INFO] ApiDb:250 - Set database path to: C:\Users\NIKHIL\.stmcufinder\plugins\mcufinder//mcu/
2025-08-26 09:16:40,168 [INFO] DbMcusAds:125 - Set database path to: C:\Users\NIKHIL\.stmcufinder\plugins\mcufinder//mcu/
2025-08-26 09:16:40,173 [INFO] CrossReferenceDbSqlite:203 - Set database path to: C:\Users\NIKHIL\.stmcufinder\plugins\mcufinder//mcu/cs/
2025-08-26 09:16:40,467 [INFO] RulesReader:64 - Compatibility file has been processed (317 Rules)
2025-08-26 09:16:40,672 [INFO] DbMcusXml:78 - Set database path to: D:\Program Files\STM32IDE\STM32CubeIDE_1.19.0\STM32CubeIDE\plugins\com.st.stm32cube.common.mx_6.15.0.202507011659\\db\/mcu/
2025-08-26 09:16:40,674 [INFO] ApiDb:274 - Set plugin database path to: D:\Program Files\STM32IDE\STM32CubeIDE_1.19.0\STM32CubeIDE\plugins\com.st.stm32cube.common.mx_6.15.0.202507011659\\db\/plugins/boardmanager/
2025-08-26 09:16:40,674 [INFO] ApiDb:261 - Set plugin images path to: D:\Program Files\STM32IDE\STM32CubeIDE_1.19.0\STM32CubeIDE\plugins\com.st.stm32cube.common.mx_6.15.0.202507011659\\db\/plugins/mcufinder/images/
2025-08-26 09:16:40,675 [WARN] DbFile:41 - Overriding database path with different value: C:\Users\NIKHIL\.stmcufinder\plugins\mcufinder/ => C:\Users\NIKHIL\.stmcufinder\plugins\mcufinder
2025-08-26 09:16:40,675 [INFO] ApiDb:250 - Set database path to: C:\Users\NIKHIL\.stmcufinder\plugins\mcufinder//mcu/
2025-08-26 09:16:40,675 [WARN] DbFile:41 - Overriding database path with different value: C:\Users\NIKHIL\.stmcufinder\plugins\mcufinder/ => C:\Users\NIKHIL\.stmcufinder\plugins\mcufinder
2025-08-26 09:16:40,676 [INFO] DbMcusAds:125 - Set database path to: C:\Users\NIKHIL\.stmcufinder\plugins\mcufinder//mcu/
2025-08-26 09:16:40,676 [WARN] DbFile:41 - Overriding database path with different value: C:\Users\NIKHIL\.stmcufinder\plugins\mcufinder/ => C:\Users\NIKHIL\.stmcufinder\plugins\mcufinder
2025-08-26 09:16:40,676 [WARN] DbFile:41 - Overriding database path with different value: C:\Users\NIKHIL\.stmcufinder\plugins\mcufinder/ => C:\Users\NIKHIL\.stmcufinder\plugins\mcufinder
2025-08-26 09:16:40,676 [INFO] CrossReferenceDbSqlite:203 - Set database path to: C:\Users\NIKHIL\.stmcufinder\plugins\mcufinder//mcu/cs/
2025-08-26 09:16:40,832 [INFO] MainPanel:274 - HeapMemory: 268435456
2025-08-26 09:16:41,009 [INFO] DbMcusXml:78 - Set database path to: D:\Program Files\STM32IDE\STM32CubeIDE_1.19.0\STM32CubeIDE\plugins\com.st.stm32cube.common.mx_6.15.0.202507011659\\db\/mcu/
2025-08-26 09:16:41,009 [INFO] ApiDb:274 - Set plugin database path to: D:\Program Files\STM32IDE\STM32CubeIDE_1.19.0\STM32CubeIDE\plugins\com.st.stm32cube.common.mx_6.15.0.202507011659\\db\/plugins/boardmanager/
2025-08-26 09:16:41,009 [INFO] ApiDb:261 - Set plugin images path to: D:\Program Files\STM32IDE\STM32CubeIDE_1.19.0\STM32CubeIDE\plugins\com.st.stm32cube.common.mx_6.15.0.202507011659\\db\/plugins/mcufinder/images/
2025-08-26 09:16:41,010 [WARN] DbFile:41 - Overriding database path with different value: C:\Users\NIKHIL\.stmcufinder\plugins\mcufinder/ => C:\Users\NIKHIL\.stmcufinder\plugins\mcufinder
2025-08-26 09:16:41,010 [INFO] ApiDb:250 - Set database path to: C:\Users\NIKHIL\.stmcufinder\plugins\mcufinder//mcu/
2025-08-26 09:16:41,010 [WARN] DbFile:41 - Overriding database path with different value: C:\Users\NIKHIL\.stmcufinder\plugins\mcufinder/ => C:\Users\NIKHIL\.stmcufinder\plugins\mcufinder
2025-08-26 09:16:41,010 [INFO] DbMcusAds:125 - Set database path to: C:\Users\NIKHIL\.stmcufinder\plugins\mcufinder//mcu/
2025-08-26 09:16:41,010 [WARN] DbFile:41 - Overriding database path with different value: C:\Users\NIKHIL\.stmcufinder\plugins\mcufinder/ => C:\Users\NIKHIL\.stmcufinder\plugins\mcufinder
2025-08-26 09:16:41,010 [WARN] DbFile:41 - Overriding database path with different value: C:\Users\NIKHIL\.stmcufinder\plugins\mcufinder/ => C:\Users\NIKHIL\.stmcufinder\plugins\mcufinder
2025-08-26 09:16:41,011 [INFO] CrossReferenceDbSqlite:203 - Set database path to: C:\Users\NIKHIL\.stmcufinder\plugins\mcufinder//mcu/cs/
2025-08-26 09:16:41,046 [INFO] ApplicationProperties:184 - Using Application install path: D:\Program Files\STM32IDE\STM32CubeIDE_1.19.0\STM32CubeIDE\plugins\com.st.stm32cube.common.mx_6.15.0.202507011659
2025-08-26 09:16:41,047 [INFO] PluginManage:196 - Search for loadable plugins [exclusion list=, ]
2025-08-26 09:16:41,050 [INFO] PluginManage:310 - Check plugin analytics
2025-08-26 09:16:41,939 [INFO] AnalyticsPlugin:253 - Accepted Software Licenses: 
2025-08-26 09:16:41,941 [INFO] AnalyticsPlugin:255 - Accepted CMSIS Pack Licenses: 
2025-08-26 09:16:41,941 [INFO] AnalyticsPlugin:257 - Accepted Firmware Licenses: 
2025-08-26 09:16:41,981 [INFO] PluginManage:359 - Loaded plugin analytics (category:tool,tabindex:-1)
2025-08-26 09:16:41,987 [INFO] PluginManage:310 - Check plugin cadmodel
2025-08-26 09:16:42,013 [INFO] CADModel:105 - Init CAD model plugin
2025-08-26 09:16:42,013 [INFO] PluginManage:359 - Loaded plugin cadmodel (category:power,tabindex:5)
2025-08-26 09:16:42,015 [INFO] PluginManage:310 - Check plugin clock
2025-08-26 09:16:42,070 [INFO] PluginManage:359 - Loaded plugin clock (category:base,tabindex:2)
2025-08-26 09:16:42,071 [INFO] PluginManage:310 - Check plugin ddr
2025-08-26 09:16:42,090 [INFO] PluginManage:359 - Loaded plugin ddr (category:tool,tabindex:6)
2025-08-26 09:16:42,090 [INFO] PluginManage:310 - Check plugin filemanager
2025-08-26 09:16:42,631 [INFO] PluginManage:359 - Loaded plugin filemanager (category:base,tabindex:10)
2025-08-26 09:16:42,631 [INFO] PluginManage:310 - Check plugin ipmanager
2025-08-26 09:16:42,652 [INFO] PluginManage:359 - Loaded plugin ipmanager (category:base,tabindex:5)
2025-08-26 09:16:42,652 [INFO] PluginManage:310 - Check plugin lpbam
2025-08-26 09:16:42,667 [INFO] PluginManage:359 - Loaded plugin lpbam (category:base,tabindex:0)
2025-08-26 09:16:42,667 [INFO] PluginManage:310 - Check plugin memorymap
2025-08-26 09:16:42,689 [INFO] PluginManage:359 - Loaded plugin memorymap (category:base,tabindex:4)
2025-08-26 09:16:42,689 [INFO] PluginManage:310 - Check plugin pinoutandconfiguration
2025-08-26 09:16:42,727 [INFO] PluginManage:359 - Loaded plugin pinoutandconfiguration (category:base,tabindex:1)
2025-08-26 09:16:42,727 [INFO] PluginManage:310 - Check plugin pinoutconfig
2025-08-26 09:16:43,000 [WARN] SupportedApi:132 - Cannot load RTOS API schema: s4s-elt-must-match.1: The content of 'definitions' must match (annotation?, (simpleType | complexType)?, (unique | key | keyref)*)). A problem was found starting at: attribute.
2025-08-26 09:16:43,219 [INFO] PluginManage:359 - Loaded plugin pinoutconfig (category:base,tabindex:0)
2025-08-26 09:16:43,220 [INFO] PluginManage:310 - Check plugin power
2025-08-26 09:16:43,229 [INFO] PluginManage:359 - Loaded plugin power (category:power,tabindex:4)
2025-08-26 09:16:43,231 [INFO] PluginManage:310 - Check plugin projectmanager
2025-08-26 09:16:43,264 [INFO] PluginManage:359 - Loaded plugin projectmanager (category:projectmanager,tabindex:4)
2025-08-26 09:16:43,264 [INFO] PluginManage:310 - Check plugin rif
2025-08-26 09:16:43,302 [INFO] PluginManage:359 - Loaded plugin rif (category:base,tabindex:3)
2025-08-26 09:16:43,302 [INFO] PluginManage:310 - Check plugin thirdparty
2025-08-26 09:16:43,722 [WARN] IntegrityCheckThread:84 - waiting for thirdparty lock release [integrity check]
2025-08-26 09:16:43,723 [INFO] IntegrityCheckThread:86 - entering critical section [integrity check]
2025-08-26 09:16:43,724 [INFO] ThirdPartyUpdaterWithRetryManager:70 - Updater plugin not ready yet. [1/15]
2025-08-26 09:16:43,736 [INFO] PluginManage:359 - Loaded plugin thirdparty (category:base,tabindex:-1)
2025-08-26 09:16:43,736 [INFO] PluginManage:310 - Check plugin tools
2025-08-26 09:16:43,771 [INFO] PluginManage:359 - Loaded plugin tools (category:base,tabindex:7)
2025-08-26 09:16:43,771 [INFO] PluginManage:310 - Check plugin tutovideos
2025-08-26 09:16:44,278 [INFO] PluginManage:359 - Loaded plugin tutovideos (category:base,tabindex:-1)
2025-08-26 09:16:44,279 [INFO] PluginManage:310 - Check plugin updater
2025-08-26 09:16:44,350 [INFO] PluginManage:359 - Loaded plugin updater (category:base,tabindex:12)
2025-08-26 09:16:44,351 [INFO] PluginManage:310 - Check plugin userauth
2025-08-26 09:16:44,361 [INFO] UserAuth:118 - Init User Auth plugin
2025-08-26 09:16:44,363 [INFO] PluginManage:359 - Loaded plugin userauth (category:base,tabindex:14)
2025-08-26 09:16:44,364 [INFO] PluginManage:283 - PluginManage : Loaded plugins [18]
2025-08-26 09:16:44,788 [INFO] PinOutPanel:1589 - setPackage(No Configuration,No Configuration)
2025-08-26 09:16:44,936 [INFO] CADModel:165 - CPN selected for project level
2025-08-26 09:16:44,937 [INFO] CADModel:114 - Register for checkConnection events
2025-08-26 09:16:44,991 [INFO] IPUIPlugin:80 - create IPUIPlugin
2025-08-26 09:16:44,992 [INFO] PluginManager:220 - loadIPPluginJar : add adc
2025-08-26 09:16:45,000 [INFO] IPUIPlugin:80 - create IPUIPlugin
2025-08-26 09:16:45,001 [INFO] PluginManager:220 - loadIPPluginJar : add aes
2025-08-26 09:16:45,007 [INFO] IPUIPlugin:80 - create IPUIPlugin
2025-08-26 09:16:45,008 [INFO] PluginManager:220 - loadIPPluginJar : add can
2025-08-26 09:16:45,016 [INFO] IPUIPlugin:80 - create IPUIPlugin
2025-08-26 09:16:45,017 [INFO] PluginManager:220 - loadIPPluginJar : add comp
2025-08-26 09:16:45,022 [INFO] IPUIPlugin:80 - create IPUIPlugin
2025-08-26 09:16:45,022 [INFO] PluginManager:220 - loadIPPluginJar : add cryp
2025-08-26 09:16:45,032 [INFO] IPUIPlugin:80 - create IPUIPlugin
2025-08-26 09:16:45,032 [INFO] PluginManager:220 - loadIPPluginJar : add ddr_ctrl_phy
2025-08-26 09:16:45,036 [INFO] IPUIPlugin:80 - create IPUIPlugin
2025-08-26 09:16:45,036 [INFO] PluginManager:220 - loadIPPluginJar : add dfsdm
2025-08-26 09:16:45,046 [INFO] IPUIPlugin:80 - create IPUIPlugin
2025-08-26 09:16:45,048 [INFO] PluginManager:220 - loadIPPluginJar : add dma
2025-08-26 09:16:45,053 [INFO] IPUIPlugin:80 - create IPUIPlugin
2025-08-26 09:16:45,053 [INFO] PluginManager:220 - loadIPPluginJar : add dma3
2025-08-26 09:16:45,057 [INFO] IPUIPlugin:80 - create IPUIPlugin
2025-08-26 09:16:45,057 [INFO] PluginManager:220 - loadIPPluginJar : add extmemmanager
2025-08-26 09:16:45,062 [INFO] IPUIPlugin:80 - create IPUIPlugin
2025-08-26 09:16:45,063 [INFO] PluginManager:220 - loadIPPluginJar : add fatfs
2025-08-26 09:16:45,076 [INFO] IPUIPlugin:80 - create IPUIPlugin
2025-08-26 09:16:45,076 [INFO] PluginManager:220 - loadIPPluginJar : add fmc
2025-08-26 09:16:45,118 [INFO] IPUIPlugin:80 - create IPUIPlugin
2025-08-26 09:16:45,118 [INFO] PluginManager:220 - loadIPPluginJar : add freertos
2025-08-26 09:16:45,123 [INFO] IPUIPlugin:80 - create IPUIPlugin
2025-08-26 09:16:45,124 [INFO] PluginManager:220 - loadIPPluginJar : add genericplugin
2025-08-26 09:16:45,129 [INFO] IPUIPlugin:80 - create IPUIPlugin
2025-08-26 09:16:45,129 [INFO] PluginManager:220 - loadIPPluginJar : add gfxmmu
2025-08-26 09:16:45,141 [INFO] IPUIPlugin:80 - create IPUIPlugin
2025-08-26 09:16:45,141 [INFO] PluginManager:220 - loadIPPluginJar : add gic
2025-08-26 09:16:45,150 [INFO] IPUIPlugin:80 - create IPUIPlugin
2025-08-26 09:16:45,151 [INFO] PluginManager:220 - loadIPPluginJar : add gpio
2025-08-26 09:16:45,158 [INFO] IPUIPlugin:80 - create IPUIPlugin
2025-08-26 09:16:45,158 [INFO] PluginManager:220 - loadIPPluginJar : add gtzc
2025-08-26 09:16:45,163 [INFO] IPUIPlugin:80 - create IPUIPlugin
2025-08-26 09:16:45,164 [INFO] PluginManager:220 - loadIPPluginJar : add hash
2025-08-26 09:16:45,169 [INFO] IPUIPlugin:80 - create IPUIPlugin
2025-08-26 09:16:45,170 [INFO] PluginManager:220 - loadIPPluginJar : add i2c
2025-08-26 09:16:45,175 [INFO] IPUIPlugin:80 - create IPUIPlugin
2025-08-26 09:16:45,175 [INFO] PluginManager:220 - loadIPPluginJar : add i2s
2025-08-26 09:16:45,182 [INFO] IPUIPlugin:80 - create IPUIPlugin
2025-08-26 09:16:45,182 [INFO] PluginManager:220 - loadIPPluginJar : add i3c
2025-08-26 09:16:45,188 [INFO] IPUIPlugin:80 - create IPUIPlugin
2025-08-26 09:16:45,188 [INFO] PluginManager:220 - loadIPPluginJar : add ipddr
2025-08-26 09:16:45,199 [INFO] IPUIPlugin:80 - create IPUIPlugin
2025-08-26 09:16:45,200 [INFO] PluginManager:220 - loadIPPluginJar : add linkedlist
2025-08-26 09:16:45,207 [INFO] IPUIPlugin:80 - create IPUIPlugin
2025-08-26 09:16:45,207 [INFO] PluginManager:220 - loadIPPluginJar : add lorawan
2025-08-26 09:16:45,211 [INFO] IPUIPlugin:80 - create IPUIPlugin
2025-08-26 09:16:45,211 [INFO] PluginManager:220 - loadIPPluginJar : add ltdc
2025-08-26 09:16:45,227 [INFO] IPUIPlugin:80 - create IPUIPlugin
2025-08-26 09:16:45,228 [INFO] PluginManager:220 - loadIPPluginJar : add mdma
2025-08-26 09:16:45,236 [INFO] IPUIPlugin:80 - create IPUIPlugin
2025-08-26 09:16:45,237 [INFO] PluginManager:220 - loadIPPluginJar : add nvic
2025-08-26 09:16:45,242 [INFO] IPUIPlugin:80 - create IPUIPlugin
2025-08-26 09:16:45,242 [INFO] PluginManager:220 - loadIPPluginJar : add opamp
2025-08-26 09:16:45,249 [INFO] IPUIPlugin:80 - create IPUIPlugin
2025-08-26 09:16:45,250 [INFO] PluginManager:220 - loadIPPluginJar : add openamp
2025-08-26 09:16:45,256 [INFO] IPUIPlugin:80 - create IPUIPlugin
2025-08-26 09:16:45,256 [INFO] PluginManager:220 - loadIPPluginJar : add pdm2pcm
2025-08-26 09:16:45,264 [INFO] IPUIPlugin:80 - create IPUIPlugin
2025-08-26 09:16:45,268 [INFO] PluginManager:220 - loadIPPluginJar : add plateformsettings
2025-08-26 09:16:45,272 [INFO] IPUIPlugin:80 - create IPUIPlugin
2025-08-26 09:16:45,272 [INFO] PluginManager:220 - loadIPPluginJar : add quadspi
2025-08-26 09:16:45,275 [INFO] IPUIPlugin:80 - create IPUIPlugin
2025-08-26 09:16:45,275 [INFO] PluginManager:220 - loadIPPluginJar : add radio
2025-08-26 09:16:45,282 [INFO] IPUIPlugin:80 - create IPUIPlugin
2025-08-26 09:16:45,282 [INFO] PluginManager:220 - loadIPPluginJar : add resmgrutility
2025-08-26 09:16:45,287 [INFO] IPUIPlugin:80 - create IPUIPlugin
2025-08-26 09:16:45,288 [INFO] PluginManager:220 - loadIPPluginJar : add sai
2025-08-26 09:16:45,294 [INFO] IPUIPlugin:80 - create IPUIPlugin
2025-08-26 09:16:45,294 [INFO] PluginManager:220 - loadIPPluginJar : add spi
2025-08-26 09:16:45,303 [INFO] IPUIPlugin:80 - create IPUIPlugin
2025-08-26 09:16:45,304 [INFO] PluginManager:220 - loadIPPluginJar : add stm32_wpan
2025-08-26 09:16:45,306 [INFO] IPUIPlugin:80 - create IPUIPlugin
2025-08-26 09:16:45,307 [INFO] PluginManager:220 - loadIPPluginJar : add tim
2025-08-26 09:16:45,311 [INFO] IPUIPlugin:80 - create IPUIPlugin
2025-08-26 09:16:45,311 [INFO] PluginManager:220 - loadIPPluginJar : add touchsensing
2025-08-26 09:16:45,314 [INFO] IPUIPlugin:80 - create IPUIPlugin
2025-08-26 09:16:45,314 [INFO] PluginManager:220 - loadIPPluginJar : add tracer_emb
2025-08-26 09:16:45,316 [INFO] IPUIPlugin:80 - create IPUIPlugin
2025-08-26 09:16:45,316 [INFO] PluginManager:220 - loadIPPluginJar : add ts
2025-08-26 09:16:45,318 [INFO] IPUIPlugin:80 - create IPUIPlugin
2025-08-26 09:16:45,319 [INFO] PluginManager:220 - loadIPPluginJar : add tsc
2025-08-26 09:16:45,321 [INFO] IPUIPlugin:80 - create IPUIPlugin
2025-08-26 09:16:45,321 [INFO] PluginManager:220 - loadIPPluginJar : add ucpd
2025-08-26 09:16:45,325 [INFO] IPUIPlugin:80 - create IPUIPlugin
2025-08-26 09:16:45,325 [INFO] PluginManager:220 - loadIPPluginJar : add usart
2025-08-26 09:16:45,331 [INFO] IPUIPlugin:80 - create IPUIPlugin
2025-08-26 09:16:45,332 [INFO] PluginManager:220 - loadIPPluginJar : add usbx
2025-08-26 09:16:45,551 [FATAL] Updater:351 - Updater called before beeing initialized
2025-08-26 09:16:45,631 [INFO] RulesReader:64 - Compatibility file has been processed (317 Rules)
2025-08-26 09:16:45,663 [INFO] RulesReader:64 - Compatibility file has been processed (317 Rules)
2025-08-26 09:16:45,751 [INFO] CADModel:165 - CPN selected for project level
2025-08-26 09:16:45,751 [INFO] CADModel:114 - Register for checkConnection events
2025-08-26 09:16:45,752 [FATAL] Updater:351 - Updater called before beeing initialized
2025-08-26 09:16:45,752 [ERROR] CADModel:125 - Updater not yet initialized, retry later 
2025-08-26 09:16:46,719 [FATAL] Updater:351 - Updater called before beeing initialized
2025-08-26 09:16:46,724 [INFO] CADModel:165 - CPN selected for project level
2025-08-26 09:16:46,725 [INFO] CADModel:114 - Register for checkConnection events
2025-08-26 09:16:46,725 [FATAL] Updater:351 - Updater called before beeing initialized
2025-08-26 09:16:46,725 [ERROR] CADModel:125 - Updater not yet initialized, retry later 
2025-08-26 09:16:46,727 [INFO] ThirdPartyUpdaterWithRetryManager:70 - Updater plugin not ready yet. [2/15]
2025-08-26 09:16:46,860 [FATAL] Updater:351 - Updater called before beeing initialized
2025-08-26 09:16:47,014 [FATAL] Updater:351 - Updater called before beeing initialized
2025-08-26 09:16:47,019 [INFO] DbMcusAds:53 - JSON generation date=Tue Jul 08 13:44:23 IST 2025 (1751962463582)
2025-08-26 09:16:47,019 [FATAL] Updater:351 - Updater called before beeing initialized
2025-08-26 09:16:47,063 [WARN] DetailPanel:346 - Failed to get advertising image, set to default
2025-08-26 09:16:47,174 [FATAL] Updater:351 - Updater called before beeing initialized
2025-08-26 09:16:47,176 [FATAL] Updater:351 - Updater called before beeing initialized
2025-08-26 09:16:47,176 [FATAL] Updater:351 - Updater called before beeing initialized
2025-08-26 09:16:47,176 [WARN] DetailPanel:346 - Failed to get advertising image, set to default
2025-08-26 09:16:47,177 [FATAL] Updater:351 - Updater called before beeing initialized
2025-08-26 09:16:47,304 [ERROR] Updater:1198 - MainUpdater not yet initialized. External WinMGr cannot be set.
2025-08-26 09:16:47,309 [INFO] Updater:1134 - Updater Version found : 6.15.0
2025-08-26 09:16:47,345 [INFO] ApplicationProperties:184 - Using Application install path: D:\Program Files\STM32IDE\STM32CubeIDE_1.19.0\STM32CubeIDE\plugins\com.st.stm32cube.common.mx_6.15.0.202507011659
2025-08-26 09:16:48,944 [ERROR] LogOutputStream:75 - [STDERR_REDIRECT] Aug 26, 2025 9:16:48 AM java.util.prefs.WindowsPreferences <init>
2025-08-26 09:16:48,947 [ERROR] LogOutputStream:75 - [STDERR_REDIRECT] WARNING: Could not open/create prefs root node Software\JavaSoft\Prefs at root 0xffffffff80000002. Windows RegCreateKeyEx(...) returned error code 5.
2025-08-26 09:16:48,948 [ERROR] LogOutputStream:75 - [STDERR_REDIRECT] 
2025-08-26 09:16:49,729 [FATAL] Updater:351 - Updater called before beeing initialized
2025-08-26 09:16:49,732 [ERROR] IntegrityCheckThread:130 - Cannot retrieve database content from updater: error 21
2025-08-26 09:16:49,732 [INFO] ThirdParty:978 - Integrity check success = false
2025-08-26 09:16:49,733 [INFO] IntegrityCheckThread:100 - exiting critical section [integrity check]
2025-08-26 09:16:49,733 [INFO] IntegrityCheckThread:103 - End integrity checks thread
2025-08-26 09:16:51,235 [INFO] MainUpdater:2872 - connection check result : 10
2025-08-26 09:16:51,236 [INFO] MainUpdater:289 - Updater Check For Update Now.
2025-08-26 09:16:51,236 [INFO] MicroXplorer:498 - Change Database Version : DB.6.0.150
2025-08-26 09:16:51,391 [INFO] McuFinderGlobals:63 - Set McuFinder mode to 2 (CubeIDE integrated)
2025-08-26 09:16:51,391 [INFO] UserAuth:171 - activating auth plugin
2025-08-26 09:16:51,412 [INFO] UserAuth:487 - Internet connection configuration mode: 1
2025-08-26 09:16:51,792 [INFO] CheckServerUpdateThread:120 - End of CheckServer Thread
2025-08-26 09:16:51,839 [INFO] JxBrowserEngine:152 - Initiate JxBrowser Engine with user profile folder
2025-08-26 09:16:53,990 [INFO] WebApp:169 - Instantiating new browser for Auth
2025-08-26 09:16:55,407 [INFO] WebApp:463 - Apply proxy settings
2025-08-26 09:16:55,408 [INFO] WebApp:548 - Chromium requires no authentication
2025-08-26 09:16:55,431 [INFO] WebApp:491 - Direct internet connection detected
2025-08-26 09:16:55,485 [INFO] WebApp:900 - Register for checkConnection events
2025-08-26 09:16:55,485 [INFO] WebApp:463 - Apply proxy settings
2025-08-26 09:16:55,485 [INFO] WebApp:548 - Chromium requires no authentication
2025-08-26 09:16:55,486 [INFO] WebApp:491 - Direct internet connection detected
2025-08-26 09:16:55,685 [INFO] WebApp:225 - Starting web application
2025-08-26 09:16:55,685 [INFO] WebApp:593 - Web application path used D:\Program Files\STM32IDE\STM32CubeIDE_1.19.0\STM32CubeIDE\plugins\com.st.stm32cube.common.mx_6.15.0.202507011659\db\plugins\mcufinder\reactClient1\index.html
2025-08-26 09:16:56,811 [INFO] WebApp:191 - Connection restablished
2025-08-26 13:53:16,504 [INFO] WebApp:194 - Connection lost
2025-08-26 13:53:17,024 [INFO] WebApp:191 - Connection restablished
2025-08-26 13:53:18,052 [INFO] WebApp:194 - Connection lost
2025-08-26 13:53:18,114 [INFO] WebApp:191 - Connection restablished
2025-08-26 13:53:20,956 [INFO] WebApp:194 - Connection lost
2025-08-26 13:53:21,317 [INFO] WebApp:191 - Connection restablished
2025-08-26 13:53:24,023 [INFO] WebApp:194 - Connection lost
2025-08-26 13:53:24,266 [INFO] WebApp:191 - Connection restablished
2025-08-26 13:54:14,944 [INFO] WebApp:194 - Connection lost
2025-08-26 13:54:15,312 [INFO] WebApp:191 - Connection restablished
2025-08-26 13:55:05,488 [INFO] WebApp:194 - Connection lost
2025-08-26 13:55:05,837 [INFO] WebApp:191 - Connection restablished
2025-08-26 13:59:52,163 [ERROR] LogOutputStream:75 - [STDERR_REDIRECT] 
2025-08-26 13:59:52,166 [ERROR] LogOutputStream:75 - [STDERR_REDIRECT] 
2025-08-26 16:07:04,319 [INFO] Activator:176 - 


2025-08-26 16:07:04,323 [INFO] Activator:177 - !SESSION log4j initialized
2025-08-26 16:07:12,459 [INFO] LogOutputStream:77 - [STDOUT_REDIRECT] 
2025-08-26 16:07:18,367 [INFO] ApplicationProperties:184 - Using Application install path: D:\Program Files\STM32IDE\STM32CubeIDE_1.19.0\STM32CubeIDE\plugins\com.st.stm32cube.common.mx_6.15.0.202507011659
2025-08-26 16:07:18,404 [INFO] DbMcusXml:78 - Set database path to: D:\Program Files\STM32IDE\STM32CubeIDE_1.19.0\STM32CubeIDE\plugins\com.st.stm32cube.common.mx_6.15.0.202507011659\\db\/mcu/
2025-08-26 16:07:18,404 [INFO] ApiDb:274 - Set plugin database path to: D:\Program Files\STM32IDE\STM32CubeIDE_1.19.0\STM32CubeIDE\plugins\com.st.stm32cube.common.mx_6.15.0.202507011659\\db\/plugins/boardmanager/
2025-08-26 16:07:18,404 [WARN] ApiDb:259 - Overriding images path with different value:  => D:\Program Files\STM32IDE\STM32CubeIDE_1.19.0\STM32CubeIDE\plugins\com.st.stm32cube.common.mx_6.15.0.202507011659\\db\/plugins/mcufinder/images/
2025-08-26 16:07:18,411 [INFO] ApiDb:250 - Set database path to: C:\Users\NIKHIL\.stmcufinder\plugins\mcufinder//mcu/
2025-08-26 16:07:18,412 [INFO] DbMcusAds:125 - Set database path to: C:\Users\NIKHIL\.stmcufinder\plugins\mcufinder//mcu/
2025-08-26 16:07:18,418 [INFO] CrossReferenceDbSqlite:203 - Set database path to: C:\Users\NIKHIL\.stmcufinder\plugins\mcufinder//mcu/cs/
2025-08-26 16:07:18,662 [INFO] RulesReader:64 - Compatibility file has been processed (317 Rules)
2025-08-26 16:07:18,826 [INFO] DbMcusXml:78 - Set database path to: D:\Program Files\STM32IDE\STM32CubeIDE_1.19.0\STM32CubeIDE\plugins\com.st.stm32cube.common.mx_6.15.0.202507011659\\db\/mcu/
2025-08-26 16:07:18,826 [INFO] ApiDb:274 - Set plugin database path to: D:\Program Files\STM32IDE\STM32CubeIDE_1.19.0\STM32CubeIDE\plugins\com.st.stm32cube.common.mx_6.15.0.202507011659\\db\/plugins/boardmanager/
2025-08-26 16:07:18,827 [INFO] ApiDb:261 - Set plugin images path to: D:\Program Files\STM32IDE\STM32CubeIDE_1.19.0\STM32CubeIDE\plugins\com.st.stm32cube.common.mx_6.15.0.202507011659\\db\/plugins/mcufinder/images/
2025-08-26 16:07:18,827 [WARN] DbFile:41 - Overriding database path with different value: C:\Users\NIKHIL\.stmcufinder\plugins\mcufinder/ => C:\Users\NIKHIL\.stmcufinder\plugins\mcufinder
2025-08-26 16:07:18,827 [INFO] ApiDb:250 - Set database path to: C:\Users\NIKHIL\.stmcufinder\plugins\mcufinder//mcu/
2025-08-26 16:07:18,827 [WARN] DbFile:41 - Overriding database path with different value: C:\Users\NIKHIL\.stmcufinder\plugins\mcufinder/ => C:\Users\NIKHIL\.stmcufinder\plugins\mcufinder
2025-08-26 16:07:18,828 [INFO] DbMcusAds:125 - Set database path to: C:\Users\NIKHIL\.stmcufinder\plugins\mcufinder//mcu/
2025-08-26 16:07:18,828 [WARN] DbFile:41 - Overriding database path with different value: C:\Users\NIKHIL\.stmcufinder\plugins\mcufinder/ => C:\Users\NIKHIL\.stmcufinder\plugins\mcufinder
2025-08-26 16:07:18,828 [WARN] DbFile:41 - Overriding database path with different value: C:\Users\NIKHIL\.stmcufinder\plugins\mcufinder/ => C:\Users\NIKHIL\.stmcufinder\plugins\mcufinder
2025-08-26 16:07:18,828 [INFO] CrossReferenceDbSqlite:203 - Set database path to: C:\Users\NIKHIL\.stmcufinder\plugins\mcufinder//mcu/cs/
2025-08-26 16:07:18,939 [INFO] MainPanel:274 - HeapMemory: 268435456
2025-08-26 16:07:19,022 [INFO] DbMcusXml:78 - Set database path to: D:\Program Files\STM32IDE\STM32CubeIDE_1.19.0\STM32CubeIDE\plugins\com.st.stm32cube.common.mx_6.15.0.202507011659\\db\/mcu/
2025-08-26 16:07:19,022 [INFO] ApiDb:274 - Set plugin database path to: D:\Program Files\STM32IDE\STM32CubeIDE_1.19.0\STM32CubeIDE\plugins\com.st.stm32cube.common.mx_6.15.0.202507011659\\db\/plugins/boardmanager/
2025-08-26 16:07:19,023 [INFO] ApiDb:261 - Set plugin images path to: D:\Program Files\STM32IDE\STM32CubeIDE_1.19.0\STM32CubeIDE\plugins\com.st.stm32cube.common.mx_6.15.0.202507011659\\db\/plugins/mcufinder/images/
2025-08-26 16:07:19,023 [WARN] DbFile:41 - Overriding database path with different value: C:\Users\NIKHIL\.stmcufinder\plugins\mcufinder/ => C:\Users\NIKHIL\.stmcufinder\plugins\mcufinder
2025-08-26 16:07:19,023 [INFO] ApiDb:250 - Set database path to: C:\Users\NIKHIL\.stmcufinder\plugins\mcufinder//mcu/
2025-08-26 16:07:19,023 [WARN] DbFile:41 - Overriding database path with different value: C:\Users\NIKHIL\.stmcufinder\plugins\mcufinder/ => C:\Users\NIKHIL\.stmcufinder\plugins\mcufinder
2025-08-26 16:07:19,023 [INFO] DbMcusAds:125 - Set database path to: C:\Users\NIKHIL\.stmcufinder\plugins\mcufinder//mcu/
2025-08-26 16:07:19,023 [WARN] DbFile:41 - Overriding database path with different value: C:\Users\NIKHIL\.stmcufinder\plugins\mcufinder/ => C:\Users\NIKHIL\.stmcufinder\plugins\mcufinder
2025-08-26 16:07:19,023 [WARN] DbFile:41 - Overriding database path with different value: C:\Users\NIKHIL\.stmcufinder\plugins\mcufinder/ => C:\Users\NIKHIL\.stmcufinder\plugins\mcufinder
2025-08-26 16:07:19,023 [INFO] CrossReferenceDbSqlite:203 - Set database path to: C:\Users\NIKHIL\.stmcufinder\plugins\mcufinder//mcu/cs/
2025-08-26 16:07:19,036 [INFO] ApplicationProperties:184 - Using Application install path: D:\Program Files\STM32IDE\STM32CubeIDE_1.19.0\STM32CubeIDE\plugins\com.st.stm32cube.common.mx_6.15.0.202507011659
2025-08-26 16:07:19,037 [INFO] PluginManage:196 - Search for loadable plugins [exclusion list=, ]
2025-08-26 16:07:19,037 [INFO] PluginManage:310 - Check plugin analytics
2025-08-26 16:07:19,184 [INFO] AnalyticsPlugin:253 - Accepted Software Licenses: 
2025-08-26 16:07:19,184 [INFO] AnalyticsPlugin:255 - Accepted CMSIS Pack Licenses: 
2025-08-26 16:07:19,184 [INFO] AnalyticsPlugin:257 - Accepted Firmware Licenses: 
2025-08-26 16:07:19,186 [INFO] PluginManage:359 - Loaded plugin analytics (category:tool,tabindex:-1)
2025-08-26 16:07:19,187 [INFO] PluginManage:310 - Check plugin cadmodel
2025-08-26 16:07:19,192 [INFO] CADModel:105 - Init CAD model plugin
2025-08-26 16:07:19,192 [INFO] PluginManage:359 - Loaded plugin cadmodel (category:power,tabindex:5)
2025-08-26 16:07:19,192 [INFO] PluginManage:310 - Check plugin clock
2025-08-26 16:07:19,200 [INFO] PluginManage:359 - Loaded plugin clock (category:base,tabindex:2)
2025-08-26 16:07:19,200 [INFO] PluginManage:310 - Check plugin ddr
2025-08-26 16:07:19,202 [INFO] PluginManage:359 - Loaded plugin ddr (category:tool,tabindex:6)
2025-08-26 16:07:19,202 [INFO] PluginManage:310 - Check plugin filemanager
2025-08-26 16:07:19,321 [INFO] PluginManage:359 - Loaded plugin filemanager (category:base,tabindex:10)
2025-08-26 16:07:19,321 [INFO] PluginManage:310 - Check plugin ipmanager
2025-08-26 16:07:19,327 [INFO] PluginManage:359 - Loaded plugin ipmanager (category:base,tabindex:5)
2025-08-26 16:07:19,327 [INFO] PluginManage:310 - Check plugin lpbam
2025-08-26 16:07:19,333 [INFO] PluginManage:359 - Loaded plugin lpbam (category:base,tabindex:0)
2025-08-26 16:07:19,333 [INFO] PluginManage:310 - Check plugin memorymap
2025-08-26 16:07:19,342 [INFO] PluginManage:359 - Loaded plugin memorymap (category:base,tabindex:4)
2025-08-26 16:07:19,342 [INFO] PluginManage:310 - Check plugin pinoutandconfiguration
2025-08-26 16:07:19,349 [INFO] PluginManage:359 - Loaded plugin pinoutandconfiguration (category:base,tabindex:1)
2025-08-26 16:07:19,349 [INFO] PluginManage:310 - Check plugin pinoutconfig
2025-08-26 16:07:19,431 [WARN] SupportedApi:132 - Cannot load RTOS API schema: s4s-elt-must-match.1: The content of 'definitions' must match (annotation?, (simpleType | complexType)?, (unique | key | keyref)*)). A problem was found starting at: attribute.
2025-08-26 16:07:19,554 [INFO] PluginManage:359 - Loaded plugin pinoutconfig (category:base,tabindex:0)
2025-08-26 16:07:19,554 [INFO] PluginManage:310 - Check plugin power
2025-08-26 16:07:19,562 [INFO] PluginManage:359 - Loaded plugin power (category:power,tabindex:4)
2025-08-26 16:07:19,562 [INFO] PluginManage:310 - Check plugin projectmanager
2025-08-26 16:07:19,574 [INFO] PluginManage:359 - Loaded plugin projectmanager (category:projectmanager,tabindex:4)
2025-08-26 16:07:19,574 [INFO] PluginManage:310 - Check plugin rif
2025-08-26 16:07:19,583 [INFO] PluginManage:359 - Loaded plugin rif (category:base,tabindex:3)
2025-08-26 16:07:19,583 [INFO] PluginManage:310 - Check plugin thirdparty
2025-08-26 16:07:19,688 [INFO] PluginManage:359 - Loaded plugin thirdparty (category:base,tabindex:-1)
2025-08-26 16:07:19,688 [INFO] PluginManage:310 - Check plugin tools
2025-08-26 16:07:19,688 [WARN] IntegrityCheckThread:84 - waiting for thirdparty lock release [integrity check]
2025-08-26 16:07:19,689 [INFO] IntegrityCheckThread:86 - entering critical section [integrity check]
2025-08-26 16:07:19,689 [INFO] ThirdPartyUpdaterWithRetryManager:70 - Updater plugin not ready yet. [1/15]
2025-08-26 16:07:19,690 [INFO] PluginManage:359 - Loaded plugin tools (category:base,tabindex:7)
2025-08-26 16:07:19,690 [INFO] PluginManage:310 - Check plugin tutovideos
2025-08-26 16:07:19,862 [INFO] PluginManage:359 - Loaded plugin tutovideos (category:base,tabindex:-1)
2025-08-26 16:07:19,863 [INFO] PluginManage:310 - Check plugin updater
2025-08-26 16:07:19,888 [INFO] PluginManage:359 - Loaded plugin updater (category:base,tabindex:12)
2025-08-26 16:07:19,888 [INFO] PluginManage:310 - Check plugin userauth
2025-08-26 16:07:19,891 [INFO] UserAuth:118 - Init User Auth plugin
2025-08-26 16:07:19,891 [INFO] PluginManage:359 - Loaded plugin userauth (category:base,tabindex:14)
2025-08-26 16:07:19,892 [INFO] PluginManage:283 - PluginManage : Loaded plugins [18]
2025-08-26 16:07:20,045 [INFO] PinOutPanel:1589 - setPackage(No Configuration,No Configuration)
2025-08-26 16:07:20,112 [INFO] CADModel:165 - CPN selected for project level
2025-08-26 16:07:20,112 [INFO] CADModel:114 - Register for checkConnection events
2025-08-26 16:07:20,130 [INFO] IPUIPlugin:80 - create IPUIPlugin
2025-08-26 16:07:20,131 [INFO] PluginManager:220 - loadIPPluginJar : add adc
2025-08-26 16:07:20,133 [INFO] IPUIPlugin:80 - create IPUIPlugin
2025-08-26 16:07:20,133 [INFO] PluginManager:220 - loadIPPluginJar : add aes
2025-08-26 16:07:20,135 [INFO] IPUIPlugin:80 - create IPUIPlugin
2025-08-26 16:07:20,136 [INFO] PluginManager:220 - loadIPPluginJar : add can
2025-08-26 16:07:20,137 [INFO] IPUIPlugin:80 - create IPUIPlugin
2025-08-26 16:07:20,137 [INFO] PluginManager:220 - loadIPPluginJar : add comp
2025-08-26 16:07:20,138 [INFO] IPUIPlugin:80 - create IPUIPlugin
2025-08-26 16:07:20,138 [INFO] PluginManager:220 - loadIPPluginJar : add cryp
2025-08-26 16:07:20,140 [INFO] IPUIPlugin:80 - create IPUIPlugin
2025-08-26 16:07:20,141 [INFO] PluginManager:220 - loadIPPluginJar : add ddr_ctrl_phy
2025-08-26 16:07:20,142 [INFO] IPUIPlugin:80 - create IPUIPlugin
2025-08-26 16:07:20,142 [INFO] PluginManager:220 - loadIPPluginJar : add dfsdm
2025-08-26 16:07:20,146 [INFO] IPUIPlugin:80 - create IPUIPlugin
2025-08-26 16:07:20,147 [INFO] PluginManager:220 - loadIPPluginJar : add dma
2025-08-26 16:07:20,149 [INFO] IPUIPlugin:80 - create IPUIPlugin
2025-08-26 16:07:20,149 [INFO] PluginManager:220 - loadIPPluginJar : add dma3
2025-08-26 16:07:20,151 [INFO] IPUIPlugin:80 - create IPUIPlugin
2025-08-26 16:07:20,151 [INFO] PluginManager:220 - loadIPPluginJar : add extmemmanager
2025-08-26 16:07:20,152 [INFO] IPUIPlugin:80 - create IPUIPlugin
2025-08-26 16:07:20,152 [INFO] PluginManager:220 - loadIPPluginJar : add fatfs
2025-08-26 16:07:20,155 [INFO] IPUIPlugin:80 - create IPUIPlugin
2025-08-26 16:07:20,155 [INFO] PluginManager:220 - loadIPPluginJar : add fmc
2025-08-26 16:07:20,161 [INFO] IPUIPlugin:80 - create IPUIPlugin
2025-08-26 16:07:20,161 [INFO] PluginManager:220 - loadIPPluginJar : add freertos
2025-08-26 16:07:20,162 [INFO] IPUIPlugin:80 - create IPUIPlugin
2025-08-26 16:07:20,162 [INFO] PluginManager:220 - loadIPPluginJar : add genericplugin
2025-08-26 16:07:20,164 [INFO] IPUIPlugin:80 - create IPUIPlugin
2025-08-26 16:07:20,164 [INFO] PluginManager:220 - loadIPPluginJar : add gfxmmu
2025-08-26 16:07:20,168 [INFO] IPUIPlugin:80 - create IPUIPlugin
2025-08-26 16:07:20,168 [INFO] PluginManager:220 - loadIPPluginJar : add gic
2025-08-26 16:07:20,171 [INFO] IPUIPlugin:80 - create IPUIPlugin
2025-08-26 16:07:20,171 [INFO] PluginManager:220 - loadIPPluginJar : add gpio
2025-08-26 16:07:20,173 [INFO] IPUIPlugin:80 - create IPUIPlugin
2025-08-26 16:07:20,173 [INFO] PluginManager:220 - loadIPPluginJar : add gtzc
2025-08-26 16:07:20,175 [INFO] IPUIPlugin:80 - create IPUIPlugin
2025-08-26 16:07:20,175 [INFO] PluginManager:220 - loadIPPluginJar : add hash
2025-08-26 16:07:20,177 [INFO] IPUIPlugin:80 - create IPUIPlugin
2025-08-26 16:07:20,177 [INFO] PluginManager:220 - loadIPPluginJar : add i2c
2025-08-26 16:07:20,179 [INFO] IPUIPlugin:80 - create IPUIPlugin
2025-08-26 16:07:20,179 [INFO] PluginManager:220 - loadIPPluginJar : add i2s
2025-08-26 16:07:20,182 [INFO] IPUIPlugin:80 - create IPUIPlugin
2025-08-26 16:07:20,182 [INFO] PluginManager:220 - loadIPPluginJar : add i3c
2025-08-26 16:07:20,185 [INFO] IPUIPlugin:80 - create IPUIPlugin
2025-08-26 16:07:20,185 [INFO] PluginManager:220 - loadIPPluginJar : add ipddr
2025-08-26 16:07:20,191 [INFO] IPUIPlugin:80 - create IPUIPlugin
2025-08-26 16:07:20,191 [INFO] PluginManager:220 - loadIPPluginJar : add linkedlist
2025-08-26 16:07:20,194 [INFO] IPUIPlugin:80 - create IPUIPlugin
2025-08-26 16:07:20,194 [INFO] PluginManager:220 - loadIPPluginJar : add lorawan
2025-08-26 16:07:20,195 [INFO] IPUIPlugin:80 - create IPUIPlugin
2025-08-26 16:07:20,195 [INFO] PluginManager:220 - loadIPPluginJar : add ltdc
2025-08-26 16:07:20,199 [INFO] IPUIPlugin:80 - create IPUIPlugin
2025-08-26 16:07:20,199 [INFO] PluginManager:220 - loadIPPluginJar : add mdma
2025-08-26 16:07:20,201 [INFO] IPUIPlugin:80 - create IPUIPlugin
2025-08-26 16:07:20,202 [INFO] PluginManager:220 - loadIPPluginJar : add nvic
2025-08-26 16:07:20,204 [INFO] IPUIPlugin:80 - create IPUIPlugin
2025-08-26 16:07:20,204 [INFO] PluginManager:220 - loadIPPluginJar : add opamp
2025-08-26 16:07:20,207 [INFO] IPUIPlugin:80 - create IPUIPlugin
2025-08-26 16:07:20,207 [INFO] PluginManager:220 - loadIPPluginJar : add openamp
2025-08-26 16:07:20,210 [INFO] IPUIPlugin:80 - create IPUIPlugin
2025-08-26 16:07:20,210 [INFO] PluginManager:220 - loadIPPluginJar : add pdm2pcm
2025-08-26 16:07:20,214 [INFO] IPUIPlugin:80 - create IPUIPlugin
2025-08-26 16:07:20,216 [INFO] PluginManager:220 - loadIPPluginJar : add plateformsettings
2025-08-26 16:07:20,217 [INFO] IPUIPlugin:80 - create IPUIPlugin
2025-08-26 16:07:20,217 [INFO] PluginManager:220 - loadIPPluginJar : add quadspi
2025-08-26 16:07:20,220 [INFO] IPUIPlugin:80 - create IPUIPlugin
2025-08-26 16:07:20,221 [INFO] PluginManager:220 - loadIPPluginJar : add radio
2025-08-26 16:07:20,224 [INFO] IPUIPlugin:80 - create IPUIPlugin
2025-08-26 16:07:20,225 [INFO] PluginManager:220 - loadIPPluginJar : add resmgrutility
2025-08-26 16:07:20,227 [INFO] IPUIPlugin:80 - create IPUIPlugin
2025-08-26 16:07:20,227 [INFO] PluginManager:220 - loadIPPluginJar : add sai
2025-08-26 16:07:20,229 [INFO] IPUIPlugin:80 - create IPUIPlugin
2025-08-26 16:07:20,229 [INFO] PluginManager:220 - loadIPPluginJar : add spi
2025-08-26 16:07:20,233 [INFO] IPUIPlugin:80 - create IPUIPlugin
2025-08-26 16:07:20,233 [INFO] PluginManager:220 - loadIPPluginJar : add stm32_wpan
2025-08-26 16:07:20,234 [INFO] IPUIPlugin:80 - create IPUIPlugin
2025-08-26 16:07:20,234 [INFO] PluginManager:220 - loadIPPluginJar : add tim
2025-08-26 16:07:20,237 [INFO] IPUIPlugin:80 - create IPUIPlugin
2025-08-26 16:07:20,237 [INFO] PluginManager:220 - loadIPPluginJar : add touchsensing
2025-08-26 16:07:20,240 [INFO] IPUIPlugin:80 - create IPUIPlugin
2025-08-26 16:07:20,240 [INFO] PluginManager:220 - loadIPPluginJar : add tracer_emb
2025-08-26 16:07:20,242 [INFO] IPUIPlugin:80 - create IPUIPlugin
2025-08-26 16:07:20,242 [INFO] PluginManager:220 - loadIPPluginJar : add ts
2025-08-26 16:07:20,243 [INFO] IPUIPlugin:80 - create IPUIPlugin
2025-08-26 16:07:20,243 [INFO] PluginManager:220 - loadIPPluginJar : add tsc
2025-08-26 16:07:20,244 [INFO] IPUIPlugin:80 - create IPUIPlugin
2025-08-26 16:07:20,244 [INFO] PluginManager:220 - loadIPPluginJar : add ucpd
2025-08-26 16:07:20,246 [INFO] IPUIPlugin:80 - create IPUIPlugin
2025-08-26 16:07:20,246 [INFO] PluginManager:220 - loadIPPluginJar : add usart
2025-08-26 16:07:20,248 [INFO] IPUIPlugin:80 - create IPUIPlugin
2025-08-26 16:07:20,249 [INFO] PluginManager:220 - loadIPPluginJar : add usbx
2025-08-26 16:07:20,363 [FATAL] Updater:351 - Updater called before beeing initialized
2025-08-26 16:07:20,430 [INFO] RulesReader:64 - Compatibility file has been processed (317 Rules)
2025-08-26 16:07:20,455 [INFO] RulesReader:64 - Compatibility file has been processed (317 Rules)
2025-08-26 16:07:20,467 [INFO] CADModel:165 - CPN selected for project level
2025-08-26 16:07:20,467 [INFO] CADModel:114 - Register for checkConnection events
2025-08-26 16:07:20,467 [FATAL] Updater:351 - Updater called before beeing initialized
2025-08-26 16:07:20,467 [ERROR] CADModel:125 - Updater not yet initialized, retry later 
2025-08-26 16:07:20,619 [FATAL] Updater:351 - Updater called before beeing initialized
2025-08-26 16:07:20,636 [INFO] CADModel:165 - CPN selected for project level
2025-08-26 16:07:20,637 [INFO] CADModel:114 - Register for checkConnection events
2025-08-26 16:07:20,637 [FATAL] Updater:351 - Updater called before beeing initialized
2025-08-26 16:07:20,637 [ERROR] CADModel:125 - Updater not yet initialized, retry later 
2025-08-26 16:07:20,640 [FATAL] Updater:351 - Updater called before beeing initialized
2025-08-26 16:07:20,747 [FATAL] Updater:351 - Updater called before beeing initialized
2025-08-26 16:07:20,759 [INFO] DbMcusAds:53 - JSON generation date=Tue Jul 08 13:44:23 IST 2025 (1751962463582)
2025-08-26 16:07:20,760 [FATAL] Updater:351 - Updater called before beeing initialized
2025-08-26 16:07:20,795 [WARN] DetailPanel:346 - Failed to get advertising image, set to default
2025-08-26 16:07:20,856 [FATAL] Updater:351 - Updater called before beeing initialized
2025-08-26 16:07:20,857 [FATAL] Updater:351 - Updater called before beeing initialized
2025-08-26 16:07:20,859 [FATAL] Updater:351 - Updater called before beeing initialized
2025-08-26 16:07:20,859 [WARN] DetailPanel:346 - Failed to get advertising image, set to default
2025-08-26 16:07:20,859 [FATAL] Updater:351 - Updater called before beeing initialized
2025-08-26 16:07:20,892 [ERROR] Updater:1198 - MainUpdater not yet initialized. External WinMGr cannot be set.
2025-08-26 16:07:20,894 [INFO] Updater:1134 - Updater Version found : 6.15.0
2025-08-26 16:07:20,905 [INFO] ApplicationProperties:184 - Using Application install path: D:\Program Files\STM32IDE\STM32CubeIDE_1.19.0\STM32CubeIDE\plugins\com.st.stm32cube.common.mx_6.15.0.202507011659
2025-08-26 16:07:22,505 [ERROR] LogOutputStream:75 - [STDERR_REDIRECT] Aug 26, 2025 4:07:22 PM java.util.prefs.WindowsPreferences <init>
2025-08-26 16:07:22,507 [ERROR] LogOutputStream:75 - [STDERR_REDIRECT] WARNING: Could not open/create prefs root node Software\JavaSoft\Prefs at root 0xffffffff80000002. Windows RegCreateKeyEx(...) returned error code 5.
2025-08-26 16:07:22,508 [ERROR] LogOutputStream:75 - [STDERR_REDIRECT] 
2025-08-26 16:07:22,692 [INFO] ThirdPartyUpdaterWithRetryManager:70 - Updater plugin not ready yet. [2/15]
2025-08-26 16:07:23,052 [INFO] MainUpdater:2872 - connection check result : 10
2025-08-26 16:07:23,052 [INFO] MainUpdater:289 - Updater Check For Update Now.
2025-08-26 16:07:23,053 [INFO] MicroXplorer:498 - Change Database Version : DB.6.0.150
2025-08-26 16:07:23,059 [INFO] McuFinderGlobals:63 - Set McuFinder mode to 2 (CubeIDE integrated)
2025-08-26 16:07:23,060 [INFO] UserAuth:171 - activating auth plugin
2025-08-26 16:07:23,067 [INFO] UserAuth:487 - Internet connection configuration mode: 1
2025-08-26 16:07:23,129 [INFO] JxBrowserEngine:152 - Initiate JxBrowser Engine with user profile folder
2025-08-26 16:07:23,255 [INFO] CheckServerUpdateThread:120 - End of CheckServer Thread
2025-08-26 16:07:23,859 [INFO] WebApp:169 - Instantiating new browser for Auth
2025-08-26 16:07:24,449 [INFO] WebApp:463 - Apply proxy settings
2025-08-26 16:07:24,449 [INFO] WebApp:548 - Chromium requires no authentication
2025-08-26 16:07:24,460 [INFO] WebApp:491 - Direct internet connection detected
2025-08-26 16:07:24,479 [INFO] WebApp:900 - Register for checkConnection events
2025-08-26 16:07:24,479 [INFO] WebApp:463 - Apply proxy settings
2025-08-26 16:07:24,479 [INFO] WebApp:548 - Chromium requires no authentication
2025-08-26 16:07:24,479 [INFO] WebApp:491 - Direct internet connection detected
2025-08-26 16:07:24,616 [INFO] WebApp:225 - Starting web application
2025-08-26 16:07:24,616 [INFO] WebApp:593 - Web application path used D:\Program Files\STM32IDE\STM32CubeIDE_1.19.0\STM32CubeIDE\plugins\com.st.stm32cube.common.mx_6.15.0.202507011659\db\plugins\mcufinder\reactClient1\index.html
2025-08-26 16:07:25,780 [INFO] WebApp:191 - Connection restablished
2025-08-26 16:07:25,904 [WARN] PackLoader:240 - Cannot read IP mode file for STMicroelectronics.FP-SNS-MOTENVWB1.1.4.0
2025-08-26 16:07:25,911 [WARN] PackLoader:240 - Cannot read IP mode file for STMicroelectronics.FP-ATR-ASTRA1.2.0.2
2025-08-26 16:07:25,917 [WARN] PackLoader:240 - Cannot read IP mode file for STMicroelectronics.X-CUBE-SMBUS.2.1.0
2025-08-26 16:07:25,922 [WARN] PackLoader:240 - Cannot read IP mode file for STMicroelectronics.X-CUBE-ST60.1.0.0
2025-08-26 16:07:25,945 [WARN] PackLoader:240 - Cannot read IP mode file for STMicroelectronics.X-CUBE-AZRTOS-F7.1.1.0
2025-08-26 16:07:25,966 [WARN] PackLoader:240 - Cannot read IP mode file for Infineon.AIROC-Wi-Fi-Bluetooth-STM32.1.7.1
2025-08-26 16:07:25,975 [WARN] PackLoader:240 - Cannot read IP mode file for STMicroelectronics.X-CUBE-DISPLAY.3.0.0
2025-08-26 16:07:25,992 [WARN] PackLoader:240 - Cannot read IP mode file for STMicroelectronics.X-CUBE-NFC10.1.0.0
2025-08-26 16:07:26,001 [WARN] PackLoader:240 - Cannot read IP mode file for STMicroelectronics.X-CUBE-BLEMGR.4.0.0
2025-08-26 16:07:26,007 [WARN] PackLoader:240 - Cannot read IP mode file for emotas.I-CUBE-CANOPEN.1.3.0
2025-08-26 16:07:26,014 [WARN] PackLoader:240 - Cannot read IP mode file for STMicroelectronics.FP-SNS-STBOX1.2.1.0
2025-08-26 16:07:26,019 [WARN] PackLoader:240 - Cannot read IP mode file for STMicroelectronics.FP-SNS-SMARTAG2.1.2.0
2025-08-26 16:07:26,023 [WARN] PackLoader:240 - Cannot read IP mode file for STMicroelectronics.FP-SNS-FLIGHT1.5.1.0
2025-08-26 16:07:26,030 [INFO] LogOutputStream:77 - [STDOUT_REDIRECT] 1 : Invalid condition id : UX_CORESTACK_Condition cause : null
2025-08-26 16:07:26,031 [INFO] LogOutputStream:77 - [STDOUT_REDIRECT] 1 : Invalid condition id : UX_CORESTACK_Condition cause : null
2025-08-26 16:07:26,032 [INFO] LogOutputStream:77 - [STDOUT_REDIRECT] 1 : Invalid condition id : UX_CORESTACK_Condition cause : null
2025-08-26 16:07:26,033 [INFO] LogOutputStream:77 - [STDOUT_REDIRECT] 1 : Invalid condition id : UX_CORESTACK_Condition cause : null
2025-08-26 16:07:26,034 [INFO] LogOutputStream:77 - [STDOUT_REDIRECT] 1 : Invalid condition id : UX_CORESTACK_Condition cause : null
2025-08-26 16:07:26,035 [WARN] PackLoader:240 - Cannot read IP mode file for STMicroelectronics.X-CUBE-AZRTOS-WL.2.0.0
2025-08-26 16:07:26,039 [WARN] PackLoader:240 - Cannot read IP mode file for STMicroelectronics.FP-SNS-MOTENV1.5.0.0
2025-08-26 16:07:26,048 [WARN] PackLoader:240 - Cannot read IP mode file for WES.I-CUBE-Cesium.1.3.0
2025-08-26 16:07:26,052 [WARN] PackLoader:240 - Cannot read IP mode file for STMicroelectronics.X-CUBE-BLE2.3.3.0
2025-08-26 16:07:26,056 [WARN] PackLoader:240 - Cannot read IP mode file for STMicroelectronics.X-CUBE-NFC9.1.0.0
2025-08-26 16:07:26,060 [WARN] PackLoader:240 - Cannot read IP mode file for wolfSSL.I-CUBE-wolfSSL.5.8.0
2025-08-26 16:07:26,065 [WARN] PackLoader:240 - Cannot read IP mode file for STMicroelectronics.X-CUBE-BLE1.7.1.0
2025-08-26 16:07:26,067 [WARN] PackLoader:240 - Cannot read IP mode file for wolfSSL.I-CUBE-wolfMQTT.1.19.2
2025-08-26 16:07:26,072 [WARN] PackLoader:240 - Cannot read IP mode file for STMicroelectronics.X-CUBE-AI.10.1.0
2025-08-26 16:07:26,082 [WARN] PackLoader:240 - Cannot read IP mode file for STMicroelectronics.X-CUBE-AZRTOS-G0.1.1.0
2025-08-26 16:07:26,087 [WARN] PackLoader:240 - Cannot read IP mode file for STMicroelectronics.X-CUBE-SAFEA1.1.2.2
2025-08-26 16:07:26,093 [WARN] PackLoader:240 - Cannot read IP mode file for STMicroelectronics.X-CUBE-NFC4.3.0.0
2025-08-26 16:07:26,099 [WARN] PackLoader:240 - Cannot read IP mode file for EmbeddedOffice.I-CUBE-FS-RTOS.1.0.1
2025-08-26 16:07:26,103 [WARN] PackLoader:240 - Cannot read IP mode file for STMicroelectronics.X-CUBE-WB05N.2.0.0
2025-08-26 16:07:26,107 [WARN] PackLoader:240 - Cannot read IP mode file for wolfSSL.I-CUBE-wolfTPM.3.8.0
2025-08-26 16:07:26,111 [WARN] PackLoader:240 - Cannot read IP mode file for STMicroelectronics.X-CUBE-TCPP.4.2.0
2025-08-26 16:07:26,116 [WARN] PackLoader:240 - Cannot read IP mode file for RealThread.X-CUBE-RT-Thread_Nano.4.1.1
2025-08-26 16:07:26,119 [WARN] PackLoader:240 - Cannot read IP mode file for STMicroelectronics.FP-ATR-SIGFOX1.3.2.0
2025-08-26 16:07:26,124 [WARN] PackLoader:240 - Cannot read IP mode file for ITTIA_DB.I-CUBE-ITTIADB.8.9.0
2025-08-26 16:07:26,132 [WARN] PackLoader:240 - Cannot read IP mode file for STMicroelectronics.X-CUBE-ST67W61.1.0.0
2025-08-26 16:07:26,135 [WARN] PackLoader:240 - Cannot read IP mode file for STMicroelectronics.X-CUBE-AI.10.2.0
2025-08-26 16:07:26,151 [WARN] PackLoader:240 - Cannot read IP mode file for SEGGER.I-CUBE-embOS.1.3.1
2025-08-26 16:07:26,194 [WARN] PackLoader:240 - Cannot read IP mode file for STMicroelectronics.X-CUBE-ALGOBUILD.1.4.0
2025-08-26 16:07:26,261 [WARN] PackLoader:240 - Cannot read IP mode file for STMicroelectronics.X-CUBE-MEMS1.11.3.0
2025-08-26 16:07:26,385 [WARN] PackLoader:240 - Cannot read IP mode file for STMicroelectronics.X-CUBE-PM33A1.1.0.0
2025-08-26 16:07:26,395 [WARN] PackLoader:240 - Cannot read IP mode file for STMicroelectronics.X-CUBE-AZRTOS-F4.1.1.0
2025-08-26 16:07:26,402 [WARN] PackLoader:240 - Cannot read IP mode file for Avnet-IotConnect.X-CUBE-IoTC-DA16k-PMOD.1.0.0
2025-08-26 16:07:26,406 [WARN] PackLoader:240 - Cannot read IP mode file for STMicroelectronics.X-CUBE-ISPU.2.1.0
2025-08-26 16:07:26,417 [WARN] PackLoader:240 - Cannot read IP mode file for STMicroelectronics.X-CUBE-AZRTOS-L5.2.0.0
2025-08-26 16:07:26,425 [WARN] PackLoader:240 - Cannot read IP mode file for STMicroelectronics.X-CUBE-NFC6.3.1.0
2025-08-26 16:07:26,432 [WARN] PackLoader:240 - Cannot read IP mode file for STMicroelectronics.X-CUBE-FREERTOS.1.3.1
2025-08-26 16:07:26,437 [WARN] PackLoader:240 - Cannot read IP mode file for STMicroelectronics.X-CUBE-DPower.1.3.0
2025-08-26 16:07:26,449 [WARN] ConditionMgr:438 - getConditionDescription Invalid condition id : LAN8742 Phy interface Condition cause : null
2025-08-26 16:07:26,449 [WARN] PackLoader:240 - Cannot read IP mode file for STMicroelectronics.X-CUBE-AZRTOS-L4.2.0.0
2025-08-26 16:07:26,450 [WARN] ConditionMgr:1044 - genDependencies : Invalid condition id : LAN8742 Phy interface Condition cause : null
2025-08-26 16:07:26,450 [WARN] ConditionMgr:1044 - genDependencies : Invalid condition id : LAN8742 Phy interface Condition cause : null
2025-08-26 16:07:26,451 [WARN] ConditionMgr:1044 - genDependencies : Invalid condition id : LAN8742 Phy interface Condition cause : null
2025-08-26 16:07:26,456 [WARN] PackLoader:240 - Cannot read IP mode file for STMicroelectronics.X-CUBE-SFXS2LP1.4.0.0
2025-08-26 16:07:26,463 [WARN] PackLoader:240 - Cannot read IP mode file for STMicroelectronics.X-CUBE-BLEMGR.4.1.0
2025-08-26 16:07:26,471 [WARN] ConditionMgr:438 - getConditionDescription Invalid condition id : UX DEVICE CLASS RTOS Condition cause : null
2025-08-26 16:07:26,471 [WARN] ConditionMgr:438 - getConditionDescription Invalid condition id : UX DEVICE CLASS RTOS Condition cause : null
2025-08-26 16:07:26,472 [WARN] PackLoader:240 - Cannot read IP mode file for STMicroelectronics.X-CUBE-AZRTOS-WB.2.0.0
2025-08-26 16:07:26,472 [WARN] ConditionMgr:1044 - genDependencies : Invalid condition id : UX DEVICE CLASS RTOS Condition cause : null
2025-08-26 16:07:26,472 [WARN] ConditionMgr:1044 - genDependencies : Invalid condition id : UX DEVICE CLASS RTOS Condition cause : null
2025-08-26 16:07:26,472 [WARN] ConditionMgr:1044 - genDependencies : Invalid condition id : UX DEVICE CLASS RTOS Condition cause : null
2025-08-26 16:07:26,472 [WARN] ConditionMgr:1044 - genDependencies : Invalid condition id : UX DEVICE CLASS RTOS Condition cause : null
2025-08-26 16:07:26,472 [WARN] ConditionMgr:1044 - genDependencies : Invalid condition id : UX DEVICE CLASS RTOS Condition cause : null
2025-08-26 16:07:26,477 [WARN] PackLoader:240 - Cannot read IP mode file for STMicroelectronics.X-CUBE-GNSS1.7.0.1
2025-08-26 16:07:26,484 [WARN] PackLoader:240 - Cannot read IP mode file for STMicroelectronics.X-CUBE-TOUCHGFX.4.25.0
2025-08-26 16:07:26,487 [WARN] PackLoader:240 - Cannot read IP mode file for STMicroelectronics.FP-SNS-STBOX1.2.0.0
2025-08-26 16:07:26,492 [WARN] ConditionMgr:438 - getConditionDescription Invalid condition id : Cortex-A Device cause : null
2025-08-26 16:07:26,505 [WARN] ConditionMgr:1044 - genDependencies : Invalid condition id : Cortex-A Device cause : null
2025-08-26 16:07:26,505 [WARN] ConditionMgr:1044 - genDependencies : Invalid condition id : Cortex-A Device cause : null
2025-08-26 16:07:26,505 [WARN] ConditionMgr:1044 - genDependencies : Invalid condition id : Cortex-A Device cause : null
2025-08-26 16:07:26,515 [WARN] PackLoader:240 - Cannot read IP mode file for STMicroelectronics.X-CUBE-SUBG2.5.0.0
2025-08-26 16:07:26,527 [WARN] PackLoader:240 - Cannot read IP mode file for STMicroelectronics.X-CUBE-AZRTOS-H7RS.1.1.0
2025-08-26 16:07:26,534 [WARN] PackLoader:240 - Cannot read IP mode file for Cesanta.I-CUBE-Mongoose.7.13.0
2025-08-26 16:07:26,542 [WARN] PackLoader:240 - Cannot read IP mode file for STMicroelectronics.X-CUBE-AZRTOS-G4.2.0.0
2025-08-26 16:07:26,549 [WARN] PackLoader:240 - Cannot read IP mode file for wolfSSL.I-CUBE-wolfSSH.1.4.20
2025-08-26 16:07:26,557 [WARN] PackLoader:240 - Cannot read IP mode file for STMicroelectronics.X-CUBE-NFC7.2.0.0
2025-08-26 16:07:26,570 [WARN] PackLoader:240 - Cannot read IP mode file for STMicroelectronics.X-CUBE-IPS.3.1.0
2025-08-26 16:07:26,581 [WARN] PackLoader:240 - Cannot read IP mode file for STMicroelectronics.X-CUBE-ALS.1.0.2
2025-08-26 16:07:26,587 [WARN] PackLoader:240 - Cannot read IP mode file for portGmbH.I-Cube-SoM-uGOAL.1.1.0
2025-08-26 16:07:26,596 [WARN] PackLoader:240 - Cannot read IP mode file for STMicroelectronics.X-CUBE-TOF1.3.4.3
2025-08-26 16:07:26,605 [INFO] ThirdParty:978 - Integrity check success = true
2025-08-26 16:07:26,605 [INFO] IntegrityCheckThread:100 - exiting critical section [integrity check]
2025-08-26 16:07:26,605 [INFO] IntegrityCheckThread:103 - End integrity checks thread
2025-08-26 17:45:21,559 [INFO] WebApp:194 - Connection lost
2025-08-26 17:45:21,775 [INFO] WebApp:191 - Connection restablished
2025-08-26 17:45:23,614 [INFO] WebApp:194 - Connection lost
2025-08-26 17:45:23,829 [INFO] WebApp:191 - Connection restablished
2025-08-26 17:45:26,656 [INFO] WebApp:194 - Connection lost
2025-08-26 17:45:26,839 [INFO] WebApp:191 - Connection restablished
2025-08-26 17:45:45,962 [INFO] WebApp:194 - Connection lost
2025-08-26 17:45:46,110 [INFO] WebApp:191 - Connection restablished
2025-08-26 17:47:08,474 [INFO] WebApp:194 - Connection lost
2025-08-26 17:47:08,747 [INFO] WebApp:191 - Connection restablished
2025-08-26 17:56:50,462 [INFO] WebApp:194 - Connection lost
2025-08-26 17:56:50,728 [INFO] WebApp:191 - Connection restablished
2025-08-26 18:39:52,374 [INFO] WebApp:194 - Connection lost
2025-08-26 18:39:53,721 [INFO] WebApp:191 - Connection restablished
2025-08-26 18:39:56,040 [INFO] WebApp:194 - Connection lost
2025-08-26 18:39:56,266 [INFO] WebApp:191 - Connection restablished
2025-08-26 18:39:59,064 [INFO] WebApp:194 - Connection lost
2025-08-26 18:39:59,270 [INFO] WebApp:191 - Connection restablished
2025-08-26 18:41:43,997 [INFO] WebApp:194 - Connection lost
2025-08-26 18:41:44,415 [INFO] WebApp:191 - Connection restablished
2025-08-26 18:44:08,525 [INFO] WebApp:194 - Connection lost
2025-08-26 18:44:08,885 [INFO] WebApp:191 - Connection restablished
2025-08-26 22:00:06,857 [INFO] WebApp:194 - Connection lost
2025-08-26 22:00:07,438 [INFO] WebApp:191 - Connection restablished
2025-08-26 22:00:09,493 [INFO] WebApp:194 - Connection lost
2025-08-26 22:00:10,006 [INFO] WebApp:191 - Connection restablished
2025-08-26 22:00:12,450 [INFO] WebApp:194 - Connection lost
2025-08-26 22:00:12,646 [INFO] WebApp:191 - Connection restablished
2025-08-26 22:00:15,461 [INFO] WebApp:194 - Connection lost
2025-08-26 22:00:15,621 [INFO] WebApp:191 - Connection restablished
2025-08-26 22:00:17,941 [INFO] WebApp:194 - Connection lost
2025-08-26 22:00:18,108 [INFO] WebApp:191 - Connection restablished
2025-08-26 22:01:56,442 [INFO] WebApp:194 - Connection lost
2025-08-26 22:01:56,890 [INFO] WebApp:191 - Connection restablished
2025-08-26 22:56:08,057 [ERROR] ConfigurationRetriever:142 - IOException on connection: Read timed out
