23:19:24 **** Rebuild of configuration Debug for project P08_Area ****
Info: Internal Builder is used for build
gcc -O0 -g3 -Wall -c -fmessage-length=0 -o area.o "..\\area.c" 
..\area.c: In function 'triangle':
..\area.c:20:1: warning: control reaches end of non-void function [-Wreturn-type]
 }
 ^
..\area.c: In function 'Trapezoid':
..\area.c:32:1: warning: control reaches end of non-void function [-Wreturn-type]
 }
 ^
..\area.c: In function 'circle':
..\area.c:43:1: warning: control reaches end of non-void function [-Wreturn-type]
 }
 ^
..\area.c: In function 'rectangle':
..\area.c:53:1: warning: control reaches end of non-void function [-Wreturn-type]
 }
 ^
..\area.c: In function 'square':
..\area.c:64:1: warning: control reaches end of non-void function [-Wreturn-type]
 }
 ^
gcc -O0 -g3 -Wall -c -fmessage-length=0 -o main.o "..\\main.c" 
..\main.c: In function 'main':
..\main.c:35:3: warning: implicit declaration of function 'triangle' [-Wimplicit-function-declaration]
   triangle();
   ^~~~~~~~
..\main.c:38:3: warning: implicit declaration of function 'Trapezoid' [-Wimplicit-function-declaration]
   Trapezoid();
   ^~~~~~~~~
..\main.c:42:3: warning: implicit declaration of function 'circle' [-Wimplicit-function-declaration]
   circle();
   ^~~~~~
..\main.c:46:3: warning: implicit declaration of function 'rectangle' [-Wimplicit-function-declaration]
   rectangle();
   ^~~~~~~~~
..\main.c:50:3: warning: implicit declaration of function 'square' [-Wimplicit-function-declaration]
   square();
   ^~~~~~
gcc -o P08_Area.exe area.o main.o 

23:19:25 Build Finished. 0 errors, 10 warnings. (took 927ms)

