2025-07-23 09:37:33,239 [ERROR] LogOutputStream:75 - [STDERR_REDIRECT] 
2025-07-23 11:24:15,706 [INFO] Activator:176 - 


2025-07-23 11:24:15,707 [INFO] Activator:177 - !SESSION log4j initialized
2025-07-23 11:24:26,804 [INFO] LogOutputStream:77 - [STDOUT_REDIRECT] 
2025-07-23 11:24:29,092 [INFO] ApplicationProperties:184 - Using Application install path: D:\Program Files\STM32IDE\STM32CubeIDE_1.19.0\STM32CubeIDE\plugins\com.st.stm32cube.common.mx_6.15.0.202507011659
2025-07-23 11:24:29,118 [INFO] DbMcusXml:78 - Set database path to: D:\Program Files\STM32IDE\STM32CubeIDE_1.19.0\STM32CubeIDE\plugins\com.st.stm32cube.common.mx_6.15.0.202507011659\\db\/mcu/
2025-07-23 11:24:29,119 [INFO] ApiDb:274 - Set plugin database path to: D:\Program Files\STM32IDE\STM32CubeIDE_1.19.0\STM32CubeIDE\plugins\com.st.stm32cube.common.mx_6.15.0.202507011659\\db\/plugins/boardmanager/
2025-07-23 11:24:29,119 [WARN] ApiDb:259 - Overriding images path with different value:  => D:\Program Files\STM32IDE\STM32CubeIDE_1.19.0\STM32CubeIDE\plugins\com.st.stm32cube.common.mx_6.15.0.202507011659\\db\/plugins/mcufinder/images/
2025-07-23 11:24:29,131 [INFO] ApiDb:250 - Set database path to: C:\Users\NIKHIL\.stmcufinder\plugins\mcufinder//mcu/
2025-07-23 11:24:29,133 [INFO] DbMcusAds:125 - Set database path to: C:\Users\NIKHIL\.stmcufinder\plugins\mcufinder//mcu/
2025-07-23 11:24:29,136 [INFO] CrossReferenceDbSqlite:203 - Set database path to: C:\Users\NIKHIL\.stmcufinder\plugins\mcufinder//mcu/cs/
2025-07-23 11:24:29,326 [INFO] RulesReader:64 - Compatibility file has been processed (317 Rules)
2025-07-23 11:24:29,817 [INFO] DbMcusXml:78 - Set database path to: D:\Program Files\STM32IDE\STM32CubeIDE_1.19.0\STM32CubeIDE\plugins\com.st.stm32cube.common.mx_6.15.0.202507011659\\db\/mcu/
2025-07-23 11:24:29,817 [INFO] ApiDb:274 - Set plugin database path to: D:\Program Files\STM32IDE\STM32CubeIDE_1.19.0\STM32CubeIDE\plugins\com.st.stm32cube.common.mx_6.15.0.202507011659\\db\/plugins/boardmanager/
2025-07-23 11:24:29,818 [INFO] ApiDb:261 - Set plugin images path to: D:\Program Files\STM32IDE\STM32CubeIDE_1.19.0\STM32CubeIDE\plugins\com.st.stm32cube.common.mx_6.15.0.202507011659\\db\/plugins/mcufinder/images/
2025-07-23 11:24:29,818 [WARN] DbFile:41 - Overriding database path with different value: C:\Users\NIKHIL\.stmcufinder\plugins\mcufinder/ => C:\Users\NIKHIL\.stmcufinder\plugins\mcufinder
2025-07-23 11:24:29,818 [INFO] ApiDb:250 - Set database path to: C:\Users\NIKHIL\.stmcufinder\plugins\mcufinder//mcu/
2025-07-23 11:24:29,818 [WARN] DbFile:41 - Overriding database path with different value: C:\Users\NIKHIL\.stmcufinder\plugins\mcufinder/ => C:\Users\NIKHIL\.stmcufinder\plugins\mcufinder
2025-07-23 11:24:29,818 [INFO] DbMcusAds:125 - Set database path to: C:\Users\NIKHIL\.stmcufinder\plugins\mcufinder//mcu/
2025-07-23 11:24:29,818 [WARN] DbFile:41 - Overriding database path with different value: C:\Users\NIKHIL\.stmcufinder\plugins\mcufinder/ => C:\Users\NIKHIL\.stmcufinder\plugins\mcufinder
2025-07-23 11:24:29,819 [WARN] DbFile:41 - Overriding database path with different value: C:\Users\NIKHIL\.stmcufinder\plugins\mcufinder/ => C:\Users\NIKHIL\.stmcufinder\plugins\mcufinder
2025-07-23 11:24:29,819 [INFO] CrossReferenceDbSqlite:203 - Set database path to: C:\Users\NIKHIL\.stmcufinder\plugins\mcufinder//mcu/cs/
2025-07-23 11:24:29,936 [INFO] MainPanel:274 - HeapMemory: 268435456
2025-07-23 11:24:30,225 [INFO] DbMcusXml:78 - Set database path to: D:\Program Files\STM32IDE\STM32CubeIDE_1.19.0\STM32CubeIDE\plugins\com.st.stm32cube.common.mx_6.15.0.202507011659\\db\/mcu/
2025-07-23 11:24:30,226 [INFO] ApiDb:274 - Set plugin database path to: D:\Program Files\STM32IDE\STM32CubeIDE_1.19.0\STM32CubeIDE\plugins\com.st.stm32cube.common.mx_6.15.0.202507011659\\db\/plugins/boardmanager/
2025-07-23 11:24:30,226 [INFO] ApiDb:261 - Set plugin images path to: D:\Program Files\STM32IDE\STM32CubeIDE_1.19.0\STM32CubeIDE\plugins\com.st.stm32cube.common.mx_6.15.0.202507011659\\db\/plugins/mcufinder/images/
2025-07-23 11:24:30,227 [WARN] DbFile:41 - Overriding database path with different value: C:\Users\NIKHIL\.stmcufinder\plugins\mcufinder/ => C:\Users\NIKHIL\.stmcufinder\plugins\mcufinder
2025-07-23 11:24:30,227 [INFO] ApiDb:250 - Set database path to: C:\Users\NIKHIL\.stmcufinder\plugins\mcufinder//mcu/
2025-07-23 11:24:30,227 [WARN] DbFile:41 - Overriding database path with different value: C:\Users\NIKHIL\.stmcufinder\plugins\mcufinder/ => C:\Users\NIKHIL\.stmcufinder\plugins\mcufinder
2025-07-23 11:24:30,227 [INFO] DbMcusAds:125 - Set database path to: C:\Users\NIKHIL\.stmcufinder\plugins\mcufinder//mcu/
2025-07-23 11:24:30,227 [WARN] DbFile:41 - Overriding database path with different value: C:\Users\NIKHIL\.stmcufinder\plugins\mcufinder/ => C:\Users\NIKHIL\.stmcufinder\plugins\mcufinder
2025-07-23 11:24:30,228 [WARN] DbFile:41 - Overriding database path with different value: C:\Users\NIKHIL\.stmcufinder\plugins\mcufinder/ => C:\Users\NIKHIL\.stmcufinder\plugins\mcufinder
2025-07-23 11:24:30,228 [INFO] CrossReferenceDbSqlite:203 - Set database path to: C:\Users\NIKHIL\.stmcufinder\plugins\mcufinder//mcu/cs/
2025-07-23 11:24:30,291 [INFO] ApplicationProperties:184 - Using Application install path: D:\Program Files\STM32IDE\STM32CubeIDE_1.19.0\STM32CubeIDE\plugins\com.st.stm32cube.common.mx_6.15.0.202507011659
2025-07-23 11:24:30,293 [INFO] PluginManage:196 - Search for loadable plugins [exclusion list=, ]
2025-07-23 11:24:30,297 [INFO] PluginManage:310 - Check plugin analytics
2025-07-23 11:24:30,852 [INFO] AnalyticsPlugin:253 - Accepted Software Licenses: 
2025-07-23 11:24:30,854 [INFO] AnalyticsPlugin:255 - Accepted CMSIS Pack Licenses: 
2025-07-23 11:24:30,854 [INFO] AnalyticsPlugin:257 - Accepted Firmware Licenses: 
2025-07-23 11:24:30,854 [INFO] PluginManage:359 - Loaded plugin analytics (category:tool,tabindex:-1)
2025-07-23 11:24:30,854 [INFO] PluginManage:310 - Check plugin cadmodel
2025-07-23 11:24:30,868 [INFO] CADModel:105 - Init CAD model plugin
2025-07-23 11:24:30,868 [INFO] PluginManage:359 - Loaded plugin cadmodel (category:power,tabindex:5)
2025-07-23 11:24:30,868 [INFO] PluginManage:310 - Check plugin clock
2025-07-23 11:24:30,883 [INFO] PluginManage:359 - Loaded plugin clock (category:base,tabindex:2)
2025-07-23 11:24:30,883 [INFO] PluginManage:310 - Check plugin ddr
2025-07-23 11:24:30,883 [INFO] PluginManage:359 - Loaded plugin ddr (category:tool,tabindex:6)
2025-07-23 11:24:30,883 [INFO] PluginManage:310 - Check plugin filemanager
2025-07-23 11:24:32,092 [INFO] PluginManage:359 - Loaded plugin filemanager (category:base,tabindex:10)
2025-07-23 11:24:32,092 [INFO] PluginManage:310 - Check plugin ipmanager
2025-07-23 11:24:32,108 [INFO] PluginManage:359 - Loaded plugin ipmanager (category:base,tabindex:5)
2025-07-23 11:24:32,108 [INFO] PluginManage:310 - Check plugin lpbam
2025-07-23 11:24:32,120 [INFO] PluginManage:359 - Loaded plugin lpbam (category:base,tabindex:0)
2025-07-23 11:24:32,122 [INFO] PluginManage:310 - Check plugin memorymap
2025-07-23 11:24:32,140 [INFO] PluginManage:359 - Loaded plugin memorymap (category:base,tabindex:4)
2025-07-23 11:24:32,140 [INFO] PluginManage:310 - Check plugin pinoutandconfiguration
2025-07-23 11:24:32,140 [INFO] PluginManage:359 - Loaded plugin pinoutandconfiguration (category:base,tabindex:1)
2025-07-23 11:24:32,140 [INFO] PluginManage:310 - Check plugin pinoutconfig
2025-07-23 11:24:32,298 [WARN] SupportedApi:132 - Cannot load RTOS API schema: s4s-elt-must-match.1: The content of 'definitions' must match (annotation?, (simpleType | complexType)?, (unique | key | keyref)*)). A problem was found starting at: attribute.
2025-07-23 11:24:32,531 [INFO] PluginManage:359 - Loaded plugin pinoutconfig (category:base,tabindex:0)
2025-07-23 11:24:32,531 [INFO] PluginManage:310 - Check plugin power
2025-07-23 11:24:32,538 [INFO] PluginManage:359 - Loaded plugin power (category:power,tabindex:4)
2025-07-23 11:24:32,538 [INFO] PluginManage:310 - Check plugin projectmanager
2025-07-23 11:24:32,570 [INFO] PluginManage:359 - Loaded plugin projectmanager (category:projectmanager,tabindex:4)
2025-07-23 11:24:32,570 [INFO] PluginManage:310 - Check plugin rif
2025-07-23 11:24:32,586 [INFO] PluginManage:359 - Loaded plugin rif (category:base,tabindex:3)
2025-07-23 11:24:32,586 [INFO] PluginManage:310 - Check plugin thirdparty
2025-07-23 11:24:33,077 [WARN] IntegrityCheckThread:84 - waiting for thirdparty lock release [integrity check]
2025-07-23 11:24:33,077 [INFO] IntegrityCheckThread:86 - entering critical section [integrity check]
2025-07-23 11:24:33,077 [INFO] ThirdPartyUpdaterWithRetryManager:70 - Updater plugin not ready yet. [1/15]
2025-07-23 11:24:33,077 [INFO] PluginManage:359 - Loaded plugin thirdparty (category:base,tabindex:-1)
2025-07-23 11:24:33,077 [INFO] PluginManage:310 - Check plugin tools
2025-07-23 11:24:33,093 [INFO] PluginManage:359 - Loaded plugin tools (category:base,tabindex:7)
2025-07-23 11:24:33,093 [INFO] PluginManage:310 - Check plugin tutovideos
2025-07-23 11:24:33,365 [INFO] PluginManage:359 - Loaded plugin tutovideos (category:base,tabindex:-1)
2025-07-23 11:24:33,365 [INFO] PluginManage:310 - Check plugin updater
2025-07-23 11:24:33,397 [INFO] PluginManage:359 - Loaded plugin updater (category:base,tabindex:12)
2025-07-23 11:24:33,397 [INFO] PluginManage:310 - Check plugin userauth
2025-07-23 11:24:33,413 [INFO] UserAuth:118 - Init User Auth plugin
2025-07-23 11:24:33,413 [INFO] PluginManage:359 - Loaded plugin userauth (category:base,tabindex:14)
2025-07-23 11:24:33,413 [INFO] PluginManage:283 - PluginManage : Loaded plugins [18]
2025-07-23 11:24:33,939 [INFO] PinOutPanel:1589 - setPackage(No Configuration,No Configuration)
2025-07-23 11:24:34,244 [INFO] CADModel:165 - CPN selected for project level
2025-07-23 11:24:34,244 [INFO] CADModel:114 - Register for checkConnection events
2025-07-23 11:24:34,276 [INFO] IPUIPlugin:80 - create IPUIPlugin
2025-07-23 11:24:34,276 [INFO] PluginManager:220 - loadIPPluginJar : add adc
2025-07-23 11:24:34,276 [INFO] IPUIPlugin:80 - create IPUIPlugin
2025-07-23 11:24:34,276 [INFO] PluginManager:220 - loadIPPluginJar : add aes
2025-07-23 11:24:34,276 [INFO] IPUIPlugin:80 - create IPUIPlugin
2025-07-23 11:24:34,276 [INFO] PluginManager:220 - loadIPPluginJar : add can
2025-07-23 11:24:34,276 [INFO] IPUIPlugin:80 - create IPUIPlugin
2025-07-23 11:24:34,276 [INFO] PluginManager:220 - loadIPPluginJar : add comp
2025-07-23 11:24:34,276 [INFO] IPUIPlugin:80 - create IPUIPlugin
2025-07-23 11:24:34,276 [INFO] PluginManager:220 - loadIPPluginJar : add cryp
2025-07-23 11:24:34,292 [INFO] IPUIPlugin:80 - create IPUIPlugin
2025-07-23 11:24:34,292 [INFO] PluginManager:220 - loadIPPluginJar : add ddr_ctrl_phy
2025-07-23 11:24:34,292 [INFO] IPUIPlugin:80 - create IPUIPlugin
2025-07-23 11:24:34,292 [INFO] PluginManager:220 - loadIPPluginJar : add dfsdm
2025-07-23 11:24:34,307 [INFO] IPUIPlugin:80 - create IPUIPlugin
2025-07-23 11:24:34,307 [INFO] PluginManager:220 - loadIPPluginJar : add dma
2025-07-23 11:24:34,307 [INFO] IPUIPlugin:80 - create IPUIPlugin
2025-07-23 11:24:34,307 [INFO] PluginManager:220 - loadIPPluginJar : add dma3
2025-07-23 11:24:34,307 [INFO] IPUIPlugin:80 - create IPUIPlugin
2025-07-23 11:24:34,307 [INFO] PluginManager:220 - loadIPPluginJar : add extmemmanager
2025-07-23 11:24:34,307 [INFO] IPUIPlugin:80 - create IPUIPlugin
2025-07-23 11:24:34,307 [INFO] PluginManager:220 - loadIPPluginJar : add fatfs
2025-07-23 11:24:34,323 [INFO] IPUIPlugin:80 - create IPUIPlugin
2025-07-23 11:24:34,323 [INFO] PluginManager:220 - loadIPPluginJar : add fmc
2025-07-23 11:24:34,331 [INFO] IPUIPlugin:80 - create IPUIPlugin
2025-07-23 11:24:34,331 [INFO] PluginManager:220 - loadIPPluginJar : add freertos
2025-07-23 11:24:34,339 [INFO] IPUIPlugin:80 - create IPUIPlugin
2025-07-23 11:24:34,339 [INFO] PluginManager:220 - loadIPPluginJar : add genericplugin
2025-07-23 11:24:34,339 [INFO] IPUIPlugin:80 - create IPUIPlugin
2025-07-23 11:24:34,339 [INFO] PluginManager:220 - loadIPPluginJar : add gfxmmu
2025-07-23 11:24:34,339 [INFO] IPUIPlugin:80 - create IPUIPlugin
2025-07-23 11:24:34,339 [INFO] PluginManager:220 - loadIPPluginJar : add gic
2025-07-23 11:24:34,355 [INFO] IPUIPlugin:80 - create IPUIPlugin
2025-07-23 11:24:34,355 [INFO] PluginManager:220 - loadIPPluginJar : add gpio
2025-07-23 11:24:34,355 [INFO] IPUIPlugin:80 - create IPUIPlugin
2025-07-23 11:24:34,355 [INFO] PluginManager:220 - loadIPPluginJar : add gtzc
2025-07-23 11:24:34,355 [INFO] IPUIPlugin:80 - create IPUIPlugin
2025-07-23 11:24:34,355 [INFO] PluginManager:220 - loadIPPluginJar : add hash
2025-07-23 11:24:34,372 [INFO] IPUIPlugin:80 - create IPUIPlugin
2025-07-23 11:24:34,372 [INFO] PluginManager:220 - loadIPPluginJar : add i2c
2025-07-23 11:24:34,372 [INFO] IPUIPlugin:80 - create IPUIPlugin
2025-07-23 11:24:34,372 [INFO] PluginManager:220 - loadIPPluginJar : add i2s
2025-07-23 11:24:34,372 [INFO] IPUIPlugin:80 - create IPUIPlugin
2025-07-23 11:24:34,372 [INFO] PluginManager:220 - loadIPPluginJar : add i3c
2025-07-23 11:24:34,387 [INFO] IPUIPlugin:80 - create IPUIPlugin
2025-07-23 11:24:34,387 [INFO] PluginManager:220 - loadIPPluginJar : add ipddr
2025-07-23 11:24:34,387 [INFO] IPUIPlugin:80 - create IPUIPlugin
2025-07-23 11:24:34,387 [INFO] PluginManager:220 - loadIPPluginJar : add linkedlist
2025-07-23 11:24:34,387 [INFO] IPUIPlugin:80 - create IPUIPlugin
2025-07-23 11:24:34,387 [INFO] PluginManager:220 - loadIPPluginJar : add lorawan
2025-07-23 11:24:34,403 [INFO] IPUIPlugin:80 - create IPUIPlugin
2025-07-23 11:24:34,403 [INFO] PluginManager:220 - loadIPPluginJar : add ltdc
2025-07-23 11:24:34,403 [INFO] IPUIPlugin:80 - create IPUIPlugin
2025-07-23 11:24:34,403 [INFO] PluginManager:220 - loadIPPluginJar : add mdma
2025-07-23 11:24:34,403 [INFO] IPUIPlugin:80 - create IPUIPlugin
2025-07-23 11:24:34,403 [INFO] PluginManager:220 - loadIPPluginJar : add nvic
2025-07-23 11:24:34,419 [INFO] IPUIPlugin:80 - create IPUIPlugin
2025-07-23 11:24:34,419 [INFO] PluginManager:220 - loadIPPluginJar : add opamp
2025-07-23 11:24:34,431 [INFO] IPUIPlugin:80 - create IPUIPlugin
2025-07-23 11:24:34,431 [INFO] PluginManager:220 - loadIPPluginJar : add openamp
2025-07-23 11:24:34,435 [INFO] IPUIPlugin:80 - create IPUIPlugin
2025-07-23 11:24:34,435 [INFO] PluginManager:220 - loadIPPluginJar : add pdm2pcm
2025-07-23 11:24:34,435 [INFO] IPUIPlugin:80 - create IPUIPlugin
2025-07-23 11:24:34,435 [INFO] PluginManager:220 - loadIPPluginJar : add plateformsettings
2025-07-23 11:24:34,435 [INFO] IPUIPlugin:80 - create IPUIPlugin
2025-07-23 11:24:34,435 [INFO] PluginManager:220 - loadIPPluginJar : add quadspi
2025-07-23 11:24:34,435 [INFO] IPUIPlugin:80 - create IPUIPlugin
2025-07-23 11:24:34,451 [INFO] PluginManager:220 - loadIPPluginJar : add radio
2025-07-23 11:24:34,451 [INFO] IPUIPlugin:80 - create IPUIPlugin
2025-07-23 11:24:34,451 [INFO] PluginManager:220 - loadIPPluginJar : add resmgrutility
2025-07-23 11:24:34,451 [INFO] IPUIPlugin:80 - create IPUIPlugin
2025-07-23 11:24:34,451 [INFO] PluginManager:220 - loadIPPluginJar : add sai
2025-07-23 11:24:34,451 [INFO] IPUIPlugin:80 - create IPUIPlugin
2025-07-23 11:24:34,451 [INFO] PluginManager:220 - loadIPPluginJar : add spi
2025-07-23 11:24:34,467 [INFO] IPUIPlugin:80 - create IPUIPlugin
2025-07-23 11:24:34,467 [INFO] PluginManager:220 - loadIPPluginJar : add stm32_wpan
2025-07-23 11:24:34,467 [INFO] IPUIPlugin:80 - create IPUIPlugin
2025-07-23 11:24:34,467 [INFO] PluginManager:220 - loadIPPluginJar : add tim
2025-07-23 11:24:34,467 [INFO] IPUIPlugin:80 - create IPUIPlugin
2025-07-23 11:24:34,467 [INFO] PluginManager:220 - loadIPPluginJar : add touchsensing
2025-07-23 11:24:34,467 [INFO] IPUIPlugin:80 - create IPUIPlugin
2025-07-23 11:24:34,467 [INFO] PluginManager:220 - loadIPPluginJar : add tracer_emb
2025-07-23 11:24:34,483 [INFO] IPUIPlugin:80 - create IPUIPlugin
2025-07-23 11:24:34,483 [INFO] PluginManager:220 - loadIPPluginJar : add ts
2025-07-23 11:24:34,483 [INFO] IPUIPlugin:80 - create IPUIPlugin
2025-07-23 11:24:34,483 [INFO] PluginManager:220 - loadIPPluginJar : add tsc
2025-07-23 11:24:34,483 [INFO] IPUIPlugin:80 - create IPUIPlugin
2025-07-23 11:24:34,483 [INFO] PluginManager:220 - loadIPPluginJar : add ucpd
2025-07-23 11:24:34,483 [INFO] IPUIPlugin:80 - create IPUIPlugin
2025-07-23 11:24:34,483 [INFO] PluginManager:220 - loadIPPluginJar : add usart
2025-07-23 11:24:34,483 [INFO] IPUIPlugin:80 - create IPUIPlugin
2025-07-23 11:24:34,483 [INFO] PluginManager:220 - loadIPPluginJar : add usbx
2025-07-23 11:24:34,658 [FATAL] Updater:351 - Updater called before beeing initialized
2025-07-23 11:24:34,690 [INFO] RulesReader:64 - Compatibility file has been processed (317 Rules)
2025-07-23 11:24:34,706 [INFO] RulesReader:64 - Compatibility file has been processed (317 Rules)
2025-07-23 11:24:34,737 [INFO] CADModel:165 - CPN selected for project level
2025-07-23 11:24:34,737 [INFO] CADModel:114 - Register for checkConnection events
2025-07-23 11:24:34,737 [FATAL] Updater:351 - Updater called before beeing initialized
2025-07-23 11:24:34,737 [ERROR] CADModel:125 - Updater not yet initialized, retry later 
2025-07-23 11:24:35,344 [FATAL] Updater:351 - Updater called before beeing initialized
2025-07-23 11:24:35,360 [INFO] CADModel:165 - CPN selected for project level
2025-07-23 11:24:35,360 [INFO] CADModel:114 - Register for checkConnection events
2025-07-23 11:24:35,360 [FATAL] Updater:351 - Updater called before beeing initialized
2025-07-23 11:24:35,360 [ERROR] CADModel:125 - Updater not yet initialized, retry later 
2025-07-23 11:24:35,360 [FATAL] Updater:351 - Updater called before beeing initialized
2025-07-23 11:24:35,508 [FATAL] Updater:351 - Updater called before beeing initialized
2025-07-23 11:24:35,519 [INFO] DbMcusAds:53 - JSON generation date=Tue Jul 08 13:44:23 IST 2025 (1751962463582)
2025-07-23 11:24:35,519 [FATAL] Updater:351 - Updater called before beeing initialized
2025-07-23 11:24:35,573 [WARN] DetailPanel:346 - Failed to get advertising image, set to default
2025-07-23 11:24:35,694 [FATAL] Updater:351 - Updater called before beeing initialized
2025-07-23 11:24:35,694 [FATAL] Updater:351 - Updater called before beeing initialized
2025-07-23 11:24:35,694 [FATAL] Updater:351 - Updater called before beeing initialized
2025-07-23 11:24:35,694 [WARN] DetailPanel:346 - Failed to get advertising image, set to default
2025-07-23 11:24:35,694 [FATAL] Updater:351 - Updater called before beeing initialized
2025-07-23 11:24:35,773 [ERROR] Updater:1198 - MainUpdater not yet initialized. External WinMGr cannot be set.
2025-07-23 11:24:35,773 [INFO] Updater:1134 - Updater Version found : 6.15.0
2025-07-23 11:24:35,789 [INFO] ApplicationProperties:184 - Using Application install path: D:\Program Files\STM32IDE\STM32CubeIDE_1.19.0\STM32CubeIDE\plugins\com.st.stm32cube.common.mx_6.15.0.202507011659
2025-07-23 11:24:36,093 [INFO] ThirdPartyUpdaterWithRetryManager:70 - Updater plugin not ready yet. [2/15]
2025-07-23 11:24:37,416 [ERROR] LogOutputStream:75 - [STDERR_REDIRECT] Jul 23, 2025 11:24:37 AM java.util.prefs.WindowsPreferences <init>
2025-07-23 11:24:37,416 [ERROR] LogOutputStream:75 - [STDERR_REDIRECT] WARNING: Could not open/create prefs root node Software\JavaSoft\Prefs at root 0xffffffff80000002. Windows RegCreateKeyEx(...) returned error code 5.
2025-07-23 11:24:37,416 [ERROR] LogOutputStream:75 - [STDERR_REDIRECT] 
2025-07-23 11:24:38,229 [INFO] MainUpdater:2872 - connection check result : 10
2025-07-23 11:24:38,229 [INFO] MainUpdater:289 - Updater Check For Update Now.
2025-07-23 11:24:38,229 [INFO] MicroXplorer:498 - Change Database Version : DB.6.0.150
2025-07-23 11:24:38,245 [INFO] McuFinderGlobals:63 - Set McuFinder mode to 2 (CubeIDE integrated)
2025-07-23 11:24:38,245 [INFO] UserAuth:171 - activating auth plugin
2025-07-23 11:24:38,261 [INFO] UserAuth:487 - Internet connection configuration mode: 1
2025-07-23 11:24:38,410 [INFO] JxBrowserEngine:152 - Initiate JxBrowser Engine with user profile folder
2025-07-23 11:24:38,785 [INFO] CheckServerUpdateThread:120 - End of CheckServer Thread
2025-07-23 11:24:39,948 [WARN] PackLoader:240 - Cannot read IP mode file for STMicroelectronics.FP-SNS-MOTENVWB1.1.4.0
2025-07-23 11:24:39,964 [WARN] PackLoader:240 - Cannot read IP mode file for STMicroelectronics.FP-ATR-ASTRA1.2.0.2
2025-07-23 11:24:39,980 [WARN] PackLoader:240 - Cannot read IP mode file for STMicroelectronics.X-CUBE-SMBUS.2.1.0
2025-07-23 11:24:39,996 [WARN] PackLoader:240 - Cannot read IP mode file for STMicroelectronics.X-CUBE-ST60.1.0.0
2025-07-23 11:24:40,090 [WARN] PackLoader:240 - Cannot read IP mode file for STMicroelectronics.X-CUBE-AZRTOS-F7.1.1.0
2025-07-23 11:24:40,266 [WARN] PackLoader:240 - Cannot read IP mode file for Infineon.AIROC-Wi-Fi-Bluetooth-STM32.1.7.1
2025-07-23 11:24:40,361 [WARN] PackLoader:240 - Cannot read IP mode file for STMicroelectronics.X-CUBE-DISPLAY.3.0.0
2025-07-23 11:24:40,541 [WARN] PackLoader:240 - Cannot read IP mode file for STMicroelectronics.X-CUBE-NFC10.1.0.0
2025-07-23 11:24:40,600 [WARN] PackLoader:240 - Cannot read IP mode file for STMicroelectronics.X-CUBE-BLEMGR.4.0.0
2025-07-23 11:24:40,632 [WARN] PackLoader:240 - Cannot read IP mode file for emotas.I-CUBE-CANOPEN.1.3.0
2025-07-23 11:24:40,664 [WARN] PackLoader:240 - Cannot read IP mode file for STMicroelectronics.FP-SNS-SMARTAG2.1.2.0
2025-07-23 11:24:40,680 [WARN] PackLoader:240 - Cannot read IP mode file for STMicroelectronics.FP-SNS-FLIGHT1.5.1.0
2025-07-23 11:24:40,696 [INFO] LogOutputStream:77 - [STDOUT_REDIRECT] 1 : Invalid condition id : UX_CORESTACK_Condition cause : null
2025-07-23 11:24:40,696 [INFO] LogOutputStream:77 - [STDOUT_REDIRECT] 1 : Invalid condition id : UX_CORESTACK_Condition cause : null
2025-07-23 11:24:40,696 [INFO] LogOutputStream:77 - [STDOUT_REDIRECT] 1 : Invalid condition id : UX_CORESTACK_Condition cause : null
2025-07-23 11:24:40,717 [INFO] LogOutputStream:77 - [STDOUT_REDIRECT] 1 : Invalid condition id : UX_CORESTACK_Condition cause : null
2025-07-23 11:24:40,717 [INFO] LogOutputStream:77 - [STDOUT_REDIRECT] 1 : Invalid condition id : UX_CORESTACK_Condition cause : null
2025-07-23 11:24:40,744 [WARN] PackLoader:240 - Cannot read IP mode file for STMicroelectronics.X-CUBE-AZRTOS-WL.2.0.0
2025-07-23 11:24:40,759 [WARN] PackLoader:240 - Cannot read IP mode file for STMicroelectronics.FP-SNS-MOTENV1.5.0.0
2025-07-23 11:24:40,793 [WARN] PackLoader:240 - Cannot read IP mode file for WES.I-CUBE-Cesium.1.3.0
2025-07-23 11:24:40,807 [WARN] PackLoader:240 - Cannot read IP mode file for STMicroelectronics.X-CUBE-BLE2.3.3.0
2025-07-23 11:24:40,807 [WARN] PackLoader:240 - Cannot read IP mode file for STMicroelectronics.X-CUBE-NFC9.1.0.0
2025-07-23 11:24:40,844 [WARN] PackLoader:240 - Cannot read IP mode file for wolfSSL.I-CUBE-wolfSSL.5.8.0
2025-07-23 11:24:40,855 [WARN] PackLoader:240 - Cannot read IP mode file for STMicroelectronics.X-CUBE-BLE1.7.1.0
2025-07-23 11:24:40,855 [WARN] PackLoader:240 - Cannot read IP mode file for wolfSSL.I-CUBE-wolfMQTT.1.19.2
2025-07-23 11:24:40,871 [WARN] PackLoader:240 - Cannot read IP mode file for STMicroelectronics.X-CUBE-AI.10.1.0
2025-07-23 11:24:40,887 [WARN] PackLoader:240 - Cannot read IP mode file for STMicroelectronics.X-CUBE-AZRTOS-G0.1.1.0
2025-07-23 11:24:40,903 [WARN] PackLoader:240 - Cannot read IP mode file for STMicroelectronics.X-CUBE-SAFEA1.1.2.2
2025-07-23 11:24:40,919 [WARN] PackLoader:240 - Cannot read IP mode file for STMicroelectronics.X-CUBE-NFC4.3.0.0
2025-07-23 11:24:40,935 [WARN] PackLoader:240 - Cannot read IP mode file for EmbeddedOffice.I-CUBE-FS-RTOS.1.0.1
2025-07-23 11:24:41,046 [WARN] PackLoader:240 - Cannot read IP mode file for STMicroelectronics.X-CUBE-WB05N.2.0.0
2025-07-23 11:24:41,125 [WARN] PackLoader:240 - Cannot read IP mode file for wolfSSL.I-CUBE-wolfTPM.3.8.0
2025-07-23 11:24:41,145 [WARN] PackLoader:240 - Cannot read IP mode file for STMicroelectronics.X-CUBE-TCPP.4.2.0
2025-07-23 11:24:41,189 [WARN] PackLoader:240 - Cannot read IP mode file for RealThread.X-CUBE-RT-Thread_Nano.4.1.1
2025-07-23 11:24:41,268 [WARN] PackLoader:240 - Cannot read IP mode file for STMicroelectronics.FP-ATR-SIGFOX1.3.2.0
2025-07-23 11:24:41,300 [WARN] PackLoader:240 - Cannot read IP mode file for ITTIA_DB.I-CUBE-ITTIADB.8.9.0
2025-07-23 11:24:41,316 [WARN] PackLoader:240 - Cannot read IP mode file for STMicroelectronics.X-CUBE-ST67W61.1.0.0
2025-07-23 11:24:41,379 [WARN] PackLoader:240 - Cannot read IP mode file for SEGGER.I-CUBE-embOS.1.3.1
2025-07-23 11:24:41,491 [WARN] PackLoader:240 - Cannot read IP mode file for STMicroelectronics.X-CUBE-ALGOBUILD.1.4.0
2025-07-23 11:24:41,587 [WARN] PackLoader:240 - Cannot read IP mode file for STMicroelectronics.X-CUBE-MEMS1.11.3.0
2025-07-23 11:24:41,619 [INFO] WebApp:169 - Instantiating new browser for Auth
2025-07-23 11:24:41,858 [WARN] PackLoader:240 - Cannot read IP mode file for STMicroelectronics.X-CUBE-PM33A1.1.0.0
2025-07-23 11:24:41,881 [WARN] PackLoader:240 - Cannot read IP mode file for STMicroelectronics.X-CUBE-AZRTOS-F4.1.1.0
2025-07-23 11:24:41,881 [WARN] PackLoader:240 - Cannot read IP mode file for Avnet-IotConnect.X-CUBE-IoTC-DA16k-PMOD.1.0.0
2025-07-23 11:24:41,907 [WARN] PackLoader:240 - Cannot read IP mode file for STMicroelectronics.X-CUBE-ISPU.2.1.0
2025-07-23 11:24:41,946 [WARN] PackLoader:240 - Cannot read IP mode file for STMicroelectronics.X-CUBE-AZRTOS-L5.2.0.0
2025-07-23 11:24:41,964 [WARN] PackLoader:240 - Cannot read IP mode file for STMicroelectronics.X-CUBE-NFC6.3.1.0
2025-07-23 11:24:41,971 [WARN] PackLoader:240 - Cannot read IP mode file for STMicroelectronics.X-CUBE-FREERTOS.1.3.1
2025-07-23 11:24:41,990 [WARN] PackLoader:240 - Cannot read IP mode file for STMicroelectronics.X-CUBE-DPower.1.3.0
2025-07-23 11:24:42,019 [WARN] ConditionMgr:438 - getConditionDescription Invalid condition id : LAN8742 Phy interface Condition cause : null
2025-07-23 11:24:42,019 [WARN] PackLoader:240 - Cannot read IP mode file for STMicroelectronics.X-CUBE-AZRTOS-L4.2.0.0
2025-07-23 11:24:42,019 [WARN] ConditionMgr:1044 - genDependencies : Invalid condition id : LAN8742 Phy interface Condition cause : null
2025-07-23 11:24:42,019 [WARN] ConditionMgr:1044 - genDependencies : Invalid condition id : LAN8742 Phy interface Condition cause : null
2025-07-23 11:24:42,019 [WARN] ConditionMgr:1044 - genDependencies : Invalid condition id : LAN8742 Phy interface Condition cause : null
2025-07-23 11:24:42,019 [WARN] PackLoader:240 - Cannot read IP mode file for STMicroelectronics.X-CUBE-SFXS2LP1.4.0.0
2025-07-23 11:24:42,050 [WARN] PackLoader:240 - Cannot read IP mode file for STMicroelectronics.X-CUBE-BLEMGR.4.1.0
2025-07-23 11:24:42,083 [WARN] ConditionMgr:438 - getConditionDescription Invalid condition id : UX DEVICE CLASS RTOS Condition cause : null
2025-07-23 11:24:42,084 [WARN] ConditionMgr:438 - getConditionDescription Invalid condition id : UX DEVICE CLASS RTOS Condition cause : null
2025-07-23 11:24:42,089 [WARN] PackLoader:240 - Cannot read IP mode file for STMicroelectronics.X-CUBE-AZRTOS-WB.2.0.0
2025-07-23 11:24:42,089 [WARN] ConditionMgr:1044 - genDependencies : Invalid condition id : UX DEVICE CLASS RTOS Condition cause : null
2025-07-23 11:24:42,089 [WARN] ConditionMgr:1044 - genDependencies : Invalid condition id : UX DEVICE CLASS RTOS Condition cause : null
2025-07-23 11:24:42,089 [WARN] ConditionMgr:1044 - genDependencies : Invalid condition id : UX DEVICE CLASS RTOS Condition cause : null
2025-07-23 11:24:42,089 [WARN] ConditionMgr:1044 - genDependencies : Invalid condition id : UX DEVICE CLASS RTOS Condition cause : null
2025-07-23 11:24:42,089 [WARN] ConditionMgr:1044 - genDependencies : Invalid condition id : UX DEVICE CLASS RTOS Condition cause : null
2025-07-23 11:24:42,106 [WARN] PackLoader:240 - Cannot read IP mode file for STMicroelectronics.X-CUBE-GNSS1.7.0.1
2025-07-23 11:24:42,122 [WARN] PackLoader:240 - Cannot read IP mode file for STMicroelectronics.X-CUBE-TOUCHGFX.4.25.0
2025-07-23 11:24:42,153 [WARN] PackLoader:240 - Cannot read IP mode file for STMicroelectronics.FP-SNS-STBOX1.2.0.0
2025-07-23 11:24:42,201 [WARN] ConditionMgr:438 - getConditionDescription Invalid condition id : Cortex-A Device cause : null
2025-07-23 11:24:42,249 [WARN] ConditionMgr:1044 - genDependencies : Invalid condition id : Cortex-A Device cause : null
2025-07-23 11:24:42,249 [WARN] ConditionMgr:1044 - genDependencies : Invalid condition id : Cortex-A Device cause : null
2025-07-23 11:24:42,249 [WARN] ConditionMgr:1044 - genDependencies : Invalid condition id : Cortex-A Device cause : null
2025-07-23 11:24:42,281 [WARN] PackLoader:240 - Cannot read IP mode file for STMicroelectronics.X-CUBE-SUBG2.5.0.0
2025-07-23 11:24:42,328 [WARN] PackLoader:240 - Cannot read IP mode file for STMicroelectronics.X-CUBE-AZRTOS-H7RS.1.1.0
2025-07-23 11:24:42,328 [WARN] PackLoader:240 - Cannot read IP mode file for Cesanta.I-CUBE-Mongoose.7.13.0
2025-07-23 11:24:42,376 [WARN] PackLoader:240 - Cannot read IP mode file for STMicroelectronics.X-CUBE-AZRTOS-G4.2.0.0
2025-07-23 11:24:42,407 [WARN] PackLoader:240 - Cannot read IP mode file for wolfSSL.I-CUBE-wolfSSH.1.4.20
2025-07-23 11:24:42,423 [WARN] PackLoader:240 - Cannot read IP mode file for STMicroelectronics.X-CUBE-NFC7.2.0.0
2025-07-23 11:24:42,446 [WARN] PackLoader:240 - Cannot read IP mode file for STMicroelectronics.X-CUBE-IPS.3.1.0
2025-07-23 11:24:42,518 [WARN] PackLoader:240 - Cannot read IP mode file for STMicroelectronics.X-CUBE-ALS.1.0.2
2025-07-23 11:24:42,566 [WARN] PackLoader:240 - Cannot read IP mode file for portGmbH.I-Cube-SoM-uGOAL.1.1.0
2025-07-23 11:24:42,598 [WARN] PackLoader:240 - Cannot read IP mode file for STMicroelectronics.X-CUBE-TOF1.3.4.3
2025-07-23 11:24:42,647 [INFO] ThirdParty:978 - Integrity check success = true
2025-07-23 11:24:42,647 [INFO] IntegrityCheckThread:100 - exiting critical section [integrity check]
2025-07-23 11:24:42,647 [INFO] IntegrityCheckThread:103 - End integrity checks thread
2025-07-23 11:24:43,513 [INFO] WebApp:463 - Apply proxy settings
2025-07-23 11:24:43,513 [INFO] WebApp:548 - Chromium requires no authentication
2025-07-23 11:24:43,526 [INFO] WebApp:491 - Direct internet connection detected
2025-07-23 11:24:43,549 [INFO] WebApp:900 - Register for checkConnection events
2025-07-23 11:24:43,549 [INFO] WebApp:463 - Apply proxy settings
2025-07-23 11:24:43,549 [INFO] WebApp:548 - Chromium requires no authentication
2025-07-23 11:24:43,549 [INFO] WebApp:491 - Direct internet connection detected
2025-07-23 11:24:44,032 [INFO] WebApp:191 - Connection restablished
2025-07-23 11:24:44,140 [INFO] WebApp:225 - Starting web application
2025-07-23 11:24:44,150 [INFO] WebApp:593 - Web application path used D:\Program Files\STM32IDE\STM32CubeIDE_1.19.0\STM32CubeIDE\plugins\com.st.stm32cube.common.mx_6.15.0.202507011659\db\plugins\mcufinder\reactClient1\index.html
2025-07-23 11:32:15,116 [INFO] WebApp:194 - Connection lost
2025-07-23 13:13:14,491 [INFO] WebApp:191 - Connection restablished
2025-07-23 13:13:18,251 [INFO] WebApp:194 - Connection lost
2025-07-23 13:13:18,540 [INFO] WebApp:191 - Connection restablished
2025-07-23 13:13:18,764 [INFO] WebApp:194 - Connection lost
2025-07-23 13:13:19,035 [INFO] WebApp:191 - Connection restablished
2025-07-23 13:14:59,061 [INFO] WebApp:194 - Connection lost
2025-07-23 13:14:59,521 [INFO] WebApp:191 - Connection restablished
2025-07-23 13:36:13,231 [INFO] WebApp:194 - Connection lost
2025-07-23 13:37:53,932 [INFO] WebApp:191 - Connection restablished
2025-07-23 13:38:04,063 [INFO] WebApp:194 - Connection lost
2025-07-23 16:07:01,795 [INFO] WebApp:191 - Connection restablished
2025-07-23 16:07:04,505 [INFO] WebApp:194 - Connection lost
2025-07-23 16:07:04,719 [INFO] WebApp:191 - Connection restablished
2025-07-23 16:08:46,063 [INFO] WebApp:194 - Connection lost
2025-07-23 16:08:46,544 [INFO] WebApp:191 - Connection restablished
2025-07-23 19:14:00,492 [INFO] WebApp:194 - Connection lost
2025-07-23 19:14:23,951 [INFO] WebApp:191 - Connection restablished
2025-07-23 19:16:03,550 [INFO] WebApp:194 - Connection lost
2025-07-23 19:16:03,990 [INFO] WebApp:191 - Connection restablished
