2025-08-22 22:25:51,733 [INFO] Activator:176 - 


2025-08-22 22:25:51,738 [INFO] Activator:177 - !SESSION log4j initialized
2025-08-22 22:25:56,106 [INFO] LogOutputStream:77 - [STDOUT_REDIRECT] 
2025-08-22 22:25:57,331 [INFO] ApplicationProperties:184 - Using Application install path: D:\Program Files\STM32IDE\STM32CubeIDE_1.19.0\STM32CubeIDE\plugins\com.st.stm32cube.common.mx_6.15.0.202507011659
2025-08-22 22:25:57,346 [INFO] DbMcusXml:78 - Set database path to: D:\Program Files\STM32IDE\STM32CubeIDE_1.19.0\STM32CubeIDE\plugins\com.st.stm32cube.common.mx_6.15.0.202507011659\\db\/mcu/
2025-08-22 22:25:57,347 [INFO] ApiDb:274 - Set plugin database path to: D:\Program Files\STM32IDE\STM32CubeIDE_1.19.0\STM32CubeIDE\plugins\com.st.stm32cube.common.mx_6.15.0.202507011659\\db\/plugins/boardmanager/
2025-08-22 22:25:57,347 [WARN] ApiDb:259 - Overriding images path with different value:  => D:\Program Files\STM32IDE\STM32CubeIDE_1.19.0\STM32CubeIDE\plugins\com.st.stm32cube.common.mx_6.15.0.202507011659\\db\/plugins/mcufinder/images/
2025-08-22 22:25:57,354 [INFO] ApiDb:250 - Set database path to: C:\Users\NIKHIL\.stmcufinder\plugins\mcufinder//mcu/
2025-08-22 22:25:57,355 [INFO] DbMcusAds:125 - Set database path to: C:\Users\NIKHIL\.stmcufinder\plugins\mcufinder//mcu/
2025-08-22 22:25:57,357 [INFO] CrossReferenceDbSqlite:203 - Set database path to: C:\Users\NIKHIL\.stmcufinder\plugins\mcufinder//mcu/cs/
2025-08-22 22:25:57,450 [INFO] RulesReader:64 - Compatibility file has been processed (317 Rules)
2025-08-22 22:25:57,519 [INFO] DbMcusXml:78 - Set database path to: D:\Program Files\STM32IDE\STM32CubeIDE_1.19.0\STM32CubeIDE\plugins\com.st.stm32cube.common.mx_6.15.0.202507011659\\db\/mcu/
2025-08-22 22:25:57,519 [INFO] ApiDb:274 - Set plugin database path to: D:\Program Files\STM32IDE\STM32CubeIDE_1.19.0\STM32CubeIDE\plugins\com.st.stm32cube.common.mx_6.15.0.202507011659\\db\/plugins/boardmanager/
2025-08-22 22:25:57,519 [INFO] ApiDb:261 - Set plugin images path to: D:\Program Files\STM32IDE\STM32CubeIDE_1.19.0\STM32CubeIDE\plugins\com.st.stm32cube.common.mx_6.15.0.202507011659\\db\/plugins/mcufinder/images/
2025-08-22 22:25:57,519 [WARN] DbFile:41 - Overriding database path with different value: C:\Users\NIKHIL\.stmcufinder\plugins\mcufinder/ => C:\Users\NIKHIL\.stmcufinder\plugins\mcufinder
2025-08-22 22:25:57,519 [INFO] ApiDb:250 - Set database path to: C:\Users\NIKHIL\.stmcufinder\plugins\mcufinder//mcu/
2025-08-22 22:25:57,520 [WARN] DbFile:41 - Overriding database path with different value: C:\Users\NIKHIL\.stmcufinder\plugins\mcufinder/ => C:\Users\NIKHIL\.stmcufinder\plugins\mcufinder
2025-08-22 22:25:57,520 [INFO] DbMcusAds:125 - Set database path to: C:\Users\NIKHIL\.stmcufinder\plugins\mcufinder//mcu/
2025-08-22 22:25:57,520 [WARN] DbFile:41 - Overriding database path with different value: C:\Users\NIKHIL\.stmcufinder\plugins\mcufinder/ => C:\Users\NIKHIL\.stmcufinder\plugins\mcufinder
2025-08-22 22:25:57,520 [WARN] DbFile:41 - Overriding database path with different value: C:\Users\NIKHIL\.stmcufinder\plugins\mcufinder/ => C:\Users\NIKHIL\.stmcufinder\plugins\mcufinder
2025-08-22 22:25:57,520 [INFO] CrossReferenceDbSqlite:203 - Set database path to: C:\Users\NIKHIL\.stmcufinder\plugins\mcufinder//mcu/cs/
2025-08-22 22:25:57,595 [INFO] MainPanel:274 - HeapMemory: 268435456
2025-08-22 22:25:57,717 [INFO] DbMcusXml:78 - Set database path to: D:\Program Files\STM32IDE\STM32CubeIDE_1.19.0\STM32CubeIDE\plugins\com.st.stm32cube.common.mx_6.15.0.202507011659\\db\/mcu/
2025-08-22 22:25:57,717 [INFO] ApiDb:274 - Set plugin database path to: D:\Program Files\STM32IDE\STM32CubeIDE_1.19.0\STM32CubeIDE\plugins\com.st.stm32cube.common.mx_6.15.0.202507011659\\db\/plugins/boardmanager/
2025-08-22 22:25:57,717 [INFO] ApiDb:261 - Set plugin images path to: D:\Program Files\STM32IDE\STM32CubeIDE_1.19.0\STM32CubeIDE\plugins\com.st.stm32cube.common.mx_6.15.0.202507011659\\db\/plugins/mcufinder/images/
2025-08-22 22:25:57,718 [WARN] DbFile:41 - Overriding database path with different value: C:\Users\NIKHIL\.stmcufinder\plugins\mcufinder/ => C:\Users\NIKHIL\.stmcufinder\plugins\mcufinder
2025-08-22 22:25:57,719 [INFO] ApiDb:250 - Set database path to: C:\Users\NIKHIL\.stmcufinder\plugins\mcufinder//mcu/
2025-08-22 22:25:57,719 [WARN] DbFile:41 - Overriding database path with different value: C:\Users\NIKHIL\.stmcufinder\plugins\mcufinder/ => C:\Users\NIKHIL\.stmcufinder\plugins\mcufinder
2025-08-22 22:25:57,719 [INFO] DbMcusAds:125 - Set database path to: C:\Users\NIKHIL\.stmcufinder\plugins\mcufinder//mcu/
2025-08-22 22:25:57,719 [WARN] DbFile:41 - Overriding database path with different value: C:\Users\NIKHIL\.stmcufinder\plugins\mcufinder/ => C:\Users\NIKHIL\.stmcufinder\plugins\mcufinder
2025-08-22 22:25:57,719 [WARN] DbFile:41 - Overriding database path with different value: C:\Users\NIKHIL\.stmcufinder\plugins\mcufinder/ => C:\Users\NIKHIL\.stmcufinder\plugins\mcufinder
2025-08-22 22:25:57,719 [INFO] CrossReferenceDbSqlite:203 - Set database path to: C:\Users\NIKHIL\.stmcufinder\plugins\mcufinder//mcu/cs/
2025-08-22 22:25:57,756 [INFO] ApplicationProperties:184 - Using Application install path: D:\Program Files\STM32IDE\STM32CubeIDE_1.19.0\STM32CubeIDE\plugins\com.st.stm32cube.common.mx_6.15.0.202507011659
2025-08-22 22:25:57,757 [INFO] PluginManage:196 - Search for loadable plugins [exclusion list=, ]
2025-08-22 22:25:57,761 [INFO] PluginManage:310 - Check plugin analytics
2025-08-22 22:25:58,048 [INFO] AnalyticsPlugin:253 - Accepted Software Licenses: 
2025-08-22 22:25:58,048 [INFO] AnalyticsPlugin:255 - Accepted CMSIS Pack Licenses: 
2025-08-22 22:25:58,048 [INFO] AnalyticsPlugin:257 - Accepted Firmware Licenses: 
2025-08-22 22:25:58,050 [INFO] PluginManage:359 - Loaded plugin analytics (category:tool,tabindex:-1)
2025-08-22 22:25:58,050 [INFO] PluginManage:310 - Check plugin cadmodel
2025-08-22 22:25:58,055 [INFO] CADModel:105 - Init CAD model plugin
2025-08-22 22:25:58,055 [INFO] PluginManage:359 - Loaded plugin cadmodel (category:power,tabindex:5)
2025-08-22 22:25:58,055 [INFO] PluginManage:310 - Check plugin clock
2025-08-22 22:25:58,062 [INFO] PluginManage:359 - Loaded plugin clock (category:base,tabindex:2)
2025-08-22 22:25:58,062 [INFO] PluginManage:310 - Check plugin ddr
2025-08-22 22:25:58,064 [INFO] PluginManage:359 - Loaded plugin ddr (category:tool,tabindex:6)
2025-08-22 22:25:58,065 [INFO] PluginManage:310 - Check plugin filemanager
2025-08-22 22:25:58,192 [INFO] PluginManage:359 - Loaded plugin filemanager (category:base,tabindex:10)
2025-08-22 22:25:58,192 [INFO] PluginManage:310 - Check plugin ipmanager
2025-08-22 22:25:58,198 [INFO] PluginManage:359 - Loaded plugin ipmanager (category:base,tabindex:5)
2025-08-22 22:25:58,198 [INFO] PluginManage:310 - Check plugin lpbam
2025-08-22 22:25:58,204 [INFO] PluginManage:359 - Loaded plugin lpbam (category:base,tabindex:0)
2025-08-22 22:25:58,204 [INFO] PluginManage:310 - Check plugin memorymap
2025-08-22 22:25:58,215 [INFO] PluginManage:359 - Loaded plugin memorymap (category:base,tabindex:4)
2025-08-22 22:25:58,215 [INFO] PluginManage:310 - Check plugin pinoutandconfiguration
2025-08-22 22:25:58,224 [INFO] PluginManage:359 - Loaded plugin pinoutandconfiguration (category:base,tabindex:1)
2025-08-22 22:25:58,224 [INFO] PluginManage:310 - Check plugin pinoutconfig
2025-08-22 22:25:58,293 [WARN] SupportedApi:132 - Cannot load RTOS API schema: s4s-elt-must-match.1: The content of 'definitions' must match (annotation?, (simpleType | complexType)?, (unique | key | keyref)*)). A problem was found starting at: attribute.
2025-08-22 22:25:58,424 [INFO] PluginManage:359 - Loaded plugin pinoutconfig (category:base,tabindex:0)
2025-08-22 22:25:58,424 [INFO] PluginManage:310 - Check plugin power
2025-08-22 22:25:58,432 [INFO] PluginManage:359 - Loaded plugin power (category:power,tabindex:4)
2025-08-22 22:25:58,432 [INFO] PluginManage:310 - Check plugin projectmanager
2025-08-22 22:25:58,446 [INFO] PluginManage:359 - Loaded plugin projectmanager (category:projectmanager,tabindex:4)
2025-08-22 22:25:58,446 [INFO] PluginManage:310 - Check plugin rif
2025-08-22 22:25:58,454 [INFO] PluginManage:359 - Loaded plugin rif (category:base,tabindex:3)
2025-08-22 22:25:58,454 [INFO] PluginManage:310 - Check plugin thirdparty
2025-08-22 22:25:58,769 [WARN] IntegrityCheckThread:84 - waiting for thirdparty lock release [integrity check]
2025-08-22 22:25:58,770 [INFO] IntegrityCheckThread:86 - entering critical section [integrity check]
2025-08-22 22:25:58,770 [INFO] PluginManage:359 - Loaded plugin thirdparty (category:base,tabindex:-1)
2025-08-22 22:25:58,771 [INFO] ThirdPartyUpdaterWithRetryManager:70 - Updater plugin not ready yet. [1/15]
2025-08-22 22:25:58,771 [INFO] PluginManage:310 - Check plugin tools
2025-08-22 22:25:58,776 [INFO] PluginManage:359 - Loaded plugin tools (category:base,tabindex:7)
2025-08-22 22:25:58,777 [INFO] PluginManage:310 - Check plugin tutovideos
2025-08-22 22:25:59,034 [INFO] PluginManage:359 - Loaded plugin tutovideos (category:base,tabindex:-1)
2025-08-22 22:25:59,034 [INFO] PluginManage:310 - Check plugin updater
2025-08-22 22:25:59,052 [INFO] PluginManage:359 - Loaded plugin updater (category:base,tabindex:12)
2025-08-22 22:25:59,052 [INFO] PluginManage:310 - Check plugin userauth
2025-08-22 22:25:59,055 [INFO] UserAuth:118 - Init User Auth plugin
2025-08-22 22:25:59,056 [INFO] PluginManage:359 - Loaded plugin userauth (category:base,tabindex:14)
2025-08-22 22:25:59,057 [INFO] PluginManage:283 - PluginManage : Loaded plugins [18]
2025-08-22 22:25:59,387 [INFO] PinOutPanel:1589 - setPackage(No Configuration,No Configuration)
2025-08-22 22:25:59,508 [INFO] CADModel:165 - CPN selected for project level
2025-08-22 22:25:59,508 [INFO] CADModel:114 - Register for checkConnection events
2025-08-22 22:25:59,530 [INFO] IPUIPlugin:80 - create IPUIPlugin
2025-08-22 22:25:59,530 [INFO] PluginManager:220 - loadIPPluginJar : add adc
2025-08-22 22:25:59,533 [INFO] IPUIPlugin:80 - create IPUIPlugin
2025-08-22 22:25:59,533 [INFO] PluginManager:220 - loadIPPluginJar : add aes
2025-08-22 22:25:59,536 [INFO] IPUIPlugin:80 - create IPUIPlugin
2025-08-22 22:25:59,536 [INFO] PluginManager:220 - loadIPPluginJar : add can
2025-08-22 22:25:59,538 [INFO] IPUIPlugin:80 - create IPUIPlugin
2025-08-22 22:25:59,539 [INFO] PluginManager:220 - loadIPPluginJar : add comp
2025-08-22 22:25:59,540 [INFO] IPUIPlugin:80 - create IPUIPlugin
2025-08-22 22:25:59,542 [INFO] PluginManager:220 - loadIPPluginJar : add cryp
2025-08-22 22:25:59,545 [INFO] IPUIPlugin:80 - create IPUIPlugin
2025-08-22 22:25:59,545 [INFO] PluginManager:220 - loadIPPluginJar : add ddr_ctrl_phy
2025-08-22 22:25:59,548 [INFO] IPUIPlugin:80 - create IPUIPlugin
2025-08-22 22:25:59,548 [INFO] PluginManager:220 - loadIPPluginJar : add dfsdm
2025-08-22 22:25:59,555 [INFO] IPUIPlugin:80 - create IPUIPlugin
2025-08-22 22:25:59,556 [INFO] PluginManager:220 - loadIPPluginJar : add dma
2025-08-22 22:25:59,558 [INFO] IPUIPlugin:80 - create IPUIPlugin
2025-08-22 22:25:59,558 [INFO] PluginManager:220 - loadIPPluginJar : add dma3
2025-08-22 22:25:59,562 [INFO] IPUIPlugin:80 - create IPUIPlugin
2025-08-22 22:25:59,562 [INFO] PluginManager:220 - loadIPPluginJar : add extmemmanager
2025-08-22 22:25:59,564 [INFO] IPUIPlugin:80 - create IPUIPlugin
2025-08-22 22:25:59,564 [INFO] PluginManager:220 - loadIPPluginJar : add fatfs
2025-08-22 22:25:59,568 [INFO] IPUIPlugin:80 - create IPUIPlugin
2025-08-22 22:25:59,568 [INFO] PluginManager:220 - loadIPPluginJar : add fmc
2025-08-22 22:25:59,581 [INFO] IPUIPlugin:80 - create IPUIPlugin
2025-08-22 22:25:59,581 [INFO] PluginManager:220 - loadIPPluginJar : add freertos
2025-08-22 22:25:59,583 [INFO] IPUIPlugin:80 - create IPUIPlugin
2025-08-22 22:25:59,583 [INFO] PluginManager:220 - loadIPPluginJar : add genericplugin
2025-08-22 22:25:59,586 [INFO] IPUIPlugin:80 - create IPUIPlugin
2025-08-22 22:25:59,586 [INFO] PluginManager:220 - loadIPPluginJar : add gfxmmu
2025-08-22 22:25:59,591 [INFO] IPUIPlugin:80 - create IPUIPlugin
2025-08-22 22:25:59,591 [INFO] PluginManager:220 - loadIPPluginJar : add gic
2025-08-22 22:25:59,596 [INFO] IPUIPlugin:80 - create IPUIPlugin
2025-08-22 22:25:59,596 [INFO] PluginManager:220 - loadIPPluginJar : add gpio
2025-08-22 22:25:59,599 [INFO] IPUIPlugin:80 - create IPUIPlugin
2025-08-22 22:25:59,599 [INFO] PluginManager:220 - loadIPPluginJar : add gtzc
2025-08-22 22:25:59,602 [INFO] IPUIPlugin:80 - create IPUIPlugin
2025-08-22 22:25:59,602 [INFO] PluginManager:220 - loadIPPluginJar : add hash
2025-08-22 22:25:59,605 [INFO] IPUIPlugin:80 - create IPUIPlugin
2025-08-22 22:25:59,606 [INFO] PluginManager:220 - loadIPPluginJar : add i2c
2025-08-22 22:25:59,608 [INFO] IPUIPlugin:80 - create IPUIPlugin
2025-08-22 22:25:59,608 [INFO] PluginManager:220 - loadIPPluginJar : add i2s
2025-08-22 22:25:59,612 [INFO] IPUIPlugin:80 - create IPUIPlugin
2025-08-22 22:25:59,613 [INFO] PluginManager:220 - loadIPPluginJar : add i3c
2025-08-22 22:25:59,616 [INFO] IPUIPlugin:80 - create IPUIPlugin
2025-08-22 22:25:59,616 [INFO] PluginManager:220 - loadIPPluginJar : add ipddr
2025-08-22 22:25:59,624 [INFO] IPUIPlugin:80 - create IPUIPlugin
2025-08-22 22:25:59,625 [INFO] PluginManager:220 - loadIPPluginJar : add linkedlist
2025-08-22 22:25:59,629 [INFO] IPUIPlugin:80 - create IPUIPlugin
2025-08-22 22:25:59,629 [INFO] PluginManager:220 - loadIPPluginJar : add lorawan
2025-08-22 22:25:59,632 [INFO] IPUIPlugin:80 - create IPUIPlugin
2025-08-22 22:25:59,632 [INFO] PluginManager:220 - loadIPPluginJar : add ltdc
2025-08-22 22:25:59,640 [INFO] IPUIPlugin:80 - create IPUIPlugin
2025-08-22 22:25:59,640 [INFO] PluginManager:220 - loadIPPluginJar : add mdma
2025-08-22 22:25:59,645 [INFO] IPUIPlugin:80 - create IPUIPlugin
2025-08-22 22:25:59,645 [INFO] PluginManager:220 - loadIPPluginJar : add nvic
2025-08-22 22:25:59,648 [INFO] IPUIPlugin:80 - create IPUIPlugin
2025-08-22 22:25:59,648 [INFO] PluginManager:220 - loadIPPluginJar : add opamp
2025-08-22 22:25:59,651 [INFO] IPUIPlugin:80 - create IPUIPlugin
2025-08-22 22:25:59,652 [INFO] PluginManager:220 - loadIPPluginJar : add openamp
2025-08-22 22:25:59,655 [INFO] IPUIPlugin:80 - create IPUIPlugin
2025-08-22 22:25:59,655 [INFO] PluginManager:220 - loadIPPluginJar : add pdm2pcm
2025-08-22 22:25:59,662 [INFO] IPUIPlugin:80 - create IPUIPlugin
2025-08-22 22:25:59,666 [INFO] PluginManager:220 - loadIPPluginJar : add plateformsettings
2025-08-22 22:25:59,669 [INFO] IPUIPlugin:80 - create IPUIPlugin
2025-08-22 22:25:59,669 [INFO] PluginManager:220 - loadIPPluginJar : add quadspi
2025-08-22 22:25:59,672 [INFO] IPUIPlugin:80 - create IPUIPlugin
2025-08-22 22:25:59,673 [INFO] PluginManager:220 - loadIPPluginJar : add radio
2025-08-22 22:25:59,678 [INFO] IPUIPlugin:80 - create IPUIPlugin
2025-08-22 22:25:59,678 [INFO] PluginManager:220 - loadIPPluginJar : add resmgrutility
2025-08-22 22:25:59,683 [INFO] IPUIPlugin:80 - create IPUIPlugin
2025-08-22 22:25:59,684 [INFO] PluginManager:220 - loadIPPluginJar : add sai
2025-08-22 22:25:59,687 [INFO] IPUIPlugin:80 - create IPUIPlugin
2025-08-22 22:25:59,687 [INFO] PluginManager:220 - loadIPPluginJar : add spi
2025-08-22 22:25:59,695 [INFO] IPUIPlugin:80 - create IPUIPlugin
2025-08-22 22:25:59,696 [INFO] PluginManager:220 - loadIPPluginJar : add stm32_wpan
2025-08-22 22:25:59,698 [INFO] IPUIPlugin:80 - create IPUIPlugin
2025-08-22 22:25:59,698 [INFO] PluginManager:220 - loadIPPluginJar : add tim
2025-08-22 22:25:59,703 [INFO] IPUIPlugin:80 - create IPUIPlugin
2025-08-22 22:25:59,703 [INFO] PluginManager:220 - loadIPPluginJar : add touchsensing
2025-08-22 22:25:59,706 [INFO] IPUIPlugin:80 - create IPUIPlugin
2025-08-22 22:25:59,707 [INFO] PluginManager:220 - loadIPPluginJar : add tracer_emb
2025-08-22 22:25:59,709 [INFO] IPUIPlugin:80 - create IPUIPlugin
2025-08-22 22:25:59,709 [INFO] PluginManager:220 - loadIPPluginJar : add ts
2025-08-22 22:25:59,712 [INFO] IPUIPlugin:80 - create IPUIPlugin
2025-08-22 22:25:59,712 [INFO] PluginManager:220 - loadIPPluginJar : add tsc
2025-08-22 22:25:59,715 [INFO] IPUIPlugin:80 - create IPUIPlugin
2025-08-22 22:25:59,715 [INFO] PluginManager:220 - loadIPPluginJar : add ucpd
2025-08-22 22:25:59,718 [INFO] IPUIPlugin:80 - create IPUIPlugin
2025-08-22 22:25:59,718 [INFO] PluginManager:220 - loadIPPluginJar : add usart
2025-08-22 22:25:59,724 [INFO] IPUIPlugin:80 - create IPUIPlugin
2025-08-22 22:25:59,724 [INFO] PluginManager:220 - loadIPPluginJar : add usbx
2025-08-22 22:25:59,854 [FATAL] Updater:351 - Updater called before beeing initialized
2025-08-22 22:25:59,925 [INFO] RulesReader:64 - Compatibility file has been processed (317 Rules)
2025-08-22 22:25:59,947 [INFO] RulesReader:64 - Compatibility file has been processed (317 Rules)
2025-08-22 22:25:59,979 [INFO] CADModel:165 - CPN selected for project level
2025-08-22 22:25:59,980 [INFO] CADModel:114 - Register for checkConnection events
2025-08-22 22:25:59,980 [FATAL] Updater:351 - Updater called before beeing initialized
2025-08-22 22:25:59,980 [ERROR] CADModel:125 - Updater not yet initialized, retry later 
2025-08-22 22:26:00,170 [FATAL] Updater:351 - Updater called before beeing initialized
2025-08-22 22:26:00,172 [INFO] CADModel:165 - CPN selected for project level
2025-08-22 22:26:00,172 [INFO] CADModel:114 - Register for checkConnection events
2025-08-22 22:26:00,172 [FATAL] Updater:351 - Updater called before beeing initialized
2025-08-22 22:26:00,172 [ERROR] CADModel:125 - Updater not yet initialized, retry later 
2025-08-22 22:26:00,175 [FATAL] Updater:351 - Updater called before beeing initialized
2025-08-22 22:26:00,267 [FATAL] Updater:351 - Updater called before beeing initialized
2025-08-22 22:26:00,270 [INFO] DbMcusAds:53 - JSON generation date=Tue Jul 08 13:44:23 IST 2025 (1751962463582)
2025-08-22 22:26:00,270 [FATAL] Updater:351 - Updater called before beeing initialized
2025-08-22 22:26:00,297 [WARN] DetailPanel:346 - Failed to get advertising image, set to default
2025-08-22 22:26:00,426 [FATAL] Updater:351 - Updater called before beeing initialized
2025-08-22 22:26:00,440 [FATAL] Updater:351 - Updater called before beeing initialized
2025-08-22 22:26:00,440 [FATAL] Updater:351 - Updater called before beeing initialized
2025-08-22 22:26:00,440 [WARN] DetailPanel:346 - Failed to get advertising image, set to default
2025-08-22 22:26:00,441 [FATAL] Updater:351 - Updater called before beeing initialized
2025-08-22 22:26:00,491 [ERROR] Updater:1198 - MainUpdater not yet initialized. External WinMGr cannot be set.
2025-08-22 22:26:00,493 [INFO] Updater:1134 - Updater Version found : 6.15.0
2025-08-22 22:26:00,508 [INFO] ApplicationProperties:184 - Using Application install path: D:\Program Files\STM32IDE\STM32CubeIDE_1.19.0\STM32CubeIDE\plugins\com.st.stm32cube.common.mx_6.15.0.202507011659
2025-08-22 22:26:01,772 [INFO] ThirdPartyUpdaterWithRetryManager:70 - Updater plugin not ready yet. [2/15]
2025-08-22 22:26:02,092 [ERROR] LogOutputStream:75 - [STDERR_REDIRECT] Aug 22, 2025 10:26:02 PM java.util.prefs.WindowsPreferences <init>
2025-08-22 22:26:02,095 [ERROR] LogOutputStream:75 - [STDERR_REDIRECT] WARNING: Could not open/create prefs root node Software\JavaSoft\Prefs at root 0xffffffff80000002. Windows RegCreateKeyEx(...) returned error code 5.
2025-08-22 22:26:02,095 [ERROR] LogOutputStream:75 - [STDERR_REDIRECT] 
2025-08-22 22:26:02,649 [INFO] MainUpdater:2872 - connection check result : 10
2025-08-22 22:26:02,650 [INFO] MainUpdater:289 - Updater Check For Update Now.
2025-08-22 22:26:02,651 [INFO] MicroXplorer:498 - Change Database Version : DB.6.0.150
2025-08-22 22:26:02,681 [INFO] McuFinderGlobals:63 - Set McuFinder mode to 2 (CubeIDE integrated)
2025-08-22 22:26:02,681 [INFO] UserAuth:171 - activating auth plugin
2025-08-22 22:26:02,697 [INFO] UserAuth:487 - Internet connection configuration mode: 1
2025-08-22 22:26:02,820 [INFO] JxBrowserEngine:152 - Initiate JxBrowser Engine with user profile folder
2025-08-22 22:26:02,938 [INFO] CheckServerUpdateThread:120 - End of CheckServer Thread
2025-08-22 22:26:03,680 [INFO] WebApp:169 - Instantiating new browser for Auth
2025-08-22 22:26:04,585 [INFO] WebApp:463 - Apply proxy settings
2025-08-22 22:26:04,586 [INFO] WebApp:548 - Chromium requires no authentication
2025-08-22 22:26:04,593 [INFO] WebApp:491 - Direct internet connection detected
2025-08-22 22:26:04,620 [INFO] WebApp:900 - Register for checkConnection events
2025-08-22 22:26:04,620 [INFO] WebApp:463 - Apply proxy settings
2025-08-22 22:26:04,621 [INFO] WebApp:548 - Chromium requires no authentication
2025-08-22 22:26:04,622 [INFO] WebApp:491 - Direct internet connection detected
2025-08-22 22:26:04,949 [INFO] WebApp:225 - Starting web application
2025-08-22 22:26:04,949 [INFO] WebApp:593 - Web application path used D:\Program Files\STM32IDE\STM32CubeIDE_1.19.0\STM32CubeIDE\plugins\com.st.stm32cube.common.mx_6.15.0.202507011659\db\plugins\mcufinder\reactClient1\index.html
2025-08-22 22:26:05,057 [WARN] PackLoader:240 - Cannot read IP mode file for STMicroelectronics.FP-SNS-MOTENVWB1.1.4.0
2025-08-22 22:26:05,064 [WARN] PackLoader:240 - Cannot read IP mode file for STMicroelectronics.FP-ATR-ASTRA1.2.0.2
2025-08-22 22:26:05,073 [WARN] PackLoader:240 - Cannot read IP mode file for STMicroelectronics.X-CUBE-SMBUS.2.1.0
2025-08-22 22:26:05,078 [WARN] PackLoader:240 - Cannot read IP mode file for STMicroelectronics.X-CUBE-ST60.1.0.0
2025-08-22 22:26:05,101 [WARN] PackLoader:240 - Cannot read IP mode file for STMicroelectronics.X-CUBE-AZRTOS-F7.1.1.0
2025-08-22 22:26:05,127 [WARN] PackLoader:240 - Cannot read IP mode file for Infineon.AIROC-Wi-Fi-Bluetooth-STM32.1.7.1
2025-08-22 22:26:05,138 [WARN] PackLoader:240 - Cannot read IP mode file for STMicroelectronics.X-CUBE-DISPLAY.3.0.0
2025-08-22 22:26:05,149 [WARN] PackLoader:240 - Cannot read IP mode file for STMicroelectronics.X-CUBE-NFC10.1.0.0
2025-08-22 22:26:05,158 [WARN] PackLoader:240 - Cannot read IP mode file for STMicroelectronics.X-CUBE-BLEMGR.4.0.0
2025-08-22 22:26:05,165 [WARN] PackLoader:240 - Cannot read IP mode file for emotas.I-CUBE-CANOPEN.1.3.0
2025-08-22 22:26:05,171 [WARN] PackLoader:240 - Cannot read IP mode file for STMicroelectronics.FP-SNS-STBOX1.2.1.0
2025-08-22 22:26:05,177 [WARN] PackLoader:240 - Cannot read IP mode file for STMicroelectronics.FP-SNS-SMARTAG2.1.2.0
2025-08-22 22:26:05,181 [WARN] PackLoader:240 - Cannot read IP mode file for STMicroelectronics.FP-SNS-FLIGHT1.5.1.0
2025-08-22 22:26:05,188 [INFO] LogOutputStream:77 - [STDOUT_REDIRECT] 1 : Invalid condition id : UX_CORESTACK_Condition cause : null
2025-08-22 22:26:05,189 [INFO] LogOutputStream:77 - [STDOUT_REDIRECT] 1 : Invalid condition id : UX_CORESTACK_Condition cause : null
2025-08-22 22:26:05,190 [INFO] LogOutputStream:77 - [STDOUT_REDIRECT] 1 : Invalid condition id : UX_CORESTACK_Condition cause : null
2025-08-22 22:26:05,191 [INFO] LogOutputStream:77 - [STDOUT_REDIRECT] 1 : Invalid condition id : UX_CORESTACK_Condition cause : null
2025-08-22 22:26:05,191 [INFO] LogOutputStream:77 - [STDOUT_REDIRECT] 1 : Invalid condition id : UX_CORESTACK_Condition cause : null
2025-08-22 22:26:05,193 [WARN] PackLoader:240 - Cannot read IP mode file for STMicroelectronics.X-CUBE-AZRTOS-WL.2.0.0
2025-08-22 22:26:05,198 [WARN] PackLoader:240 - Cannot read IP mode file for STMicroelectronics.FP-SNS-MOTENV1.5.0.0
2025-08-22 22:26:05,206 [WARN] PackLoader:240 - Cannot read IP mode file for WES.I-CUBE-Cesium.1.3.0
2025-08-22 22:26:05,211 [WARN] PackLoader:240 - Cannot read IP mode file for STMicroelectronics.X-CUBE-BLE2.3.3.0
2025-08-22 22:26:05,217 [WARN] PackLoader:240 - Cannot read IP mode file for STMicroelectronics.X-CUBE-NFC9.1.0.0
2025-08-22 22:26:05,222 [WARN] PackLoader:240 - Cannot read IP mode file for wolfSSL.I-CUBE-wolfSSL.5.8.0
2025-08-22 22:26:05,227 [WARN] PackLoader:240 - Cannot read IP mode file for STMicroelectronics.X-CUBE-BLE1.7.1.0
2025-08-22 22:26:05,230 [WARN] PackLoader:240 - Cannot read IP mode file for wolfSSL.I-CUBE-wolfMQTT.1.19.2
2025-08-22 22:26:05,233 [WARN] PackLoader:240 - Cannot read IP mode file for STMicroelectronics.X-CUBE-AI.10.1.0
2025-08-22 22:26:05,244 [WARN] PackLoader:240 - Cannot read IP mode file for STMicroelectronics.X-CUBE-AZRTOS-G0.1.1.0
2025-08-22 22:26:05,251 [WARN] PackLoader:240 - Cannot read IP mode file for STMicroelectronics.X-CUBE-SAFEA1.1.2.2
2025-08-22 22:26:05,259 [WARN] PackLoader:240 - Cannot read IP mode file for STMicroelectronics.X-CUBE-NFC4.3.0.0
2025-08-22 22:26:05,270 [WARN] PackLoader:240 - Cannot read IP mode file for EmbeddedOffice.I-CUBE-FS-RTOS.1.0.1
2025-08-22 22:26:05,274 [WARN] PackLoader:240 - Cannot read IP mode file for STMicroelectronics.X-CUBE-WB05N.2.0.0
2025-08-22 22:26:05,278 [WARN] PackLoader:240 - Cannot read IP mode file for wolfSSL.I-CUBE-wolfTPM.3.8.0
2025-08-22 22:26:05,282 [WARN] PackLoader:240 - Cannot read IP mode file for STMicroelectronics.X-CUBE-TCPP.4.2.0
2025-08-22 22:26:05,287 [WARN] PackLoader:240 - Cannot read IP mode file for RealThread.X-CUBE-RT-Thread_Nano.4.1.1
2025-08-22 22:26:05,290 [WARN] PackLoader:240 - Cannot read IP mode file for STMicroelectronics.FP-ATR-SIGFOX1.3.2.0
2025-08-22 22:26:05,294 [WARN] PackLoader:240 - Cannot read IP mode file for ITTIA_DB.I-CUBE-ITTIADB.8.9.0
2025-08-22 22:26:05,302 [WARN] PackLoader:240 - Cannot read IP mode file for STMicroelectronics.X-CUBE-ST67W61.1.0.0
2025-08-22 22:26:05,307 [WARN] PackLoader:240 - Cannot read IP mode file for STMicroelectronics.X-CUBE-AI.10.2.0
2025-08-22 22:26:05,325 [WARN] PackLoader:240 - Cannot read IP mode file for SEGGER.I-CUBE-embOS.1.3.1
2025-08-22 22:26:05,347 [WARN] PackLoader:240 - Cannot read IP mode file for STMicroelectronics.X-CUBE-ALGOBUILD.1.4.0
2025-08-22 22:26:05,367 [WARN] PackLoader:240 - Cannot read IP mode file for STMicroelectronics.X-CUBE-MEMS1.11.3.0
2025-08-22 22:26:05,444 [WARN] PackLoader:240 - Cannot read IP mode file for STMicroelectronics.X-CUBE-PM33A1.1.0.0
2025-08-22 22:26:05,452 [WARN] PackLoader:240 - Cannot read IP mode file for STMicroelectronics.X-CUBE-AZRTOS-F4.1.1.0
2025-08-22 22:26:05,456 [WARN] PackLoader:240 - Cannot read IP mode file for Avnet-IotConnect.X-CUBE-IoTC-DA16k-PMOD.1.0.0
2025-08-22 22:26:05,460 [WARN] PackLoader:240 - Cannot read IP mode file for STMicroelectronics.X-CUBE-ISPU.2.1.0
2025-08-22 22:26:05,467 [WARN] PackLoader:240 - Cannot read IP mode file for STMicroelectronics.X-CUBE-AZRTOS-L5.2.0.0
2025-08-22 22:26:05,472 [WARN] PackLoader:240 - Cannot read IP mode file for STMicroelectronics.X-CUBE-NFC6.3.1.0
2025-08-22 22:26:05,477 [WARN] PackLoader:240 - Cannot read IP mode file for STMicroelectronics.X-CUBE-FREERTOS.1.3.1
2025-08-22 22:26:05,481 [WARN] PackLoader:240 - Cannot read IP mode file for STMicroelectronics.X-CUBE-DPower.1.3.0
2025-08-22 22:26:05,492 [WARN] ConditionMgr:438 - getConditionDescription Invalid condition id : LAN8742 Phy interface Condition cause : null
2025-08-22 22:26:05,493 [WARN] PackLoader:240 - Cannot read IP mode file for STMicroelectronics.X-CUBE-AZRTOS-L4.2.0.0
2025-08-22 22:26:05,494 [WARN] ConditionMgr:1044 - genDependencies : Invalid condition id : LAN8742 Phy interface Condition cause : null
2025-08-22 22:26:05,495 [WARN] ConditionMgr:1044 - genDependencies : Invalid condition id : LAN8742 Phy interface Condition cause : null
2025-08-22 22:26:05,495 [WARN] ConditionMgr:1044 - genDependencies : Invalid condition id : LAN8742 Phy interface Condition cause : null
2025-08-22 22:26:05,502 [WARN] PackLoader:240 - Cannot read IP mode file for STMicroelectronics.X-CUBE-SFXS2LP1.4.0.0
2025-08-22 22:26:05,508 [WARN] PackLoader:240 - Cannot read IP mode file for STMicroelectronics.X-CUBE-BLEMGR.4.1.0
2025-08-22 22:26:05,519 [WARN] ConditionMgr:438 - getConditionDescription Invalid condition id : UX DEVICE CLASS RTOS Condition cause : null
2025-08-22 22:26:05,520 [WARN] ConditionMgr:438 - getConditionDescription Invalid condition id : UX DEVICE CLASS RTOS Condition cause : null
2025-08-22 22:26:05,521 [WARN] PackLoader:240 - Cannot read IP mode file for STMicroelectronics.X-CUBE-AZRTOS-WB.2.0.0
2025-08-22 22:26:05,543 [WARN] ConditionMgr:1044 - genDependencies : Invalid condition id : UX DEVICE CLASS RTOS Condition cause : null
2025-08-22 22:26:05,544 [WARN] ConditionMgr:1044 - genDependencies : Invalid condition id : UX DEVICE CLASS RTOS Condition cause : null
2025-08-22 22:26:05,544 [WARN] ConditionMgr:1044 - genDependencies : Invalid condition id : UX DEVICE CLASS RTOS Condition cause : null
2025-08-22 22:26:05,544 [WARN] ConditionMgr:1044 - genDependencies : Invalid condition id : UX DEVICE CLASS RTOS Condition cause : null
2025-08-22 22:26:05,544 [WARN] ConditionMgr:1044 - genDependencies : Invalid condition id : UX DEVICE CLASS RTOS Condition cause : null
2025-08-22 22:26:05,550 [WARN] PackLoader:240 - Cannot read IP mode file for STMicroelectronics.X-CUBE-GNSS1.7.0.1
2025-08-22 22:26:05,558 [WARN] PackLoader:240 - Cannot read IP mode file for STMicroelectronics.X-CUBE-TOUCHGFX.4.25.0
2025-08-22 22:26:05,563 [WARN] PackLoader:240 - Cannot read IP mode file for STMicroelectronics.FP-SNS-STBOX1.2.0.0
2025-08-22 22:26:05,570 [WARN] ConditionMgr:438 - getConditionDescription Invalid condition id : Cortex-A Device cause : null
2025-08-22 22:26:05,583 [WARN] ConditionMgr:1044 - genDependencies : Invalid condition id : Cortex-A Device cause : null
2025-08-22 22:26:05,583 [WARN] ConditionMgr:1044 - genDependencies : Invalid condition id : Cortex-A Device cause : null
2025-08-22 22:26:05,583 [WARN] ConditionMgr:1044 - genDependencies : Invalid condition id : Cortex-A Device cause : null
2025-08-22 22:26:05,590 [WARN] PackLoader:240 - Cannot read IP mode file for STMicroelectronics.X-CUBE-SUBG2.5.0.0
2025-08-22 22:26:05,601 [WARN] PackLoader:240 - Cannot read IP mode file for STMicroelectronics.X-CUBE-AZRTOS-H7RS.1.1.0
2025-08-22 22:26:05,605 [WARN] PackLoader:240 - Cannot read IP mode file for Cesanta.I-CUBE-Mongoose.7.13.0
2025-08-22 22:26:05,612 [WARN] PackLoader:240 - Cannot read IP mode file for STMicroelectronics.X-CUBE-AZRTOS-G4.2.0.0
2025-08-22 22:26:05,615 [WARN] PackLoader:240 - Cannot read IP mode file for wolfSSL.I-CUBE-wolfSSH.1.4.20
2025-08-22 22:26:05,619 [WARN] PackLoader:240 - Cannot read IP mode file for STMicroelectronics.X-CUBE-NFC7.2.0.0
2025-08-22 22:26:05,626 [WARN] PackLoader:240 - Cannot read IP mode file for STMicroelectronics.X-CUBE-IPS.3.1.0
2025-08-22 22:26:05,631 [WARN] PackLoader:240 - Cannot read IP mode file for STMicroelectronics.X-CUBE-ALS.1.0.2
2025-08-22 22:26:05,635 [WARN] PackLoader:240 - Cannot read IP mode file for portGmbH.I-Cube-SoM-uGOAL.1.1.0
2025-08-22 22:26:05,640 [WARN] PackLoader:240 - Cannot read IP mode file for STMicroelectronics.X-CUBE-TOF1.3.4.3
2025-08-22 22:26:05,645 [INFO] ThirdParty:978 - Integrity check success = true
2025-08-22 22:26:05,645 [INFO] IntegrityCheckThread:100 - exiting critical section [integrity check]
2025-08-22 22:26:05,645 [INFO] IntegrityCheckThread:103 - End integrity checks thread
2025-08-22 22:26:06,053 [INFO] WebApp:191 - Connection restablished
